2026-03-04 11:58:43 UTC [312-1] LOG:  starting PostgreSQL 14.21 (Ubuntu 14.21-1.pgdg24.04+1) on x86_64-pc-linux-gnu, compiled by gcc (Ubuntu 13.3.0-6ubuntu2~24.04) 13.3.0, 64-bit
2026-03-04 11:58:43 UTC [312-2] LOG:  listening on IPv4 address "0.0.0.0", port 5432
2026-03-04 11:58:43 UTC [312-3] LOG:  listening on IPv6 address "::", port 5432
2026-03-04 11:58:43 UTC [312-4] LOG:  listening on Unix socket "/var/run/postgresql/.s.PGSQL.5432"
2026-03-04 11:58:43 UTC [313-1] LOG:  database system was shut down at 2026-03-04 11:58:40 UTC
2026-03-04 11:58:43 UTC [312-5] LOG:  database system is ready to accept connections
2026-03-04 12:00:51 UTC [352-1] stellar@horizon PANIC:  could not write to file "pg_wal/xlogtemp.352": No space left on device
2026-03-04 12:00:51 UTC [352-2] stellar@horizon CONTEXT:  COPY accounts_signers, line 73070
2026-03-04 12:00:51 UTC [352-3] stellar@horizon STATEMENT:  COPY "accounts_signers" ("account_id", "signer", "sponsor", "weight") FROM STDIN
2026-03-04 12:00:51 UTC [312-6] LOG:  server process (PID 352) was terminated by signal 6: Aborted
2026-03-04 12:00:51 UTC [312-7] DETAIL:  Failed process was running: COPY "accounts_signers" ("account_id", "signer", "sponsor", "weight") FROM STDIN
2026-03-04 12:00:51 UTC [312-8] LOG:  terminating any other active server processes
2026-03-04 12:00:51 UTC [1993-1] stellar@horizon FATAL:  the database system is in recovery mode
2026-03-04 12:00:51 UTC [312-9] LOG:  all server processes terminated; reinitializing
2026-03-04 12:00:51 UTC [1994-1] LOG:  database system was interrupted; last known up at 2026-03-04 11:58:43 UTC
2026-03-04 12:00:51 UTC [1994-2] LOG:  database system was not properly shut down; automatic recovery in progress
2026-03-04 12:00:51 UTC [1994-3] LOG:  redo starts at 0/18A1478
2026-03-04 12:00:52 UTC [2009-1] stellar@horizon FATAL:  the database system is in recovery mode
2026-03-04 12:00:52 UTC [2010-1] stellar@horizon FATAL:  the database system is in recovery mode
2026-03-04 12:00:52 UTC [2011-1] stellar@horizon FATAL:  the database system is in recovery mode
2026-03-04 12:00:52 UTC [2012-1] stellar@horizon FATAL:  the database system is in recovery mode
2026-03-04 12:00:52 UTC [2013-1] stellar@horizon FATAL:  the database system is in recovery mode
2026-03-04 12:00:52 UTC [2014-1] stellar@horizon FATAL:  the database system is in recovery mode
2026-03-04 12:00:52 UTC [1994-4] LOG:  redo done at 0/24FFF520 system usage: CPU: user: 0.80 s, system: 0.26 s, elapsed: 1.07 s
2026-03-04 12:00:52 UTC [1994-5] PANIC:  could not write to file "pg_wal/xlogtemp.1994": No space left on device
2026-03-04 12:00:52 UTC [312-10] LOG:  startup process (PID 1994) was terminated by signal 6: Aborted
2026-03-04 12:00:52 UTC [312-11] LOG:  aborting startup due to startup process failure
2026-03-04 12:00:52 UTC [312-12] LOG:  database system is shut down
2026-03-04 12:00:52 UTC [2019-1] LOG:  starting PostgreSQL 14.21 (Ubuntu 14.21-1.pgdg24.04+1) on x86_64-pc-linux-gnu, compiled by gcc (Ubuntu 13.3.0-6ubuntu2~24.04) 13.3.0, 64-bit
2026-03-04 12:00:52 UTC [2019-2] LOG:  listening on IPv4 address "0.0.0.0", port 5432
2026-03-04 12:00:52 UTC [2019-3] LOG:  listening on IPv6 address "::", port 5432
2026-03-04 12:00:52 UTC [2019-4] LOG:  listening on Unix socket "/var/run/postgresql/.s.PGSQL.5432"
2026-03-04 12:00:52 UTC [2024-1] LOG:  database system was interrupted while in recovery at 2026-03-04 12:00:51 UTC
2026-03-04 12:00:52 UTC [2024-2] HINT:  This probably means that some data is corrupted and you will have to use the last backup for recovery.
2026-03-04 12:00:52 UTC [2024-3] LOG:  database system was not properly shut down; automatic recovery in progress
2026-03-04 12:00:52 UTC [2024-4] LOG:  redo starts at 0/18A1478
2026-03-04 12:00:53 UTC [2025-1] stellar@horizon FATAL:  the database system is starting up
2026-03-04 12:00:53 UTC [2026-1] stellar@horizon FATAL:  the database system is starting up
2026-03-04 12:00:53 UTC [2027-1] stellar@horizon FATAL:  the database system is starting up
2026-03-04 12:00:53 UTC [2028-1] stellar@horizon FATAL:  the database system is starting up
2026-03-04 12:00:53 UTC [2029-1] stellar@horizon FATAL:  the database system is starting up
2026-03-04 12:00:53 UTC [2030-1] stellar@horizon FATAL:  the database system is starting up
2026-03-04 12:00:53 UTC [2031-1] stellar@horizon FATAL:  the database system is starting up
2026-03-04 12:00:53 UTC [2024-5] LOG:  redo done at 0/24FFF520 system usage: CPU: user: 0.65 s, system: 0.25 s, elapsed: 0.90 s
2026-03-04 12:00:53 UTC [2024-6] PANIC:  could not write to file "pg_wal/xlogtemp.2024": No space left on device
2026-03-04 12:00:53 UTC [2019-5] LOG:  startup process (PID 2024) was terminated by signal 6: Aborted
2026-03-04 12:00:53 UTC [2019-6] LOG:  aborting startup due to startup process failure
2026-03-04 12:00:53 UTC [2019-7] LOG:  database system is shut down
2026-03-04 12:00:54 UTC [2040-1] LOG:  starting PostgreSQL 14.21 (Ubuntu 14.21-1.pgdg24.04+1) on x86_64-pc-linux-gnu, compiled by gcc (Ubuntu 13.3.0-6ubuntu2~24.04) 13.3.0, 64-bit
2026-03-04 12:00:54 UTC [2040-2] LOG:  listening on IPv4 address "0.0.0.0", port 5432
2026-03-04 12:00:54 UTC [2040-3] LOG:  listening on IPv6 address "::", port 5432
2026-03-04 12:00:54 UTC [2040-4] LOG:  listening on Unix socket "/var/run/postgresql/.s.PGSQL.5432"
2026-03-04 12:00:54 UTC [2041-1] LOG:  database system was interrupted while in recovery at 2026-03-04 12:00:52 UTC
2026-03-04 12:00:54 UTC [2041-2] HINT:  This probably means that some data is corrupted and you will have to use the last backup for recovery.
2026-03-04 12:00:54 UTC [2041-3] LOG:  database system was not properly shut down; automatic recovery in progress
2026-03-04 12:00:54 UTC [2041-4] LOG:  redo starts at 0/18A1478
2026-03-04 12:00:54 UTC [2042-1] stellar@horizon FATAL:  the database system is starting up
2026-03-04 12:00:54 UTC [2041-5] LOG:  redo done at 0/24FFF520 system usage: CPU: user: 0.69 s, system: 0.17 s, elapsed: 0.86 s
2026-03-04 12:00:54 UTC [2041-6] PANIC:  could not write to file "pg_wal/xlogtemp.2041": No space left on device
2026-03-04 12:00:54 UTC [2040-5] LOG:  startup process (PID 2041) was terminated by signal 6: Aborted
2026-03-04 12:00:54 UTC [2040-6] LOG:  aborting startup due to startup process failure
2026-03-04 12:00:55 UTC [2040-7] LOG:  database system is shut down
2026-03-04 12:00:56 UTC [2059-1] LOG:  starting PostgreSQL 14.21 (Ubuntu 14.21-1.pgdg24.04+1) on x86_64-pc-linux-gnu, compiled by gcc (Ubuntu 13.3.0-6ubuntu2~24.04) 13.3.0, 64-bit
2026-03-04 12:00:56 UTC [2059-2] LOG:  listening on IPv4 address "0.0.0.0", port 5432
2026-03-04 12:00:56 UTC [2059-3] LOG:  listening on IPv6 address "::", port 5432
2026-03-04 12:00:56 UTC [2059-4] LOG:  listening on Unix socket "/var/run/postgresql/.s.PGSQL.5432"
2026-03-04 12:00:56 UTC [2060-1] LOG:  database system was interrupted while in recovery at 2026-03-04 12:00:54 UTC
2026-03-04 12:00:56 UTC [2060-2] HINT:  This probably means that some data is corrupted and you will have to use the last backup for recovery.
2026-03-04 12:00:56 UTC [2060-3] LOG:  database system was not properly shut down; automatic recovery in progress
2026-03-04 12:00:56 UTC [2060-4] LOG:  redo starts at 0/18A1478
2026-03-04 12:00:56 UTC [2061-1] stellar@horizon FATAL:  the database system is starting up
2026-03-04 12:00:57 UTC [2060-5] LOG:  redo done at 0/24FFF520 system usage: CPU: user: 0.70 s, system: 0.19 s, elapsed: 0.90 s
2026-03-04 12:00:57 UTC [2060-6] PANIC:  could not write to file "pg_wal/xlogtemp.2060": No space left on device
2026-03-04 12:00:57 UTC [2059-5] LOG:  startup process (PID 2060) was terminated by signal 6: Aborted
2026-03-04 12:00:57 UTC [2059-6] LOG:  aborting startup due to startup process failure
2026-03-04 12:00:57 UTC [2059-7] LOG:  database system is shut down
2026-03-04 12:00:59 UTC [2092-1] LOG:  starting PostgreSQL 14.21 (Ubuntu 14.21-1.pgdg24.04+1) on x86_64-pc-linux-gnu, compiled by gcc (Ubuntu 13.3.0-6ubuntu2~24.04) 13.3.0, 64-bit
2026-03-04 12:00:59 UTC [2092-2] LOG:  listening on IPv4 address "0.0.0.0", port 5432
2026-03-04 12:00:59 UTC [2092-3] LOG:  listening on IPv6 address "::", port 5432
2026-03-04 12:00:59 UTC [2092-4] LOG:  listening on Unix socket "/var/run/postgresql/.s.PGSQL.5432"
2026-03-04 12:00:59 UTC [2093-1] LOG:  database system was interrupted while in recovery at 2026-03-04 12:00:56 UTC
2026-03-04 12:00:59 UTC [2093-2] HINT:  This probably means that some data is corrupted and you will have to use the last backup for recovery.
2026-03-04 12:00:59 UTC [2094-1] stellar@horizon FATAL:  the database system is starting up
2026-03-04 12:00:59 UTC [2093-3] LOG:  database system was not properly shut down; automatic recovery in progress
2026-03-04 12:00:59 UTC [2093-4] LOG:  redo starts at 0/18A1478
2026-03-04 12:00:59 UTC [2095-1] stellar@horizon FATAL:  the database system is starting up
2026-03-04 12:01:00 UTC [2093-5] LOG:  redo done at 0/24FFF520 system usage: CPU: user: 0.64 s, system: 0.27 s, elapsed: 0.91 s
2026-03-04 12:01:00 UTC [2093-6] PANIC:  could not write to file "pg_wal/xlogtemp.2093": No space left on device
2026-03-04 12:01:00 UTC [2092-5] LOG:  startup process (PID 2093) was terminated by signal 6: Aborted
2026-03-04 12:01:00 UTC [2092-6] LOG:  aborting startup due to startup process failure
2026-03-04 12:01:00 UTC [2092-7] LOG:  database system is shut down
2026-03-04 12:01:03 UTC [2134-1] LOG:  starting PostgreSQL 14.21 (Ubuntu 14.21-1.pgdg24.04+1) on x86_64-pc-linux-gnu, compiled by gcc (Ubuntu 13.3.0-6ubuntu2~24.04) 13.3.0, 64-bit
2026-03-04 12:01:03 UTC [2134-2] LOG:  listening on IPv4 address "0.0.0.0", port 5432
2026-03-04 12:01:03 UTC [2134-3] LOG:  listening on IPv6 address "::", port 5432
2026-03-04 12:01:03 UTC [2134-4] LOG:  listening on Unix socket "/var/run/postgresql/.s.PGSQL.5432"
2026-03-04 12:01:03 UTC [2135-1] LOG:  database system was interrupted while in recovery at 2026-03-04 12:00:59 UTC
2026-03-04 12:01:03 UTC [2135-2] HINT:  This probably means that some data is corrupted and you will have to use the last backup for recovery.
2026-03-04 12:01:03 UTC [2136-1] stellar@horizon FATAL:  the database system is starting up
2026-03-04 12:01:03 UTC [2135-3] LOG:  database system was not properly shut down; automatic recovery in progress
2026-03-04 12:01:03 UTC [2135-4] LOG:  redo starts at 0/18A1478
2026-03-04 12:01:03 UTC [2137-1] stellar@horizon FATAL:  the database system is starting up
2026-03-04 12:01:04 UTC [2135-5] LOG:  redo done at 0/24FFF520 system usage: CPU: user: 0.70 s, system: 0.25 s, elapsed: 0.95 s
2026-03-04 12:01:04 UTC [2135-6] PANIC:  could not write to file "pg_wal/xlogtemp.2135": No space left on device
2026-03-04 12:01:04 UTC [2134-5] LOG:  startup process (PID 2135) was terminated by signal 6: Aborted
2026-03-04 12:01:04 UTC [2134-6] LOG:  aborting startup due to startup process failure
2026-03-04 12:01:04 UTC [2134-7] LOG:  database system is shut down
2026-03-04 12:01:04 UTC [2146-1] stellar@horizon FATAL:  the database system is starting up
2026-03-04 12:01:04 UTC [2148-1] LOG:  starting PostgreSQL 14.21 (Ubuntu 14.21-1.pgdg24.04+1) on x86_64-pc-linux-gnu, compiled by gcc (Ubuntu 13.3.0-6ubuntu2~24.04) 13.3.0, 64-bit
2026-03-04 12:01:04 UTC [2148-2] LOG:  listening on IPv4 address "0.0.0.0", port 5432
2026-03-04 12:01:04 UTC [2148-3] LOG:  listening on IPv6 address "::", port 5432
2026-03-04 12:01:04 UTC [2148-4] LOG:  listening on Unix socket "/var/run/postgresql/.s.PGSQL.5432"
2026-03-04 12:01:04 UTC [2149-1] LOG:  database system was interrupted while in recovery at 2026-03-04 12:01:03 UTC
2026-03-04 12:01:04 UTC [2149-2] HINT:  This probably means that some data is corrupted and you will have to use the last backup for recovery.
2026-03-04 12:01:04 UTC [2149-3] LOG:  database system was not properly shut down; automatic recovery in progress
2026-03-04 12:01:04 UTC [2149-4] LOG:  redo starts at 0/18A1478
2026-03-04 12:01:04 UTC [2150-1] stellar@horizon FATAL:  the database system is starting up
2026-03-04 12:01:05 UTC [2160-1] stellar@horizon FATAL:  the database system is starting up
2026-03-04 12:01:05 UTC [2159-1] stellar@horizon FATAL:  the database system is starting up
2026-03-04 12:01:05 UTC [2149-5] LOG:  redo done at 0/24FFF520 system usage: CPU: user: 0.71 s, system: 0.25 s, elapsed: 0.96 s
2026-03-04 12:01:05 UTC [2149-6] PANIC:  could not write to file "pg_wal/xlogtemp.2149": No space left on device
2026-03-04 12:01:05 UTC [2161-1] stellar@horizon FATAL:  the database system is starting up
2026-03-04 12:01:05 UTC [2162-1] stellar@horizon FATAL:  the database system is starting up
2026-03-04 12:01:05 UTC [2163-1] stellar@horizon FATAL:  the database system is starting up
2026-03-04 12:01:05 UTC [2148-5] LOG:  startup process (PID 2149) was terminated by signal 6: Aborted
2026-03-04 12:01:05 UTC [2148-6] LOG:  aborting startup due to startup process failure
2026-03-04 12:01:05 UTC [2148-7] LOG:  database system is shut down
2026-03-04 12:01:05 UTC [2164-1] LOG:  starting PostgreSQL 14.21 (Ubuntu 14.21-1.pgdg24.04+1) on x86_64-pc-linux-gnu, compiled by gcc (Ubuntu 13.3.0-6ubuntu2~24.04) 13.3.0, 64-bit
2026-03-04 12:01:05 UTC [2164-2] LOG:  listening on IPv4 address "0.0.0.0", port 5432
2026-03-04 12:01:05 UTC [2164-3] LOG:  listening on IPv6 address "::", port 5432
2026-03-04 12:01:05 UTC [2164-4] LOG:  listening on Unix socket "/var/run/postgresql/.s.PGSQL.5432"
2026-03-04 12:01:05 UTC [2165-1] LOG:  database system was interrupted while in recovery at 2026-03-04 12:01:04 UTC
2026-03-04 12:01:05 UTC [2165-2] HINT:  This probably means that some data is corrupted and you will have to use the last backup for recovery.
2026-03-04 12:01:05 UTC [2165-3] LOG:  database system was not properly shut down; automatic recovery in progress
2026-03-04 12:01:05 UTC [2165-4] LOG:  redo starts at 0/18A1478
2026-03-04 12:01:06 UTC [2174-1] stellar@horizon FATAL:  the database system is starting up
2026-03-04 12:01:06 UTC [2175-1] stellar@horizon FATAL:  the database system is starting up
2026-03-04 12:01:06 UTC [2177-1] stellar@horizon FATAL:  the database system is starting up
2026-03-04 12:01:06 UTC [2176-1] stellar@horizon FATAL:  the database system is starting up
2026-03-04 12:01:06 UTC [2178-1] stellar@horizon FATAL:  the database system is starting up
2026-03-04 12:01:06 UTC [2165-5] LOG:  redo done at 0/24FFF520 system usage: CPU: user: 0.75 s, system: 0.21 s, elapsed: 0.96 s
2026-03-04 12:01:06 UTC [2179-1] stellar@horizon FATAL:  the database system is starting up
2026-03-04 12:01:06 UTC [2165-6] PANIC:  could not write to file "pg_wal/xlogtemp.2165": No space left on device
2026-03-04 12:01:06 UTC [2164-5] LOG:  startup process (PID 2165) was terminated by signal 6: Aborted
2026-03-04 12:01:06 UTC [2164-6] LOG:  aborting startup due to startup process failure
2026-03-04 12:01:06 UTC [2164-7] LOG:  database system is shut down
2026-03-04 12:01:06 UTC [2186-1] LOG:  starting PostgreSQL 14.21 (Ubuntu 14.21-1.pgdg24.04+1) on x86_64-pc-linux-gnu, compiled by gcc (Ubuntu 13.3.0-6ubuntu2~24.04) 13.3.0, 64-bit
2026-03-04 12:01:06 UTC [2186-2] LOG:  listening on IPv4 address "0.0.0.0", port 5432
2026-03-04 12:01:06 UTC [2186-3] LOG:  listening on IPv6 address "::", port 5432
2026-03-04 12:01:06 UTC [2186-4] LOG:  listening on Unix socket "/var/run/postgresql/.s.PGSQL.5432"
2026-03-04 12:01:06 UTC [2187-1] LOG:  database system was interrupted while in recovery at 2026-03-04 12:01:05 UTC
2026-03-04 12:01:06 UTC [2187-2] HINT:  This probably means that some data is corrupted and you will have to use the last backup for recovery.
2026-03-04 12:01:06 UTC [2187-3] LOG:  database system was not properly shut down; automatic recovery in progress
2026-03-04 12:01:06 UTC [2187-4] LOG:  redo starts at 0/18A1478
2026-03-04 12:01:07 UTC [2196-1] stellar@horizon FATAL:  the database system is starting up
2026-03-04 12:01:07 UTC [2197-1] stellar@horizon FATAL:  the database system is starting up
2026-03-04 12:01:07 UTC [2198-1] stellar@horizon FATAL:  the database system is starting up
2026-03-04 12:01:07 UTC [2199-1] stellar@horizon FATAL:  the database system is starting up
2026-03-04 12:01:07 UTC [2200-1] stellar@horizon FATAL:  the database system is starting up
2026-03-04 12:01:07 UTC [2201-1] stellar@horizon FATAL:  the database system is starting up
2026-03-04 12:01:07 UTC [2202-1] stellar@horizon FATAL:  the database system is starting up
2026-03-04 12:01:07 UTC [2187-5] LOG:  redo done at 0/24FFF520 system usage: CPU: user: 0.59 s, system: 0.32 s, elapsed: 0.91 s
2026-03-04 12:01:07 UTC [2187-6] PANIC:  could not write to file "pg_wal/xlogtemp.2187": No space left on device
2026-03-04 12:01:07 UTC [2186-5] LOG:  startup process (PID 2187) was terminated by signal 6: Aborted
2026-03-04 12:01:07 UTC [2186-6] LOG:  aborting startup due to startup process failure
2026-03-04 12:01:07 UTC [2186-7] LOG:  database system is shut down
2026-03-04 12:01:08 UTC [2211-1] LOG:  starting PostgreSQL 14.21 (Ubuntu 14.21-1.pgdg24.04+1) on x86_64-pc-linux-gnu, compiled by gcc (Ubuntu 13.3.0-6ubuntu2~24.04) 13.3.0, 64-bit
2026-03-04 12:01:08 UTC [2211-2] LOG:  listening on IPv4 address "0.0.0.0", port 5432
2026-03-04 12:01:08 UTC [2211-3] LOG:  listening on IPv6 address "::", port 5432
2026-03-04 12:01:08 UTC [2211-4] LOG:  listening on Unix socket "/var/run/postgresql/.s.PGSQL.5432"
2026-03-04 12:01:08 UTC [2212-1] LOG:  database system was interrupted while in recovery at 2026-03-04 12:01:06 UTC
2026-03-04 12:01:08 UTC [2212-2] HINT:  This probably means that some data is corrupted and you will have to use the last backup for recovery.
2026-03-04 12:01:08 UTC [2212-3] LOG:  database system was not properly shut down; automatic recovery in progress
2026-03-04 12:01:08 UTC [2212-4] LOG:  redo starts at 0/18A1478
2026-03-04 12:01:09 UTC [2222-1] stellar@horizon FATAL:  the database system is starting up
2026-03-04 12:01:09 UTC [2221-1] stellar@horizon FATAL:  the database system is starting up
2026-03-04 12:01:09 UTC [2223-1] stellar@horizon FATAL:  the database system is starting up
2026-03-04 12:01:09 UTC [2224-1] stellar@horizon FATAL:  the database system is starting up
2026-03-04 12:01:09 UTC [2225-1] stellar@horizon FATAL:  the database system is starting up
2026-03-04 12:01:09 UTC [2226-1] stellar@horizon FATAL:  the database system is starting up
2026-03-04 12:01:09 UTC [2227-1] stellar@horizon FATAL:  the database system is starting up
2026-03-04 12:01:09 UTC [2212-5] LOG:  redo done at 0/24FFF520 system usage: CPU: user: 0.65 s, system: 0.30 s, elapsed: 0.96 s
2026-03-04 12:01:09 UTC [2212-6] PANIC:  could not write to file "pg_wal/xlogtemp.2212": No space left on device
2026-03-04 12:01:09 UTC [2211-5] LOG:  startup process (PID 2212) was terminated by signal 6: Aborted
2026-03-04 12:01:09 UTC [2211-6] LOG:  aborting startup due to startup process failure
2026-03-04 12:01:09 UTC [2211-7] LOG:  database system is shut down
2026-03-04 12:01:10 UTC [2236-1] LOG:  starting PostgreSQL 14.21 (Ubuntu 14.21-1.pgdg24.04+1) on x86_64-pc-linux-gnu, compiled by gcc (Ubuntu 13.3.0-6ubuntu2~24.04) 13.3.0, 64-bit
2026-03-04 12:01:10 UTC [2236-2] LOG:  listening on IPv4 address "0.0.0.0", port 5432
2026-03-04 12:01:10 UTC [2236-3] LOG:  listening on IPv6 address "::", port 5432
2026-03-04 12:01:10 UTC [2236-4] LOG:  listening on Unix socket "/var/run/postgresql/.s.PGSQL.5432"
2026-03-04 12:01:10 UTC [2237-1] LOG:  database system was interrupted while in recovery at 2026-03-04 12:01:08 UTC
2026-03-04 12:01:10 UTC [2237-2] HINT:  This probably means that some data is corrupted and you will have to use the last backup for recovery.
2026-03-04 12:01:10 UTC [2237-3] LOG:  database system was not properly shut down; automatic recovery in progress
2026-03-04 12:01:10 UTC [2237-4] LOG:  redo starts at 0/18A1478
2026-03-04 12:01:10 UTC [2238-1] stellar@horizon FATAL:  the database system is starting up
2026-03-04 12:01:10 UTC [2237-5] LOG:  redo done at 0/24FFF520 system usage: CPU: user: 0.63 s, system: 0.20 s, elapsed: 0.83 s
2026-03-04 12:01:10 UTC [2237-6] PANIC:  could not write to file "pg_wal/xlogtemp.2237": No space left on device
2026-03-04 12:01:10 UTC [2236-5] LOG:  startup process (PID 2237) was terminated by signal 6: Aborted
2026-03-04 12:01:10 UTC [2236-6] LOG:  aborting startup due to startup process failure
2026-03-04 12:01:10 UTC [2236-7] LOG:  database system is shut down
2026-03-04 12:01:12 UTC [2261-1] LOG:  starting PostgreSQL 14.21 (Ubuntu 14.21-1.pgdg24.04+1) on x86_64-pc-linux-gnu, compiled by gcc (Ubuntu 13.3.0-6ubuntu2~24.04) 13.3.0, 64-bit
2026-03-04 12:01:12 UTC [2261-2] LOG:  listening on IPv4 address "0.0.0.0", port 5432
2026-03-04 12:01:12 UTC [2261-3] LOG:  listening on IPv6 address "::", port 5432
2026-03-04 12:01:12 UTC [2261-4] LOG:  listening on Unix socket "/var/run/postgresql/.s.PGSQL.5432"
2026-03-04 12:01:12 UTC [2262-1] LOG:  database system was interrupted while in recovery at 2026-03-04 12:01:10 UTC
2026-03-04 12:01:12 UTC [2262-2] HINT:  This probably means that some data is corrupted and you will have to use the last backup for recovery.
2026-03-04 12:01:12 UTC [2262-3] LOG:  database system was not properly shut down; automatic recovery in progress
2026-03-04 12:01:12 UTC [2262-4] LOG:  redo starts at 0/18A1478
2026-03-04 12:01:12 UTC [2263-1] stellar@horizon FATAL:  the database system is starting up
2026-03-04 12:01:12 UTC [2262-5] LOG:  redo done at 0/24FFF520 system usage: CPU: user: 0.63 s, system: 0.21 s, elapsed: 0.84 s
2026-03-04 12:01:12 UTC [2262-6] PANIC:  could not write to file "pg_wal/xlogtemp.2262": No space left on device
2026-03-04 12:01:12 UTC [2261-5] LOG:  startup process (PID 2262) was terminated by signal 6: Aborted
2026-03-04 12:01:12 UTC [2261-6] LOG:  aborting startup due to startup process failure
2026-03-04 12:01:12 UTC [2261-7] LOG:  database system is shut down
2026-03-04 12:01:15 UTC [2288-1] LOG:  starting PostgreSQL 14.21 (Ubuntu 14.21-1.pgdg24.04+1) on x86_64-pc-linux-gnu, compiled by gcc (Ubuntu 13.3.0-6ubuntu2~24.04) 13.3.0, 64-bit
2026-03-04 12:01:15 UTC [2288-2] LOG:  listening on IPv4 address "0.0.0.0", port 5432
2026-03-04 12:01:15 UTC [2288-3] LOG:  listening on IPv6 address "::", port 5432
2026-03-04 12:01:15 UTC [2288-4] LOG:  listening on Unix socket "/var/run/postgresql/.s.PGSQL.5432"
2026-03-04 12:01:15 UTC [2289-1] LOG:  database system was interrupted while in recovery at 2026-03-04 12:01:12 UTC
2026-03-04 12:01:15 UTC [2289-2] HINT:  This probably means that some data is corrupted and you will have to use the last backup for recovery.
2026-03-04 12:01:15 UTC [2290-1] stellar@horizon FATAL:  the database system is starting up
2026-03-04 12:01:15 UTC [2289-3] LOG:  database system was not properly shut down; automatic recovery in progress
2026-03-04 12:01:15 UTC [2289-4] LOG:  redo starts at 0/18A1478
2026-03-04 12:01:15 UTC [2291-1] stellar@horizon FATAL:  the database system is starting up
2026-03-04 12:01:15 UTC [2289-5] LOG:  redo done at 0/24FFF520 system usage: CPU: user: 0.65 s, system: 0.20 s, elapsed: 0.85 s
2026-03-04 12:01:15 UTC [2289-6] PANIC:  could not write to file "pg_wal/xlogtemp.2289": No space left on device
2026-03-04 12:01:15 UTC [2288-5] LOG:  startup process (PID 2289) was terminated by signal 6: Aborted
2026-03-04 12:01:15 UTC [2288-6] LOG:  aborting startup due to startup process failure
2026-03-04 12:01:15 UTC [2288-7] LOG:  database system is shut down
2026-03-04 12:01:19 UTC [2330-1] LOG:  starting PostgreSQL 14.21 (Ubuntu 14.21-1.pgdg24.04+1) on x86_64-pc-linux-gnu, compiled by gcc (Ubuntu 13.3.0-6ubuntu2~24.04) 13.3.0, 64-bit
2026-03-04 12:01:19 UTC [2330-2] LOG:  listening on IPv4 address "0.0.0.0", port 5432
2026-03-04 12:01:19 UTC [2330-3] LOG:  listening on IPv6 address "::", port 5432
2026-03-04 12:01:19 UTC [2330-4] LOG:  listening on Unix socket "/var/run/postgresql/.s.PGSQL.5432"
2026-03-04 12:01:19 UTC [2331-1] LOG:  database system was interrupted while in recovery at 2026-03-04 12:01:15 UTC
2026-03-04 12:01:19 UTC [2331-2] HINT:  This probably means that some data is corrupted and you will have to use the last backup for recovery.
2026-03-04 12:01:19 UTC [2332-1] stellar@horizon FATAL:  the database system is starting up
2026-03-04 12:01:19 UTC [2331-3] LOG:  database system was not properly shut down; automatic recovery in progress
2026-03-04 12:01:19 UTC [2331-4] LOG:  redo starts at 0/18A1478
2026-03-04 12:01:19 UTC [2333-1] stellar@horizon FATAL:  the database system is starting up
2026-03-04 12:01:20 UTC [2342-1] stellar@horizon FATAL:  the database system is starting up
2026-03-04 12:01:20 UTC [2331-5] LOG:  redo done at 0/24FFF520 system usage: CPU: user: 0.73 s, system: 0.24 s, elapsed: 0.97 s
2026-03-04 12:01:20 UTC [2343-1] stellar@horizon FATAL:  the database system is starting up
2026-03-04 12:01:20 UTC [2344-1] stellar@horizon FATAL:  the database system is starting up
2026-03-04 12:01:20 UTC [2345-1] stellar@horizon FATAL:  the database system is starting up
2026-03-04 12:01:20 UTC [2331-6] PANIC:  could not write to file "pg_wal/xlogtemp.2331": No space left on device
2026-03-04 12:01:20 UTC [2346-1] stellar@horizon FATAL:  the database system is starting up
2026-03-04 12:01:20 UTC [2330-5] LOG:  startup process (PID 2331) was terminated by signal 6: Aborted
2026-03-04 12:01:20 UTC [2330-6] LOG:  aborting startup due to startup process failure
2026-03-04 12:01:20 UTC [2330-7] LOG:  database system is shut down
2026-03-04 12:01:20 UTC [2347-1] LOG:  starting PostgreSQL 14.21 (Ubuntu 14.21-1.pgdg24.04+1) on x86_64-pc-linux-gnu, compiled by gcc (Ubuntu 13.3.0-6ubuntu2~24.04) 13.3.0, 64-bit
2026-03-04 12:01:20 UTC [2347-2] LOG:  listening on IPv4 address "0.0.0.0", port 5432
2026-03-04 12:01:20 UTC [2347-3] LOG:  listening on IPv6 address "::", port 5432
2026-03-04 12:01:20 UTC [2347-4] LOG:  listening on Unix socket "/var/run/postgresql/.s.PGSQL.5432"
2026-03-04 12:01:20 UTC [2348-1] LOG:  database system was interrupted while in recovery at 2026-03-04 12:01:19 UTC
2026-03-04 12:01:20 UTC [2348-2] HINT:  This probably means that some data is corrupted and you will have to use the last backup for recovery.
2026-03-04 12:01:20 UTC [2348-3] LOG:  database system was not properly shut down; automatic recovery in progress
2026-03-04 12:01:20 UTC [2348-4] LOG:  redo starts at 0/18A1478
2026-03-04 12:01:21 UTC [2358-1] stellar@horizon FATAL:  the database system is starting up
2026-03-04 12:01:21 UTC [2357-1] stellar@horizon FATAL:  the database system is starting up
2026-03-04 12:01:21 UTC [2359-1] stellar@horizon FATAL:  the database system is starting up
2026-03-04 12:01:21 UTC [2360-1] stellar@horizon FATAL:  the database system is starting up
2026-03-04 12:01:21 UTC [2361-1] stellar@horizon FATAL:  the database system is starting up
2026-03-04 12:01:21 UTC [2362-1] stellar@horizon FATAL:  the database system is starting up
2026-03-04 12:01:21 UTC [2348-5] LOG:  redo done at 0/24FFF520 system usage: CPU: user: 0.63 s, system: 0.31 s, elapsed: 0.95 s
2026-03-04 12:01:21 UTC [2348-6] PANIC:  could not write to file "pg_wal/xlogtemp.2348": No space left on device
2026-03-04 12:01:21 UTC [2363-1] stellar@horizon FATAL:  the database system is starting up
2026-03-04 12:01:21 UTC [2347-5] LOG:  startup process (PID 2348) was terminated by signal 6: Aborted
2026-03-04 12:01:21 UTC [2347-6] LOG:  aborting startup due to startup process failure
2026-03-04 12:01:21 UTC [2347-7] LOG:  database system is shut down
2026-03-04 12:01:21 UTC [2370-1] LOG:  starting PostgreSQL 14.21 (Ubuntu 14.21-1.pgdg24.04+1) on x86_64-pc-linux-gnu, compiled by gcc (Ubuntu 13.3.0-6ubuntu2~24.04) 13.3.0, 64-bit
2026-03-04 12:01:21 UTC [2370-2] LOG:  listening on IPv4 address "0.0.0.0", port 5432
2026-03-04 12:01:21 UTC [2370-3] LOG:  listening on IPv6 address "::", port 5432
2026-03-04 12:01:21 UTC [2370-4] LOG:  listening on Unix socket "/var/run/postgresql/.s.PGSQL.5432"
2026-03-04 12:01:21 UTC [2371-1] LOG:  database system was interrupted while in recovery at 2026-03-04 12:01:20 UTC
2026-03-04 12:01:21 UTC [2371-2] HINT:  This probably means that some data is corrupted and you will have to use the last backup for recovery.
2026-03-04 12:01:21 UTC [2371-3] LOG:  database system was not properly shut down; automatic recovery in progress
2026-03-04 12:01:21 UTC [2371-4] LOG:  redo starts at 0/18A1478
2026-03-04 12:01:22 UTC [2380-1] stellar@horizon FATAL:  the database system is starting up
2026-03-04 12:01:22 UTC [2381-1] stellar@horizon FATAL:  the database system is starting up
2026-03-04 12:01:22 UTC [2382-1] stellar@horizon FATAL:  the database system is starting up
2026-03-04 12:01:22 UTC [2383-1] stellar@horizon FATAL:  the database system is starting up
2026-03-04 12:01:22 UTC [2384-1] stellar@horizon FATAL:  the database system is starting up
2026-03-04 12:01:22 UTC [2385-1] stellar@horizon FATAL:  the database system is starting up
2026-03-04 12:01:22 UTC [2371-5] LOG:  redo done at 0/24FFF520 system usage: CPU: user: 0.67 s, system: 0.17 s, elapsed: 0.84 s
2026-03-04 12:01:22 UTC [2371-6] PANIC:  could not write to file "pg_wal/xlogtemp.2371": No space left on device
2026-03-04 12:01:22 UTC [2370-5] LOG:  startup process (PID 2371) was terminated by signal 6: Aborted
2026-03-04 12:01:22 UTC [2370-6] LOG:  aborting startup due to startup process failure
2026-03-04 12:01:22 UTC [2370-7] LOG:  database system is shut down
2026-03-04 12:01:23 UTC [2394-1] LOG:  starting PostgreSQL 14.21 (Ubuntu 14.21-1.pgdg24.04+1) on x86_64-pc-linux-gnu, compiled by gcc (Ubuntu 13.3.0-6ubuntu2~24.04) 13.3.0, 64-bit
2026-03-04 12:01:23 UTC [2394-2] LOG:  listening on IPv4 address "0.0.0.0", port 5432
2026-03-04 12:01:23 UTC [2394-3] LOG:  listening on IPv6 address "::", port 5432
2026-03-04 12:01:23 UTC [2394-4] LOG:  listening on Unix socket "/var/run/postgresql/.s.PGSQL.5432"
2026-03-04 12:01:23 UTC [2395-1] LOG:  database system was interrupted while in recovery at 2026-03-04 12:01:21 UTC
2026-03-04 12:01:23 UTC [2395-2] HINT:  This probably means that some data is corrupted and you will have to use the last backup for recovery.
2026-03-04 12:01:23 UTC [2395-3] LOG:  database system was not properly shut down; automatic recovery in progress
2026-03-04 12:01:23 UTC [2395-4] LOG:  redo starts at 0/18A1478
2026-03-04 12:01:24 UTC [2404-1] stellar@horizon FATAL:  the database system is starting up
2026-03-04 12:01:24 UTC [2405-1] stellar@horizon FATAL:  the database system is starting up
2026-03-04 12:01:24 UTC [2406-1] stellar@horizon FATAL:  the database system is starting up
2026-03-04 12:01:24 UTC [2407-1] stellar@horizon FATAL:  the database system is starting up
2026-03-04 12:01:24 UTC [2408-1] stellar@horizon FATAL:  the database system is starting up
2026-03-04 12:01:24 UTC [2409-1] stellar@horizon FATAL:  the database system is starting up
2026-03-04 12:01:24 UTC [2395-5] LOG:  redo done at 0/24FFF520 system usage: CPU: user: 0.57 s, system: 0.31 s, elapsed: 0.88 s
2026-03-04 12:01:24 UTC [2395-6] PANIC:  could not write to file "pg_wal/xlogtemp.2395": No space left on device
2026-03-04 12:01:24 UTC [2394-5] LOG:  startup process (PID 2395) was terminated by signal 6: Aborted
2026-03-04 12:01:24 UTC [2394-6] LOG:  aborting startup due to startup process failure
2026-03-04 12:01:24 UTC [2394-7] LOG:  database system is shut down
2026-03-04 12:01:26 UTC [2432-1] LOG:  starting PostgreSQL 14.21 (Ubuntu 14.21-1.pgdg24.04+1) on x86_64-pc-linux-gnu, compiled by gcc (Ubuntu 13.3.0-6ubuntu2~24.04) 13.3.0, 64-bit
2026-03-04 12:01:26 UTC [2432-2] LOG:  listening on IPv4 address "0.0.0.0", port 5432
2026-03-04 12:01:26 UTC [2432-3] LOG:  listening on IPv6 address "::", port 5432
2026-03-04 12:01:26 UTC [2432-4] LOG:  listening on Unix socket "/var/run/postgresql/.s.PGSQL.5432"
2026-03-04 12:01:26 UTC [2433-1] LOG:  database system was interrupted while in recovery at 2026-03-04 12:01:23 UTC
2026-03-04 12:01:26 UTC [2433-2] HINT:  This probably means that some data is corrupted and you will have to use the last backup for recovery.
2026-03-04 12:01:26 UTC [2433-3] LOG:  database system was not properly shut down; automatic recovery in progress
2026-03-04 12:01:26 UTC [2433-4] LOG:  redo starts at 0/18A1478
2026-03-04 12:01:27 UTC [2442-1] stellar@horizon FATAL:  the database system is starting up
2026-03-04 12:01:27 UTC [2443-1] stellar@horizon FATAL:  the database system is starting up
2026-03-04 12:01:27 UTC [2444-1] stellar@horizon FATAL:  the database system is starting up
2026-03-04 12:01:27 UTC [2445-1] stellar@horizon FATAL:  the database system is starting up
2026-03-04 12:01:27 UTC [2446-1] stellar@horizon FATAL:  the database system is starting up
2026-03-04 12:01:27 UTC [2447-1] stellar@horizon FATAL:  the database system is starting up
2026-03-04 12:01:27 UTC [2448-1] stellar@horizon FATAL:  the database system is starting up
2026-03-04 12:01:27 UTC [2433-5] LOG:  redo done at 0/24FFF520 system usage: CPU: user: 0.63 s, system: 0.22 s, elapsed: 0.85 s
2026-03-04 12:01:27 UTC [2433-6] PANIC:  could not write to file "pg_wal/xlogtemp.2433": No space left on device
2026-03-04 12:01:27 UTC [2432-5] LOG:  startup process (PID 2433) was terminated by signal 6: Aborted
2026-03-04 12:01:27 UTC [2432-6] LOG:  aborting startup due to startup process failure
2026-03-04 12:01:27 UTC [2432-7] LOG:  database system is shut down
2026-03-04 12:01:31 UTC [2481-1] LOG:  starting PostgreSQL 14.21 (Ubuntu 14.21-1.pgdg24.04+1) on x86_64-pc-linux-gnu, compiled by gcc (Ubuntu 13.3.0-6ubuntu2~24.04) 13.3.0, 64-bit
2026-03-04 12:01:31 UTC [2481-2] LOG:  listening on IPv4 address "0.0.0.0", port 5432
2026-03-04 12:01:31 UTC [2481-3] LOG:  listening on IPv6 address "::", port 5432
2026-03-04 12:01:31 UTC [2481-4] LOG:  listening on Unix socket "/var/run/postgresql/.s.PGSQL.5432"
2026-03-04 12:01:31 UTC [2482-1] LOG:  database system was interrupted while in recovery at 2026-03-04 12:01:26 UTC
2026-03-04 12:01:31 UTC [2482-2] HINT:  This probably means that some data is corrupted and you will have to use the last backup for recovery.
2026-03-04 12:01:31 UTC [2483-1] stellar@horizon FATAL:  the database system is starting up
2026-03-04 12:01:31 UTC [2482-3] LOG:  database system was not properly shut down; automatic recovery in progress
2026-03-04 12:01:31 UTC [2482-4] LOG:  redo starts at 0/18A1478
2026-03-04 12:01:31 UTC [2484-1] stellar@horizon FATAL:  the database system is starting up
2026-03-04 12:01:31 UTC [2482-5] LOG:  redo done at 0/24FFF520 system usage: CPU: user: 0.65 s, system: 0.20 s, elapsed: 0.85 s
2026-03-04 12:01:31 UTC [2482-6] PANIC:  could not write to file "pg_wal/xlogtemp.2482": No space left on device
2026-03-04 12:01:31 UTC [2481-5] LOG:  startup process (PID 2482) was terminated by signal 6: Aborted
2026-03-04 12:01:31 UTC [2481-6] LOG:  aborting startup due to startup process failure
2026-03-04 12:01:31 UTC [2481-7] LOG:  database system is shut down
