2026-03-03T14:16:09.850 GAOS7 [default INFO] Starting stellar-core v25.1.1
2026-03-03T14:16:09.851 GAOS7 [Database INFO] Connecting to: sqlite3:///opt/stellar/core/stellar.db
2026-03-03T14:16:09.858 GAOS7 [SCP INFO] LocalNode::LocalNode@GAOS7 qSet: 59d361
2026-03-03T14:16:09.859 GAOS7 [Database INFO] DB schema is in current version
2026-03-03T14:16:09.859 GAOS7 [default INFO] Listening on 0.0.0.0:11626 for HTTP requests
2026-03-03T14:16:09.859 GAOS7 [Bucket INFO] BucketListDB enabled: pageSizeExponent: 14 indexCutOff: 20MB, persist indexes: true
2026-03-03T14:16:09.859 GAOS7 [default INFO] Connection effective settings:
2026-03-03T14:16:09.859 GAOS7 [default INFO] TARGET_PEER_CONNECTIONS: 8
2026-03-03T14:16:09.859 GAOS7 [default INFO] MAX_ADDITIONAL_PEER_CONNECTIONS: 64
2026-03-03T14:16:09.859 GAOS7 [default INFO] MAX_PENDING_CONNECTIONS: 500
2026-03-03T14:16:09.859 GAOS7 [default INFO] MAX_OUTBOUND_PENDING_CONNECTIONS: 56
2026-03-03T14:16:09.859 GAOS7 [default INFO] MAX_INBOUND_PENDING_CONNECTIONS: 444
2026-03-03T14:16:09.859 GAOS7 [default INFO] BACKGROUND_OVERLAY_PROCESSING=true
2026-03-03T14:16:09.859 GAOS7 [default INFO] PARALLEL_LEDGER_APPLY=true
2026-03-03T14:16:09.859 GAOS7 [History INFO] Archive 'sdf_testnet_1' has 'get' command only, will not be written
2026-03-03T14:16:09.859 GAOS7 [History INFO] Archive 'sdf_testnet_2' has 'get' command only, will not be written
2026-03-03T14:16:09.859 GAOS7 [History INFO] Archive 'sdf_testnet_3' has 'get' command only, will not be written
2026-03-03T14:16:09.859 GAOS7 [History WARNING] No writable archives configured, history will not be written.
2026-03-03T14:16:09.859 GAOS7 [Ledger INFO] Starting up application
2026-03-03T14:16:09.859 GAOS7 [Ledger INFO] Last closed ledger (LCL) hash is 9216afd4b3f152b0d03456fc5e8a6a758710facabcaa52a9f9918fc34d1dc14c
2026-03-03T14:16:09.859 GAOS7 [Ledger INFO] Loaded LCL header from database: [seq=1309535, hash=9216af]
2026-03-03T14:16:09.859 GAOS7 [default INFO] Establishing 10-entry connection pool to: sqlite3:///opt/stellar/core/stellar.db
2026-03-03T14:16:10.295 GAOS7 [Ledger INFO] Assumed bucket-state for LCL: [seq=1309535, hash=9216af]
2026-03-03T14:16:10.296 GAOS7 [default INFO] Launching 1 loading and 5 compiling background threads
2026-03-03T14:16:10.332 GAOS7 [default INFO] Compiled 1675 contracts (44902995 bytes of Wasm) in 253ms real time, 1220ms CPU time
2026-03-03T14:16:12.384 GAOS7 [Overlay INFO] Binding to endpoint 0.0.0.0:11625
2026-03-03T14:16:12.389 GAOS7 [History INFO] Downloading history archive state: .well-known/stellar-history.json
2026-03-03T14:16:12.780 GAOS7 [History INFO] Downloading history archive state: .well-known/stellar-history.json
2026-03-03T14:16:13.236 GAOS7 [History INFO] Downloading history archive state: .well-known/stellar-history.json
2026-03-03T14:16:13.621 GAOS7 [History INFO] Archive information: [name: sdf_testnet_1, server: stellar-core 25.2.0.rc2 (bb195c49dda329d8e0a16433fb34338420084edc), currentLedger: 1309503]
2026-03-03T14:16:13.621 GAOS7 [History INFO] Archive information: [name: sdf_testnet_2, server: stellar-core 25.2.0.rc2 (bb195c49dda329d8e0a16433fb34338420084edc), currentLedger: 1309503]
2026-03-03T14:16:13.621 GAOS7 [History INFO] Archive information: [name: sdf_testnet_3, server: stellar-core 25.2.0.rc2 (bb195c49dda329d8e0a16433fb34338420084edc), currentLedger: 1309503]
2026-03-03T14:16:14.653 GAOS7 [Overlay ERROR] PeerManager::store error: sqlite3_statement_backend::loadOne: database or disk is full on 40.160.64.57:11725
2026-03-03T14:16:14.653 GAOS7 [Overlay ERROR] PeerManager::store error: sqlite3_statement_backend::loadOne: database or disk is full on 144.76.79.10:51770
2026-03-03T14:16:14.654 GAOS7 [Overlay ERROR] PeerManager::store error: sqlite3_statement_backend::loadOne: database or disk is full on 200.129.247.55:11625
2026-03-03T14:16:14.655 GAOS7 [Overlay ERROR] PeerManager::store error: sqlite3_statement_backend::loadOne: database or disk is full on 54.163.22.184:30020
2026-03-03T14:16:14.656 GAOS7 [Overlay ERROR] PeerManager::store error: sqlite3_statement_backend::loadOne: database or disk is full on 3.249.87.23:30020
2026-03-03T14:16:14.657 GAOS7 [Overlay ERROR] PeerManager::store error: sqlite3_statement_backend::loadOne: database or disk is full on 13.217.88.18:11625
2026-03-03T14:16:14.658 GAOS7 [Overlay ERROR] PeerManager::store error: sqlite3_statement_backend::loadOne: database or disk is full on 77.48.24.153:11625
2026-03-03T14:16:14.658 GAOS7 [Overlay ERROR] PeerManager::store error: sqlite3_statement_backend::loadOne: database or disk is full on 213.10.11.118:11625
2026-03-03T14:16:15.113 GAOS7 [Overlay INFO] Authenticated to 3.148.60.154:11725
2026-03-03T14:16:15.123 GAOS7 [Overlay ERROR] PeerManager::store error: sqlite3_statement_backend::loadOne: database or disk is full on 3.21.88.111:11725
2026-03-03T14:16:15.123 GAOS7 [Overlay INFO] Authenticated to 3.21.88.111:11725
2026-03-03T14:16:15.124 GAOS7 [Overlay ERROR] PeerManager::store error: sqlite3_statement_backend::loadOne: database or disk is full on 34.245.167.15:30020
2026-03-03T14:16:15.125 GAOS7 [Overlay ERROR] PeerManager::store error: sqlite3_statement_backend::loadOne: database or disk is full on 160.155.38.109:11825
2026-03-03T14:16:15.375 GAOS7 [Overlay ERROR] PeerManager::store error: sqlite3_statement_backend::loadOne: database or disk is full on 63.35.223.172:30020
2026-03-03T14:16:15.376 GAOS7 [Overlay INFO] Authenticated to 63.35.223.172:30020
2026-03-03T14:16:15.422 GAOS7 [SCP FATAL] Exception: Cannot commit transaction. database or disk is full
2026-03-03T14:16:15.423 GAOS7 [SCP FATAL] SCP context (GAOS7): 
2026-03-03T14:16:15.424 GAOS7 [SCP FATAL] {
   "ballotProtocol" : {
      "ballot" : "(4294967295,[ SIGNED@sdf_testnet_2 txH: 667775, ct: 1772547355, upgrades: [ ] ])",
      "heard" : false,
      "phase" : "EXTERNALIZE",
      "state" : "i: 1309533 | EXTERNALIZE | b: (4294967295,[ SIGNED@sdf_testnet_2 txH: 667775, ct: 1772547355, upgrades: [ ] ]) | p: (4294967295,[ SIGNED@sdf_testnet_2 txH: 667775, ct: 1772547355, upgrades: [ ] ]) | p': (<null_ballot>) | h: (4294967295,[ SIGNED@sdf_testnet_2 txH: 667775, ct: 1772547355, upgrades: [ ] ]) | c: (1,[ SIGNED@sdf_testnet_2 txH: 667775, ct: 1772547355, upgrades: [ ] ]) | M: 3"
   },
   "nomination" : {
      "roundnumber" : 0,
      "started" : false
   },
   "quorum_sets" : {
      "59d361" : {
         "t" : 2,
         "v" : [ "sdf_testnet_2", "sdf_testnet_3", "sdf_testnet_1" ]
      }
   },
   "statements" : [
      [
         1772547375,
         "{ENV@sdf_testnet_1 |  i: 1309533 | EXTERNALIZE | c: (1,[ SIGNED@sdf_testnet_2 txH: 667775, ct: 1772547355, upgrades: [ ] ]) | h.n: 1 | (lastD): 59d361 }",
         false
      ],
      [
         1772547375,
         "{ENV@sdf_testnet_3 |  i: 1309533 | EXTERNALIZE | c: (1,[ SIGNED@sdf_testnet_2 txH: 667775, ct: 1772547355, upgrades: [ ] ]) | h.n: 1 | (lastD): 59d361 }",
         false
      ],
      [
         1772547375,
         "{ENV@GAOS7 |  i: 1309533 | PREPARE | D: 59d361 | b: (0,[:empty:]) | p: (4294967295,[ SIGNED@sdf_testnet_2 txH: 667775, ct: 1772547355, upgrades: [ ] ]) | p': (<null_ballot>) | c.n: 0 | h.n: 0 }",
         false
      ],
      [
         1772547375,
         "{ENV@GAOS7 |  i: 1309533 | PREPARE | D: 59d361 | b: (4294967295,[ SIGNED@sdf_testnet_2 txH: 667775, ct: 1772547355, upgrades: [ ] ]) | p: (4294967295,[ SIGNED@sdf_testnet_2 txH: 667775, ct: 1772547355, upgrades: [ ] ]) | p': (<null_ballot>) | c.n: 4294967295 | h.n: 4294967295 }",
         false
      ],
      [
         1772547375,
         "{ENV@GAOS7 |  i: 1309533 | CONFIRM | D: 59d361 | b: (4294967295,[ SIGNED@sdf_testnet_2 txH: 667775, ct: 1772547355, upgrades: [ ] ]) | p.n: 4294967295 | c.n: 1 | h.n: 4294967295 }",
         false
      ],
      [
         1772547375,
         "{ENV@GAOS7 |  i: 1309533 | EXTERNALIZE | c: (1,[ SIGNED@sdf_testnet_2 txH: 667775, ct: 1772547355, upgrades: [ ] ]) | h.n: 4294967295 | (lastD): 59d361 }",
         false
      ]
   ],
   "validated" : false
}

2026-03-03T14:16:15.425 GAOS7 [SCP FATAL] Exception processing SCP messages at 1309533, envelope: {ENV@GAOS7 |  i: 1309533 | CONFIRM | D: 59d361 | b: (4294967295,[ SIGNED@sdf_testnet_2 txH: 667775, ct: 1772547355, upgrades: [ ] ]) | p.n: 4294967295 | c.n: 1 | h.n: 4294967295 }
2026-03-03T14:16:15.425 GAOS7 [SCP FATAL] Please report this bug along with this log file if this was not expected
2026-03-03T14:16:15.425 GAOS7 [SCP FATAL] Exception: Cannot commit transaction. database or disk is full
2026-03-03T14:16:15.426 GAOS7 [SCP FATAL] SCP context (GAOS7): 
2026-03-03T14:16:15.426 GAOS7 [SCP FATAL] {
   "ballotProtocol" : {
      "ballot" : "(4294967295,[ SIGNED@sdf_testnet_2 txH: 667775, ct: 1772547355, upgrades: [ ] ])",
      "heard" : false,
      "phase" : "EXTERNALIZE",
      "state" : "i: 1309533 | EXTERNALIZE | b: (4294967295,[ SIGNED@sdf_testnet_2 txH: 667775, ct: 1772547355, upgrades: [ ] ]) | p: (4294967295,[ SIGNED@sdf_testnet_2 txH: 667775, ct: 1772547355, upgrades: [ ] ]) | p': (<null_ballot>) | h: (4294967295,[ SIGNED@sdf_testnet_2 txH: 667775, ct: 1772547355, upgrades: [ ] ]) | c: (1,[ SIGNED@sdf_testnet_2 txH: 667775, ct: 1772547355, upgrades: [ ] ]) | M: 3"
   },
   "nomination" : {
      "roundnumber" : 0,
      "started" : false
   },
   "quorum_sets" : {
      "59d361" : {
         "t" : 2,
         "v" : [ "sdf_testnet_2", "sdf_testnet_3", "sdf_testnet_1" ]
      }
   },
   "statements" : [
      [
         1772547375,
         "{ENV@sdf_testnet_1 |  i: 1309533 | EXTERNALIZE | c: (1,[ SIGNED@sdf_testnet_2 txH: 667775, ct: 1772547355, upgrades: [ ] ]) | h.n: 1 | (lastD): 59d361 }",
         false
      ],
      [
         1772547375,
         "{ENV@sdf_testnet_3 |  i: 1309533 | EXTERNALIZE | c: (1,[ SIGNED@sdf_testnet_2 txH: 667775, ct: 1772547355, upgrades: [ ] ]) | h.n: 1 | (lastD): 59d361 }",
         false
      ],
      [
         1772547375,
         "{ENV@GAOS7 |  i: 1309533 | PREPARE | D: 59d361 | b: (0,[:empty:]) | p: (4294967295,[ SIGNED@sdf_testnet_2 txH: 667775, ct: 1772547355, upgrades: [ ] ]) | p': (<null_ballot>) | c.n: 0 | h.n: 0 }",
         false
      ],
      [
         1772547375,
         "{ENV@GAOS7 |  i: 1309533 | PREPARE | D: 59d361 | b: (4294967295,[ SIGNED@sdf_testnet_2 txH: 667775, ct: 1772547355, upgrades: [ ] ]) | p: (4294967295,[ SIGNED@sdf_testnet_2 txH: 667775, ct: 1772547355, upgrades: [ ] ]) | p': (<null_ballot>) | c.n: 4294967295 | h.n: 4294967295 }",
         false
      ],
      [
         1772547375,
         "{ENV@GAOS7 |  i: 1309533 | CONFIRM | D: 59d361 | b: (4294967295,[ SIGNED@sdf_testnet_2 txH: 667775, ct: 1772547355, upgrades: [ ] ]) | p.n: 4294967295 | c.n: 1 | h.n: 4294967295 }",
         false
      ],
      [
         1772547375,
         "{ENV@GAOS7 |  i: 1309533 | EXTERNALIZE | c: (1,[ SIGNED@sdf_testnet_2 txH: 667775, ct: 1772547355, upgrades: [ ] ]) | h.n: 4294967295 | (lastD): 59d361 }",
         false
      ]
   ],
   "validated" : false
}

2026-03-03T14:16:15.427 GAOS7 [SCP FATAL] Exception processing SCP messages at 1309533, envelope: {ENV@GAOS7 |  i: 1309533 | PREPARE | D: 59d361 | b: (4294967295,[ SIGNED@sdf_testnet_2 txH: 667775, ct: 1772547355, upgrades: [ ] ]) | p: (4294967295,[ SIGNED@sdf_testnet_2 txH: 667775, ct: 1772547355, upgrades: [ ] ]) | p': (<null_ballot>) | c.n: 4294967295 | h.n: 4294967295 }
2026-03-03T14:16:15.427 GAOS7 [SCP FATAL] Please report this bug along with this log file if this was not expected
2026-03-03T14:16:15.428 GAOS7 [SCP FATAL] Exception: Cannot commit transaction. database or disk is full
2026-03-03T14:16:15.428 GAOS7 [SCP FATAL] SCP context (GAOS7): 
2026-03-03T14:16:15.428 GAOS7 [SCP FATAL] {
   "ballotProtocol" : {
      "ballot" : "(4294967295,[ SIGNED@sdf_testnet_2 txH: 667775, ct: 1772547355, upgrades: [ ] ])",
      "heard" : false,
      "phase" : "EXTERNALIZE",
      "state" : "i: 1309533 | EXTERNALIZE | b: (4294967295,[ SIGNED@sdf_testnet_2 txH: 667775, ct: 1772547355, upgrades: [ ] ]) | p: (4294967295,[ SIGNED@sdf_testnet_2 txH: 667775, ct: 1772547355, upgrades: [ ] ]) | p': (<null_ballot>) | h: (4294967295,[ SIGNED@sdf_testnet_2 txH: 667775, ct: 1772547355, upgrades: [ ] ]) | c: (1,[ SIGNED@sdf_testnet_2 txH: 667775, ct: 1772547355, upgrades: [ ] ]) | M: 3"
   },
   "nomination" : {
      "roundnumber" : 0,
      "started" : false
   },
   "quorum_sets" : {
      "59d361" : {
         "t" : 2,
         "v" : [ "sdf_testnet_2", "sdf_testnet_3", "sdf_testnet_1" ]
      }
   },
   "statements" : [
      [
         1772547375,
         "{ENV@sdf_testnet_1 |  i: 1309533 | EXTERNALIZE | c: (1,[ SIGNED@sdf_testnet_2 txH: 667775, ct: 1772547355, upgrades: [ ] ]) | h.n: 1 | (lastD): 59d361 }",
         false
      ],
      [
         1772547375,
         "{ENV@sdf_testnet_3 |  i: 1309533 | EXTERNALIZE | c: (1,[ SIGNED@sdf_testnet_2 txH: 667775, ct: 1772547355, upgrades: [ ] ]) | h.n: 1 | (lastD): 59d361 }",
         false
      ],
      [
         1772547375,
         "{ENV@GAOS7 |  i: 1309533 | PREPARE | D: 59d361 | b: (0,[:empty:]) | p: (4294967295,[ SIGNED@sdf_testnet_2 txH: 667775, ct: 1772547355, upgrades: [ ] ]) | p': (<null_ballot>) | c.n: 0 | h.n: 0 }",
         false
      ],
      [
         1772547375,
         "{ENV@GAOS7 |  i: 1309533 | PREPARE | D: 59d361 | b: (4294967295,[ SIGNED@sdf_testnet_2 txH: 667775, ct: 1772547355, upgrades: [ ] ]) | p: (4294967295,[ SIGNED@sdf_testnet_2 txH: 667775, ct: 1772547355, upgrades: [ ] ]) | p': (<null_ballot>) | c.n: 4294967295 | h.n: 4294967295 }",
         false
      ],
      [
         1772547375,
         "{ENV@GAOS7 |  i: 1309533 | CONFIRM | D: 59d361 | b: (4294967295,[ SIGNED@sdf_testnet_2 txH: 667775, ct: 1772547355, upgrades: [ ] ]) | p.n: 4294967295 | c.n: 1 | h.n: 4294967295 }",
         false
      ],
      [
         1772547375,
         "{ENV@GAOS7 |  i: 1309533 | EXTERNALIZE | c: (1,[ SIGNED@sdf_testnet_2 txH: 667775, ct: 1772547355, upgrades: [ ] ]) | h.n: 4294967295 | (lastD): 59d361 }",
         false
      ]
   ],
   "validated" : false
}

2026-03-03T14:16:15.429 GAOS7 [SCP FATAL] Exception processing SCP messages at 1309533, envelope: {ENV@GAOS7 |  i: 1309533 | PREPARE | D: 59d361 | b: (0,[:empty:]) | p: (4294967295,[ SIGNED@sdf_testnet_2 txH: 667775, ct: 1772547355, upgrades: [ ] ]) | p': (<null_ballot>) | c.n: 0 | h.n: 0 }
2026-03-03T14:16:15.429 GAOS7 [SCP FATAL] Please report this bug along with this log file if this was not expected
2026-03-03T14:16:15.429 GAOS7 [SCP FATAL] Exception: Cannot commit transaction. database or disk is full
2026-03-03T14:16:15.429 GAOS7 [SCP FATAL] SCP context (GAOS7): 
2026-03-03T14:16:15.430 GAOS7 [SCP FATAL] {
   "ballotProtocol" : {
      "ballot" : "(4294967295,[ SIGNED@sdf_testnet_2 txH: 667775, ct: 1772547355, upgrades: [ ] ])",
      "heard" : false,
      "phase" : "EXTERNALIZE",
      "state" : "i: 1309533 | EXTERNALIZE | b: (4294967295,[ SIGNED@sdf_testnet_2 txH: 667775, ct: 1772547355, upgrades: [ ] ]) | p: (4294967295,[ SIGNED@sdf_testnet_2 txH: 667775, ct: 1772547355, upgrades: [ ] ]) | p': (<null_ballot>) | h: (4294967295,[ SIGNED@sdf_testnet_2 txH: 667775, ct: 1772547355, upgrades: [ ] ]) | c: (1,[ SIGNED@sdf_testnet_2 txH: 667775, ct: 1772547355, upgrades: [ ] ]) | M: 3"
   },
   "nomination" : {
      "roundnumber" : 0,
      "started" : false
   },
   "quorum_sets" : {
      "59d361" : {
         "t" : 2,
         "v" : [ "sdf_testnet_2", "sdf_testnet_3", "sdf_testnet_1" ]
      }
   },
   "statements" : [
      [
         1772547375,
         "{ENV@sdf_testnet_1 |  i: 1309533 | EXTERNALIZE | c: (1,[ SIGNED@sdf_testnet_2 txH: 667775, ct: 1772547355, upgrades: [ ] ]) | h.n: 1 | (lastD): 59d361 }",
         false
      ],
      [
         1772547375,
         "{ENV@sdf_testnet_3 |  i: 1309533 | EXTERNALIZE | c: (1,[ SIGNED@sdf_testnet_2 txH: 667775, ct: 1772547355, upgrades: [ ] ]) | h.n: 1 | (lastD): 59d361 }",
         false
      ],
      [
         1772547375,
         "{ENV@GAOS7 |  i: 1309533 | PREPARE | D: 59d361 | b: (0,[:empty:]) | p: (4294967295,[ SIGNED@sdf_testnet_2 txH: 667775, ct: 1772547355, upgrades: [ ] ]) | p': (<null_ballot>) | c.n: 0 | h.n: 0 }",
         false
      ],
      [
         1772547375,
         "{ENV@GAOS7 |  i: 1309533 | PREPARE | D: 59d361 | b: (4294967295,[ SIGNED@sdf_testnet_2 txH: 667775, ct: 1772547355, upgrades: [ ] ]) | p: (4294967295,[ SIGNED@sdf_testnet_2 txH: 667775, ct: 1772547355, upgrades: [ ] ]) | p': (<null_ballot>) | c.n: 4294967295 | h.n: 4294967295 }",
         false
      ],
      [
         1772547375,
         "{ENV@GAOS7 |  i: 1309533 | CONFIRM | D: 59d361 | b: (4294967295,[ SIGNED@sdf_testnet_2 txH: 667775, ct: 1772547355, upgrades: [ ] ]) | p.n: 4294967295 | c.n: 1 | h.n: 4294967295 }",
         false
      ],
      [
         1772547375,
         "{ENV@GAOS7 |  i: 1309533 | EXTERNALIZE | c: (1,[ SIGNED@sdf_testnet_2 txH: 667775, ct: 1772547355, upgrades: [ ] ]) | h.n: 4294967295 | (lastD): 59d361 }",
         false
      ]
   ],
   "validated" : false
}

2026-03-03T14:16:15.431 GAOS7 [SCP FATAL] Exception processing SCP messages at 1309533, envelope: {ENV@sdf_testnet_3 |  i: 1309533 | EXTERNALIZE | c: (1,[ SIGNED@sdf_testnet_2 txH: 667775, ct: 1772547355, upgrades: [ ] ]) | h.n: 1 | (lastD): 59d361 }
2026-03-03T14:16:15.431 GAOS7 [SCP FATAL] Please report this bug along with this log file if this was not expected
