2026-03-03T14:18:38.849 GDFQ4 [default INFO] Starting stellar-core v25.1.1
2026-03-03T14:18:38.850 GDFQ4 [Database INFO] Connecting to: sqlite3:///opt/stellar/core/stellar.db
2026-03-03T14:18:38.858 GDFQ4 [SCP INFO] LocalNode::LocalNode@GDFQ4 qSet: 59d361
2026-03-03T14:18:38.859 GDFQ4 [Database INFO] DB schema is in current version
2026-03-03T14:18:38.859 GDFQ4 [default INFO] Listening on 0.0.0.0:11626 for HTTP requests
2026-03-03T14:18:38.859 GDFQ4 [Bucket INFO] BucketListDB enabled: pageSizeExponent: 14 indexCutOff: 20MB, persist indexes: true
2026-03-03T14:18:38.860 GDFQ4 [default INFO] Connection effective settings:
2026-03-03T14:18:38.860 GDFQ4 [default INFO] TARGET_PEER_CONNECTIONS: 8
2026-03-03T14:18:38.860 GDFQ4 [default INFO] MAX_ADDITIONAL_PEER_CONNECTIONS: 64
2026-03-03T14:18:38.860 GDFQ4 [default INFO] MAX_PENDING_CONNECTIONS: 500
2026-03-03T14:18:38.860 GDFQ4 [default INFO] MAX_OUTBOUND_PENDING_CONNECTIONS: 56
2026-03-03T14:18:38.860 GDFQ4 [default INFO] MAX_INBOUND_PENDING_CONNECTIONS: 444
2026-03-03T14:18:38.860 GDFQ4 [default INFO] BACKGROUND_OVERLAY_PROCESSING=true
2026-03-03T14:18:38.860 GDFQ4 [default INFO] PARALLEL_LEDGER_APPLY=true
2026-03-03T14:18:38.860 GDFQ4 [History INFO] Archive 'sdf_testnet_1' has 'get' command only, will not be written
2026-03-03T14:18:38.860 GDFQ4 [History INFO] Archive 'sdf_testnet_2' has 'get' command only, will not be written
2026-03-03T14:18:38.860 GDFQ4 [History INFO] Archive 'sdf_testnet_3' has 'get' command only, will not be written
2026-03-03T14:18:38.860 GDFQ4 [History WARNING] No writable archives configured, history will not be written.
2026-03-03T14:18:38.861 GDFQ4 [Ledger INFO] Starting up application
2026-03-03T14:18:38.861 GDFQ4 [Ledger INFO] Last closed ledger (LCL) hash is 9216afd4b3f152b0d03456fc5e8a6a758710facabcaa52a9f9918fc34d1dc14c
2026-03-03T14:18:38.861 GDFQ4 [Ledger INFO] Loaded LCL header from database: [seq=1309535, hash=9216af]
2026-03-03T14:18:38.862 GDFQ4 [default INFO] Establishing 10-entry connection pool to: sqlite3:///opt/stellar/core/stellar.db
2026-03-03T14:18:39.382 GDFQ4 [Ledger INFO] Assumed bucket-state for LCL: [seq=1309535, hash=9216af]
2026-03-03T14:18:39.383 GDFQ4 [default INFO] Launching 1 loading and 5 compiling background threads
2026-03-03T14:18:39.636 GDFQ4 [default INFO] Compiled 1675 contracts (44902995 bytes of Wasm) in 252ms real time, 1220ms CPU time
2026-03-03T14:18:41.570 GDFQ4 [Overlay INFO] Binding to endpoint 0.0.0.0:11625
2026-03-03T14:18:41.576 GDFQ4 [History INFO] Downloading history archive state: .well-known/stellar-history.json
2026-03-03T14:18:41.959 GDFQ4 [Process WARNING] process 4081 exited 23: curl -sf http://history.stellar.org/prd/core-testnet/core_testnet_001/.well-known/stellar-history.json -o buckets/tmp/history-ab54c51841f73d76/79ad1823da2acaef-stellar-history.json
2026-03-03T14:18:41.959 GDFQ4 [History WARNING] Could not download file: archive sdf_testnet_1 maybe missing file .well-known/stellar-history.json
2026-03-03T14:18:41.959 GDFQ4 [History ERROR] Could not download .well-known/stellar-history.json file: corrupt archive sdf_testnet_1
2026-03-03T14:18:41.961 GDFQ4 [History ERROR] Failed to obtain archive information: sdf_testnet_1
2026-03-03T14:18:43.828 GDFQ4 [Overlay ERROR] PeerManager::store error: sqlite3_statement_backend::loadOne: database or disk is full on 98.91.174.101:11625
2026-03-03T14:18:43.828 GDFQ4 [Overlay ERROR] PeerManager::store error: sqlite3_statement_backend::loadOne: database or disk is full on 44.204.146.210:11625
2026-03-03T14:18:43.829 GDFQ4 [Overlay ERROR] PeerManager::store error: sqlite3_statement_backend::loadOne: database or disk is full on 44.213.67.110:11625
2026-03-03T14:18:43.830 GDFQ4 [Overlay ERROR] PeerManager::store error: sqlite3_statement_backend::loadOne: database or disk is full on 74.118.139.126:11625
2026-03-03T14:18:43.831 GDFQ4 [Overlay ERROR] PeerManager::store error: sqlite3_statement_backend::loadOne: database or disk is full on 3.85.105.105:11625
2026-03-03T14:18:43.831 GDFQ4 [Overlay ERROR] PeerManager::store error: sqlite3_statement_backend::loadOne: database or disk is full on 44.206.255.84:11625
2026-03-03T14:18:43.832 GDFQ4 [Overlay ERROR] PeerManager::store error: sqlite3_statement_backend::loadOne: database or disk is full on 91.242.214.69:11625
2026-03-03T14:18:43.833 GDFQ4 [Overlay ERROR] PeerManager::store error: sqlite3_statement_backend::loadOne: database or disk is full on 13.217.88.18:11625
2026-03-03T14:18:43.834 GDFQ4 [Overlay ERROR] PeerManager::store error: sqlite3_statement_backend::loadOne: database or disk is full on 144.76.79.10:51770
2026-03-03T14:18:43.835 GDFQ4 [Overlay ERROR] PeerManager::store error: sqlite3_statement_backend::loadOne: database or disk is full on 18.212.206.26:30020
2026-03-03T14:18:43.835 GDFQ4 [Overlay ERROR] PeerManager::store error: sqlite3_statement_backend::loadOne: database or disk is full on 77.48.24.153:11625
2026-03-03T14:18:43.836 GDFQ4 [Overlay ERROR] PeerManager::store error: sqlite3_statement_backend::loadOne: database or disk is full on 3.235.16.197:30020
2026-03-03T14:18:43.837 GDFQ4 [Overlay ERROR] PeerManager::store error: sqlite3_statement_backend::loadOne: database or disk is full on 198.199.91.18:11625
2026-03-03T14:18:43.837 GDFQ4 [Overlay ERROR] PeerManager::store error: sqlite3_statement_backend::loadOne: database or disk is full on 40.160.64.57:11725
2026-03-03T14:18:43.838 GDFQ4 [Overlay ERROR] PeerManager::store error: sqlite3_statement_backend::loadOne: database or disk is full on 34.241.153.42:30020
2026-03-03T14:18:43.839 GDFQ4 [Overlay ERROR] PeerManager::store error: sqlite3_statement_backend::loadOne: database or disk is full on 3.249.87.23:30020
2026-03-03T14:18:43.839 GDFQ4 [Overlay ERROR] PeerManager::store error: sqlite3_statement_backend::loadOne: database or disk is full on 44.198.157.36:11625
2026-03-03T14:18:43.840 GDFQ4 [Overlay ERROR] PeerManager::store error: sqlite3_statement_backend::loadOne: database or disk is full on 3.95.1.43:30400
2026-03-03T14:18:43.840 GDFQ4 [Overlay ERROR] PeerManager::store error: sqlite3_statement_backend::loadOne: database or disk is full on 185.255.131.210:11625
2026-03-03T14:18:43.841 GDFQ4 [Overlay ERROR] PeerManager::store error: sqlite3_statement_backend::loadOne: database or disk is full on 200.129.247.42:11625
2026-03-03T14:18:43.841 GDFQ4 [Overlay ERROR] PeerManager::store error: sqlite3_statement_backend::loadOne: database or disk is full on 3.238.32.131:30400
2026-03-03T14:18:43.842 GDFQ4 [Overlay ERROR] PeerManager::store error: sqlite3_statement_backend::loadOne: database or disk is full on 213.10.11.118:11625
2026-03-03T14:18:43.843 GDFQ4 [Overlay ERROR] PeerManager::store error: sqlite3_statement_backend::loadOne: database or disk is full on 174.138.52.29:11625
2026-03-03T14:18:43.843 GDFQ4 [Overlay ERROR] PeerManager::store error: sqlite3_statement_backend::loadOne: database or disk is full on 18.206.213.41:30020
2026-03-03T14:18:43.844 GDFQ4 [Overlay ERROR] PeerManager::store error: sqlite3_statement_backend::loadOne: database or disk is full on 172.19.0.1:11625
2026-03-03T14:18:43.845 GDFQ4 [Overlay ERROR] PeerManager::store error: sqlite3_statement_backend::loadOne: database or disk is full on 85.21.8.7:11625
2026-03-03T14:18:43.846 GDFQ4 [Overlay ERROR] PeerManager::store error: sqlite3_statement_backend::loadOne: database or disk is full on 91.67.122.127:11625
2026-03-03T14:18:43.846 GDFQ4 [Overlay ERROR] PeerManager::store error: sqlite3_statement_backend::loadOne: database or disk is full on 45.55.48.58:11825
2026-03-03T14:18:43.847 GDFQ4 [Overlay ERROR] PeerManager::store error: sqlite3_statement_backend::loadOne: database or disk is full on 198.199.88.228:11625
2026-03-03T14:18:43.848 GDFQ4 [Overlay ERROR] PeerManager::store error: sqlite3_statement_backend::loadOne: database or disk is full on 200.129.247.55:11625
2026-03-03T14:18:43.849 GDFQ4 [Overlay ERROR] PeerManager::store error: sqlite3_statement_backend::loadOne: database or disk is full on 200.129.247.82:11625
2026-03-03T14:18:43.849 GDFQ4 [Overlay ERROR] PeerManager::store error: sqlite3_statement_backend::loadOne: database or disk is full on 77.48.24.203:11625
2026-03-03T14:18:43.850 GDFQ4 [Overlay ERROR] PeerManager::store error: sqlite3_statement_backend::loadOne: database or disk is full on 65.109.19.49:11625
2026-03-03T14:18:43.851 GDFQ4 [Overlay ERROR] PeerManager::store error: sqlite3_statement_backend::loadOne: database or disk is full on 50.16.48.217:30020
2026-03-03T14:18:43.852 GDFQ4 [Overlay ERROR] PeerManager::store error: sqlite3_statement_backend::loadOne: database or disk is full on 3.147.147.12:11725
2026-03-03T14:18:43.852 GDFQ4 [Overlay ERROR] PeerManager::store error: sqlite3_statement_backend::loadOne: database or disk is full on 54.163.22.184:30020
2026-03-03T14:18:43.853 GDFQ4 [Overlay ERROR] PeerManager::store error: sqlite3_statement_backend::loadOne: database or disk is full on 3.238.52.233:30400
2026-03-03T14:18:43.854 GDFQ4 [Overlay ERROR] PeerManager::store error: sqlite3_statement_backend::loadOne: database or disk is full on 54.90.248.176:30020
2026-03-03T14:18:43.855 GDFQ4 [Overlay ERROR] PeerManager::store error: sqlite3_statement_backend::loadOne: database or disk is full on 188.245.186.123:11625
2026-03-03T14:18:43.855 GDFQ4 [Overlay ERROR] PeerManager::store error: sqlite3_statement_backend::loadOne: database or disk is full on 135.181.229.215:11628
2026-03-03T14:18:43.856 GDFQ4 [Overlay ERROR] PeerManager::store error: sqlite3_statement_backend::loadOne: database or disk is full on 34.229.162.244:30020
2026-03-03T14:18:43.857 GDFQ4 [Overlay ERROR] PeerManager::store error: sqlite3_statement_backend::loadOne: database or disk is full on 198.244.200.76:11725
2026-03-03T14:18:43.857 GDFQ4 [Overlay ERROR] PeerManager::store error: sqlite3_statement_backend::loadOne: database or disk is full on 18.201.241.124:30020
2026-03-03T14:18:43.858 GDFQ4 [Overlay ERROR] PeerManager::store error: sqlite3_statement_backend::loadOne: database or disk is full on 148.113.140.57:11625
2026-03-03T14:18:43.859 GDFQ4 [Overlay ERROR] PeerManager::store error: sqlite3_statement_backend::loadOne: database or disk is full on 52.91.130.193:30020
2026-03-03T14:18:43.859 GDFQ4 [Overlay ERROR] PeerManager::store error: sqlite3_statement_backend::loadOne: database or disk is full on 3.255.82.225:30020
2026-03-03T14:18:43.860 GDFQ4 [Overlay ERROR] PeerManager::store error: sqlite3_statement_backend::loadOne: database or disk is full on 200.129.247.110:11625
2026-03-03T14:18:43.861 GDFQ4 [Overlay ERROR] PeerManager::store error: sqlite3_statement_backend::loadOne: database or disk is full on 200.129.247.139:11825
2026-03-03T14:18:44.255 GDFQ4 [Overlay ERROR] PeerManager::store error: sqlite3_statement_backend::loadOne: database or disk is full on 44.206.255.84:11625
2026-03-03T14:18:44.256 GDFQ4 [Overlay INFO] Authenticated to 44.206.255.84:11625
2026-03-03T14:18:44.257 GDFQ4 [Overlay ERROR] PeerManager::store error: sqlite3_statement_backend::loadOne: database or disk is full on 3.85.105.105:11625
2026-03-03T14:18:44.258 GDFQ4 [Overlay INFO] Authenticated to 3.85.105.105:11625
2026-03-03T14:18:44.259 GDFQ4 [Overlay ERROR] PeerManager::store error: sqlite3_statement_backend::loadOne: database or disk is full on 54.236.21.197:30020
2026-03-03T14:18:44.260 GDFQ4 [Overlay ERROR] PeerManager::store error: sqlite3_statement_backend::loadOne: database or disk is full on 184.72.81.138:30020
2026-03-03T14:18:44.547 GDFQ4 [Overlay ERROR] PeerManager::store error: sqlite3_statement_backend::loadOne: database or disk is full on 74.118.139.126:11625
2026-03-03T14:18:44.547 GDFQ4 [Overlay INFO] Authenticated to 74.118.139.126:11625
2026-03-03T14:18:46.563 GDFQ4 [SCP FATAL] Exception: Cannot commit transaction. database or disk is full
2026-03-03T14:18:46.564 GDFQ4 [SCP FATAL] SCP context (GDFQ4): 
2026-03-03T14:18:46.564 GDFQ4 [SCP FATAL] {
   "ballotProtocol" : {
      "ballot" : "(4294967295,[ SIGNED@sdf_testnet_1 txH: 852f70, ct: 1772547210, upgrades: [ ] ])",
      "heard" : false,
      "phase" : "EXTERNALIZE",
      "state" : "i: 1309504 | EXTERNALIZE | b: (4294967295,[ SIGNED@sdf_testnet_1 txH: 852f70, ct: 1772547210, upgrades: [ ] ]) | p: (4294967295,[ SIGNED@sdf_testnet_1 txH: 852f70, ct: 1772547210, upgrades: [ ] ]) | p': (<null_ballot>) | h: (4294967295,[ SIGNED@sdf_testnet_1 txH: 852f70, ct: 1772547210, upgrades: [ ] ]) | c: (1,[ SIGNED@sdf_testnet_1 txH: 852f70, ct: 1772547210, upgrades: [ ] ]) | M: 3"
   },
   "nomination" : {
      "roundnumber" : 0,
      "started" : false
   },
   "quorum_sets" : {
      "59d361" : {
         "t" : 2,
         "v" : [ "sdf_testnet_2", "sdf_testnet_3", "sdf_testnet_1" ]
      }
   },
   "statements" : [
      [
         1772547526,
         "{ENV@sdf_testnet_1 |  i: 1309504 | EXTERNALIZE | c: (1,[ SIGNED@sdf_testnet_1 txH: 852f70, ct: 1772547210, upgrades: [ ] ]) | h.n: 1 | (lastD): 59d361 }",
         false
      ],
      [
         1772547526,
         "{ENV@sdf_testnet_3 |  i: 1309504 | EXTERNALIZE | c: (1,[ SIGNED@sdf_testnet_1 txH: 852f70, ct: 1772547210, upgrades: [ ] ]) | h.n: 1 | (lastD): 59d361 }",
         false
      ],
      [
         1772547526,
         "{ENV@GDFQ4 |  i: 1309504 | PREPARE | D: 59d361 | b: (0,[:empty:]) | p: (4294967295,[ SIGNED@sdf_testnet_1 txH: 852f70, ct: 1772547210, upgrades: [ ] ]) | p': (<null_ballot>) | c.n: 0 | h.n: 0 }",
         false
      ],
      [
         1772547526,
         "{ENV@GDFQ4 |  i: 1309504 | PREPARE | D: 59d361 | b: (4294967295,[ SIGNED@sdf_testnet_1 txH: 852f70, ct: 1772547210, upgrades: [ ] ]) | p: (4294967295,[ SIGNED@sdf_testnet_1 txH: 852f70, ct: 1772547210, upgrades: [ ] ]) | p': (<null_ballot>) | c.n: 4294967295 | h.n: 4294967295 }",
         false
      ],
      [
         1772547526,
         "{ENV@GDFQ4 |  i: 1309504 | CONFIRM | D: 59d361 | b: (4294967295,[ SIGNED@sdf_testnet_1 txH: 852f70, ct: 1772547210, upgrades: [ ] ]) | p.n: 4294967295 | c.n: 1 | h.n: 4294967295 }",
         false
      ],
      [
         1772547526,
         "{ENV@GDFQ4 |  i: 1309504 | EXTERNALIZE | c: (1,[ SIGNED@sdf_testnet_1 txH: 852f70, ct: 1772547210, upgrades: [ ] ]) | h.n: 4294967295 | (lastD): 59d361 }",
         false
      ]
   ],
   "validated" : false
}

2026-03-03T14:18:46.565 GDFQ4 [SCP FATAL] Exception processing SCP messages at 1309504, envelope: {ENV@GDFQ4 |  i: 1309504 | CONFIRM | D: 59d361 | b: (4294967295,[ SIGNED@sdf_testnet_1 txH: 852f70, ct: 1772547210, upgrades: [ ] ]) | p.n: 4294967295 | c.n: 1 | h.n: 4294967295 }
2026-03-03T14:18:46.565 GDFQ4 [SCP FATAL] Please report this bug along with this log file if this was not expected
2026-03-03T14:18:46.565 GDFQ4 [SCP FATAL] Exception: Cannot commit transaction. database or disk is full
2026-03-03T14:18:46.565 GDFQ4 [SCP FATAL] SCP context (GDFQ4): 
2026-03-03T14:18:46.565 GDFQ4 [SCP FATAL] {
   "ballotProtocol" : {
      "ballot" : "(4294967295,[ SIGNED@sdf_testnet_1 txH: 852f70, ct: 1772547210, upgrades: [ ] ])",
      "heard" : false,
      "phase" : "EXTERNALIZE",
      "state" : "i: 1309504 | EXTERNALIZE | b: (4294967295,[ SIGNED@sdf_testnet_1 txH: 852f70, ct: 1772547210, upgrades: [ ] ]) | p: (4294967295,[ SIGNED@sdf_testnet_1 txH: 852f70, ct: 1772547210, upgrades: [ ] ]) | p': (<null_ballot>) | h: (4294967295,[ SIGNED@sdf_testnet_1 txH: 852f70, ct: 1772547210, upgrades: [ ] ]) | c: (1,[ SIGNED@sdf_testnet_1 txH: 852f70, ct: 1772547210, upgrades: [ ] ]) | M: 3"
   },
   "nomination" : {
      "roundnumber" : 0,
      "started" : false
   },
   "quorum_sets" : {
      "59d361" : {
         "t" : 2,
         "v" : [ "sdf_testnet_2", "sdf_testnet_3", "sdf_testnet_1" ]
      }
   },
   "statements" : [
      [
         1772547526,
         "{ENV@sdf_testnet_1 |  i: 1309504 | EXTERNALIZE | c: (1,[ SIGNED@sdf_testnet_1 txH: 852f70, ct: 1772547210, upgrades: [ ] ]) | h.n: 1 | (lastD): 59d361 }",
         false
      ],
      [
         1772547526,
         "{ENV@sdf_testnet_3 |  i: 1309504 | EXTERNALIZE | c: (1,[ SIGNED@sdf_testnet_1 txH: 852f70, ct: 1772547210, upgrades: [ ] ]) | h.n: 1 | (lastD): 59d361 }",
         false
      ],
      [
         1772547526,
         "{ENV@GDFQ4 |  i: 1309504 | PREPARE | D: 59d361 | b: (0,[:empty:]) | p: (4294967295,[ SIGNED@sdf_testnet_1 txH: 852f70, ct: 1772547210, upgrades: [ ] ]) | p': (<null_ballot>) | c.n: 0 | h.n: 0 }",
         false
      ],
      [
         1772547526,
         "{ENV@GDFQ4 |  i: 1309504 | PREPARE | D: 59d361 | b: (4294967295,[ SIGNED@sdf_testnet_1 txH: 852f70, ct: 1772547210, upgrades: [ ] ]) | p: (4294967295,[ SIGNED@sdf_testnet_1 txH: 852f70, ct: 1772547210, upgrades: [ ] ]) | p': (<null_ballot>) | c.n: 4294967295 | h.n: 4294967295 }",
         false
      ],
      [
         1772547526,
         "{ENV@GDFQ4 |  i: 1309504 | CONFIRM | D: 59d361 | b: (4294967295,[ SIGNED@sdf_testnet_1 txH: 852f70, ct: 1772547210, upgrades: [ ] ]) | p.n: 4294967295 | c.n: 1 | h.n: 4294967295 }",
         false
      ],
      [
         1772547526,
         "{ENV@GDFQ4 |  i: 1309504 | EXTERNALIZE | c: (1,[ SIGNED@sdf_testnet_1 txH: 852f70, ct: 1772547210, upgrades: [ ] ]) | h.n: 4294967295 | (lastD): 59d361 }",
         false
      ]
   ],
   "validated" : false
}

2026-03-03T14:18:46.566 GDFQ4 [SCP FATAL] Exception processing SCP messages at 1309504, envelope: {ENV@GDFQ4 |  i: 1309504 | PREPARE | D: 59d361 | b: (4294967295,[ SIGNED@sdf_testnet_1 txH: 852f70, ct: 1772547210, upgrades: [ ] ]) | p: (4294967295,[ SIGNED@sdf_testnet_1 txH: 852f70, ct: 1772547210, upgrades: [ ] ]) | p': (<null_ballot>) | c.n: 4294967295 | h.n: 4294967295 }
2026-03-03T14:18:46.566 GDFQ4 [SCP FATAL] Please report this bug along with this log file if this was not expected
2026-03-03T14:18:46.566 GDFQ4 [SCP FATAL] Exception: Cannot commit transaction. database or disk is full
2026-03-03T14:18:46.567 GDFQ4 [SCP FATAL] SCP context (GDFQ4): 
2026-03-03T14:18:46.567 GDFQ4 [SCP FATAL] {
   "ballotProtocol" : {
      "ballot" : "(4294967295,[ SIGNED@sdf_testnet_1 txH: 852f70, ct: 1772547210, upgrades: [ ] ])",
      "heard" : false,
      "phase" : "EXTERNALIZE",
      "state" : "i: 1309504 | EXTERNALIZE | b: (4294967295,[ SIGNED@sdf_testnet_1 txH: 852f70, ct: 1772547210, upgrades: [ ] ]) | p: (4294967295,[ SIGNED@sdf_testnet_1 txH: 852f70, ct: 1772547210, upgrades: [ ] ]) | p': (<null_ballot>) | h: (4294967295,[ SIGNED@sdf_testnet_1 txH: 852f70, ct: 1772547210, upgrades: [ ] ]) | c: (1,[ SIGNED@sdf_testnet_1 txH: 852f70, ct: 1772547210, upgrades: [ ] ]) | M: 3"
   },
   "nomination" : {
      "roundnumber" : 0,
      "started" : false
   },
   "quorum_sets" : {
      "59d361" : {
         "t" : 2,
         "v" : [ "sdf_testnet_2", "sdf_testnet_3", "sdf_testnet_1" ]
      }
   },
   "statements" : [
      [
         1772547526,
         "{ENV@sdf_testnet_1 |  i: 1309504 | EXTERNALIZE | c: (1,[ SIGNED@sdf_testnet_1 txH: 852f70, ct: 1772547210, upgrades: [ ] ]) | h.n: 1 | (lastD): 59d361 }",
         false
      ],
      [
         1772547526,
         "{ENV@sdf_testnet_3 |  i: 1309504 | EXTERNALIZE | c: (1,[ SIGNED@sdf_testnet_1 txH: 852f70, ct: 1772547210, upgrades: [ ] ]) | h.n: 1 | (lastD): 59d361 }",
         false
      ],
      [
         1772547526,
         "{ENV@GDFQ4 |  i: 1309504 | PREPARE | D: 59d361 | b: (0,[:empty:]) | p: (4294967295,[ SIGNED@sdf_testnet_1 txH: 852f70, ct: 1772547210, upgrades: [ ] ]) | p': (<null_ballot>) | c.n: 0 | h.n: 0 }",
         false
      ],
      [
         1772547526,
         "{ENV@GDFQ4 |  i: 1309504 | PREPARE | D: 59d361 | b: (4294967295,[ SIGNED@sdf_testnet_1 txH: 852f70, ct: 1772547210, upgrades: [ ] ]) | p: (4294967295,[ SIGNED@sdf_testnet_1 txH: 852f70, ct: 1772547210, upgrades: [ ] ]) | p': (<null_ballot>) | c.n: 4294967295 | h.n: 4294967295 }",
         false
      ],
      [
         1772547526,
         "{ENV@GDFQ4 |  i: 1309504 | CONFIRM | D: 59d361 | b: (4294967295,[ SIGNED@sdf_testnet_1 txH: 852f70, ct: 1772547210, upgrades: [ ] ]) | p.n: 4294967295 | c.n: 1 | h.n: 4294967295 }",
         false
      ],
      [
         1772547526,
         "{ENV@GDFQ4 |  i: 1309504 | EXTERNALIZE | c: (1,[ SIGNED@sdf_testnet_1 txH: 852f70, ct: 1772547210, upgrades: [ ] ]) | h.n: 4294967295 | (lastD): 59d361 }",
         false
      ]
   ],
   "validated" : false
}

2026-03-03T14:18:46.567 GDFQ4 [SCP FATAL] Exception processing SCP messages at 1309504, envelope: {ENV@GDFQ4 |  i: 1309504 | PREPARE | D: 59d361 | b: (0,[:empty:]) | p: (4294967295,[ SIGNED@sdf_testnet_1 txH: 852f70, ct: 1772547210, upgrades: [ ] ]) | p': (<null_ballot>) | c.n: 0 | h.n: 0 }
2026-03-03T14:18:46.567 GDFQ4 [SCP FATAL] Please report this bug along with this log file if this was not expected
2026-03-03T14:18:46.567 GDFQ4 [SCP FATAL] Exception: Cannot commit transaction. database or disk is full
2026-03-03T14:18:46.567 GDFQ4 [SCP FATAL] SCP context (GDFQ4): 
2026-03-03T14:18:46.568 GDFQ4 [SCP FATAL] {
   "ballotProtocol" : {
      "ballot" : "(4294967295,[ SIGNED@sdf_testnet_1 txH: 852f70, ct: 1772547210, upgrades: [ ] ])",
      "heard" : false,
      "phase" : "EXTERNALIZE",
      "state" : "i: 1309504 | EXTERNALIZE | b: (4294967295,[ SIGNED@sdf_testnet_1 txH: 852f70, ct: 1772547210, upgrades: [ ] ]) | p: (4294967295,[ SIGNED@sdf_testnet_1 txH: 852f70, ct: 1772547210, upgrades: [ ] ]) | p': (<null_ballot>) | h: (4294967295,[ SIGNED@sdf_testnet_1 txH: 852f70, ct: 1772547210, upgrades: [ ] ]) | c: (1,[ SIGNED@sdf_testnet_1 txH: 852f70, ct: 1772547210, upgrades: [ ] ]) | M: 3"
   },
   "nomination" : {
      "roundnumber" : 0,
      "started" : false
   },
   "quorum_sets" : {
      "59d361" : {
         "t" : 2,
         "v" : [ "sdf_testnet_2", "sdf_testnet_3", "sdf_testnet_1" ]
      }
   },
   "statements" : [
      [
         1772547526,
         "{ENV@sdf_testnet_1 |  i: 1309504 | EXTERNALIZE | c: (1,[ SIGNED@sdf_testnet_1 txH: 852f70, ct: 1772547210, upgrades: [ ] ]) | h.n: 1 | (lastD): 59d361 }",
         false
      ],
      [
         1772547526,
         "{ENV@sdf_testnet_3 |  i: 1309504 | EXTERNALIZE | c: (1,[ SIGNED@sdf_testnet_1 txH: 852f70, ct: 1772547210, upgrades: [ ] ]) | h.n: 1 | (lastD): 59d361 }",
         false
      ],
      [
         1772547526,
         "{ENV@GDFQ4 |  i: 1309504 | PREPARE | D: 59d361 | b: (0,[:empty:]) | p: (4294967295,[ SIGNED@sdf_testnet_1 txH: 852f70, ct: 1772547210, upgrades: [ ] ]) | p': (<null_ballot>) | c.n: 0 | h.n: 0 }",
         false
      ],
      [
         1772547526,
         "{ENV@GDFQ4 |  i: 1309504 | PREPARE | D: 59d361 | b: (4294967295,[ SIGNED@sdf_testnet_1 txH: 852f70, ct: 1772547210, upgrades: [ ] ]) | p: (4294967295,[ SIGNED@sdf_testnet_1 txH: 852f70, ct: 1772547210, upgrades: [ ] ]) | p': (<null_ballot>) | c.n: 4294967295 | h.n: 4294967295 }",
         false
      ],
      [
         1772547526,
         "{ENV@GDFQ4 |  i: 1309504 | CONFIRM | D: 59d361 | b: (4294967295,[ SIGNED@sdf_testnet_1 txH: 852f70, ct: 1772547210, upgrades: [ ] ]) | p.n: 4294967295 | c.n: 1 | h.n: 4294967295 }",
         false
      ],
      [
         1772547526,
         "{ENV@GDFQ4 |  i: 1309504 | EXTERNALIZE | c: (1,[ SIGNED@sdf_testnet_1 txH: 852f70, ct: 1772547210, upgrades: [ ] ]) | h.n: 4294967295 | (lastD): 59d361 }",
         false
      ]
   ],
   "validated" : false
}

2026-03-03T14:18:46.568 GDFQ4 [SCP FATAL] Exception processing SCP messages at 1309504, envelope: {ENV@sdf_testnet_3 |  i: 1309504 | EXTERNALIZE | c: (1,[ SIGNED@sdf_testnet_1 txH: 852f70, ct: 1772547210, upgrades: [ ] ]) | h.n: 1 | (lastD): 59d361 }
2026-03-03T14:18:46.568 GDFQ4 [SCP FATAL] Please report this bug along with this log file if this was not expected
