2026-03-04T12:07:57.092 GD5SJ [default INFO] Starting stellar-core v25.1.1
2026-03-04T12:07:57.092 GD5SJ [Database INFO] Connecting to: sqlite3:///opt/stellar/core/stellar.db
2026-03-04T12:07:57.100 GD5SJ [SCP INFO] LocalNode::LocalNode@GD5SJ qSet: 59d361
2026-03-04T12:07:57.101 GD5SJ [Database INFO] DB schema is in current version
2026-03-04T12:07:57.101 GD5SJ [default INFO] Listening on 0.0.0.0:11626 for HTTP requests
2026-03-04T12:07:57.101 GD5SJ [Bucket INFO] BucketListDB enabled: pageSizeExponent: 14 indexCutOff: 20MB, persist indexes: true
2026-03-04T12:07:57.101 GD5SJ [default INFO] Connection effective settings:
2026-03-04T12:07:57.101 GD5SJ [default INFO] TARGET_PEER_CONNECTIONS: 8
2026-03-04T12:07:57.101 GD5SJ [default INFO] MAX_ADDITIONAL_PEER_CONNECTIONS: 64
2026-03-04T12:07:57.101 GD5SJ [default INFO] MAX_PENDING_CONNECTIONS: 500
2026-03-04T12:07:57.101 GD5SJ [default INFO] MAX_OUTBOUND_PENDING_CONNECTIONS: 56
2026-03-04T12:07:57.101 GD5SJ [default INFO] MAX_INBOUND_PENDING_CONNECTIONS: 444
2026-03-04T12:07:57.101 GD5SJ [default INFO] BACKGROUND_OVERLAY_PROCESSING=true
2026-03-04T12:07:57.101 GD5SJ [default INFO] PARALLEL_LEDGER_APPLY=true
2026-03-04T12:07:57.101 GD5SJ [History INFO] Archive 'sdf_testnet_1' has 'get' command only, will not be written
2026-03-04T12:07:57.101 GD5SJ [History INFO] Archive 'sdf_testnet_2' has 'get' command only, will not be written
2026-03-04T12:07:57.101 GD5SJ [History INFO] Archive 'sdf_testnet_3' has 'get' command only, will not be written
2026-03-04T12:07:57.101 GD5SJ [History WARNING] No writable archives configured, history will not be written.
2026-03-04T12:07:57.101 GD5SJ [Ledger INFO] Starting up application
2026-03-04T12:07:57.101 GD5SJ [Ledger INFO] Last closed ledger (LCL) hash is 3717cc2d58717d0d8a5612cf97b9c2e7c04d1eeb1b77151a59687fae75e4aab6
2026-03-04T12:07:57.101 GD5SJ [Ledger INFO] Loaded LCL header from database: [seq=1325251, hash=3717cc]
2026-03-04T12:07:57.101 GD5SJ [default INFO] Establishing 10-entry connection pool to: sqlite3:///opt/stellar/core/stellar.db
2026-03-04T12:07:57.593 GD5SJ [Ledger INFO] Assumed bucket-state for LCL: [seq=1325251, hash=3717cc]
2026-03-04T12:07:57.594 GD5SJ [default INFO] Launching 1 loading and 5 compiling background threads
2026-03-04T12:07:57.830 GD5SJ [default INFO] Compiled 1642 contracts (43833304 bytes of Wasm) in 236ms real time, 1142ms CPU time
2026-03-04T12:07:59.756 GD5SJ [Overlay INFO] Binding to endpoint 0.0.0.0:11625
2026-03-04T12:07:59.761 GD5SJ [History INFO] Downloading history archive state: .well-known/stellar-history.json
2026-03-04T12:08:00.271 GD5SJ [History INFO] Downloading history archive state: .well-known/stellar-history.json
2026-03-04T12:08:00.728 GD5SJ [Process WARNING] process 5111 exited 23: curl -sf http://history.stellar.org/prd/core-testnet/core_testnet_002/.well-known/stellar-history.json -o buckets/tmp/history-42159635bf3df039/8fc5407074872b65-stellar-history.json
2026-03-04T12:08:00.728 GD5SJ [History WARNING] Could not download file: archive sdf_testnet_2 maybe missing file .well-known/stellar-history.json
2026-03-04T12:08:00.729 GD5SJ [History ERROR] Could not download .well-known/stellar-history.json file: corrupt archive sdf_testnet_2
2026-03-04T12:08:00.730 GD5SJ [History ERROR] Failed to obtain archive information: sdf_testnet_2
2026-03-04T12:08:02.006 GD5SJ [Overlay ERROR] PeerManager::store error: sqlite3_statement_backend::loadOne: database or disk is full on 98.91.174.101:11625
2026-03-04T12:08:02.007 GD5SJ [Overlay ERROR] PeerManager::store error: sqlite3_statement_backend::loadOne: database or disk is full on 44.204.146.210:11625
2026-03-04T12:08:02.008 GD5SJ [Overlay ERROR] PeerManager::store error: sqlite3_statement_backend::loadOne: database or disk is full on 44.213.67.110:11625
2026-03-04T12:08:02.009 GD5SJ [Overlay ERROR] PeerManager::store error: sqlite3_statement_backend::loadOne: database or disk is full on 141.98.219.89:11625
2026-03-04T12:08:02.010 GD5SJ [Overlay ERROR] PeerManager::store error: sqlite3_statement_backend::loadOne: database or disk is full on 44.213.67.110:11625
2026-03-04T12:08:02.012 GD5SJ [Overlay ERROR] PeerManager::store error: sqlite3_statement_backend::loadOne: database or disk is full on 18.220.162.149:11725
2026-03-04T12:08:02.013 GD5SJ [Overlay ERROR] PeerManager::store error: sqlite3_statement_backend::loadOne: database or disk is full on 18.201.241.124:30020
2026-03-04T12:08:02.015 GD5SJ [Overlay ERROR] PeerManager::store error: sqlite3_statement_backend::loadOne: database or disk is full on 34.229.162.244:30020
2026-03-04T12:08:02.016 GD5SJ [Overlay ERROR] PeerManager::store error: sqlite3_statement_backend::loadOne: database or disk is full on 3.249.87.23:30020
2026-03-04T12:08:02.017 GD5SJ [Overlay ERROR] PeerManager::store error: sqlite3_statement_backend::loadOne: database or disk is full on 200.129.247.110:11825
2026-03-04T12:08:02.018 GD5SJ [Overlay ERROR] PeerManager::store error: sqlite3_statement_backend::loadOne: database or disk is full on 24.252.206.200:11625
2026-03-04T12:08:02.019 GD5SJ [Overlay ERROR] PeerManager::store error: sqlite3_statement_backend::loadOne: database or disk is full on 216.169.132.69:11625
2026-03-04T12:08:02.020 GD5SJ [Overlay ERROR] PeerManager::store error: sqlite3_statement_backend::loadOne: database or disk is full on 174.138.52.29:11625
2026-03-04T12:08:02.021 GD5SJ [Overlay ERROR] PeerManager::store error: sqlite3_statement_backend::loadOne: database or disk is full on 147.92.159.184:11725
2026-03-04T12:08:02.022 GD5SJ [Overlay ERROR] PeerManager::store error: sqlite3_statement_backend::loadOne: database or disk is full on 147.92.216.66:11825
2026-03-04T12:08:02.023 GD5SJ [Overlay ERROR] PeerManager::store error: sqlite3_statement_backend::loadOne: database or disk is full on 173.244.202.69:11725
2026-03-04T12:08:02.023 GD5SJ [Overlay ERROR] PeerManager::store error: sqlite3_statement_backend::loadOne: database or disk is full on 184.72.81.138:30020
2026-03-04T12:08:02.024 GD5SJ [Overlay ERROR] PeerManager::store error: sqlite3_statement_backend::loadOne: database or disk is full on 35.175.229.79:30400
2026-03-04T12:08:02.024 GD5SJ [Overlay ERROR] PeerManager::store error: sqlite3_statement_backend::loadOne: database or disk is full on 172.18.0.1:11825
2026-03-04T12:08:02.025 GD5SJ [Overlay ERROR] PeerManager::store error: sqlite3_statement_backend::loadOne: database or disk is full on 54.236.21.197:30020
2026-03-04T12:08:02.428 GD5SJ [Overlay ERROR] PeerManager::store error: sqlite3_statement_backend::loadOne: database or disk is full on 44.213.67.110:11625
2026-03-04T12:08:02.429 GD5SJ [Overlay INFO] Authenticated to 44.213.67.110:11625
2026-03-04T12:08:02.469 GD5SJ [Overlay ERROR] PeerManager::store error: sqlite3_statement_backend::loadOne: database or disk is full on 141.98.219.89:11625
2026-03-04T12:08:02.470 GD5SJ [Overlay INFO] Authenticated to 141.98.219.89:11625
2026-03-04T12:08:02.472 GD5SJ [Overlay ERROR] PeerManager::store error: sqlite3_statement_backend::loadOne: database or disk is full on 18.220.162.149:11725
2026-03-04T12:08:02.472 GD5SJ [Overlay INFO] Authenticated to 18.220.162.149:11725
2026-03-04T12:08:02.473 GD5SJ [Overlay ERROR] PeerManager::store error: sqlite3_statement_backend::loadOne: database or disk is full on 34.245.167.15:30020
2026-03-04T12:08:02.474 GD5SJ [Overlay ERROR] PeerManager::store error: sqlite3_statement_backend::loadOne: database or disk is full on 13.221.18.144:30020
2026-03-04T12:08:02.711 GD5SJ [SCP FATAL] Exception: Cannot commit transaction. database or disk is full
2026-03-04T12:08:02.712 GD5SJ [SCP FATAL] SCP context (GD5SJ): 
2026-03-04T12:08:02.712 GD5SJ [SCP FATAL] {
   "ballotProtocol" : {
      "ballot" : "(4294967295,[ SIGNED@sdf_testnet_1 txH: 61566c, ct: 1772626023, upgrades: [ ] ])",
      "heard" : false,
      "phase" : "EXTERNALIZE",
      "state" : "i: 1325249 | EXTERNALIZE | b: (4294967295,[ SIGNED@sdf_testnet_1 txH: 61566c, ct: 1772626023, upgrades: [ ] ]) | p: (4294967295,[ SIGNED@sdf_testnet_1 txH: 61566c, ct: 1772626023, upgrades: [ ] ]) | p': (<null_ballot>) | h: (4294967295,[ SIGNED@sdf_testnet_1 txH: 61566c, ct: 1772626023, upgrades: [ ] ]) | c: (1,[ SIGNED@sdf_testnet_1 txH: 61566c, ct: 1772626023, upgrades: [ ] ]) | M: 3"
   },
   "nomination" : {
      "roundnumber" : 0,
      "started" : false
   },
   "quorum_sets" : {
      "59d361" : {
         "t" : 2,
         "v" : [ "sdf_testnet_2", "sdf_testnet_3", "sdf_testnet_1" ]
      }
   },
   "statements" : [
      [
         1772626082,
         "{ENV@sdf_testnet_1 |  i: 1325249 | EXTERNALIZE | c: (1,[ SIGNED@sdf_testnet_1 txH: 61566c, ct: 1772626023, upgrades: [ ] ]) | h.n: 1 | (lastD): 59d361 }",
         false
      ],
      [
         1772626082,
         "{ENV@sdf_testnet_3 |  i: 1325249 | EXTERNALIZE | c: (1,[ SIGNED@sdf_testnet_1 txH: 61566c, ct: 1772626023, upgrades: [ ] ]) | h.n: 1 | (lastD): 59d361 }",
         false
      ],
      [
         1772626082,
         "{ENV@GD5SJ |  i: 1325249 | PREPARE | D: 59d361 | b: (0,[:empty:]) | p: (4294967295,[ SIGNED@sdf_testnet_1 txH: 61566c, ct: 1772626023, upgrades: [ ] ]) | p': (<null_ballot>) | c.n: 0 | h.n: 0 }",
         false
      ],
      [
         1772626082,
         "{ENV@GD5SJ |  i: 1325249 | PREPARE | D: 59d361 | b: (4294967295,[ SIGNED@sdf_testnet_1 txH: 61566c, ct: 1772626023, upgrades: [ ] ]) | p: (4294967295,[ SIGNED@sdf_testnet_1 txH: 61566c, ct: 1772626023, upgrades: [ ] ]) | p': (<null_ballot>) | c.n: 4294967295 | h.n: 4294967295 }",
         false
      ],
      [
         1772626082,
         "{ENV@GD5SJ |  i: 1325249 | CONFIRM | D: 59d361 | b: (4294967295,[ SIGNED@sdf_testnet_1 txH: 61566c, ct: 1772626023, upgrades: [ ] ]) | p.n: 4294967295 | c.n: 1 | h.n: 4294967295 }",
         false
      ],
      [
         1772626082,
         "{ENV@GD5SJ |  i: 1325249 | EXTERNALIZE | c: (1,[ SIGNED@sdf_testnet_1 txH: 61566c, ct: 1772626023, upgrades: [ ] ]) | h.n: 4294967295 | (lastD): 59d361 }",
         false
      ]
   ],
   "validated" : false
}

2026-03-04T12:08:02.712 GD5SJ [SCP FATAL] Exception processing SCP messages at 1325249, envelope: {ENV@GD5SJ |  i: 1325249 | CONFIRM | D: 59d361 | b: (4294967295,[ SIGNED@sdf_testnet_1 txH: 61566c, ct: 1772626023, upgrades: [ ] ]) | p.n: 4294967295 | c.n: 1 | h.n: 4294967295 }
2026-03-04T12:08:02.712 GD5SJ [SCP FATAL] Please report this bug along with this log file if this was not expected
2026-03-04T12:08:02.713 GD5SJ [SCP FATAL] Exception: Cannot commit transaction. database or disk is full
2026-03-04T12:08:02.713 GD5SJ [SCP FATAL] SCP context (GD5SJ): 
2026-03-04T12:08:02.713 GD5SJ [SCP FATAL] {
   "ballotProtocol" : {
      "ballot" : "(4294967295,[ SIGNED@sdf_testnet_1 txH: 61566c, ct: 1772626023, upgrades: [ ] ])",
      "heard" : false,
      "phase" : "EXTERNALIZE",
      "state" : "i: 1325249 | EXTERNALIZE | b: (4294967295,[ SIGNED@sdf_testnet_1 txH: 61566c, ct: 1772626023, upgrades: [ ] ]) | p: (4294967295,[ SIGNED@sdf_testnet_1 txH: 61566c, ct: 1772626023, upgrades: [ ] ]) | p': (<null_ballot>) | h: (4294967295,[ SIGNED@sdf_testnet_1 txH: 61566c, ct: 1772626023, upgrades: [ ] ]) | c: (1,[ SIGNED@sdf_testnet_1 txH: 61566c, ct: 1772626023, upgrades: [ ] ]) | M: 3"
   },
   "nomination" : {
      "roundnumber" : 0,
      "started" : false
   },
   "quorum_sets" : {
      "59d361" : {
         "t" : 2,
         "v" : [ "sdf_testnet_2", "sdf_testnet_3", "sdf_testnet_1" ]
      }
   },
   "statements" : [
      [
         1772626082,
         "{ENV@sdf_testnet_1 |  i: 1325249 | EXTERNALIZE | c: (1,[ SIGNED@sdf_testnet_1 txH: 61566c, ct: 1772626023, upgrades: [ ] ]) | h.n: 1 | (lastD): 59d361 }",
         false
      ],
      [
         1772626082,
         "{ENV@sdf_testnet_3 |  i: 1325249 | EXTERNALIZE | c: (1,[ SIGNED@sdf_testnet_1 txH: 61566c, ct: 1772626023, upgrades: [ ] ]) | h.n: 1 | (lastD): 59d361 }",
         false
      ],
      [
         1772626082,
         "{ENV@GD5SJ |  i: 1325249 | PREPARE | D: 59d361 | b: (0,[:empty:]) | p: (4294967295,[ SIGNED@sdf_testnet_1 txH: 61566c, ct: 1772626023, upgrades: [ ] ]) | p': (<null_ballot>) | c.n: 0 | h.n: 0 }",
         false
      ],
      [
         1772626082,
         "{ENV@GD5SJ |  i: 1325249 | PREPARE | D: 59d361 | b: (4294967295,[ SIGNED@sdf_testnet_1 txH: 61566c, ct: 1772626023, upgrades: [ ] ]) | p: (4294967295,[ SIGNED@sdf_testnet_1 txH: 61566c, ct: 1772626023, upgrades: [ ] ]) | p': (<null_ballot>) | c.n: 4294967295 | h.n: 4294967295 }",
         false
      ],
      [
         1772626082,
         "{ENV@GD5SJ |  i: 1325249 | CONFIRM | D: 59d361 | b: (4294967295,[ SIGNED@sdf_testnet_1 txH: 61566c, ct: 1772626023, upgrades: [ ] ]) | p.n: 4294967295 | c.n: 1 | h.n: 4294967295 }",
         false
      ],
      [
         1772626082,
         "{ENV@GD5SJ |  i: 1325249 | EXTERNALIZE | c: (1,[ SIGNED@sdf_testnet_1 txH: 61566c, ct: 1772626023, upgrades: [ ] ]) | h.n: 4294967295 | (lastD): 59d361 }",
         false
      ]
   ],
   "validated" : false
}

2026-03-04T12:08:02.713 GD5SJ [SCP FATAL] Exception processing SCP messages at 1325249, envelope: {ENV@GD5SJ |  i: 1325249 | PREPARE | D: 59d361 | b: (4294967295,[ SIGNED@sdf_testnet_1 txH: 61566c, ct: 1772626023, upgrades: [ ] ]) | p: (4294967295,[ SIGNED@sdf_testnet_1 txH: 61566c, ct: 1772626023, upgrades: [ ] ]) | p': (<null_ballot>) | c.n: 4294967295 | h.n: 4294967295 }
2026-03-04T12:08:02.713 GD5SJ [SCP FATAL] Please report this bug along with this log file if this was not expected
2026-03-04T12:08:02.713 GD5SJ [SCP FATAL] Exception: Cannot commit transaction. database or disk is full
2026-03-04T12:08:02.713 GD5SJ [SCP FATAL] SCP context (GD5SJ): 
2026-03-04T12:08:02.714 GD5SJ [SCP FATAL] {
   "ballotProtocol" : {
      "ballot" : "(4294967295,[ SIGNED@sdf_testnet_1 txH: 61566c, ct: 1772626023, upgrades: [ ] ])",
      "heard" : false,
      "phase" : "EXTERNALIZE",
      "state" : "i: 1325249 | EXTERNALIZE | b: (4294967295,[ SIGNED@sdf_testnet_1 txH: 61566c, ct: 1772626023, upgrades: [ ] ]) | p: (4294967295,[ SIGNED@sdf_testnet_1 txH: 61566c, ct: 1772626023, upgrades: [ ] ]) | p': (<null_ballot>) | h: (4294967295,[ SIGNED@sdf_testnet_1 txH: 61566c, ct: 1772626023, upgrades: [ ] ]) | c: (1,[ SIGNED@sdf_testnet_1 txH: 61566c, ct: 1772626023, upgrades: [ ] ]) | M: 3"
   },
   "nomination" : {
      "roundnumber" : 0,
      "started" : false
   },
   "quorum_sets" : {
      "59d361" : {
         "t" : 2,
         "v" : [ "sdf_testnet_2", "sdf_testnet_3", "sdf_testnet_1" ]
      }
   },
   "statements" : [
      [
         1772626082,
         "{ENV@sdf_testnet_1 |  i: 1325249 | EXTERNALIZE | c: (1,[ SIGNED@sdf_testnet_1 txH: 61566c, ct: 1772626023, upgrades: [ ] ]) | h.n: 1 | (lastD): 59d361 }",
         false
      ],
      [
         1772626082,
         "{ENV@sdf_testnet_3 |  i: 1325249 | EXTERNALIZE | c: (1,[ SIGNED@sdf_testnet_1 txH: 61566c, ct: 1772626023, upgrades: [ ] ]) | h.n: 1 | (lastD): 59d361 }",
         false
      ],
      [
         1772626082,
         "{ENV@GD5SJ |  i: 1325249 | PREPARE | D: 59d361 | b: (0,[:empty:]) | p: (4294967295,[ SIGNED@sdf_testnet_1 txH: 61566c, ct: 1772626023, upgrades: [ ] ]) | p': (<null_ballot>) | c.n: 0 | h.n: 0 }",
         false
      ],
      [
         1772626082,
         "{ENV@GD5SJ |  i: 1325249 | PREPARE | D: 59d361 | b: (4294967295,[ SIGNED@sdf_testnet_1 txH: 61566c, ct: 1772626023, upgrades: [ ] ]) | p: (4294967295,[ SIGNED@sdf_testnet_1 txH: 61566c, ct: 1772626023, upgrades: [ ] ]) | p': (<null_ballot>) | c.n: 4294967295 | h.n: 4294967295 }",
         false
      ],
      [
         1772626082,
         "{ENV@GD5SJ |  i: 1325249 | CONFIRM | D: 59d361 | b: (4294967295,[ SIGNED@sdf_testnet_1 txH: 61566c, ct: 1772626023, upgrades: [ ] ]) | p.n: 4294967295 | c.n: 1 | h.n: 4294967295 }",
         false
      ],
      [
         1772626082,
         "{ENV@GD5SJ |  i: 1325249 | EXTERNALIZE | c: (1,[ SIGNED@sdf_testnet_1 txH: 61566c, ct: 1772626023, upgrades: [ ] ]) | h.n: 4294967295 | (lastD): 59d361 }",
         false
      ]
   ],
   "validated" : false
}

2026-03-04T12:08:02.714 GD5SJ [SCP FATAL] Exception processing SCP messages at 1325249, envelope: {ENV@GD5SJ |  i: 1325249 | PREPARE | D: 59d361 | b: (0,[:empty:]) | p: (4294967295,[ SIGNED@sdf_testnet_1 txH: 61566c, ct: 1772626023, upgrades: [ ] ]) | p': (<null_ballot>) | c.n: 0 | h.n: 0 }
2026-03-04T12:08:02.714 GD5SJ [SCP FATAL] Please report this bug along with this log file if this was not expected
2026-03-04T12:08:02.714 GD5SJ [SCP FATAL] Exception: Cannot commit transaction. database or disk is full
2026-03-04T12:08:02.714 GD5SJ [SCP FATAL] SCP context (GD5SJ): 
2026-03-04T12:08:02.714 GD5SJ [SCP FATAL] {
   "ballotProtocol" : {
      "ballot" : "(4294967295,[ SIGNED@sdf_testnet_1 txH: 61566c, ct: 1772626023, upgrades: [ ] ])",
      "heard" : false,
      "phase" : "EXTERNALIZE",
      "state" : "i: 1325249 | EXTERNALIZE | b: (4294967295,[ SIGNED@sdf_testnet_1 txH: 61566c, ct: 1772626023, upgrades: [ ] ]) | p: (4294967295,[ SIGNED@sdf_testnet_1 txH: 61566c, ct: 1772626023, upgrades: [ ] ]) | p': (<null_ballot>) | h: (4294967295,[ SIGNED@sdf_testnet_1 txH: 61566c, ct: 1772626023, upgrades: [ ] ]) | c: (1,[ SIGNED@sdf_testnet_1 txH: 61566c, ct: 1772626023, upgrades: [ ] ]) | M: 3"
   },
   "nomination" : {
      "roundnumber" : 0,
      "started" : false
   },
   "quorum_sets" : {
      "59d361" : {
         "t" : 2,
         "v" : [ "sdf_testnet_2", "sdf_testnet_3", "sdf_testnet_1" ]
      }
   },
   "statements" : [
      [
         1772626082,
         "{ENV@sdf_testnet_1 |  i: 1325249 | EXTERNALIZE | c: (1,[ SIGNED@sdf_testnet_1 txH: 61566c, ct: 1772626023, upgrades: [ ] ]) | h.n: 1 | (lastD): 59d361 }",
         false
      ],
      [
         1772626082,
         "{ENV@sdf_testnet_3 |  i: 1325249 | EXTERNALIZE | c: (1,[ SIGNED@sdf_testnet_1 txH: 61566c, ct: 1772626023, upgrades: [ ] ]) | h.n: 1 | (lastD): 59d361 }",
         false
      ],
      [
         1772626082,
         "{ENV@GD5SJ |  i: 1325249 | PREPARE | D: 59d361 | b: (0,[:empty:]) | p: (4294967295,[ SIGNED@sdf_testnet_1 txH: 61566c, ct: 1772626023, upgrades: [ ] ]) | p': (<null_ballot>) | c.n: 0 | h.n: 0 }",
         false
      ],
      [
         1772626082,
         "{ENV@GD5SJ |  i: 1325249 | PREPARE | D: 59d361 | b: (4294967295,[ SIGNED@sdf_testnet_1 txH: 61566c, ct: 1772626023, upgrades: [ ] ]) | p: (4294967295,[ SIGNED@sdf_testnet_1 txH: 61566c, ct: 1772626023, upgrades: [ ] ]) | p': (<null_ballot>) | c.n: 4294967295 | h.n: 4294967295 }",
         false
      ],
      [
         1772626082,
         "{ENV@GD5SJ |  i: 1325249 | CONFIRM | D: 59d361 | b: (4294967295,[ SIGNED@sdf_testnet_1 txH: 61566c, ct: 1772626023, upgrades: [ ] ]) | p.n: 4294967295 | c.n: 1 | h.n: 4294967295 }",
         false
      ],
      [
         1772626082,
         "{ENV@GD5SJ |  i: 1325249 | EXTERNALIZE | c: (1,[ SIGNED@sdf_testnet_1 txH: 61566c, ct: 1772626023, upgrades: [ ] ]) | h.n: 4294967295 | (lastD): 59d361 }",
         false
      ]
   ],
   "validated" : false
}

2026-03-04T12:08:02.714 GD5SJ [SCP FATAL] Exception processing SCP messages at 1325249, envelope: {ENV@sdf_testnet_3 |  i: 1325249 | EXTERNALIZE | c: (1,[ SIGNED@sdf_testnet_1 txH: 61566c, ct: 1772626023, upgrades: [ ] ]) | h.n: 1 | (lastD): 59d361 }
2026-03-04T12:08:02.714 GD5SJ [SCP FATAL] Please report this bug along with this log file if this was not expected
