2026-03-03T15:08:53.058 GBABT [default INFO] Starting stellar-core v25.1.1
2026-03-03T15:08:53.059 GBABT [Database INFO] Connecting to: sqlite3:///opt/stellar/core/stellar.db
2026-03-03T15:08:53.066 GBABT [SCP INFO] LocalNode::LocalNode@GBABT qSet: 59d361
2026-03-03T15:08:53.067 GBABT [Database INFO] DB schema is in current version
2026-03-03T15:08:53.067 GBABT [default INFO] Listening on 0.0.0.0:11626 for HTTP requests
2026-03-03T15:08:53.067 GBABT [Bucket INFO] BucketListDB enabled: pageSizeExponent: 14 indexCutOff: 20MB, persist indexes: true
2026-03-03T15:08:53.067 GBABT [default INFO] Connection effective settings:
2026-03-03T15:08:53.067 GBABT [default INFO] TARGET_PEER_CONNECTIONS: 8
2026-03-03T15:08:53.067 GBABT [default INFO] MAX_ADDITIONAL_PEER_CONNECTIONS: 64
2026-03-03T15:08:53.067 GBABT [default INFO] MAX_PENDING_CONNECTIONS: 500
2026-03-03T15:08:53.067 GBABT [default INFO] MAX_OUTBOUND_PENDING_CONNECTIONS: 56
2026-03-03T15:08:53.067 GBABT [default INFO] MAX_INBOUND_PENDING_CONNECTIONS: 444
2026-03-03T15:08:53.067 GBABT [default INFO] BACKGROUND_OVERLAY_PROCESSING=true
2026-03-03T15:08:53.067 GBABT [default INFO] PARALLEL_LEDGER_APPLY=true
2026-03-03T15:08:53.067 GBABT [History INFO] Archive 'sdf_testnet_1' has 'get' command only, will not be written
2026-03-03T15:08:53.067 GBABT [History INFO] Archive 'sdf_testnet_2' has 'get' command only, will not be written
2026-03-03T15:08:53.067 GBABT [History INFO] Archive 'sdf_testnet_3' has 'get' command only, will not be written
2026-03-03T15:08:53.067 GBABT [History WARNING] No writable archives configured, history will not be written.
2026-03-03T15:08:53.067 GBABT [Ledger INFO] Starting up application
2026-03-03T15:08:53.067 GBABT [Ledger INFO] Last closed ledger (LCL) hash is bb5348e263dc812d4fc2ada832acadf77b38248092caeae806251a9d7fba4cbe
2026-03-03T15:08:53.067 GBABT [Ledger INFO] Loaded LCL header from database: [seq=1310157, hash=bb5348]
2026-03-03T15:08:53.067 GBABT [default INFO] Establishing 10-entry connection pool to: sqlite3:///opt/stellar/core/stellar.db
2026-03-03T15:08:53.580 GBABT [Ledger INFO] Assumed bucket-state for LCL: [seq=1310157, hash=bb5348]
2026-03-03T15:08:53.580 GBABT [default INFO] Launching 1 loading and 5 compiling background threads
2026-03-03T15:08:53.821 GBABT [default INFO] Compiled 1684 contracts (45055210 bytes of Wasm) in 240ms real time, 1166ms CPU time
2026-03-03T15:08:56.247 GBABT [Overlay INFO] Binding to endpoint 0.0.0.0:11625
2026-03-03T15:08:56.253 GBABT [History INFO] Downloading history archive state: .well-known/stellar-history.json
2026-03-03T15:08:56.625 GBABT [Process WARNING] process 2874 exited 23: curl -sf http://history.stellar.org/prd/core-testnet/core_testnet_001/.well-known/stellar-history.json -o buckets/tmp/history-1cd9ba185df4f954/527d6218cf32a19a-stellar-history.json
2026-03-03T15:08:56.625 GBABT [History WARNING] Could not download file: archive sdf_testnet_1 maybe missing file .well-known/stellar-history.json
2026-03-03T15:08:56.626 GBABT [History ERROR] Could not download .well-known/stellar-history.json file: corrupt archive sdf_testnet_1
2026-03-03T15:08:56.628 GBABT [History ERROR] Failed to obtain archive information: sdf_testnet_1
2026-03-03T15:08:58.482 GBABT [Overlay ERROR] PeerManager::store error: sqlite3_statement_backend::loadOne: database or disk is full on 98.91.174.101:11625
2026-03-03T15:08:58.482 GBABT [Overlay ERROR] PeerManager::store error: sqlite3_statement_backend::loadOne: database or disk is full on 44.204.146.210:11625
2026-03-03T15:08:58.483 GBABT [Overlay ERROR] PeerManager::store error: sqlite3_statement_backend::loadOne: database or disk is full on 44.213.67.110:11625
2026-03-03T15:08:58.483 GBABT [Overlay ERROR] PeerManager::store error: sqlite3_statement_backend::loadOne: database or disk is full on 141.98.219.41:11625
2026-03-03T15:08:58.484 GBABT [Overlay ERROR] PeerManager::store error: sqlite3_statement_backend::loadOne: database or disk is full on 65.21.2.102:11625
2026-03-03T15:08:58.485 GBABT [Overlay ERROR] PeerManager::store error: sqlite3_statement_backend::loadOne: database or disk is full on 3.148.60.154:11725
2026-03-03T15:08:58.485 GBABT [Overlay ERROR] PeerManager::store error: sqlite3_statement_backend::loadOne: database or disk is full on 54.90.248.176:30020
2026-03-03T15:08:58.486 GBABT [Overlay ERROR] PeerManager::store error: sqlite3_statement_backend::loadOne: database or disk is full on 172.18.0.1:11625
2026-03-03T15:08:58.487 GBABT [Overlay ERROR] PeerManager::store error: sqlite3_statement_backend::loadOne: database or disk is full on 172.18.0.1:11725
2026-03-03T15:08:58.488 GBABT [Overlay ERROR] PeerManager::store error: sqlite3_statement_backend::loadOne: database or disk is full on 3.95.1.43:30400
2026-03-03T15:08:58.489 GBABT [Overlay ERROR] PeerManager::store error: sqlite3_statement_backend::loadOne: database or disk is full on 135.181.229.215:11628
2026-03-03T15:08:58.489 GBABT [Overlay ERROR] PeerManager::store error: sqlite3_statement_backend::loadOne: database or disk is full on 91.67.122.127:11625
2026-03-03T15:08:58.490 GBABT [Overlay ERROR] PeerManager::store error: sqlite3_statement_backend::loadOne: database or disk is full on 65.109.51.179:11625
2026-03-03T15:08:58.491 GBABT [Overlay ERROR] PeerManager::store error: sqlite3_statement_backend::loadOne: database or disk is full on 200.129.247.138:11625
2026-03-03T15:08:58.491 GBABT [Overlay ERROR] PeerManager::store error: sqlite3_statement_backend::loadOne: database or disk is full on 200.129.247.110:11625
2026-03-03T15:08:58.492 GBABT [Overlay ERROR] PeerManager::store error: sqlite3_statement_backend::loadOne: database or disk is full on 13.217.88.18:8009
2026-03-03T15:08:58.493 GBABT [Overlay ERROR] PeerManager::store error: sqlite3_statement_backend::loadOne: database or disk is full on 54.163.22.184:30020
2026-03-03T15:08:58.494 GBABT [Overlay ERROR] PeerManager::store error: sqlite3_statement_backend::loadOne: database or disk is full on 18.189.252.66:11725
2026-03-03T15:08:58.494 GBABT [Overlay ERROR] PeerManager::store error: sqlite3_statement_backend::loadOne: database or disk is full on 148.113.140.57:11625
2026-03-03T15:08:58.495 GBABT [Overlay ERROR] PeerManager::store error: sqlite3_statement_backend::loadOne: database or disk is full on 3.150.21.71:11725
2026-03-03T15:08:58.495 GBABT [Overlay ERROR] PeerManager::store error: sqlite3_statement_backend::loadOne: database or disk is full on 174.138.52.29:11625
2026-03-03T15:08:58.496 GBABT [Overlay ERROR] PeerManager::store error: sqlite3_statement_backend::loadOne: database or disk is full on 34.245.167.15:30020
2026-03-03T15:08:58.497 GBABT [Overlay ERROR] PeerManager::store error: sqlite3_statement_backend::loadOne: database or disk is full on 3.255.82.225:30020
2026-03-03T15:08:58.498 GBABT [Overlay ERROR] PeerManager::store error: sqlite3_statement_backend::loadOne: database or disk is full on 200.129.247.114:11625
2026-03-03T15:08:58.499 GBABT [Overlay ERROR] PeerManager::store error: sqlite3_statement_backend::loadOne: database or disk is full on 3.134.225.19:11725
2026-03-03T15:08:58.500 GBABT [Overlay ERROR] PeerManager::store error: sqlite3_statement_backend::loadOne: database or disk is full on 200.129.247.145:11625
2026-03-03T15:08:58.502 GBABT [Overlay ERROR] PeerManager::store error: sqlite3_statement_backend::loadOne: database or disk is full on 50.16.48.217:30020
2026-03-03T15:08:58.504 GBABT [Overlay ERROR] PeerManager::store error: sqlite3_statement_backend::loadOne: database or disk is full on 3.18.193.104:11725
2026-03-03T15:08:58.506 GBABT [Overlay ERROR] PeerManager::store error: sqlite3_statement_backend::loadOne: database or disk is full on 3.238.52.233:30400
2026-03-03T15:08:58.507 GBABT [Overlay ERROR] PeerManager::store error: sqlite3_statement_backend::loadOne: database or disk is full on 198.199.88.228:11625
2026-03-03T15:08:58.921 GBABT [Overlay ERROR] PeerManager::store error: sqlite3_statement_backend::loadOne: database or disk is full on 3.148.60.154:11725
2026-03-03T15:08:58.922 GBABT [Overlay INFO] Authenticated to 3.148.60.154:11725
2026-03-03T15:08:58.923 GBABT [Overlay ERROR] PeerManager::store error: sqlite3_statement_backend::loadOne: database or disk is full on 200.129.247.139:11725
2026-03-03T15:08:58.924 GBABT [Overlay ERROR] PeerManager::store error: sqlite3_statement_backend::loadOne: database or disk is full on 77.48.24.203:11625
2026-03-03T15:08:58.925 GBABT [Overlay ERROR] PeerManager::store error: sqlite3_statement_backend::loadOne: database or disk is full on 200.129.247.139:11825
2026-03-03T15:08:58.929 GBABT [Overlay ERROR] PeerManager::store error: sqlite3_statement_backend::loadOne: database or disk is full on 141.98.219.41:11625
2026-03-03T15:08:58.929 GBABT [Overlay INFO] Authenticated to 141.98.219.41:11625
2026-03-03T15:08:59.218 GBABT [SCP FATAL] Exception: Cannot commit transaction. database or disk is full
2026-03-03T15:08:59.219 GBABT [SCP FATAL] SCP context (GBABT): 
2026-03-03T15:08:59.219 GBABT [SCP FATAL] {
   "ballotProtocol" : {
      "ballot" : "(4294967295,[ SIGNED@sdf_testnet_2 txH: 35fbbf, ct: 1772550479, upgrades: [ ] ])",
      "heard" : false,
      "phase" : "EXTERNALIZE",
      "state" : "i: 1310157 | EXTERNALIZE | b: (4294967295,[ SIGNED@sdf_testnet_2 txH: 35fbbf, ct: 1772550479, upgrades: [ ] ]) | p: (4294967295,[ SIGNED@sdf_testnet_2 txH: 35fbbf, ct: 1772550479, upgrades: [ ] ]) | p': (<null_ballot>) | h: (4294967295,[ SIGNED@sdf_testnet_2 txH: 35fbbf, ct: 1772550479, upgrades: [ ] ]) | c: (1,[ SIGNED@sdf_testnet_2 txH: 35fbbf, ct: 1772550479, upgrades: [ ] ]) | M: 3"
   },
   "nomination" : {
      "roundnumber" : 0,
      "started" : false
   },
   "quorum_sets" : {
      "59d361" : {
         "t" : 2,
         "v" : [ "sdf_testnet_2", "sdf_testnet_3", "sdf_testnet_1" ]
      }
   },
   "statements" : [
      [
         1772550539,
         "{ENV@sdf_testnet_1 |  i: 1310157 | EXTERNALIZE | c: (1,[ SIGNED@sdf_testnet_2 txH: 35fbbf, ct: 1772550479, upgrades: [ ] ]) | h.n: 1 | (lastD): 59d361 }",
         false
      ],
      [
         1772550539,
         "{ENV@sdf_testnet_3 |  i: 1310157 | EXTERNALIZE | c: (1,[ SIGNED@sdf_testnet_2 txH: 35fbbf, ct: 1772550479, upgrades: [ ] ]) | h.n: 1 | (lastD): 59d361 }",
         false
      ],
      [
         1772550539,
         "{ENV@GBABT |  i: 1310157 | PREPARE | D: 59d361 | b: (0,[:empty:]) | p: (4294967295,[ SIGNED@sdf_testnet_2 txH: 35fbbf, ct: 1772550479, upgrades: [ ] ]) | p': (<null_ballot>) | c.n: 0 | h.n: 0 }",
         false
      ],
      [
         1772550539,
         "{ENV@GBABT |  i: 1310157 | PREPARE | D: 59d361 | b: (4294967295,[ SIGNED@sdf_testnet_2 txH: 35fbbf, ct: 1772550479, upgrades: [ ] ]) | p: (4294967295,[ SIGNED@sdf_testnet_2 txH: 35fbbf, ct: 1772550479, upgrades: [ ] ]) | p': (<null_ballot>) | c.n: 4294967295 | h.n: 4294967295 }",
         false
      ],
      [
         1772550539,
         "{ENV@GBABT |  i: 1310157 | CONFIRM | D: 59d361 | b: (4294967295,[ SIGNED@sdf_testnet_2 txH: 35fbbf, ct: 1772550479, upgrades: [ ] ]) | p.n: 4294967295 | c.n: 1 | h.n: 4294967295 }",
         false
      ],
      [
         1772550539,
         "{ENV@GBABT |  i: 1310157 | EXTERNALIZE | c: (1,[ SIGNED@sdf_testnet_2 txH: 35fbbf, ct: 1772550479, upgrades: [ ] ]) | h.n: 4294967295 | (lastD): 59d361 }",
         false
      ]
   ],
   "validated" : false
}

2026-03-03T15:08:59.221 GBABT [SCP FATAL] Exception processing SCP messages at 1310157, envelope: {ENV@GBABT |  i: 1310157 | CONFIRM | D: 59d361 | b: (4294967295,[ SIGNED@sdf_testnet_2 txH: 35fbbf, ct: 1772550479, upgrades: [ ] ]) | p.n: 4294967295 | c.n: 1 | h.n: 4294967295 }
2026-03-03T15:08:59.221 GBABT [SCP FATAL] Please report this bug along with this log file if this was not expected
2026-03-03T15:08:59.221 GBABT [SCP FATAL] Exception: Cannot commit transaction. database or disk is full
2026-03-03T15:08:59.221 GBABT [SCP FATAL] SCP context (GBABT): 
2026-03-03T15:08:59.222 GBABT [SCP FATAL] {
   "ballotProtocol" : {
      "ballot" : "(4294967295,[ SIGNED@sdf_testnet_2 txH: 35fbbf, ct: 1772550479, upgrades: [ ] ])",
      "heard" : false,
      "phase" : "EXTERNALIZE",
      "state" : "i: 1310157 | EXTERNALIZE | b: (4294967295,[ SIGNED@sdf_testnet_2 txH: 35fbbf, ct: 1772550479, upgrades: [ ] ]) | p: (4294967295,[ SIGNED@sdf_testnet_2 txH: 35fbbf, ct: 1772550479, upgrades: [ ] ]) | p': (<null_ballot>) | h: (4294967295,[ SIGNED@sdf_testnet_2 txH: 35fbbf, ct: 1772550479, upgrades: [ ] ]) | c: (1,[ SIGNED@sdf_testnet_2 txH: 35fbbf, ct: 1772550479, upgrades: [ ] ]) | M: 3"
   },
   "nomination" : {
      "roundnumber" : 0,
      "started" : false
   },
   "quorum_sets" : {
      "59d361" : {
         "t" : 2,
         "v" : [ "sdf_testnet_2", "sdf_testnet_3", "sdf_testnet_1" ]
      }
   },
   "statements" : [
      [
         1772550539,
         "{ENV@sdf_testnet_1 |  i: 1310157 | EXTERNALIZE | c: (1,[ SIGNED@sdf_testnet_2 txH: 35fbbf, ct: 1772550479, upgrades: [ ] ]) | h.n: 1 | (lastD): 59d361 }",
         false
      ],
      [
         1772550539,
         "{ENV@sdf_testnet_3 |  i: 1310157 | EXTERNALIZE | c: (1,[ SIGNED@sdf_testnet_2 txH: 35fbbf, ct: 1772550479, upgrades: [ ] ]) | h.n: 1 | (lastD): 59d361 }",
         false
      ],
      [
         1772550539,
         "{ENV@GBABT |  i: 1310157 | PREPARE | D: 59d361 | b: (0,[:empty:]) | p: (4294967295,[ SIGNED@sdf_testnet_2 txH: 35fbbf, ct: 1772550479, upgrades: [ ] ]) | p': (<null_ballot>) | c.n: 0 | h.n: 0 }",
         false
      ],
      [
         1772550539,
         "{ENV@GBABT |  i: 1310157 | PREPARE | D: 59d361 | b: (4294967295,[ SIGNED@sdf_testnet_2 txH: 35fbbf, ct: 1772550479, upgrades: [ ] ]) | p: (4294967295,[ SIGNED@sdf_testnet_2 txH: 35fbbf, ct: 1772550479, upgrades: [ ] ]) | p': (<null_ballot>) | c.n: 4294967295 | h.n: 4294967295 }",
         false
      ],
      [
         1772550539,
         "{ENV@GBABT |  i: 1310157 | CONFIRM | D: 59d361 | b: (4294967295,[ SIGNED@sdf_testnet_2 txH: 35fbbf, ct: 1772550479, upgrades: [ ] ]) | p.n: 4294967295 | c.n: 1 | h.n: 4294967295 }",
         false
      ],
      [
         1772550539,
         "{ENV@GBABT |  i: 1310157 | EXTERNALIZE | c: (1,[ SIGNED@sdf_testnet_2 txH: 35fbbf, ct: 1772550479, upgrades: [ ] ]) | h.n: 4294967295 | (lastD): 59d361 }",
         false
      ]
   ],
   "validated" : false
}

2026-03-03T15:08:59.223 GBABT [SCP FATAL] Exception processing SCP messages at 1310157, envelope: {ENV@GBABT |  i: 1310157 | PREPARE | D: 59d361 | b: (4294967295,[ SIGNED@sdf_testnet_2 txH: 35fbbf, ct: 1772550479, upgrades: [ ] ]) | p: (4294967295,[ SIGNED@sdf_testnet_2 txH: 35fbbf, ct: 1772550479, upgrades: [ ] ]) | p': (<null_ballot>) | c.n: 4294967295 | h.n: 4294967295 }
2026-03-03T15:08:59.223 GBABT [SCP FATAL] Please report this bug along with this log file if this was not expected
2026-03-03T15:08:59.224 GBABT [SCP FATAL] Exception: Cannot commit transaction. database or disk is full
2026-03-03T15:08:59.224 GBABT [SCP FATAL] SCP context (GBABT): 
2026-03-03T15:08:59.225 GBABT [SCP FATAL] {
   "ballotProtocol" : {
      "ballot" : "(4294967295,[ SIGNED@sdf_testnet_2 txH: 35fbbf, ct: 1772550479, upgrades: [ ] ])",
      "heard" : false,
      "phase" : "EXTERNALIZE",
      "state" : "i: 1310157 | EXTERNALIZE | b: (4294967295,[ SIGNED@sdf_testnet_2 txH: 35fbbf, ct: 1772550479, upgrades: [ ] ]) | p: (4294967295,[ SIGNED@sdf_testnet_2 txH: 35fbbf, ct: 1772550479, upgrades: [ ] ]) | p': (<null_ballot>) | h: (4294967295,[ SIGNED@sdf_testnet_2 txH: 35fbbf, ct: 1772550479, upgrades: [ ] ]) | c: (1,[ SIGNED@sdf_testnet_2 txH: 35fbbf, ct: 1772550479, upgrades: [ ] ]) | M: 3"
   },
   "nomination" : {
      "roundnumber" : 0,
      "started" : false
   },
   "quorum_sets" : {
      "59d361" : {
         "t" : 2,
         "v" : [ "sdf_testnet_2", "sdf_testnet_3", "sdf_testnet_1" ]
      }
   },
   "statements" : [
      [
         1772550539,
         "{ENV@sdf_testnet_1 |  i: 1310157 | EXTERNALIZE | c: (1,[ SIGNED@sdf_testnet_2 txH: 35fbbf, ct: 1772550479, upgrades: [ ] ]) | h.n: 1 | (lastD): 59d361 }",
         false
      ],
      [
         1772550539,
         "{ENV@sdf_testnet_3 |  i: 1310157 | EXTERNALIZE | c: (1,[ SIGNED@sdf_testnet_2 txH: 35fbbf, ct: 1772550479, upgrades: [ ] ]) | h.n: 1 | (lastD): 59d361 }",
         false
      ],
      [
         1772550539,
         "{ENV@GBABT |  i: 1310157 | PREPARE | D: 59d361 | b: (0,[:empty:]) | p: (4294967295,[ SIGNED@sdf_testnet_2 txH: 35fbbf, ct: 1772550479, upgrades: [ ] ]) | p': (<null_ballot>) | c.n: 0 | h.n: 0 }",
         false
      ],
      [
         1772550539,
         "{ENV@GBABT |  i: 1310157 | PREPARE | D: 59d361 | b: (4294967295,[ SIGNED@sdf_testnet_2 txH: 35fbbf, ct: 1772550479, upgrades: [ ] ]) | p: (4294967295,[ SIGNED@sdf_testnet_2 txH: 35fbbf, ct: 1772550479, upgrades: [ ] ]) | p': (<null_ballot>) | c.n: 4294967295 | h.n: 4294967295 }",
         false
      ],
      [
         1772550539,
         "{ENV@GBABT |  i: 1310157 | CONFIRM | D: 59d361 | b: (4294967295,[ SIGNED@sdf_testnet_2 txH: 35fbbf, ct: 1772550479, upgrades: [ ] ]) | p.n: 4294967295 | c.n: 1 | h.n: 4294967295 }",
         false
      ],
      [
         1772550539,
         "{ENV@GBABT |  i: 1310157 | EXTERNALIZE | c: (1,[ SIGNED@sdf_testnet_2 txH: 35fbbf, ct: 1772550479, upgrades: [ ] ]) | h.n: 4294967295 | (lastD): 59d361 }",
         false
      ]
   ],
   "validated" : false
}

2026-03-03T15:08:59.225 GBABT [SCP FATAL] Exception processing SCP messages at 1310157, envelope: {ENV@GBABT |  i: 1310157 | PREPARE | D: 59d361 | b: (0,[:empty:]) | p: (4294967295,[ SIGNED@sdf_testnet_2 txH: 35fbbf, ct: 1772550479, upgrades: [ ] ]) | p': (<null_ballot>) | c.n: 0 | h.n: 0 }
2026-03-03T15:08:59.226 GBABT [SCP FATAL] Please report this bug along with this log file if this was not expected
2026-03-03T15:08:59.226 GBABT [SCP FATAL] Exception: Cannot commit transaction. database or disk is full
2026-03-03T15:08:59.226 GBABT [SCP FATAL] SCP context (GBABT): 
2026-03-03T15:08:59.226 GBABT [SCP FATAL] {
   "ballotProtocol" : {
      "ballot" : "(4294967295,[ SIGNED@sdf_testnet_2 txH: 35fbbf, ct: 1772550479, upgrades: [ ] ])",
      "heard" : false,
      "phase" : "EXTERNALIZE",
      "state" : "i: 1310157 | EXTERNALIZE | b: (4294967295,[ SIGNED@sdf_testnet_2 txH: 35fbbf, ct: 1772550479, upgrades: [ ] ]) | p: (4294967295,[ SIGNED@sdf_testnet_2 txH: 35fbbf, ct: 1772550479, upgrades: [ ] ]) | p': (<null_ballot>) | h: (4294967295,[ SIGNED@sdf_testnet_2 txH: 35fbbf, ct: 1772550479, upgrades: [ ] ]) | c: (1,[ SIGNED@sdf_testnet_2 txH: 35fbbf, ct: 1772550479, upgrades: [ ] ]) | M: 3"
   },
   "nomination" : {
      "roundnumber" : 0,
      "started" : false
   },
   "quorum_sets" : {
      "59d361" : {
         "t" : 2,
         "v" : [ "sdf_testnet_2", "sdf_testnet_3", "sdf_testnet_1" ]
      }
   },
   "statements" : [
      [
         1772550539,
         "{ENV@sdf_testnet_1 |  i: 1310157 | EXTERNALIZE | c: (1,[ SIGNED@sdf_testnet_2 txH: 35fbbf, ct: 1772550479, upgrades: [ ] ]) | h.n: 1 | (lastD): 59d361 }",
         false
      ],
      [
         1772550539,
         "{ENV@sdf_testnet_3 |  i: 1310157 | EXTERNALIZE | c: (1,[ SIGNED@sdf_testnet_2 txH: 35fbbf, ct: 1772550479, upgrades: [ ] ]) | h.n: 1 | (lastD): 59d361 }",
         false
      ],
      [
         1772550539,
         "{ENV@GBABT |  i: 1310157 | PREPARE | D: 59d361 | b: (0,[:empty:]) | p: (4294967295,[ SIGNED@sdf_testnet_2 txH: 35fbbf, ct: 1772550479, upgrades: [ ] ]) | p': (<null_ballot>) | c.n: 0 | h.n: 0 }",
         false
      ],
      [
         1772550539,
         "{ENV@GBABT |  i: 1310157 | PREPARE | D: 59d361 | b: (4294967295,[ SIGNED@sdf_testnet_2 txH: 35fbbf, ct: 1772550479, upgrades: [ ] ]) | p: (4294967295,[ SIGNED@sdf_testnet_2 txH: 35fbbf, ct: 1772550479, upgrades: [ ] ]) | p': (<null_ballot>) | c.n: 4294967295 | h.n: 4294967295 }",
         false
      ],
      [
         1772550539,
         "{ENV@GBABT |  i: 1310157 | CONFIRM | D: 59d361 | b: (4294967295,[ SIGNED@sdf_testnet_2 txH: 35fbbf, ct: 1772550479, upgrades: [ ] ]) | p.n: 4294967295 | c.n: 1 | h.n: 4294967295 }",
         false
      ],
      [
         1772550539,
         "{ENV@GBABT |  i: 1310157 | EXTERNALIZE | c: (1,[ SIGNED@sdf_testnet_2 txH: 35fbbf, ct: 1772550479, upgrades: [ ] ]) | h.n: 4294967295 | (lastD): 59d361 }",
         false
      ]
   ],
   "validated" : false
}

2026-03-03T15:08:59.226 GBABT [SCP FATAL] Exception processing SCP messages at 1310157, envelope: {ENV@sdf_testnet_3 |  i: 1310157 | EXTERNALIZE | c: (1,[ SIGNED@sdf_testnet_2 txH: 35fbbf, ct: 1772550479, upgrades: [ ] ]) | h.n: 1 | (lastD): 59d361 }
2026-03-03T15:08:59.226 GBABT [SCP FATAL] Please report this bug along with this log file if this was not expected
