2026-03-03T15:09:57.445 GAE7D [default INFO] Starting stellar-core v25.1.1
2026-03-03T15:09:57.446 GAE7D [Database INFO] Connecting to: sqlite3:///opt/stellar/core/stellar.db
2026-03-03T15:09:57.453 GAE7D [SCP INFO] LocalNode::LocalNode@GAE7D qSet: 59d361
2026-03-03T15:09:57.454 GAE7D [Database INFO] DB schema is in current version
2026-03-03T15:09:57.454 GAE7D [default INFO] Listening on 0.0.0.0:11626 for HTTP requests
2026-03-03T15:09:57.454 GAE7D [Bucket INFO] BucketListDB enabled: pageSizeExponent: 14 indexCutOff: 20MB, persist indexes: true
2026-03-03T15:09:57.454 GAE7D [default INFO] Connection effective settings:
2026-03-03T15:09:57.454 GAE7D [default INFO] TARGET_PEER_CONNECTIONS: 8
2026-03-03T15:09:57.454 GAE7D [default INFO] MAX_ADDITIONAL_PEER_CONNECTIONS: 64
2026-03-03T15:09:57.454 GAE7D [default INFO] MAX_PENDING_CONNECTIONS: 500
2026-03-03T15:09:57.454 GAE7D [default INFO] MAX_OUTBOUND_PENDING_CONNECTIONS: 56
2026-03-03T15:09:57.454 GAE7D [default INFO] MAX_INBOUND_PENDING_CONNECTIONS: 444
2026-03-03T15:09:57.454 GAE7D [default INFO] BACKGROUND_OVERLAY_PROCESSING=true
2026-03-03T15:09:57.454 GAE7D [default INFO] PARALLEL_LEDGER_APPLY=true
2026-03-03T15:09:57.454 GAE7D [History INFO] Archive 'sdf_testnet_1' has 'get' command only, will not be written
2026-03-03T15:09:57.454 GAE7D [History INFO] Archive 'sdf_testnet_2' has 'get' command only, will not be written
2026-03-03T15:09:57.454 GAE7D [History INFO] Archive 'sdf_testnet_3' has 'get' command only, will not be written
2026-03-03T15:09:57.454 GAE7D [History WARNING] No writable archives configured, history will not be written.
2026-03-03T15:09:57.454 GAE7D [Ledger INFO] Starting up application
2026-03-03T15:09:57.454 GAE7D [Ledger INFO] Last closed ledger (LCL) hash is bb5348e263dc812d4fc2ada832acadf77b38248092caeae806251a9d7fba4cbe
2026-03-03T15:09:57.455 GAE7D [Ledger INFO] Loaded LCL header from database: [seq=1310157, hash=bb5348]
2026-03-03T15:09:57.455 GAE7D [default INFO] Establishing 10-entry connection pool to: sqlite3:///opt/stellar/core/stellar.db
2026-03-03T15:09:57.884 GAE7D [Ledger INFO] Assumed bucket-state for LCL: [seq=1310157, hash=bb5348]
2026-03-03T15:09:57.885 GAE7D [default INFO] Launching 1 loading and 5 compiling background threads
2026-03-03T15:09:58.117 GAE7D [default INFO] Compiled 1684 contracts (45055210 bytes of Wasm) in 232ms real time, 1118ms CPU time
2026-03-03T15:10:00.101 GAE7D [Overlay INFO] Binding to endpoint 0.0.0.0:11625
2026-03-03T15:10:00.110 GAE7D [History INFO] Downloading history archive state: .well-known/stellar-history.json
2026-03-03T15:10:00.499 GAE7D [Process WARNING] process 3621 exited 23: curl -sf http://history.stellar.org/prd/core-testnet/core_testnet_001/.well-known/stellar-history.json -o buckets/tmp/history-5c8a5014782ab5a2/db3ea484d41115f1-stellar-history.json
2026-03-03T15:10:00.499 GAE7D [History WARNING] Could not download file: archive sdf_testnet_1 maybe missing file .well-known/stellar-history.json
2026-03-03T15:10:00.499 GAE7D [History ERROR] Could not download .well-known/stellar-history.json file: corrupt archive sdf_testnet_1
2026-03-03T15:10:00.503 GAE7D [History ERROR] Failed to obtain archive information: sdf_testnet_1
2026-03-03T15:10:02.420 GAE7D [Overlay ERROR] PeerManager::store error: sqlite3_statement_backend::loadOne: database or disk is full on 98.91.174.101:11625
2026-03-03T15:10:02.421 GAE7D [Overlay ERROR] PeerManager::store error: sqlite3_statement_backend::loadOne: database or disk is full on 44.204.146.210:11625
2026-03-03T15:10:02.421 GAE7D [Overlay ERROR] PeerManager::store error: sqlite3_statement_backend::loadOne: database or disk is full on 44.213.67.110:11625
2026-03-03T15:10:02.422 GAE7D [Overlay ERROR] PeerManager::store error: sqlite3_statement_backend::loadOne: database or disk is full on 98.91.174.101:11625
2026-03-03T15:10:02.424 GAE7D [Overlay ERROR] PeerManager::store error: sqlite3_statement_backend::loadOne: database or disk is full on 3.150.251.62:11725
2026-03-03T15:10:02.426 GAE7D [Overlay ERROR] PeerManager::store error: sqlite3_statement_backend::loadOne: database or disk is full on 141.98.219.41:11625
2026-03-03T15:10:02.428 GAE7D [Overlay ERROR] PeerManager::store error: sqlite3_statement_backend::loadOne: database or disk is full on 148.113.140.57:11625
2026-03-03T15:10:02.429 GAE7D [Overlay ERROR] PeerManager::store error: sqlite3_statement_backend::loadOne: database or disk is full on 34.241.153.42:30020
2026-03-03T15:10:02.431 GAE7D [Overlay ERROR] PeerManager::store error: sqlite3_statement_backend::loadOne: database or disk is full on 52.91.130.193:30020
2026-03-03T15:10:02.432 GAE7D [Overlay ERROR] PeerManager::store error: sqlite3_statement_backend::loadOne: database or disk is full on 200.129.247.102:11625
2026-03-03T15:10:02.433 GAE7D [Overlay ERROR] PeerManager::store error: sqlite3_statement_backend::loadOne: database or disk is full on 3.95.1.43:30400
2026-03-03T15:10:02.434 GAE7D [Overlay ERROR] PeerManager::store error: sqlite3_statement_backend::loadOne: database or disk is full on 3.255.82.225:30020
2026-03-03T15:10:02.434 GAE7D [Overlay ERROR] PeerManager::store error: sqlite3_statement_backend::loadOne: database or disk is full on 198.199.88.228:11625
2026-03-03T15:10:02.435 GAE7D [Overlay ERROR] PeerManager::store error: sqlite3_statement_backend::loadOne: database or disk is full on 35.175.229.79:30400
2026-03-03T15:10:02.436 GAE7D [Overlay ERROR] PeerManager::store error: sqlite3_statement_backend::loadOne: database or disk is full on 3.150.21.71:11725
2026-03-03T15:10:02.437 GAE7D [Overlay ERROR] PeerManager::store error: sqlite3_statement_backend::loadOne: database or disk is full on 18.201.241.124:30020
2026-03-03T15:10:02.438 GAE7D [Overlay ERROR] PeerManager::store error: sqlite3_statement_backend::loadOne: database or disk is full on 200.129.247.114:11625
2026-03-03T15:10:02.438 GAE7D [Overlay ERROR] PeerManager::store error: sqlite3_statement_backend::loadOne: database or disk is full on 18.201.51.16:30020
2026-03-03T15:10:02.439 GAE7D [Overlay ERROR] PeerManager::store error: sqlite3_statement_backend::loadOne: database or disk is full on 18.212.206.26:30020
2026-03-03T15:10:02.439 GAE7D [Overlay ERROR] PeerManager::store error: sqlite3_statement_backend::loadOne: database or disk is full on 200.129.247.145:11625
2026-03-03T15:10:02.440 GAE7D [Overlay ERROR] PeerManager::store error: sqlite3_statement_backend::loadOne: database or disk is full on 18.206.213.41:30020
2026-03-03T15:10:02.441 GAE7D [Overlay ERROR] PeerManager::store error: sqlite3_statement_backend::loadOne: database or disk is full on 185.255.131.210:11625
2026-03-03T15:10:02.441 GAE7D [Overlay ERROR] PeerManager::store error: sqlite3_statement_backend::loadOne: database or disk is full on 3.18.193.104:11725
2026-03-03T15:10:02.442 GAE7D [Overlay ERROR] PeerManager::store error: sqlite3_statement_backend::loadOne: database or disk is full on 54.163.22.184:30020
2026-03-03T15:10:02.443 GAE7D [Overlay ERROR] PeerManager::store error: sqlite3_statement_backend::loadOne: database or disk is full on 172.18.0.1:11725
2026-03-03T15:10:02.444 GAE7D [Overlay ERROR] PeerManager::store error: sqlite3_statement_backend::loadOne: database or disk is full on 3.147.147.12:11725
2026-03-03T15:10:02.444 GAE7D [Overlay ERROR] PeerManager::store error: sqlite3_statement_backend::loadOne: database or disk is full on 54.90.248.176:30020
2026-03-03T15:10:02.445 GAE7D [Overlay ERROR] PeerManager::store error: sqlite3_statement_backend::loadOne: database or disk is full on 54.174.219.130:30400
2026-03-03T15:10:02.446 GAE7D [Overlay ERROR] PeerManager::store error: sqlite3_statement_backend::loadOne: database or disk is full on 3.238.52.233:30400
2026-03-03T15:10:02.447 GAE7D [Overlay ERROR] PeerManager::store error: sqlite3_statement_backend::loadOne: database or disk is full on 135.181.229.215:11628
2026-03-03T15:10:02.448 GAE7D [Overlay ERROR] PeerManager::store error: sqlite3_statement_backend::loadOne: database or disk is full on 34.245.167.15:30020
2026-03-03T15:10:02.449 GAE7D [Overlay ERROR] PeerManager::store error: sqlite3_statement_backend::loadOne: database or disk is full on 91.67.122.127:11625
2026-03-03T15:10:02.450 GAE7D [Overlay ERROR] PeerManager::store error: sqlite3_statement_backend::loadOne: database or disk is full on 64.23.179.161:11625
2026-03-03T15:10:02.450 GAE7D [Overlay ERROR] PeerManager::store error: sqlite3_statement_backend::loadOne: database or disk is full on 172.18.0.1:11625
2026-03-03T15:10:02.451 GAE7D [Overlay ERROR] PeerManager::store error: sqlite3_statement_backend::loadOne: database or disk is full on 3.238.32.131:30400
2026-03-03T15:10:02.452 GAE7D [Overlay ERROR] PeerManager::store error: sqlite3_statement_backend::loadOne: database or disk is full on 3.134.225.19:11725
2026-03-03T15:10:02.453 GAE7D [Overlay ERROR] PeerManager::store error: sqlite3_statement_backend::loadOne: database or disk is full on 18.189.252.66:11725
2026-03-03T15:10:02.454 GAE7D [Overlay ERROR] PeerManager::store error: sqlite3_statement_backend::loadOne: database or disk is full on 65.109.51.179:11625
2026-03-03T15:10:02.454 GAE7D [Overlay ERROR] PeerManager::store error: sqlite3_statement_backend::loadOne: database or disk is full on 200.129.247.110:11625
2026-03-03T15:10:02.455 GAE7D [Overlay ERROR] PeerManager::store error: sqlite3_statement_backend::loadOne: database or disk is full on 34.229.139.142:30020
2026-03-03T15:10:02.456 GAE7D [Overlay ERROR] PeerManager::store error: sqlite3_statement_backend::loadOne: database or disk is full on 200.129.247.138:11625
2026-03-03T15:10:02.457 GAE7D [Overlay ERROR] PeerManager::store error: sqlite3_statement_backend::loadOne: database or disk is full on 34.229.162.244:30020
2026-03-03T15:10:02.458 GAE7D [Overlay ERROR] PeerManager::store error: sqlite3_statement_backend::loadOne: database or disk is full on 174.138.52.29:11625
2026-03-03T15:10:02.459 GAE7D [Overlay ERROR] PeerManager::store error: sqlite3_statement_backend::loadOne: database or disk is full on 13.217.88.18:8009
2026-03-03T15:10:02.459 GAE7D [Overlay ERROR] PeerManager::store error: sqlite3_statement_backend::loadOne: database or disk is full on 50.16.48.217:30020
2026-03-03T15:10:02.875 GAE7D [Overlay ERROR] PeerManager::store error: sqlite3_statement_backend::loadOne: database or disk is full on 98.91.174.101:11625
2026-03-03T15:10:02.876 GAE7D [Overlay INFO] Authenticated to 98.91.174.101:11625
2026-03-03T15:10:02.925 GAE7D [Overlay ERROR] PeerManager::store error: sqlite3_statement_backend::loadOne: database or disk is full on 3.150.251.62:11725
2026-03-03T15:10:02.926 GAE7D [Overlay INFO] Authenticated to 3.150.251.62:11725
2026-03-03T15:10:02.927 GAE7D [Overlay ERROR] PeerManager::store error: sqlite3_statement_backend::loadOne: database or disk is full on 200.129.247.139:11725
2026-03-03T15:10:02.928 GAE7D [Overlay ERROR] PeerManager::store error: sqlite3_statement_backend::loadOne: database or disk is full on 35.184.26.179:11725
2026-03-03T15:10:02.928 GAE7D [Overlay ERROR] PeerManager::store error: sqlite3_statement_backend::loadOne: database or disk is full on 160.155.38.109:11825
2026-03-03T15:10:02.929 GAE7D [Overlay ERROR] PeerManager::store error: sqlite3_statement_backend::loadOne: database or disk is full on 77.48.24.203:11625
2026-03-03T15:10:02.929 GAE7D [Overlay ERROR] PeerManager::store error: sqlite3_statement_backend::loadOne: database or disk is full on 44.198.157.36:11625
2026-03-03T15:10:02.930 GAE7D [Overlay ERROR] PeerManager::store error: sqlite3_statement_backend::loadOne: database or disk is full on 200.129.247.139:11825
2026-03-03T15:10:02.930 GAE7D [Overlay ERROR] PeerManager::store error: sqlite3_statement_backend::loadOne: database or disk is full on 141.98.219.41:11625
2026-03-03T15:10:02.931 GAE7D [Overlay INFO] Authenticated to 141.98.219.41:11625
2026-03-03T15:10:05.161 GAE7D [SCP FATAL] Exception: Cannot commit transaction. database or disk is full
2026-03-03T15:10:05.162 GAE7D [SCP FATAL] SCP context (GAE7D): 
2026-03-03T15:10:05.163 GAE7D [SCP FATAL] {
   "ballotProtocol" : {
      "ballot" : "(4294967295,[ SIGNED@sdf_testnet_2 txH: e4eb65, ct: 1772550414, upgrades: [ ] ])",
      "heard" : false,
      "phase" : "EXTERNALIZE",
      "state" : "i: 1310144 | EXTERNALIZE | b: (4294967295,[ SIGNED@sdf_testnet_2 txH: e4eb65, ct: 1772550414, upgrades: [ ] ]) | p: (4294967295,[ SIGNED@sdf_testnet_2 txH: e4eb65, ct: 1772550414, upgrades: [ ] ]) | p': (<null_ballot>) | h: (4294967295,[ SIGNED@sdf_testnet_2 txH: e4eb65, ct: 1772550414, upgrades: [ ] ]) | c: (1,[ SIGNED@sdf_testnet_2 txH: e4eb65, ct: 1772550414, upgrades: [ ] ]) | M: 3"
   },
   "nomination" : {
      "roundnumber" : 0,
      "started" : false
   },
   "quorum_sets" : {
      "59d361" : {
         "t" : 2,
         "v" : [ "sdf_testnet_2", "sdf_testnet_3", "sdf_testnet_1" ]
      }
   },
   "statements" : [
      [
         1772550605,
         "{ENV@sdf_testnet_1 |  i: 1310144 | EXTERNALIZE | c: (1,[ SIGNED@sdf_testnet_2 txH: e4eb65, ct: 1772550414, upgrades: [ ] ]) | h.n: 1 | (lastD): 59d361 }",
         false
      ],
      [
         1772550605,
         "{ENV@sdf_testnet_3 |  i: 1310144 | EXTERNALIZE | c: (1,[ SIGNED@sdf_testnet_2 txH: e4eb65, ct: 1772550414, upgrades: [ ] ]) | h.n: 1 | (lastD): 59d361 }",
         false
      ],
      [
         1772550605,
         "{ENV@GAE7D |  i: 1310144 | PREPARE | D: 59d361 | b: (0,[:empty:]) | p: (4294967295,[ SIGNED@sdf_testnet_2 txH: e4eb65, ct: 1772550414, upgrades: [ ] ]) | p': (<null_ballot>) | c.n: 0 | h.n: 0 }",
         false
      ],
      [
         1772550605,
         "{ENV@GAE7D |  i: 1310144 | PREPARE | D: 59d361 | b: (4294967295,[ SIGNED@sdf_testnet_2 txH: e4eb65, ct: 1772550414, upgrades: [ ] ]) | p: (4294967295,[ SIGNED@sdf_testnet_2 txH: e4eb65, ct: 1772550414, upgrades: [ ] ]) | p': (<null_ballot>) | c.n: 4294967295 | h.n: 4294967295 }",
         false
      ],
      [
         1772550605,
         "{ENV@GAE7D |  i: 1310144 | CONFIRM | D: 59d361 | b: (4294967295,[ SIGNED@sdf_testnet_2 txH: e4eb65, ct: 1772550414, upgrades: [ ] ]) | p.n: 4294967295 | c.n: 1 | h.n: 4294967295 }",
         false
      ],
      [
         1772550605,
         "{ENV@GAE7D |  i: 1310144 | EXTERNALIZE | c: (1,[ SIGNED@sdf_testnet_2 txH: e4eb65, ct: 1772550414, upgrades: [ ] ]) | h.n: 4294967295 | (lastD): 59d361 }",
         false
      ]
   ],
   "validated" : false
}

2026-03-03T15:10:05.164 GAE7D [SCP FATAL] Exception processing SCP messages at 1310144, envelope: {ENV@GAE7D |  i: 1310144 | CONFIRM | D: 59d361 | b: (4294967295,[ SIGNED@sdf_testnet_2 txH: e4eb65, ct: 1772550414, upgrades: [ ] ]) | p.n: 4294967295 | c.n: 1 | h.n: 4294967295 }
2026-03-03T15:10:05.164 GAE7D [SCP FATAL] Please report this bug along with this log file if this was not expected
2026-03-03T15:10:05.165 GAE7D [SCP FATAL] Exception: Cannot commit transaction. database or disk is full
2026-03-03T15:10:05.165 GAE7D [SCP FATAL] SCP context (GAE7D): 
2026-03-03T15:10:05.166 GAE7D [SCP FATAL] {
   "ballotProtocol" : {
      "ballot" : "(4294967295,[ SIGNED@sdf_testnet_2 txH: e4eb65, ct: 1772550414, upgrades: [ ] ])",
      "heard" : false,
      "phase" : "EXTERNALIZE",
      "state" : "i: 1310144 | EXTERNALIZE | b: (4294967295,[ SIGNED@sdf_testnet_2 txH: e4eb65, ct: 1772550414, upgrades: [ ] ]) | p: (4294967295,[ SIGNED@sdf_testnet_2 txH: e4eb65, ct: 1772550414, upgrades: [ ] ]) | p': (<null_ballot>) | h: (4294967295,[ SIGNED@sdf_testnet_2 txH: e4eb65, ct: 1772550414, upgrades: [ ] ]) | c: (1,[ SIGNED@sdf_testnet_2 txH: e4eb65, ct: 1772550414, upgrades: [ ] ]) | M: 3"
   },
   "nomination" : {
      "roundnumber" : 0,
      "started" : false
   },
   "quorum_sets" : {
      "59d361" : {
         "t" : 2,
         "v" : [ "sdf_testnet_2", "sdf_testnet_3", "sdf_testnet_1" ]
      }
   },
   "statements" : [
      [
         1772550605,
         "{ENV@sdf_testnet_1 |  i: 1310144 | EXTERNALIZE | c: (1,[ SIGNED@sdf_testnet_2 txH: e4eb65, ct: 1772550414, upgrades: [ ] ]) | h.n: 1 | (lastD): 59d361 }",
         false
      ],
      [
         1772550605,
         "{ENV@sdf_testnet_3 |  i: 1310144 | EXTERNALIZE | c: (1,[ SIGNED@sdf_testnet_2 txH: e4eb65, ct: 1772550414, upgrades: [ ] ]) | h.n: 1 | (lastD): 59d361 }",
         false
      ],
      [
         1772550605,
         "{ENV@GAE7D |  i: 1310144 | PREPARE | D: 59d361 | b: (0,[:empty:]) | p: (4294967295,[ SIGNED@sdf_testnet_2 txH: e4eb65, ct: 1772550414, upgrades: [ ] ]) | p': (<null_ballot>) | c.n: 0 | h.n: 0 }",
         false
      ],
      [
         1772550605,
         "{ENV@GAE7D |  i: 1310144 | PREPARE | D: 59d361 | b: (4294967295,[ SIGNED@sdf_testnet_2 txH: e4eb65, ct: 1772550414, upgrades: [ ] ]) | p: (4294967295,[ SIGNED@sdf_testnet_2 txH: e4eb65, ct: 1772550414, upgrades: [ ] ]) | p': (<null_ballot>) | c.n: 4294967295 | h.n: 4294967295 }",
         false
      ],
      [
         1772550605,
         "{ENV@GAE7D |  i: 1310144 | CONFIRM | D: 59d361 | b: (4294967295,[ SIGNED@sdf_testnet_2 txH: e4eb65, ct: 1772550414, upgrades: [ ] ]) | p.n: 4294967295 | c.n: 1 | h.n: 4294967295 }",
         false
      ],
      [
         1772550605,
         "{ENV@GAE7D |  i: 1310144 | EXTERNALIZE | c: (1,[ SIGNED@sdf_testnet_2 txH: e4eb65, ct: 1772550414, upgrades: [ ] ]) | h.n: 4294967295 | (lastD): 59d361 }",
         false
      ]
   ],
   "validated" : false
}

2026-03-03T15:10:05.167 GAE7D [SCP FATAL] Exception processing SCP messages at 1310144, envelope: {ENV@GAE7D |  i: 1310144 | PREPARE | D: 59d361 | b: (4294967295,[ SIGNED@sdf_testnet_2 txH: e4eb65, ct: 1772550414, upgrades: [ ] ]) | p: (4294967295,[ SIGNED@sdf_testnet_2 txH: e4eb65, ct: 1772550414, upgrades: [ ] ]) | p': (<null_ballot>) | c.n: 4294967295 | h.n: 4294967295 }
2026-03-03T15:10:05.167 GAE7D [SCP FATAL] Please report this bug along with this log file if this was not expected
2026-03-03T15:10:05.167 GAE7D [SCP FATAL] Exception: Cannot commit transaction. database or disk is full
2026-03-03T15:10:05.167 GAE7D [SCP FATAL] SCP context (GAE7D): 
2026-03-03T15:10:05.168 GAE7D [SCP FATAL] {
   "ballotProtocol" : {
      "ballot" : "(4294967295,[ SIGNED@sdf_testnet_2 txH: e4eb65, ct: 1772550414, upgrades: [ ] ])",
      "heard" : false,
      "phase" : "EXTERNALIZE",
      "state" : "i: 1310144 | EXTERNALIZE | b: (4294967295,[ SIGNED@sdf_testnet_2 txH: e4eb65, ct: 1772550414, upgrades: [ ] ]) | p: (4294967295,[ SIGNED@sdf_testnet_2 txH: e4eb65, ct: 1772550414, upgrades: [ ] ]) | p': (<null_ballot>) | h: (4294967295,[ SIGNED@sdf_testnet_2 txH: e4eb65, ct: 1772550414, upgrades: [ ] ]) | c: (1,[ SIGNED@sdf_testnet_2 txH: e4eb65, ct: 1772550414, upgrades: [ ] ]) | M: 3"
   },
   "nomination" : {
      "roundnumber" : 0,
      "started" : false
   },
   "quorum_sets" : {
      "59d361" : {
         "t" : 2,
         "v" : [ "sdf_testnet_2", "sdf_testnet_3", "sdf_testnet_1" ]
      }
   },
   "statements" : [
      [
         1772550605,
         "{ENV@sdf_testnet_1 |  i: 1310144 | EXTERNALIZE | c: (1,[ SIGNED@sdf_testnet_2 txH: e4eb65, ct: 1772550414, upgrades: [ ] ]) | h.n: 1 | (lastD): 59d361 }",
         false
      ],
      [
         1772550605,
         "{ENV@sdf_testnet_3 |  i: 1310144 | EXTERNALIZE | c: (1,[ SIGNED@sdf_testnet_2 txH: e4eb65, ct: 1772550414, upgrades: [ ] ]) | h.n: 1 | (lastD): 59d361 }",
         false
      ],
      [
         1772550605,
         "{ENV@GAE7D |  i: 1310144 | PREPARE | D: 59d361 | b: (0,[:empty:]) | p: (4294967295,[ SIGNED@sdf_testnet_2 txH: e4eb65, ct: 1772550414, upgrades: [ ] ]) | p': (<null_ballot>) | c.n: 0 | h.n: 0 }",
         false
      ],
      [
         1772550605,
         "{ENV@GAE7D |  i: 1310144 | PREPARE | D: 59d361 | b: (4294967295,[ SIGNED@sdf_testnet_2 txH: e4eb65, ct: 1772550414, upgrades: [ ] ]) | p: (4294967295,[ SIGNED@sdf_testnet_2 txH: e4eb65, ct: 1772550414, upgrades: [ ] ]) | p': (<null_ballot>) | c.n: 4294967295 | h.n: 4294967295 }",
         false
      ],
      [
         1772550605,
         "{ENV@GAE7D |  i: 1310144 | CONFIRM | D: 59d361 | b: (4294967295,[ SIGNED@sdf_testnet_2 txH: e4eb65, ct: 1772550414, upgrades: [ ] ]) | p.n: 4294967295 | c.n: 1 | h.n: 4294967295 }",
         false
      ],
      [
         1772550605,
         "{ENV@GAE7D |  i: 1310144 | EXTERNALIZE | c: (1,[ SIGNED@sdf_testnet_2 txH: e4eb65, ct: 1772550414, upgrades: [ ] ]) | h.n: 4294967295 | (lastD): 59d361 }",
         false
      ]
   ],
   "validated" : false
}

2026-03-03T15:10:05.168 GAE7D [SCP FATAL] Exception processing SCP messages at 1310144, envelope: {ENV@GAE7D |  i: 1310144 | PREPARE | D: 59d361 | b: (0,[:empty:]) | p: (4294967295,[ SIGNED@sdf_testnet_2 txH: e4eb65, ct: 1772550414, upgrades: [ ] ]) | p': (<null_ballot>) | c.n: 0 | h.n: 0 }
2026-03-03T15:10:05.169 GAE7D [SCP FATAL] Please report this bug along with this log file if this was not expected
2026-03-03T15:10:05.169 GAE7D [SCP FATAL] Exception: Cannot commit transaction. database or disk is full
2026-03-03T15:10:05.169 GAE7D [SCP FATAL] SCP context (GAE7D): 
2026-03-03T15:10:05.169 GAE7D [SCP FATAL] {
   "ballotProtocol" : {
      "ballot" : "(4294967295,[ SIGNED@sdf_testnet_2 txH: e4eb65, ct: 1772550414, upgrades: [ ] ])",
      "heard" : false,
      "phase" : "EXTERNALIZE",
      "state" : "i: 1310144 | EXTERNALIZE | b: (4294967295,[ SIGNED@sdf_testnet_2 txH: e4eb65, ct: 1772550414, upgrades: [ ] ]) | p: (4294967295,[ SIGNED@sdf_testnet_2 txH: e4eb65, ct: 1772550414, upgrades: [ ] ]) | p': (<null_ballot>) | h: (4294967295,[ SIGNED@sdf_testnet_2 txH: e4eb65, ct: 1772550414, upgrades: [ ] ]) | c: (1,[ SIGNED@sdf_testnet_2 txH: e4eb65, ct: 1772550414, upgrades: [ ] ]) | M: 3"
   },
   "nomination" : {
      "roundnumber" : 0,
      "started" : false
   },
   "quorum_sets" : {
      "59d361" : {
         "t" : 2,
         "v" : [ "sdf_testnet_2", "sdf_testnet_3", "sdf_testnet_1" ]
      }
   },
   "statements" : [
      [
         1772550605,
         "{ENV@sdf_testnet_1 |  i: 1310144 | EXTERNALIZE | c: (1,[ SIGNED@sdf_testnet_2 txH: e4eb65, ct: 1772550414, upgrades: [ ] ]) | h.n: 1 | (lastD): 59d361 }",
         false
      ],
      [
         1772550605,
         "{ENV@sdf_testnet_3 |  i: 1310144 | EXTERNALIZE | c: (1,[ SIGNED@sdf_testnet_2 txH: e4eb65, ct: 1772550414, upgrades: [ ] ]) | h.n: 1 | (lastD): 59d361 }",
         false
      ],
      [
         1772550605,
         "{ENV@GAE7D |  i: 1310144 | PREPARE | D: 59d361 | b: (0,[:empty:]) | p: (4294967295,[ SIGNED@sdf_testnet_2 txH: e4eb65, ct: 1772550414, upgrades: [ ] ]) | p': (<null_ballot>) | c.n: 0 | h.n: 0 }",
         false
      ],
      [
         1772550605,
         "{ENV@GAE7D |  i: 1310144 | PREPARE | D: 59d361 | b: (4294967295,[ SIGNED@sdf_testnet_2 txH: e4eb65, ct: 1772550414, upgrades: [ ] ]) | p: (4294967295,[ SIGNED@sdf_testnet_2 txH: e4eb65, ct: 1772550414, upgrades: [ ] ]) | p': (<null_ballot>) | c.n: 4294967295 | h.n: 4294967295 }",
         false
      ],
      [
         1772550605,
         "{ENV@GAE7D |  i: 1310144 | CONFIRM | D: 59d361 | b: (4294967295,[ SIGNED@sdf_testnet_2 txH: e4eb65, ct: 1772550414, upgrades: [ ] ]) | p.n: 4294967295 | c.n: 1 | h.n: 4294967295 }",
         false
      ],
      [
         1772550605,
         "{ENV@GAE7D |  i: 1310144 | EXTERNALIZE | c: (1,[ SIGNED@sdf_testnet_2 txH: e4eb65, ct: 1772550414, upgrades: [ ] ]) | h.n: 4294967295 | (lastD): 59d361 }",
         false
      ]
   ],
   "validated" : false
}

2026-03-03T15:10:05.170 GAE7D [SCP FATAL] Exception processing SCP messages at 1310144, envelope: {ENV@sdf_testnet_3 |  i: 1310144 | EXTERNALIZE | c: (1,[ SIGNED@sdf_testnet_2 txH: e4eb65, ct: 1772550414, upgrades: [ ] ]) | h.n: 1 | (lastD): 59d361 }
2026-03-03T15:10:05.170 GAE7D [SCP FATAL] Please report this bug along with this log file if this was not expected
