2026-03-03T15:10:14.166 GDQ6L [default INFO] Starting stellar-core v25.1.1
2026-03-03T15:10:14.167 GDQ6L [Database INFO] Connecting to: sqlite3:///opt/stellar/core/stellar.db
2026-03-03T15:10:14.174 GDQ6L [SCP INFO] LocalNode::LocalNode@GDQ6L qSet: 59d361
2026-03-03T15:10:14.175 GDQ6L [Database INFO] DB schema is in current version
2026-03-03T15:10:14.175 GDQ6L [default INFO] Listening on 0.0.0.0:11626 for HTTP requests
2026-03-03T15:10:14.175 GDQ6L [Bucket INFO] BucketListDB enabled: pageSizeExponent: 14 indexCutOff: 20MB, persist indexes: true
2026-03-03T15:10:14.175 GDQ6L [default INFO] Connection effective settings:
2026-03-03T15:10:14.175 GDQ6L [default INFO] TARGET_PEER_CONNECTIONS: 8
2026-03-03T15:10:14.175 GDQ6L [default INFO] MAX_ADDITIONAL_PEER_CONNECTIONS: 64
2026-03-03T15:10:14.175 GDQ6L [default INFO] MAX_PENDING_CONNECTIONS: 500
2026-03-03T15:10:14.175 GDQ6L [default INFO] MAX_OUTBOUND_PENDING_CONNECTIONS: 56
2026-03-03T15:10:14.175 GDQ6L [default INFO] MAX_INBOUND_PENDING_CONNECTIONS: 444
2026-03-03T15:10:14.175 GDQ6L [default INFO] BACKGROUND_OVERLAY_PROCESSING=true
2026-03-03T15:10:14.175 GDQ6L [default INFO] PARALLEL_LEDGER_APPLY=true
2026-03-03T15:10:14.175 GDQ6L [History INFO] Archive 'sdf_testnet_1' has 'get' command only, will not be written
2026-03-03T15:10:14.175 GDQ6L [History INFO] Archive 'sdf_testnet_2' has 'get' command only, will not be written
2026-03-03T15:10:14.175 GDQ6L [History INFO] Archive 'sdf_testnet_3' has 'get' command only, will not be written
2026-03-03T15:10:14.175 GDQ6L [History WARNING] No writable archives configured, history will not be written.
2026-03-03T15:10:14.175 GDQ6L [Ledger INFO] Starting up application
2026-03-03T15:10:14.175 GDQ6L [Ledger INFO] Last closed ledger (LCL) hash is bb5348e263dc812d4fc2ada832acadf77b38248092caeae806251a9d7fba4cbe
2026-03-03T15:10:14.176 GDQ6L [Ledger INFO] Loaded LCL header from database: [seq=1310157, hash=bb5348]
2026-03-03T15:10:14.176 GDQ6L [default INFO] Establishing 10-entry connection pool to: sqlite3:///opt/stellar/core/stellar.db
2026-03-03T15:10:14.632 GDQ6L [Ledger INFO] Assumed bucket-state for LCL: [seq=1310157, hash=bb5348]
2026-03-03T15:10:14.632 GDQ6L [default INFO] Launching 1 loading and 5 compiling background threads
2026-03-03T15:10:14.880 GDQ6L [default INFO] Compiled 1684 contracts (45055210 bytes of Wasm) in 247ms real time, 1194ms CPU time
2026-03-03T15:10:16.832 GDQ6L [Overlay INFO] Binding to endpoint 0.0.0.0:11625
2026-03-03T15:10:16.837 GDQ6L [History INFO] Downloading history archive state: .well-known/stellar-history.json
2026-03-03T15:10:17.236 GDQ6L [Process WARNING] process 3815 exited 23: curl -sf http://history.stellar.org/prd/core-testnet/core_testnet_001/.well-known/stellar-history.json -o buckets/tmp/history-2c318b83b49bfdbc/f852791c69ade335-stellar-history.json
2026-03-03T15:10:17.236 GDQ6L [History WARNING] Could not download file: archive sdf_testnet_1 maybe missing file .well-known/stellar-history.json
2026-03-03T15:10:17.236 GDQ6L [History ERROR] Could not download .well-known/stellar-history.json file: corrupt archive sdf_testnet_1
2026-03-03T15:10:17.239 GDQ6L [History ERROR] Failed to obtain archive information: sdf_testnet_1
2026-03-03T15:10:19.140 GDQ6L [Overlay ERROR] PeerManager::store error: sqlite3_statement_backend::loadOne: database or disk is full on 98.91.174.101:11625
2026-03-03T15:10:19.141 GDQ6L [Overlay ERROR] PeerManager::store error: sqlite3_statement_backend::loadOne: database or disk is full on 44.204.146.210:11625
2026-03-03T15:10:19.142 GDQ6L [Overlay ERROR] PeerManager::store error: sqlite3_statement_backend::loadOne: database or disk is full on 44.213.67.110:11625
2026-03-03T15:10:19.143 GDQ6L [Overlay ERROR] PeerManager::store error: sqlite3_statement_backend::loadOne: database or disk is full on 44.206.255.84:11625
2026-03-03T15:10:19.144 GDQ6L [Overlay ERROR] PeerManager::store error: sqlite3_statement_backend::loadOne: database or disk is full on 204.16.247.83:11625
2026-03-03T15:10:19.145 GDQ6L [Overlay ERROR] PeerManager::store error: sqlite3_statement_backend::loadOne: database or disk is full on 3.21.151.231:11725
2026-03-03T15:10:19.146 GDQ6L [Overlay ERROR] PeerManager::store error: sqlite3_statement_backend::loadOne: database or disk is full on 3.238.52.233:30400
2026-03-03T15:10:19.148 GDQ6L [Overlay ERROR] PeerManager::store error: sqlite3_statement_backend::loadOne: database or disk is full on 91.67.122.127:11625
2026-03-03T15:10:19.148 GDQ6L [Overlay ERROR] PeerManager::store error: sqlite3_statement_backend::loadOne: database or disk is full on 198.199.88.228:11625
2026-03-03T15:10:19.149 GDQ6L [Overlay ERROR] PeerManager::store error: sqlite3_statement_backend::loadOne: database or disk is full on 3.18.193.104:11725
2026-03-03T15:10:19.150 GDQ6L [Overlay ERROR] PeerManager::store error: sqlite3_statement_backend::loadOne: database or disk is full on 3.238.32.131:30400
2026-03-03T15:10:19.151 GDQ6L [Overlay ERROR] PeerManager::store error: sqlite3_statement_backend::loadOne: database or disk is full on 50.16.48.217:30020
2026-03-03T15:10:19.152 GDQ6L [Overlay ERROR] PeerManager::store error: sqlite3_statement_backend::loadOne: database or disk is full on 200.129.247.138:11625
2026-03-03T15:10:19.153 GDQ6L [Overlay ERROR] PeerManager::store error: sqlite3_statement_backend::loadOne: database or disk is full on 54.163.22.184:30020
2026-03-03T15:10:19.154 GDQ6L [Overlay ERROR] PeerManager::store error: sqlite3_statement_backend::loadOne: database or disk is full on 200.129.247.102:11625
2026-03-03T15:10:19.154 GDQ6L [Overlay ERROR] PeerManager::store error: sqlite3_statement_backend::loadOne: database or disk is full on 3.134.225.19:11725
2026-03-03T15:10:19.155 GDQ6L [Overlay ERROR] PeerManager::store error: sqlite3_statement_backend::loadOne: database or disk is full on 34.229.162.244:30020
2026-03-03T15:10:19.156 GDQ6L [Overlay ERROR] PeerManager::store error: sqlite3_statement_backend::loadOne: database or disk is full on 172.18.0.1:11725
2026-03-03T15:10:19.156 GDQ6L [Overlay ERROR] PeerManager::store error: sqlite3_statement_backend::loadOne: database or disk is full on 18.212.206.26:30020
2026-03-03T15:10:19.157 GDQ6L [Overlay ERROR] PeerManager::store error: sqlite3_statement_backend::loadOne: database or disk is full on 18.206.213.41:30020
2026-03-03T15:10:19.158 GDQ6L [Overlay ERROR] PeerManager::store error: sqlite3_statement_backend::loadOne: database or disk is full on 3.238.110.19:30400
2026-03-03T15:10:19.158 GDQ6L [Overlay ERROR] PeerManager::store error: sqlite3_statement_backend::loadOne: database or disk is full on 3.95.1.43:30400
2026-03-03T15:10:19.159 GDQ6L [Overlay ERROR] PeerManager::store error: sqlite3_statement_backend::loadOne: database or disk is full on 18.201.241.124:30020
2026-03-03T15:10:19.159 GDQ6L [Overlay ERROR] PeerManager::store error: sqlite3_statement_backend::loadOne: database or disk is full on 13.217.88.18:8009
2026-03-03T15:10:19.160 GDQ6L [Overlay ERROR] PeerManager::store error: sqlite3_statement_backend::loadOne: database or disk is full on 198.199.91.18:11625
2026-03-03T15:10:19.161 GDQ6L [Overlay ERROR] PeerManager::store error: sqlite3_statement_backend::loadOne: database or disk is full on 64.23.179.161:11625
2026-03-03T15:10:19.161 GDQ6L [Overlay ERROR] PeerManager::store error: sqlite3_statement_backend::loadOne: database or disk is full on 34.241.153.42:30020
2026-03-03T15:10:19.162 GDQ6L [Overlay ERROR] PeerManager::store error: sqlite3_statement_backend::loadOne: database or disk is full on 52.91.130.193:30020
2026-03-03T15:10:19.163 GDQ6L [Overlay ERROR] PeerManager::store error: sqlite3_statement_backend::loadOne: database or disk is full on 200.129.247.114:11625
2026-03-03T15:10:19.163 GDQ6L [Overlay ERROR] PeerManager::store error: sqlite3_statement_backend::loadOne: database or disk is full on 34.229.139.142:30020
2026-03-03T15:10:19.164 GDQ6L [Overlay ERROR] PeerManager::store error: sqlite3_statement_backend::loadOne: database or disk is full on 18.201.51.16:30020
2026-03-03T15:10:19.164 GDQ6L [Overlay ERROR] PeerManager::store error: sqlite3_statement_backend::loadOne: database or disk is full on 34.245.167.15:30020
2026-03-03T15:10:19.165 GDQ6L [Overlay ERROR] PeerManager::store error: sqlite3_statement_backend::loadOne: database or disk is full on 200.129.247.110:11625
2026-03-03T15:10:19.165 GDQ6L [Overlay ERROR] PeerManager::store error: sqlite3_statement_backend::loadOne: database or disk is full on 185.255.131.210:11625
2026-03-03T15:10:19.166 GDQ6L [Overlay ERROR] PeerManager::store error: sqlite3_statement_backend::loadOne: database or disk is full on 148.113.140.57:11625
2026-03-03T15:10:19.167 GDQ6L [Overlay ERROR] PeerManager::store error: sqlite3_statement_backend::loadOne: database or disk is full on 3.150.21.71:11725
2026-03-03T15:10:19.168 GDQ6L [Overlay ERROR] PeerManager::store error: sqlite3_statement_backend::loadOne: database or disk is full on 174.138.52.29:11625
2026-03-03T15:10:19.168 GDQ6L [Overlay ERROR] PeerManager::store error: sqlite3_statement_backend::loadOne: database or disk is full on 54.90.248.176:30020
2026-03-03T15:10:19.169 GDQ6L [Overlay ERROR] PeerManager::store error: sqlite3_statement_backend::loadOne: database or disk is full on 200.129.247.82:11625
2026-03-03T15:10:19.169 GDQ6L [Overlay ERROR] PeerManager::store error: sqlite3_statement_backend::loadOne: database or disk is full on 200.129.247.42:11625
2026-03-03T15:10:19.170 GDQ6L [Overlay ERROR] PeerManager::store error: sqlite3_statement_backend::loadOne: database or disk is full on 18.189.252.66:11725
2026-03-03T15:10:19.171 GDQ6L [Overlay ERROR] PeerManager::store error: sqlite3_statement_backend::loadOne: database or disk is full on 3.147.147.12:11725
2026-03-03T15:10:19.171 GDQ6L [Overlay ERROR] PeerManager::store error: sqlite3_statement_backend::loadOne: database or disk is full on 172.18.0.1:11625
2026-03-03T15:10:19.172 GDQ6L [Overlay ERROR] PeerManager::store error: sqlite3_statement_backend::loadOne: database or disk is full on 65.109.51.179:11625
2026-03-03T15:10:19.172 GDQ6L [Overlay ERROR] PeerManager::store error: sqlite3_statement_backend::loadOne: database or disk is full on 54.174.219.130:30400
2026-03-03T15:10:19.173 GDQ6L [Overlay ERROR] PeerManager::store error: sqlite3_statement_backend::loadOne: database or disk is full on 200.129.247.145:11625
2026-03-03T15:10:19.174 GDQ6L [Overlay ERROR] PeerManager::store error: sqlite3_statement_backend::loadOne: database or disk is full on 35.175.229.79:30400
2026-03-03T15:10:19.174 GDQ6L [Overlay ERROR] PeerManager::store error: sqlite3_statement_backend::loadOne: database or disk is full on 135.181.229.215:11628
2026-03-03T15:10:19.175 GDQ6L [Overlay ERROR] PeerManager::store error: sqlite3_statement_backend::loadOne: database or disk is full on 3.255.82.225:30020
2026-03-03T15:10:19.706 GDQ6L [Overlay ERROR] PeerManager::store error: sqlite3_statement_backend::loadOne: database or disk is full on 44.206.255.84:11625
2026-03-03T15:10:19.707 GDQ6L [Overlay INFO] Authenticated to 44.206.255.84:11625
2026-03-03T15:10:19.748 GDQ6L [Overlay ERROR] PeerManager::store error: sqlite3_statement_backend::loadOne: database or disk is full on 204.16.247.83:11625
2026-03-03T15:10:19.748 GDQ6L [Overlay INFO] Authenticated to 204.16.247.83:11625
2026-03-03T15:10:19.750 GDQ6L [Overlay ERROR] PeerManager::store error: sqlite3_statement_backend::loadOne: database or disk is full on 3.21.151.231:11725
2026-03-03T15:10:19.751 GDQ6L [Overlay INFO] Authenticated to 3.21.151.231:11725
2026-03-03T15:10:19.751 GDQ6L [Overlay ERROR] PeerManager::store error: sqlite3_statement_backend::loadOne: database or disk is full on 200.129.247.139:11725
2026-03-03T15:10:22.051 GDQ6L [SCP FATAL] Exception: Cannot commit transaction. database or disk is full
2026-03-03T15:10:22.051 GDQ6L [SCP FATAL] SCP context (GDQ6L): 
2026-03-03T15:10:22.051 GDQ6L [SCP FATAL] {
   "ballotProtocol" : {
      "ballot" : "(4294967295,[ SIGNED@sdf_testnet_2 txH: e4eb65, ct: 1772550414, upgrades: [ ] ])",
      "heard" : false,
      "phase" : "EXTERNALIZE",
      "state" : "i: 1310144 | EXTERNALIZE | b: (4294967295,[ SIGNED@sdf_testnet_2 txH: e4eb65, ct: 1772550414, upgrades: [ ] ]) | p: (4294967295,[ SIGNED@sdf_testnet_2 txH: e4eb65, ct: 1772550414, upgrades: [ ] ]) | p': (<null_ballot>) | h: (4294967295,[ SIGNED@sdf_testnet_2 txH: e4eb65, ct: 1772550414, upgrades: [ ] ]) | c: (1,[ SIGNED@sdf_testnet_2 txH: e4eb65, ct: 1772550414, upgrades: [ ] ]) | M: 3"
   },
   "nomination" : {
      "roundnumber" : 0,
      "started" : false
   },
   "quorum_sets" : {
      "59d361" : {
         "t" : 2,
         "v" : [ "sdf_testnet_2", "sdf_testnet_3", "sdf_testnet_1" ]
      }
   },
   "statements" : [
      [
         1772550622,
         "{ENV@sdf_testnet_1 |  i: 1310144 | EXTERNALIZE | c: (1,[ SIGNED@sdf_testnet_2 txH: e4eb65, ct: 1772550414, upgrades: [ ] ]) | h.n: 1 | (lastD): 59d361 }",
         false
      ],
      [
         1772550622,
         "{ENV@sdf_testnet_3 |  i: 1310144 | EXTERNALIZE | c: (1,[ SIGNED@sdf_testnet_2 txH: e4eb65, ct: 1772550414, upgrades: [ ] ]) | h.n: 1 | (lastD): 59d361 }",
         false
      ],
      [
         1772550622,
         "{ENV@GDQ6L |  i: 1310144 | PREPARE | D: 59d361 | b: (0,[:empty:]) | p: (4294967295,[ SIGNED@sdf_testnet_2 txH: e4eb65, ct: 1772550414, upgrades: [ ] ]) | p': (<null_ballot>) | c.n: 0 | h.n: 0 }",
         false
      ],
      [
         1772550622,
         "{ENV@GDQ6L |  i: 1310144 | PREPARE | D: 59d361 | b: (4294967295,[ SIGNED@sdf_testnet_2 txH: e4eb65, ct: 1772550414, upgrades: [ ] ]) | p: (4294967295,[ SIGNED@sdf_testnet_2 txH: e4eb65, ct: 1772550414, upgrades: [ ] ]) | p': (<null_ballot>) | c.n: 4294967295 | h.n: 4294967295 }",
         false
      ],
      [
         1772550622,
         "{ENV@GDQ6L |  i: 1310144 | CONFIRM | D: 59d361 | b: (4294967295,[ SIGNED@sdf_testnet_2 txH: e4eb65, ct: 1772550414, upgrades: [ ] ]) | p.n: 4294967295 | c.n: 1 | h.n: 4294967295 }",
         false
      ],
      [
         1772550622,
         "{ENV@GDQ6L |  i: 1310144 | EXTERNALIZE | c: (1,[ SIGNED@sdf_testnet_2 txH: e4eb65, ct: 1772550414, upgrades: [ ] ]) | h.n: 4294967295 | (lastD): 59d361 }",
         false
      ]
   ],
   "validated" : false
}

2026-03-03T15:10:22.052 GDQ6L [SCP FATAL] Exception processing SCP messages at 1310144, envelope: {ENV@GDQ6L |  i: 1310144 | CONFIRM | D: 59d361 | b: (4294967295,[ SIGNED@sdf_testnet_2 txH: e4eb65, ct: 1772550414, upgrades: [ ] ]) | p.n: 4294967295 | c.n: 1 | h.n: 4294967295 }
2026-03-03T15:10:22.052 GDQ6L [SCP FATAL] Please report this bug along with this log file if this was not expected
2026-03-03T15:10:22.052 GDQ6L [SCP FATAL] Exception: Cannot commit transaction. database or disk is full
2026-03-03T15:10:22.052 GDQ6L [SCP FATAL] SCP context (GDQ6L): 
2026-03-03T15:10:22.052 GDQ6L [SCP FATAL] {
   "ballotProtocol" : {
      "ballot" : "(4294967295,[ SIGNED@sdf_testnet_2 txH: e4eb65, ct: 1772550414, upgrades: [ ] ])",
      "heard" : false,
      "phase" : "EXTERNALIZE",
      "state" : "i: 1310144 | EXTERNALIZE | b: (4294967295,[ SIGNED@sdf_testnet_2 txH: e4eb65, ct: 1772550414, upgrades: [ ] ]) | p: (4294967295,[ SIGNED@sdf_testnet_2 txH: e4eb65, ct: 1772550414, upgrades: [ ] ]) | p': (<null_ballot>) | h: (4294967295,[ SIGNED@sdf_testnet_2 txH: e4eb65, ct: 1772550414, upgrades: [ ] ]) | c: (1,[ SIGNED@sdf_testnet_2 txH: e4eb65, ct: 1772550414, upgrades: [ ] ]) | M: 3"
   },
   "nomination" : {
      "roundnumber" : 0,
      "started" : false
   },
   "quorum_sets" : {
      "59d361" : {
         "t" : 2,
         "v" : [ "sdf_testnet_2", "sdf_testnet_3", "sdf_testnet_1" ]
      }
   },
   "statements" : [
      [
         1772550622,
         "{ENV@sdf_testnet_1 |  i: 1310144 | EXTERNALIZE | c: (1,[ SIGNED@sdf_testnet_2 txH: e4eb65, ct: 1772550414, upgrades: [ ] ]) | h.n: 1 | (lastD): 59d361 }",
         false
      ],
      [
         1772550622,
         "{ENV@sdf_testnet_3 |  i: 1310144 | EXTERNALIZE | c: (1,[ SIGNED@sdf_testnet_2 txH: e4eb65, ct: 1772550414, upgrades: [ ] ]) | h.n: 1 | (lastD): 59d361 }",
         false
      ],
      [
         1772550622,
         "{ENV@GDQ6L |  i: 1310144 | PREPARE | D: 59d361 | b: (0,[:empty:]) | p: (4294967295,[ SIGNED@sdf_testnet_2 txH: e4eb65, ct: 1772550414, upgrades: [ ] ]) | p': (<null_ballot>) | c.n: 0 | h.n: 0 }",
         false
      ],
      [
         1772550622,
         "{ENV@GDQ6L |  i: 1310144 | PREPARE | D: 59d361 | b: (4294967295,[ SIGNED@sdf_testnet_2 txH: e4eb65, ct: 1772550414, upgrades: [ ] ]) | p: (4294967295,[ SIGNED@sdf_testnet_2 txH: e4eb65, ct: 1772550414, upgrades: [ ] ]) | p': (<null_ballot>) | c.n: 4294967295 | h.n: 4294967295 }",
         false
      ],
      [
         1772550622,
         "{ENV@GDQ6L |  i: 1310144 | CONFIRM | D: 59d361 | b: (4294967295,[ SIGNED@sdf_testnet_2 txH: e4eb65, ct: 1772550414, upgrades: [ ] ]) | p.n: 4294967295 | c.n: 1 | h.n: 4294967295 }",
         false
      ],
      [
         1772550622,
         "{ENV@GDQ6L |  i: 1310144 | EXTERNALIZE | c: (1,[ SIGNED@sdf_testnet_2 txH: e4eb65, ct: 1772550414, upgrades: [ ] ]) | h.n: 4294967295 | (lastD): 59d361 }",
         false
      ]
   ],
   "validated" : false
}

2026-03-03T15:10:22.053 GDQ6L [SCP FATAL] Exception processing SCP messages at 1310144, envelope: {ENV@GDQ6L |  i: 1310144 | PREPARE | D: 59d361 | b: (4294967295,[ SIGNED@sdf_testnet_2 txH: e4eb65, ct: 1772550414, upgrades: [ ] ]) | p: (4294967295,[ SIGNED@sdf_testnet_2 txH: e4eb65, ct: 1772550414, upgrades: [ ] ]) | p': (<null_ballot>) | c.n: 4294967295 | h.n: 4294967295 }
2026-03-03T15:10:22.053 GDQ6L [SCP FATAL] Please report this bug along with this log file if this was not expected
2026-03-03T15:10:22.053 GDQ6L [SCP FATAL] Exception: Cannot commit transaction. database or disk is full
2026-03-03T15:10:22.053 GDQ6L [SCP FATAL] SCP context (GDQ6L): 
2026-03-03T15:10:22.054 GDQ6L [SCP FATAL] {
   "ballotProtocol" : {
      "ballot" : "(4294967295,[ SIGNED@sdf_testnet_2 txH: e4eb65, ct: 1772550414, upgrades: [ ] ])",
      "heard" : false,
      "phase" : "EXTERNALIZE",
      "state" : "i: 1310144 | EXTERNALIZE | b: (4294967295,[ SIGNED@sdf_testnet_2 txH: e4eb65, ct: 1772550414, upgrades: [ ] ]) | p: (4294967295,[ SIGNED@sdf_testnet_2 txH: e4eb65, ct: 1772550414, upgrades: [ ] ]) | p': (<null_ballot>) | h: (4294967295,[ SIGNED@sdf_testnet_2 txH: e4eb65, ct: 1772550414, upgrades: [ ] ]) | c: (1,[ SIGNED@sdf_testnet_2 txH: e4eb65, ct: 1772550414, upgrades: [ ] ]) | M: 3"
   },
   "nomination" : {
      "roundnumber" : 0,
      "started" : false
   },
   "quorum_sets" : {
      "59d361" : {
         "t" : 2,
         "v" : [ "sdf_testnet_2", "sdf_testnet_3", "sdf_testnet_1" ]
      }
   },
   "statements" : [
      [
         1772550622,
         "{ENV@sdf_testnet_1 |  i: 1310144 | EXTERNALIZE | c: (1,[ SIGNED@sdf_testnet_2 txH: e4eb65, ct: 1772550414, upgrades: [ ] ]) | h.n: 1 | (lastD): 59d361 }",
         false
      ],
      [
         1772550622,
         "{ENV@sdf_testnet_3 |  i: 1310144 | EXTERNALIZE | c: (1,[ SIGNED@sdf_testnet_2 txH: e4eb65, ct: 1772550414, upgrades: [ ] ]) | h.n: 1 | (lastD): 59d361 }",
         false
      ],
      [
         1772550622,
         "{ENV@GDQ6L |  i: 1310144 | PREPARE | D: 59d361 | b: (0,[:empty:]) | p: (4294967295,[ SIGNED@sdf_testnet_2 txH: e4eb65, ct: 1772550414, upgrades: [ ] ]) | p': (<null_ballot>) | c.n: 0 | h.n: 0 }",
         false
      ],
      [
         1772550622,
         "{ENV@GDQ6L |  i: 1310144 | PREPARE | D: 59d361 | b: (4294967295,[ SIGNED@sdf_testnet_2 txH: e4eb65, ct: 1772550414, upgrades: [ ] ]) | p: (4294967295,[ SIGNED@sdf_testnet_2 txH: e4eb65, ct: 1772550414, upgrades: [ ] ]) | p': (<null_ballot>) | c.n: 4294967295 | h.n: 4294967295 }",
         false
      ],
      [
         1772550622,
         "{ENV@GDQ6L |  i: 1310144 | CONFIRM | D: 59d361 | b: (4294967295,[ SIGNED@sdf_testnet_2 txH: e4eb65, ct: 1772550414, upgrades: [ ] ]) | p.n: 4294967295 | c.n: 1 | h.n: 4294967295 }",
         false
      ],
      [
         1772550622,
         "{ENV@GDQ6L |  i: 1310144 | EXTERNALIZE | c: (1,[ SIGNED@sdf_testnet_2 txH: e4eb65, ct: 1772550414, upgrades: [ ] ]) | h.n: 4294967295 | (lastD): 59d361 }",
         false
      ]
   ],
   "validated" : false
}

2026-03-03T15:10:22.054 GDQ6L [SCP FATAL] Exception processing SCP messages at 1310144, envelope: {ENV@GDQ6L |  i: 1310144 | PREPARE | D: 59d361 | b: (0,[:empty:]) | p: (4294967295,[ SIGNED@sdf_testnet_2 txH: e4eb65, ct: 1772550414, upgrades: [ ] ]) | p': (<null_ballot>) | c.n: 0 | h.n: 0 }
2026-03-03T15:10:22.054 GDQ6L [SCP FATAL] Please report this bug along with this log file if this was not expected
2026-03-03T15:10:22.054 GDQ6L [SCP FATAL] Exception: Cannot commit transaction. database or disk is full
2026-03-03T15:10:22.055 GDQ6L [SCP FATAL] SCP context (GDQ6L): 
2026-03-03T15:10:22.055 GDQ6L [SCP FATAL] {
   "ballotProtocol" : {
      "ballot" : "(4294967295,[ SIGNED@sdf_testnet_2 txH: e4eb65, ct: 1772550414, upgrades: [ ] ])",
      "heard" : false,
      "phase" : "EXTERNALIZE",
      "state" : "i: 1310144 | EXTERNALIZE | b: (4294967295,[ SIGNED@sdf_testnet_2 txH: e4eb65, ct: 1772550414, upgrades: [ ] ]) | p: (4294967295,[ SIGNED@sdf_testnet_2 txH: e4eb65, ct: 1772550414, upgrades: [ ] ]) | p': (<null_ballot>) | h: (4294967295,[ SIGNED@sdf_testnet_2 txH: e4eb65, ct: 1772550414, upgrades: [ ] ]) | c: (1,[ SIGNED@sdf_testnet_2 txH: e4eb65, ct: 1772550414, upgrades: [ ] ]) | M: 3"
   },
   "nomination" : {
      "roundnumber" : 0,
      "started" : false
   },
   "quorum_sets" : {
      "59d361" : {
         "t" : 2,
         "v" : [ "sdf_testnet_2", "sdf_testnet_3", "sdf_testnet_1" ]
      }
   },
   "statements" : [
      [
         1772550622,
         "{ENV@sdf_testnet_1 |  i: 1310144 | EXTERNALIZE | c: (1,[ SIGNED@sdf_testnet_2 txH: e4eb65, ct: 1772550414, upgrades: [ ] ]) | h.n: 1 | (lastD): 59d361 }",
         false
      ],
      [
         1772550622,
         "{ENV@sdf_testnet_3 |  i: 1310144 | EXTERNALIZE | c: (1,[ SIGNED@sdf_testnet_2 txH: e4eb65, ct: 1772550414, upgrades: [ ] ]) | h.n: 1 | (lastD): 59d361 }",
         false
      ],
      [
         1772550622,
         "{ENV@GDQ6L |  i: 1310144 | PREPARE | D: 59d361 | b: (0,[:empty:]) | p: (4294967295,[ SIGNED@sdf_testnet_2 txH: e4eb65, ct: 1772550414, upgrades: [ ] ]) | p': (<null_ballot>) | c.n: 0 | h.n: 0 }",
         false
      ],
      [
         1772550622,
         "{ENV@GDQ6L |  i: 1310144 | PREPARE | D: 59d361 | b: (4294967295,[ SIGNED@sdf_testnet_2 txH: e4eb65, ct: 1772550414, upgrades: [ ] ]) | p: (4294967295,[ SIGNED@sdf_testnet_2 txH: e4eb65, ct: 1772550414, upgrades: [ ] ]) | p': (<null_ballot>) | c.n: 4294967295 | h.n: 4294967295 }",
         false
      ],
      [
         1772550622,
         "{ENV@GDQ6L |  i: 1310144 | CONFIRM | D: 59d361 | b: (4294967295,[ SIGNED@sdf_testnet_2 txH: e4eb65, ct: 1772550414, upgrades: [ ] ]) | p.n: 4294967295 | c.n: 1 | h.n: 4294967295 }",
         false
      ],
      [
         1772550622,
         "{ENV@GDQ6L |  i: 1310144 | EXTERNALIZE | c: (1,[ SIGNED@sdf_testnet_2 txH: e4eb65, ct: 1772550414, upgrades: [ ] ]) | h.n: 4294967295 | (lastD): 59d361 }",
         false
      ]
   ],
   "validated" : false
}

2026-03-03T15:10:22.055 GDQ6L [SCP FATAL] Exception processing SCP messages at 1310144, envelope: {ENV@sdf_testnet_3 |  i: 1310144 | EXTERNALIZE | c: (1,[ SIGNED@sdf_testnet_2 txH: e4eb65, ct: 1772550414, upgrades: [ ] ]) | h.n: 1 | (lastD): 59d361 }
2026-03-03T15:10:22.056 GDQ6L [SCP FATAL] Please report this bug along with this log file if this was not expected
