2026-03-04T12:10:06.299 GDKTY [default INFO] Starting stellar-core v25.1.1
2026-03-04T12:10:06.300 GDKTY [Database INFO] Connecting to: sqlite3:///opt/stellar/core/stellar.db
2026-03-04T12:10:06.309 GDKTY [SCP INFO] LocalNode::LocalNode@GDKTY qSet: 59d361
2026-03-04T12:10:06.309 GDKTY [Database INFO] DB schema is in current version
2026-03-04T12:10:06.309 GDKTY [default INFO] Listening on 0.0.0.0:11626 for HTTP requests
2026-03-04T12:10:06.309 GDKTY [Bucket INFO] BucketListDB enabled: pageSizeExponent: 14 indexCutOff: 20MB, persist indexes: true
2026-03-04T12:10:06.310 GDKTY [default INFO] Connection effective settings:
2026-03-04T12:10:06.310 GDKTY [default INFO] TARGET_PEER_CONNECTIONS: 8
2026-03-04T12:10:06.310 GDKTY [default INFO] MAX_ADDITIONAL_PEER_CONNECTIONS: 64
2026-03-04T12:10:06.310 GDKTY [default INFO] MAX_PENDING_CONNECTIONS: 500
2026-03-04T12:10:06.310 GDKTY [default INFO] MAX_OUTBOUND_PENDING_CONNECTIONS: 56
2026-03-04T12:10:06.310 GDKTY [default INFO] MAX_INBOUND_PENDING_CONNECTIONS: 444
2026-03-04T12:10:06.310 GDKTY [default INFO] BACKGROUND_OVERLAY_PROCESSING=true
2026-03-04T12:10:06.311 GDKTY [default INFO] PARALLEL_LEDGER_APPLY=true
2026-03-04T12:10:06.311 GDKTY [History INFO] Archive 'sdf_testnet_1' has 'get' command only, will not be written
2026-03-04T12:10:06.311 GDKTY [History INFO] Archive 'sdf_testnet_2' has 'get' command only, will not be written
2026-03-04T12:10:06.311 GDKTY [History INFO] Archive 'sdf_testnet_3' has 'get' command only, will not be written
2026-03-04T12:10:06.311 GDKTY [History WARNING] No writable archives configured, history will not be written.
2026-03-04T12:10:06.311 GDKTY [Ledger INFO] Starting up application
2026-03-04T12:10:06.311 GDKTY [Ledger INFO] Last closed ledger (LCL) hash is 3717cc2d58717d0d8a5612cf97b9c2e7c04d1eeb1b77151a59687fae75e4aab6
2026-03-04T12:10:06.311 GDKTY [Ledger INFO] Loaded LCL header from database: [seq=1325251, hash=3717cc]
2026-03-04T12:10:06.311 GDKTY [default INFO] Establishing 10-entry connection pool to: sqlite3:///opt/stellar/core/stellar.db
2026-03-04T12:10:06.902 GDKTY [Ledger INFO] Assumed bucket-state for LCL: [seq=1325251, hash=3717cc]
2026-03-04T12:10:06.903 GDKTY [default INFO] Launching 1 loading and 5 compiling background threads
2026-03-04T12:10:07.178 GDKTY [default INFO] Compiled 1642 contracts (43833304 bytes of Wasm) in 276ms real time, 1335ms CPU time
2026-03-04T12:10:09.492 GDKTY [Overlay INFO] Binding to endpoint 0.0.0.0:11625
2026-03-04T12:10:09.499 GDKTY [History INFO] Downloading history archive state: .well-known/stellar-history.json
2026-03-04T12:10:09.892 GDKTY [Process WARNING] process 6090 exited 23: curl -sf http://history.stellar.org/prd/core-testnet/core_testnet_001/.well-known/stellar-history.json -o buckets/tmp/history-592b410122dd978c/0be018b5d644576d-stellar-history.json
2026-03-04T12:10:09.892 GDKTY [History WARNING] Could not download file: archive sdf_testnet_1 maybe missing file .well-known/stellar-history.json
2026-03-04T12:10:09.893 GDKTY [History ERROR] Could not download .well-known/stellar-history.json file: corrupt archive sdf_testnet_1
2026-03-04T12:10:09.893 GDKTY [History ERROR] Failed to obtain archive information: sdf_testnet_1
2026-03-04T12:10:11.751 GDKTY [Overlay ERROR] PeerManager::store error: sqlite3_statement_backend::loadOne: database or disk is full on 98.91.174.101:11625
2026-03-04T12:10:11.752 GDKTY [Overlay ERROR] PeerManager::store error: sqlite3_statement_backend::loadOne: database or disk is full on 44.204.146.210:11625
2026-03-04T12:10:11.752 GDKTY [Overlay ERROR] PeerManager::store error: sqlite3_statement_backend::loadOne: database or disk is full on 44.213.67.110:11625
2026-03-04T12:10:11.753 GDKTY [Overlay ERROR] PeerManager::store error: sqlite3_statement_backend::loadOne: database or disk is full on 64.23.228.195:11625
2026-03-04T12:10:11.754 GDKTY [Overlay ERROR] PeerManager::store error: sqlite3_statement_backend::loadOne: database or disk is full on 44.203.24.1:30400
2026-03-04T12:10:11.754 GDKTY [Overlay ERROR] PeerManager::store error: sqlite3_statement_backend::loadOne: database or disk is full on 18.189.174.103:11725
2026-03-04T12:10:11.755 GDKTY [Overlay ERROR] PeerManager::store error: sqlite3_statement_backend::loadOne: database or disk is full on 64.23.179.161:11625
2026-03-04T12:10:11.755 GDKTY [Overlay ERROR] PeerManager::store error: sqlite3_statement_backend::loadOne: database or disk is full on 91.242.214.69:11625
2026-03-04T12:10:11.756 GDKTY [Overlay ERROR] PeerManager::store error: sqlite3_statement_backend::loadOne: database or disk is full on 3.238.52.233:30400
2026-03-04T12:10:11.758 GDKTY [Overlay ERROR] PeerManager::store error: sqlite3_statement_backend::loadOne: database or disk is full on 34.241.153.42:30020
2026-03-04T12:10:11.759 GDKTY [Overlay ERROR] PeerManager::store error: sqlite3_statement_backend::loadOne: database or disk is full on 200.129.247.55:11625
2026-03-04T12:10:11.760 GDKTY [Overlay ERROR] PeerManager::store error: sqlite3_statement_backend::loadOne: database or disk is full on 24.252.206.200:11625
2026-03-04T12:10:11.762 GDKTY [Overlay ERROR] PeerManager::store error: sqlite3_statement_backend::loadOne: database or disk is full on 173.244.202.69:11725
2026-03-04T12:10:11.764 GDKTY [Overlay ERROR] PeerManager::store error: sqlite3_statement_backend::loadOne: database or disk is full on 52.91.130.193:30020
2026-03-04T12:10:11.765 GDKTY [Overlay ERROR] PeerManager::store error: sqlite3_statement_backend::loadOne: database or disk is full on 35.175.229.79:30400
2026-03-04T12:10:11.767 GDKTY [Overlay ERROR] PeerManager::store error: sqlite3_statement_backend::loadOne: database or disk is full on 200.129.247.42:11625
2026-03-04T12:10:11.769 GDKTY [Overlay ERROR] PeerManager::store error: sqlite3_statement_backend::loadOne: database or disk is full on 18.201.51.16:30020
2026-03-04T12:10:11.769 GDKTY [Overlay ERROR] PeerManager::store error: sqlite3_statement_backend::loadOne: database or disk is full on 3.249.87.23:30020
2026-03-04T12:10:11.770 GDKTY [Overlay ERROR] PeerManager::store error: sqlite3_statement_backend::loadOne: database or disk is full on 185.255.131.210:11625
2026-03-04T12:10:11.771 GDKTY [Overlay ERROR] PeerManager::store error: sqlite3_statement_backend::loadOne: database or disk is full on 216.169.132.69:11625
2026-03-04T12:10:11.771 GDKTY [Overlay ERROR] PeerManager::store error: sqlite3_statement_backend::loadOne: database or disk is full on 160.155.38.109:11625
2026-03-04T12:10:11.772 GDKTY [Overlay ERROR] PeerManager::store error: sqlite3_statement_backend::loadOne: database or disk is full on 206.125.34.196:11725
2026-03-04T12:10:11.773 GDKTY [Overlay ERROR] PeerManager::store error: sqlite3_statement_backend::loadOne: database or disk is full on 174.138.52.29:11625
2026-03-04T12:10:11.773 GDKTY [Overlay ERROR] PeerManager::store error: sqlite3_statement_backend::loadOne: database or disk is full on 91.67.122.127:11625
2026-03-04T12:10:11.774 GDKTY [Overlay ERROR] PeerManager::store error: sqlite3_statement_backend::loadOne: database or disk is full on 147.92.216.66:11825
2026-03-04T12:10:11.775 GDKTY [Overlay ERROR] PeerManager::store error: sqlite3_statement_backend::loadOne: database or disk is full on 184.72.81.138:30020
2026-03-04T12:10:11.776 GDKTY [Overlay ERROR] PeerManager::store error: sqlite3_statement_backend::loadOne: database or disk is full on 34.227.52.150:30020
2026-03-04T12:10:11.778 GDKTY [Overlay ERROR] PeerManager::store error: sqlite3_statement_backend::loadOne: database or disk is full on 34.229.162.244:30020
2026-03-04T12:10:11.779 GDKTY [Overlay ERROR] PeerManager::store error: sqlite3_statement_backend::loadOne: database or disk is full on 147.92.159.184:11725
2026-03-04T12:10:11.780 GDKTY [Overlay ERROR] PeerManager::store error: sqlite3_statement_backend::loadOne: database or disk is full on 54.236.21.197:30020
2026-03-04T12:10:11.781 GDKTY [Overlay ERROR] PeerManager::store error: sqlite3_statement_backend::loadOne: database or disk is full on 3.134.225.19:11725
2026-03-04T12:10:11.782 GDKTY [Overlay ERROR] PeerManager::store error: sqlite3_statement_backend::loadOne: database or disk is full on 3.95.1.43:30400
2026-03-04T12:10:11.783 GDKTY [Overlay ERROR] PeerManager::store error: sqlite3_statement_backend::loadOne: database or disk is full on 18.201.241.124:30020
2026-03-04T12:10:11.784 GDKTY [Overlay ERROR] PeerManager::store error: sqlite3_statement_backend::loadOne: database or disk is full on 200.129.247.110:11825
2026-03-04T12:10:11.785 GDKTY [Overlay ERROR] PeerManager::store error: sqlite3_statement_backend::loadOne: database or disk is full on 216.169.132.56:11625
2026-03-04T12:10:11.786 GDKTY [Overlay ERROR] PeerManager::store error: sqlite3_statement_backend::loadOne: database or disk is full on 172.18.0.1:11825
2026-03-04T12:10:11.786 GDKTY [Overlay ERROR] PeerManager::store error: sqlite3_statement_backend::loadOne: database or disk is full on 185.91.122.95:11725
2026-03-04T12:10:11.787 GDKTY [Overlay ERROR] PeerManager::store error: sqlite3_statement_backend::loadOne: database or disk is full on 3.150.21.71:11725
2026-03-04T12:10:11.788 GDKTY [Overlay ERROR] PeerManager::store error: sqlite3_statement_backend::loadOne: database or disk is full on 198.199.88.228:11625
2026-03-04T12:10:12.173 GDKTY [Overlay ERROR] PeerManager::store error: sqlite3_statement_backend::loadOne: database or disk is full on 44.203.24.1:30400
2026-03-04T12:10:12.174 GDKTY [Overlay INFO] Authenticated to 44.203.24.1:30400
2026-03-04T12:10:12.201 GDKTY [Overlay ERROR] PeerManager::store error: sqlite3_statement_backend::loadOne: database or disk is full on 18.189.174.103:11725
2026-03-04T12:10:12.202 GDKTY [Overlay INFO] Authenticated to 18.189.174.103:11725
2026-03-04T12:10:12.202 GDKTY [Overlay ERROR] PeerManager::store error: sqlite3_statement_backend::loadOne: database or disk is full on 216.169.132.69:11725
2026-03-04T12:10:12.319 GDKTY [Overlay ERROR] PeerManager::store error: sqlite3_statement_backend::loadOne: database or disk is full on 64.23.228.195:11625
2026-03-04T12:10:12.319 GDKTY [Overlay INFO] Authenticated to 64.23.228.195:11625
2026-03-04T12:10:12.320 GDKTY [Overlay ERROR] PeerManager::store error: sqlite3_statement_backend::loadOne: database or disk is full on 147.92.216.66:11625
2026-03-04T12:10:12.320 GDKTY [Overlay ERROR] PeerManager::store error: sqlite3_statement_backend::loadOne: database or disk is full on 216.169.132.69:11825
2026-03-04T12:10:14.455 GDKTY [SCP FATAL] Exception: Cannot commit transaction. database or disk is full
2026-03-04T12:10:14.456 GDKTY [SCP FATAL] SCP context (GDKTY): 
2026-03-04T12:10:14.457 GDKTY [SCP FATAL] {
   "ballotProtocol" : {
      "ballot" : "(4294967295,[ SIGNED@sdf_testnet_2 txH: d20f15, ct: 1772626018, upgrades: [ ] ])",
      "heard" : false,
      "phase" : "EXTERNALIZE",
      "state" : "i: 1325248 | EXTERNALIZE | b: (4294967295,[ SIGNED@sdf_testnet_2 txH: d20f15, ct: 1772626018, upgrades: [ ] ]) | p: (4294967295,[ SIGNED@sdf_testnet_2 txH: d20f15, ct: 1772626018, upgrades: [ ] ]) | p': (<null_ballot>) | h: (4294967295,[ SIGNED@sdf_testnet_2 txH: d20f15, ct: 1772626018, upgrades: [ ] ]) | c: (1,[ SIGNED@sdf_testnet_2 txH: d20f15, ct: 1772626018, upgrades: [ ] ]) | M: 3"
   },
   "nomination" : {
      "roundnumber" : 0,
      "started" : false
   },
   "quorum_sets" : {
      "59d361" : {
         "t" : 2,
         "v" : [ "sdf_testnet_2", "sdf_testnet_3", "sdf_testnet_1" ]
      }
   },
   "statements" : [
      [
         1772626214,
         "{ENV@sdf_testnet_1 |  i: 1325248 | EXTERNALIZE | c: (1,[ SIGNED@sdf_testnet_2 txH: d20f15, ct: 1772626018, upgrades: [ ] ]) | h.n: 1 | (lastD): 59d361 }",
         false
      ],
      [
         1772626214,
         "{ENV@sdf_testnet_3 |  i: 1325248 | EXTERNALIZE | c: (1,[ SIGNED@sdf_testnet_2 txH: d20f15, ct: 1772626018, upgrades: [ ] ]) | h.n: 1 | (lastD): 59d361 }",
         false
      ],
      [
         1772626214,
         "{ENV@GDKTY |  i: 1325248 | PREPARE | D: 59d361 | b: (0,[:empty:]) | p: (4294967295,[ SIGNED@sdf_testnet_2 txH: d20f15, ct: 1772626018, upgrades: [ ] ]) | p': (<null_ballot>) | c.n: 0 | h.n: 0 }",
         false
      ],
      [
         1772626214,
         "{ENV@GDKTY |  i: 1325248 | PREPARE | D: 59d361 | b: (4294967295,[ SIGNED@sdf_testnet_2 txH: d20f15, ct: 1772626018, upgrades: [ ] ]) | p: (4294967295,[ SIGNED@sdf_testnet_2 txH: d20f15, ct: 1772626018, upgrades: [ ] ]) | p': (<null_ballot>) | c.n: 4294967295 | h.n: 4294967295 }",
         false
      ],
      [
         1772626214,
         "{ENV@GDKTY |  i: 1325248 | CONFIRM | D: 59d361 | b: (4294967295,[ SIGNED@sdf_testnet_2 txH: d20f15, ct: 1772626018, upgrades: [ ] ]) | p.n: 4294967295 | c.n: 1 | h.n: 4294967295 }",
         false
      ],
      [
         1772626214,
         "{ENV@GDKTY |  i: 1325248 | EXTERNALIZE | c: (1,[ SIGNED@sdf_testnet_2 txH: d20f15, ct: 1772626018, upgrades: [ ] ]) | h.n: 4294967295 | (lastD): 59d361 }",
         false
      ]
   ],
   "validated" : false
}

2026-03-04T12:10:14.458 GDKTY [SCP FATAL] Exception processing SCP messages at 1325248, envelope: {ENV@GDKTY |  i: 1325248 | CONFIRM | D: 59d361 | b: (4294967295,[ SIGNED@sdf_testnet_2 txH: d20f15, ct: 1772626018, upgrades: [ ] ]) | p.n: 4294967295 | c.n: 1 | h.n: 4294967295 }
2026-03-04T12:10:14.459 GDKTY [SCP FATAL] Please report this bug along with this log file if this was not expected
2026-03-04T12:10:14.460 GDKTY [SCP FATAL] Exception: Cannot commit transaction. database or disk is full
2026-03-04T12:10:14.461 GDKTY [SCP FATAL] SCP context (GDKTY): 
2026-03-04T12:10:14.462 GDKTY [SCP FATAL] {
   "ballotProtocol" : {
      "ballot" : "(4294967295,[ SIGNED@sdf_testnet_2 txH: d20f15, ct: 1772626018, upgrades: [ ] ])",
      "heard" : false,
      "phase" : "EXTERNALIZE",
      "state" : "i: 1325248 | EXTERNALIZE | b: (4294967295,[ SIGNED@sdf_testnet_2 txH: d20f15, ct: 1772626018, upgrades: [ ] ]) | p: (4294967295,[ SIGNED@sdf_testnet_2 txH: d20f15, ct: 1772626018, upgrades: [ ] ]) | p': (<null_ballot>) | h: (4294967295,[ SIGNED@sdf_testnet_2 txH: d20f15, ct: 1772626018, upgrades: [ ] ]) | c: (1,[ SIGNED@sdf_testnet_2 txH: d20f15, ct: 1772626018, upgrades: [ ] ]) | M: 3"
   },
   "nomination" : {
      "roundnumber" : 0,
      "started" : false
   },
   "quorum_sets" : {
      "59d361" : {
         "t" : 2,
         "v" : [ "sdf_testnet_2", "sdf_testnet_3", "sdf_testnet_1" ]
      }
   },
   "statements" : [
      [
         1772626214,
         "{ENV@sdf_testnet_1 |  i: 1325248 | EXTERNALIZE | c: (1,[ SIGNED@sdf_testnet_2 txH: d20f15, ct: 1772626018, upgrades: [ ] ]) | h.n: 1 | (lastD): 59d361 }",
         false
      ],
      [
         1772626214,
         "{ENV@sdf_testnet_3 |  i: 1325248 | EXTERNALIZE | c: (1,[ SIGNED@sdf_testnet_2 txH: d20f15, ct: 1772626018, upgrades: [ ] ]) | h.n: 1 | (lastD): 59d361 }",
         false
      ],
      [
         1772626214,
         "{ENV@GDKTY |  i: 1325248 | PREPARE | D: 59d361 | b: (0,[:empty:]) | p: (4294967295,[ SIGNED@sdf_testnet_2 txH: d20f15, ct: 1772626018, upgrades: [ ] ]) | p': (<null_ballot>) | c.n: 0 | h.n: 0 }",
         false
      ],
      [
         1772626214,
         "{ENV@GDKTY |  i: 1325248 | PREPARE | D: 59d361 | b: (4294967295,[ SIGNED@sdf_testnet_2 txH: d20f15, ct: 1772626018, upgrades: [ ] ]) | p: (4294967295,[ SIGNED@sdf_testnet_2 txH: d20f15, ct: 1772626018, upgrades: [ ] ]) | p': (<null_ballot>) | c.n: 4294967295 | h.n: 4294967295 }",
         false
      ],
      [
         1772626214,
         "{ENV@GDKTY |  i: 1325248 | CONFIRM | D: 59d361 | b: (4294967295,[ SIGNED@sdf_testnet_2 txH: d20f15, ct: 1772626018, upgrades: [ ] ]) | p.n: 4294967295 | c.n: 1 | h.n: 4294967295 }",
         false
      ],
      [
         1772626214,
         "{ENV@GDKTY |  i: 1325248 | EXTERNALIZE | c: (1,[ SIGNED@sdf_testnet_2 txH: d20f15, ct: 1772626018, upgrades: [ ] ]) | h.n: 4294967295 | (lastD): 59d361 }",
         false
      ]
   ],
   "validated" : false
}

2026-03-04T12:10:14.463 GDKTY [SCP FATAL] Exception processing SCP messages at 1325248, envelope: {ENV@GDKTY |  i: 1325248 | PREPARE | D: 59d361 | b: (4294967295,[ SIGNED@sdf_testnet_2 txH: d20f15, ct: 1772626018, upgrades: [ ] ]) | p: (4294967295,[ SIGNED@sdf_testnet_2 txH: d20f15, ct: 1772626018, upgrades: [ ] ]) | p': (<null_ballot>) | c.n: 4294967295 | h.n: 4294967295 }
2026-03-04T12:10:14.464 GDKTY [SCP FATAL] Please report this bug along with this log file if this was not expected
2026-03-04T12:10:14.464 GDKTY [SCP FATAL] Exception: Cannot commit transaction. database or disk is full
2026-03-04T12:10:14.464 GDKTY [SCP FATAL] SCP context (GDKTY): 
2026-03-04T12:10:14.464 GDKTY [SCP FATAL] {
   "ballotProtocol" : {
      "ballot" : "(4294967295,[ SIGNED@sdf_testnet_2 txH: d20f15, ct: 1772626018, upgrades: [ ] ])",
      "heard" : false,
      "phase" : "EXTERNALIZE",
      "state" : "i: 1325248 | EXTERNALIZE | b: (4294967295,[ SIGNED@sdf_testnet_2 txH: d20f15, ct: 1772626018, upgrades: [ ] ]) | p: (4294967295,[ SIGNED@sdf_testnet_2 txH: d20f15, ct: 1772626018, upgrades: [ ] ]) | p': (<null_ballot>) | h: (4294967295,[ SIGNED@sdf_testnet_2 txH: d20f15, ct: 1772626018, upgrades: [ ] ]) | c: (1,[ SIGNED@sdf_testnet_2 txH: d20f15, ct: 1772626018, upgrades: [ ] ]) | M: 3"
   },
   "nomination" : {
      "roundnumber" : 0,
      "started" : false
   },
   "quorum_sets" : {
      "59d361" : {
         "t" : 2,
         "v" : [ "sdf_testnet_2", "sdf_testnet_3", "sdf_testnet_1" ]
      }
   },
   "statements" : [
      [
         1772626214,
         "{ENV@sdf_testnet_1 |  i: 1325248 | EXTERNALIZE | c: (1,[ SIGNED@sdf_testnet_2 txH: d20f15, ct: 1772626018, upgrades: [ ] ]) | h.n: 1 | (lastD): 59d361 }",
         false
      ],
      [
         1772626214,
         "{ENV@sdf_testnet_3 |  i: 1325248 | EXTERNALIZE | c: (1,[ SIGNED@sdf_testnet_2 txH: d20f15, ct: 1772626018, upgrades: [ ] ]) | h.n: 1 | (lastD): 59d361 }",
         false
      ],
      [
         1772626214,
         "{ENV@GDKTY |  i: 1325248 | PREPARE | D: 59d361 | b: (0,[:empty:]) | p: (4294967295,[ SIGNED@sdf_testnet_2 txH: d20f15, ct: 1772626018, upgrades: [ ] ]) | p': (<null_ballot>) | c.n: 0 | h.n: 0 }",
         false
      ],
      [
         1772626214,
         "{ENV@GDKTY |  i: 1325248 | PREPARE | D: 59d361 | b: (4294967295,[ SIGNED@sdf_testnet_2 txH: d20f15, ct: 1772626018, upgrades: [ ] ]) | p: (4294967295,[ SIGNED@sdf_testnet_2 txH: d20f15, ct: 1772626018, upgrades: [ ] ]) | p': (<null_ballot>) | c.n: 4294967295 | h.n: 4294967295 }",
         false
      ],
      [
         1772626214,
         "{ENV@GDKTY |  i: 1325248 | CONFIRM | D: 59d361 | b: (4294967295,[ SIGNED@sdf_testnet_2 txH: d20f15, ct: 1772626018, upgrades: [ ] ]) | p.n: 4294967295 | c.n: 1 | h.n: 4294967295 }",
         false
      ],
      [
         1772626214,
         "{ENV@GDKTY |  i: 1325248 | EXTERNALIZE | c: (1,[ SIGNED@sdf_testnet_2 txH: d20f15, ct: 1772626018, upgrades: [ ] ]) | h.n: 4294967295 | (lastD): 59d361 }",
         false
      ]
   ],
   "validated" : false
}

2026-03-04T12:10:14.465 GDKTY [SCP FATAL] Exception processing SCP messages at 1325248, envelope: {ENV@GDKTY |  i: 1325248 | PREPARE | D: 59d361 | b: (0,[:empty:]) | p: (4294967295,[ SIGNED@sdf_testnet_2 txH: d20f15, ct: 1772626018, upgrades: [ ] ]) | p': (<null_ballot>) | c.n: 0 | h.n: 0 }
2026-03-04T12:10:14.465 GDKTY [SCP FATAL] Please report this bug along with this log file if this was not expected
2026-03-04T12:10:14.466 GDKTY [SCP FATAL] Exception: Cannot commit transaction. database or disk is full
2026-03-04T12:10:14.466 GDKTY [SCP FATAL] SCP context (GDKTY): 
2026-03-04T12:10:14.466 GDKTY [SCP FATAL] {
   "ballotProtocol" : {
      "ballot" : "(4294967295,[ SIGNED@sdf_testnet_2 txH: d20f15, ct: 1772626018, upgrades: [ ] ])",
      "heard" : false,
      "phase" : "EXTERNALIZE",
      "state" : "i: 1325248 | EXTERNALIZE | b: (4294967295,[ SIGNED@sdf_testnet_2 txH: d20f15, ct: 1772626018, upgrades: [ ] ]) | p: (4294967295,[ SIGNED@sdf_testnet_2 txH: d20f15, ct: 1772626018, upgrades: [ ] ]) | p': (<null_ballot>) | h: (4294967295,[ SIGNED@sdf_testnet_2 txH: d20f15, ct: 1772626018, upgrades: [ ] ]) | c: (1,[ SIGNED@sdf_testnet_2 txH: d20f15, ct: 1772626018, upgrades: [ ] ]) | M: 3"
   },
   "nomination" : {
      "roundnumber" : 0,
      "started" : false
   },
   "quorum_sets" : {
      "59d361" : {
         "t" : 2,
         "v" : [ "sdf_testnet_2", "sdf_testnet_3", "sdf_testnet_1" ]
      }
   },
   "statements" : [
      [
         1772626214,
         "{ENV@sdf_testnet_1 |  i: 1325248 | EXTERNALIZE | c: (1,[ SIGNED@sdf_testnet_2 txH: d20f15, ct: 1772626018, upgrades: [ ] ]) | h.n: 1 | (lastD): 59d361 }",
         false
      ],
      [
         1772626214,
         "{ENV@sdf_testnet_3 |  i: 1325248 | EXTERNALIZE | c: (1,[ SIGNED@sdf_testnet_2 txH: d20f15, ct: 1772626018, upgrades: [ ] ]) | h.n: 1 | (lastD): 59d361 }",
         false
      ],
      [
         1772626214,
         "{ENV@GDKTY |  i: 1325248 | PREPARE | D: 59d361 | b: (0,[:empty:]) | p: (4294967295,[ SIGNED@sdf_testnet_2 txH: d20f15, ct: 1772626018, upgrades: [ ] ]) | p': (<null_ballot>) | c.n: 0 | h.n: 0 }",
         false
      ],
      [
         1772626214,
         "{ENV@GDKTY |  i: 1325248 | PREPARE | D: 59d361 | b: (4294967295,[ SIGNED@sdf_testnet_2 txH: d20f15, ct: 1772626018, upgrades: [ ] ]) | p: (4294967295,[ SIGNED@sdf_testnet_2 txH: d20f15, ct: 1772626018, upgrades: [ ] ]) | p': (<null_ballot>) | c.n: 4294967295 | h.n: 4294967295 }",
         false
      ],
      [
         1772626214,
         "{ENV@GDKTY |  i: 1325248 | CONFIRM | D: 59d361 | b: (4294967295,[ SIGNED@sdf_testnet_2 txH: d20f15, ct: 1772626018, upgrades: [ ] ]) | p.n: 4294967295 | c.n: 1 | h.n: 4294967295 }",
         false
      ],
      [
         1772626214,
         "{ENV@GDKTY |  i: 1325248 | EXTERNALIZE | c: (1,[ SIGNED@sdf_testnet_2 txH: d20f15, ct: 1772626018, upgrades: [ ] ]) | h.n: 4294967295 | (lastD): 59d361 }",
         false
      ]
   ],
   "validated" : false
}

2026-03-04T12:10:14.467 GDKTY [SCP FATAL] Exception processing SCP messages at 1325248, envelope: {ENV@sdf_testnet_3 |  i: 1325248 | EXTERNALIZE | c: (1,[ SIGNED@sdf_testnet_2 txH: d20f15, ct: 1772626018, upgrades: [ ] ]) | h.n: 1 | (lastD): 59d361 }
2026-03-04T12:10:14.467 GDKTY [SCP FATAL] Please report this bug along with this log file if this was not expected
