2026-03-04T12:11:06.390 GCDDN [default INFO] Starting stellar-core v25.1.1
2026-03-04T12:11:06.391 GCDDN [Database INFO] Connecting to: sqlite3:///opt/stellar/core/stellar.db
2026-03-04T12:11:06.402 GCDDN [SCP INFO] LocalNode::LocalNode@GCDDN qSet: 59d361
2026-03-04T12:11:06.402 GCDDN [Database INFO] DB schema is in current version
2026-03-04T12:11:06.402 GCDDN [default INFO] Listening on 0.0.0.0:11626 for HTTP requests
2026-03-04T12:11:06.402 GCDDN [Bucket INFO] BucketListDB enabled: pageSizeExponent: 14 indexCutOff: 20MB, persist indexes: true
2026-03-04T12:11:06.403 GCDDN [default INFO] Connection effective settings:
2026-03-04T12:11:06.403 GCDDN [default INFO] TARGET_PEER_CONNECTIONS: 8
2026-03-04T12:11:06.403 GCDDN [default INFO] MAX_ADDITIONAL_PEER_CONNECTIONS: 64
2026-03-04T12:11:06.403 GCDDN [default INFO] MAX_PENDING_CONNECTIONS: 500
2026-03-04T12:11:06.403 GCDDN [default INFO] MAX_OUTBOUND_PENDING_CONNECTIONS: 56
2026-03-04T12:11:06.403 GCDDN [default INFO] MAX_INBOUND_PENDING_CONNECTIONS: 444
2026-03-04T12:11:06.403 GCDDN [default INFO] BACKGROUND_OVERLAY_PROCESSING=true
2026-03-04T12:11:06.403 GCDDN [default INFO] PARALLEL_LEDGER_APPLY=true
2026-03-04T12:11:06.403 GCDDN [History INFO] Archive 'sdf_testnet_1' has 'get' command only, will not be written
2026-03-04T12:11:06.403 GCDDN [History INFO] Archive 'sdf_testnet_2' has 'get' command only, will not be written
2026-03-04T12:11:06.403 GCDDN [History INFO] Archive 'sdf_testnet_3' has 'get' command only, will not be written
2026-03-04T12:11:06.403 GCDDN [History WARNING] No writable archives configured, history will not be written.
2026-03-04T12:11:06.404 GCDDN [Ledger INFO] Starting up application
2026-03-04T12:11:06.404 GCDDN [Ledger INFO] Last closed ledger (LCL) hash is 3717cc2d58717d0d8a5612cf97b9c2e7c04d1eeb1b77151a59687fae75e4aab6
2026-03-04T12:11:06.404 GCDDN [Ledger INFO] Loaded LCL header from database: [seq=1325251, hash=3717cc]
2026-03-04T12:11:06.404 GCDDN [default INFO] Establishing 10-entry connection pool to: sqlite3:///opt/stellar/core/stellar.db
2026-03-04T12:11:06.990 GCDDN [Ledger INFO] Assumed bucket-state for LCL: [seq=1325251, hash=3717cc]
2026-03-04T12:11:06.991 GCDDN [default INFO] Launching 1 loading and 5 compiling background threads
2026-03-04T12:11:07.277 GCDDN [default INFO] Compiled 1642 contracts (43833304 bytes of Wasm) in 288ms real time, 1391ms CPU time
2026-03-04T12:11:09.993 GCDDN [Overlay INFO] Binding to endpoint 0.0.0.0:11625
2026-03-04T12:11:10.003 GCDDN [History INFO] Downloading history archive state: .well-known/stellar-history.json
2026-03-04T12:11:10.407 GCDDN [Process WARNING] process 6536 exited 23: curl -sf http://history.stellar.org/prd/core-testnet/core_testnet_001/.well-known/stellar-history.json -o buckets/tmp/history-37839448a5ed4724/8440e2ca65ba78d2-stellar-history.json
2026-03-04T12:11:10.407 GCDDN [History WARNING] Could not download file: archive sdf_testnet_1 maybe missing file .well-known/stellar-history.json
2026-03-04T12:11:10.407 GCDDN [History ERROR] Could not download .well-known/stellar-history.json file: corrupt archive sdf_testnet_1
2026-03-04T12:11:10.408 GCDDN [History ERROR] Failed to obtain archive information: sdf_testnet_1
2026-03-04T12:11:12.250 GCDDN [Overlay ERROR] PeerManager::store error: sqlite3_statement_backend::loadOne: database or disk is full on 98.91.174.101:11625
2026-03-04T12:11:12.251 GCDDN [Overlay ERROR] PeerManager::store error: sqlite3_statement_backend::loadOne: database or disk is full on 44.204.146.210:11625
2026-03-04T12:11:12.252 GCDDN [Overlay ERROR] PeerManager::store error: sqlite3_statement_backend::loadOne: database or disk is full on 44.213.67.110:11625
2026-03-04T12:11:12.253 GCDDN [Overlay ERROR] PeerManager::store error: sqlite3_statement_backend::loadOne: database or disk is full on 44.203.24.1:30400
2026-03-04T12:11:12.255 GCDDN [Overlay ERROR] PeerManager::store error: sqlite3_statement_backend::loadOne: database or disk is full on 18.220.162.149:11725
2026-03-04T12:11:12.256 GCDDN [Overlay ERROR] PeerManager::store error: sqlite3_statement_backend::loadOne: database or disk is full on 64.23.228.195:11625
2026-03-04T12:11:12.257 GCDDN [Overlay ERROR] PeerManager::store error: sqlite3_statement_backend::loadOne: database or disk is full on 185.91.122.95:11725
2026-03-04T12:11:12.259 GCDDN [Overlay ERROR] PeerManager::store error: sqlite3_statement_backend::loadOne: database or disk is full on 52.91.130.193:30020
2026-03-04T12:11:12.261 GCDDN [Overlay ERROR] PeerManager::store error: sqlite3_statement_backend::loadOne: database or disk is full on 18.201.51.16:30020
2026-03-04T12:11:12.263 GCDDN [Overlay ERROR] PeerManager::store error: sqlite3_statement_backend::loadOne: database or disk is full on 3.238.52.233:30400
2026-03-04T12:11:12.265 GCDDN [Overlay ERROR] PeerManager::store error: sqlite3_statement_backend::loadOne: database or disk is full on 185.255.131.210:11625
2026-03-04T12:11:12.267 GCDDN [Overlay ERROR] PeerManager::store error: sqlite3_statement_backend::loadOne: database or disk is full on 147.92.159.184:11725
2026-03-04T12:11:12.268 GCDDN [Overlay ERROR] PeerManager::store error: sqlite3_statement_backend::loadOne: database or disk is full on 200.129.247.55:11625
2026-03-04T12:11:12.270 GCDDN [Overlay ERROR] PeerManager::store error: sqlite3_statement_backend::loadOne: database or disk is full on 34.241.153.42:30020
2026-03-04T12:11:12.271 GCDDN [Overlay ERROR] PeerManager::store error: sqlite3_statement_backend::loadOne: database or disk is full on 200.129.247.110:11825
2026-03-04T12:11:12.272 GCDDN [Overlay ERROR] PeerManager::store error: sqlite3_statement_backend::loadOne: database or disk is full on 91.67.122.127:11625
2026-03-04T12:11:12.273 GCDDN [Overlay ERROR] PeerManager::store error: sqlite3_statement_backend::loadOne: database or disk is full on 3.150.21.71:11725
2026-03-04T12:11:12.275 GCDDN [Overlay ERROR] PeerManager::store error: sqlite3_statement_backend::loadOne: database or disk is full on 184.72.81.138:30020
2026-03-04T12:11:12.276 GCDDN [Overlay ERROR] PeerManager::store error: sqlite3_statement_backend::loadOne: database or disk is full on 3.249.87.23:30020
2026-03-04T12:11:12.278 GCDDN [Overlay ERROR] PeerManager::store error: sqlite3_statement_backend::loadOne: database or disk is full on 173.244.202.69:11725
2026-03-04T12:11:12.279 GCDDN [Overlay ERROR] PeerManager::store error: sqlite3_statement_backend::loadOne: database or disk is full on 18.201.241.124:30020
2026-03-04T12:11:12.281 GCDDN [Overlay ERROR] PeerManager::store error: sqlite3_statement_backend::loadOne: database or disk is full on 3.235.16.197:30020
2026-03-04T12:11:12.282 GCDDN [Overlay ERROR] PeerManager::store error: sqlite3_statement_backend::loadOne: database or disk is full on 34.229.162.244:30020
2026-03-04T12:11:12.283 GCDDN [Overlay ERROR] PeerManager::store error: sqlite3_statement_backend::loadOne: database or disk is full on 174.138.52.29:11625
2026-03-04T12:11:12.285 GCDDN [Overlay ERROR] PeerManager::store error: sqlite3_statement_backend::loadOne: database or disk is full on 91.242.214.69:11625
2026-03-04T12:11:12.286 GCDDN [Overlay ERROR] PeerManager::store error: sqlite3_statement_backend::loadOne: database or disk is full on 200.129.247.42:11625
2026-03-04T12:11:12.288 GCDDN [Overlay ERROR] PeerManager::store error: sqlite3_statement_backend::loadOne: database or disk is full on 198.199.88.228:11625
2026-03-04T12:11:12.289 GCDDN [Overlay ERROR] PeerManager::store error: sqlite3_statement_backend::loadOne: database or disk is full on 216.169.132.69:11625
2026-03-04T12:11:12.290 GCDDN [Overlay ERROR] PeerManager::store error: sqlite3_statement_backend::loadOne: database or disk is full on 3.134.225.19:11725
2026-03-04T12:11:12.291 GCDDN [Overlay ERROR] PeerManager::store error: sqlite3_statement_backend::loadOne: database or disk is full on 160.155.38.109:11625
2026-03-04T12:11:12.291 GCDDN [Overlay ERROR] PeerManager::store error: sqlite3_statement_backend::loadOne: database or disk is full on 216.169.132.56:11625
2026-03-04T12:11:12.293 GCDDN [Overlay ERROR] PeerManager::store error: sqlite3_statement_backend::loadOne: database or disk is full on 172.18.0.1:11825
2026-03-04T12:11:12.295 GCDDN [Overlay ERROR] PeerManager::store error: sqlite3_statement_backend::loadOne: database or disk is full on 206.125.34.196:11725
2026-03-04T12:11:12.296 GCDDN [Overlay ERROR] PeerManager::store error: sqlite3_statement_backend::loadOne: database or disk is full on 147.92.216.66:11825
2026-03-04T12:11:12.297 GCDDN [Overlay ERROR] PeerManager::store error: sqlite3_statement_backend::loadOne: database or disk is full on 34.227.52.150:30020
2026-03-04T12:11:12.298 GCDDN [Overlay ERROR] PeerManager::store error: sqlite3_statement_backend::loadOne: database or disk is full on 35.175.229.79:30400
2026-03-04T12:11:12.300 GCDDN [Overlay ERROR] PeerManager::store error: sqlite3_statement_backend::loadOne: database or disk is full on 24.252.206.200:11625
2026-03-04T12:11:12.302 GCDDN [Overlay ERROR] PeerManager::store error: sqlite3_statement_backend::loadOne: database or disk is full on 50.16.48.217:30020
2026-03-04T12:11:12.303 GCDDN [Overlay ERROR] PeerManager::store error: sqlite3_statement_backend::loadOne: database or disk is full on 64.23.179.161:11625
2026-03-04T12:11:12.304 GCDDN [Overlay ERROR] PeerManager::store error: sqlite3_statement_backend::loadOne: database or disk is full on 3.95.1.43:30400
2026-03-04T12:11:12.305 GCDDN [Overlay ERROR] PeerManager::store error: sqlite3_statement_backend::loadOne: database or disk is full on 54.236.21.197:30020
2026-03-04T12:11:12.679 GCDDN [Overlay ERROR] PeerManager::store error: sqlite3_statement_backend::loadOne: database or disk is full on 44.203.24.1:30400
2026-03-04T12:11:12.679 GCDDN [Overlay INFO] Authenticated to 44.203.24.1:30400
2026-03-04T12:11:12.705 GCDDN [Overlay ERROR] PeerManager::store error: sqlite3_statement_backend::loadOne: database or disk is full on 18.220.162.149:11725
2026-03-04T12:11:12.705 GCDDN [Overlay INFO] Authenticated to 18.220.162.149:11725
2026-03-04T12:11:12.706 GCDDN [Overlay ERROR] PeerManager::store error: sqlite3_statement_backend::loadOne: database or disk is full on 34.245.167.15:30020
2026-03-04T12:11:12.707 GCDDN [Overlay ERROR] PeerManager::store error: sqlite3_statement_backend::loadOne: database or disk is full on 13.221.18.144:30020
2026-03-04T12:11:12.822 GCDDN [Overlay ERROR] PeerManager::store error: sqlite3_statement_backend::loadOne: database or disk is full on 64.23.228.195:11625
2026-03-04T12:11:12.822 GCDDN [Overlay INFO] Authenticated to 64.23.228.195:11625
2026-03-04T12:11:12.825 GCDDN [Overlay ERROR] PeerManager::store error: sqlite3_statement_backend::loadOne: database or disk is full on 147.92.216.66:11625
2026-03-04T12:11:12.826 GCDDN [Overlay ERROR] PeerManager::store error: sqlite3_statement_backend::loadOne: database or disk is full on 216.169.132.69:11825
2026-03-04T12:11:14.959 GCDDN [SCP FATAL] Exception: Cannot commit transaction. database or disk is full
2026-03-04T12:11:14.960 GCDDN [SCP FATAL] SCP context (GCDDN): 
2026-03-04T12:11:14.962 GCDDN [SCP FATAL] {
   "ballotProtocol" : {
      "ballot" : "(4294967295,[ SIGNED@sdf_testnet_2 txH: d20f15, ct: 1772626018, upgrades: [ ] ])",
      "heard" : false,
      "phase" : "EXTERNALIZE",
      "state" : "i: 1325248 | EXTERNALIZE | b: (4294967295,[ SIGNED@sdf_testnet_2 txH: d20f15, ct: 1772626018, upgrades: [ ] ]) | p: (4294967295,[ SIGNED@sdf_testnet_2 txH: d20f15, ct: 1772626018, upgrades: [ ] ]) | p': (<null_ballot>) | h: (4294967295,[ SIGNED@sdf_testnet_2 txH: d20f15, ct: 1772626018, upgrades: [ ] ]) | c: (1,[ SIGNED@sdf_testnet_2 txH: d20f15, ct: 1772626018, upgrades: [ ] ]) | M: 3"
   },
   "nomination" : {
      "roundnumber" : 0,
      "started" : false
   },
   "quorum_sets" : {
      "59d361" : {
         "t" : 2,
         "v" : [ "sdf_testnet_2", "sdf_testnet_3", "sdf_testnet_1" ]
      }
   },
   "statements" : [
      [
         1772626274,
         "{ENV@sdf_testnet_1 |  i: 1325248 | EXTERNALIZE | c: (1,[ SIGNED@sdf_testnet_2 txH: d20f15, ct: 1772626018, upgrades: [ ] ]) | h.n: 1 | (lastD): 59d361 }",
         false
      ],
      [
         1772626274,
         "{ENV@sdf_testnet_3 |  i: 1325248 | EXTERNALIZE | c: (1,[ SIGNED@sdf_testnet_2 txH: d20f15, ct: 1772626018, upgrades: [ ] ]) | h.n: 1 | (lastD): 59d361 }",
         false
      ],
      [
         1772626274,
         "{ENV@GCDDN |  i: 1325248 | PREPARE | D: 59d361 | b: (0,[:empty:]) | p: (4294967295,[ SIGNED@sdf_testnet_2 txH: d20f15, ct: 1772626018, upgrades: [ ] ]) | p': (<null_ballot>) | c.n: 0 | h.n: 0 }",
         false
      ],
      [
         1772626274,
         "{ENV@GCDDN |  i: 1325248 | PREPARE | D: 59d361 | b: (4294967295,[ SIGNED@sdf_testnet_2 txH: d20f15, ct: 1772626018, upgrades: [ ] ]) | p: (4294967295,[ SIGNED@sdf_testnet_2 txH: d20f15, ct: 1772626018, upgrades: [ ] ]) | p': (<null_ballot>) | c.n: 4294967295 | h.n: 4294967295 }",
         false
      ],
      [
         1772626274,
         "{ENV@GCDDN |  i: 1325248 | CONFIRM | D: 59d361 | b: (4294967295,[ SIGNED@sdf_testnet_2 txH: d20f15, ct: 1772626018, upgrades: [ ] ]) | p.n: 4294967295 | c.n: 1 | h.n: 4294967295 }",
         false
      ],
      [
         1772626274,
         "{ENV@GCDDN |  i: 1325248 | EXTERNALIZE | c: (1,[ SIGNED@sdf_testnet_2 txH: d20f15, ct: 1772626018, upgrades: [ ] ]) | h.n: 4294967295 | (lastD): 59d361 }",
         false
      ]
   ],
   "validated" : false
}

2026-03-04T12:11:14.962 GCDDN [SCP FATAL] Exception processing SCP messages at 1325248, envelope: {ENV@GCDDN |  i: 1325248 | CONFIRM | D: 59d361 | b: (4294967295,[ SIGNED@sdf_testnet_2 txH: d20f15, ct: 1772626018, upgrades: [ ] ]) | p.n: 4294967295 | c.n: 1 | h.n: 4294967295 }
2026-03-04T12:11:14.963 GCDDN [SCP FATAL] Please report this bug along with this log file if this was not expected
2026-03-04T12:11:14.963 GCDDN [SCP FATAL] Exception: Cannot commit transaction. database or disk is full
2026-03-04T12:11:14.963 GCDDN [SCP FATAL] SCP context (GCDDN): 
2026-03-04T12:11:14.963 GCDDN [SCP FATAL] {
   "ballotProtocol" : {
      "ballot" : "(4294967295,[ SIGNED@sdf_testnet_2 txH: d20f15, ct: 1772626018, upgrades: [ ] ])",
      "heard" : false,
      "phase" : "EXTERNALIZE",
      "state" : "i: 1325248 | EXTERNALIZE | b: (4294967295,[ SIGNED@sdf_testnet_2 txH: d20f15, ct: 1772626018, upgrades: [ ] ]) | p: (4294967295,[ SIGNED@sdf_testnet_2 txH: d20f15, ct: 1772626018, upgrades: [ ] ]) | p': (<null_ballot>) | h: (4294967295,[ SIGNED@sdf_testnet_2 txH: d20f15, ct: 1772626018, upgrades: [ ] ]) | c: (1,[ SIGNED@sdf_testnet_2 txH: d20f15, ct: 1772626018, upgrades: [ ] ]) | M: 3"
   },
   "nomination" : {
      "roundnumber" : 0,
      "started" : false
   },
   "quorum_sets" : {
      "59d361" : {
         "t" : 2,
         "v" : [ "sdf_testnet_2", "sdf_testnet_3", "sdf_testnet_1" ]
      }
   },
   "statements" : [
      [
         1772626274,
         "{ENV@sdf_testnet_1 |  i: 1325248 | EXTERNALIZE | c: (1,[ SIGNED@sdf_testnet_2 txH: d20f15, ct: 1772626018, upgrades: [ ] ]) | h.n: 1 | (lastD): 59d361 }",
         false
      ],
      [
         1772626274,
         "{ENV@sdf_testnet_3 |  i: 1325248 | EXTERNALIZE | c: (1,[ SIGNED@sdf_testnet_2 txH: d20f15, ct: 1772626018, upgrades: [ ] ]) | h.n: 1 | (lastD): 59d361 }",
         false
      ],
      [
         1772626274,
         "{ENV@GCDDN |  i: 1325248 | PREPARE | D: 59d361 | b: (0,[:empty:]) | p: (4294967295,[ SIGNED@sdf_testnet_2 txH: d20f15, ct: 1772626018, upgrades: [ ] ]) | p': (<null_ballot>) | c.n: 0 | h.n: 0 }",
         false
      ],
      [
         1772626274,
         "{ENV@GCDDN |  i: 1325248 | PREPARE | D: 59d361 | b: (4294967295,[ SIGNED@sdf_testnet_2 txH: d20f15, ct: 1772626018, upgrades: [ ] ]) | p: (4294967295,[ SIGNED@sdf_testnet_2 txH: d20f15, ct: 1772626018, upgrades: [ ] ]) | p': (<null_ballot>) | c.n: 4294967295 | h.n: 4294967295 }",
         false
      ],
      [
         1772626274,
         "{ENV@GCDDN |  i: 1325248 | CONFIRM | D: 59d361 | b: (4294967295,[ SIGNED@sdf_testnet_2 txH: d20f15, ct: 1772626018, upgrades: [ ] ]) | p.n: 4294967295 | c.n: 1 | h.n: 4294967295 }",
         false
      ],
      [
         1772626274,
         "{ENV@GCDDN |  i: 1325248 | EXTERNALIZE | c: (1,[ SIGNED@sdf_testnet_2 txH: d20f15, ct: 1772626018, upgrades: [ ] ]) | h.n: 4294967295 | (lastD): 59d361 }",
         false
      ]
   ],
   "validated" : false
}

2026-03-04T12:11:14.964 GCDDN [SCP FATAL] Exception processing SCP messages at 1325248, envelope: {ENV@GCDDN |  i: 1325248 | PREPARE | D: 59d361 | b: (4294967295,[ SIGNED@sdf_testnet_2 txH: d20f15, ct: 1772626018, upgrades: [ ] ]) | p: (4294967295,[ SIGNED@sdf_testnet_2 txH: d20f15, ct: 1772626018, upgrades: [ ] ]) | p': (<null_ballot>) | c.n: 4294967295 | h.n: 4294967295 }
2026-03-04T12:11:14.964 GCDDN [SCP FATAL] Please report this bug along with this log file if this was not expected
2026-03-04T12:11:14.965 GCDDN [SCP FATAL] Exception: Cannot commit transaction. database or disk is full
2026-03-04T12:11:14.965 GCDDN [SCP FATAL] SCP context (GCDDN): 
2026-03-04T12:11:14.965 GCDDN [SCP FATAL] {
   "ballotProtocol" : {
      "ballot" : "(4294967295,[ SIGNED@sdf_testnet_2 txH: d20f15, ct: 1772626018, upgrades: [ ] ])",
      "heard" : false,
      "phase" : "EXTERNALIZE",
      "state" : "i: 1325248 | EXTERNALIZE | b: (4294967295,[ SIGNED@sdf_testnet_2 txH: d20f15, ct: 1772626018, upgrades: [ ] ]) | p: (4294967295,[ SIGNED@sdf_testnet_2 txH: d20f15, ct: 1772626018, upgrades: [ ] ]) | p': (<null_ballot>) | h: (4294967295,[ SIGNED@sdf_testnet_2 txH: d20f15, ct: 1772626018, upgrades: [ ] ]) | c: (1,[ SIGNED@sdf_testnet_2 txH: d20f15, ct: 1772626018, upgrades: [ ] ]) | M: 3"
   },
   "nomination" : {
      "roundnumber" : 0,
      "started" : false
   },
   "quorum_sets" : {
      "59d361" : {
         "t" : 2,
         "v" : [ "sdf_testnet_2", "sdf_testnet_3", "sdf_testnet_1" ]
      }
   },
   "statements" : [
      [
         1772626274,
         "{ENV@sdf_testnet_1 |  i: 1325248 | EXTERNALIZE | c: (1,[ SIGNED@sdf_testnet_2 txH: d20f15, ct: 1772626018, upgrades: [ ] ]) | h.n: 1 | (lastD): 59d361 }",
         false
      ],
      [
         1772626274,
         "{ENV@sdf_testnet_3 |  i: 1325248 | EXTERNALIZE | c: (1,[ SIGNED@sdf_testnet_2 txH: d20f15, ct: 1772626018, upgrades: [ ] ]) | h.n: 1 | (lastD): 59d361 }",
         false
      ],
      [
         1772626274,
         "{ENV@GCDDN |  i: 1325248 | PREPARE | D: 59d361 | b: (0,[:empty:]) | p: (4294967295,[ SIGNED@sdf_testnet_2 txH: d20f15, ct: 1772626018, upgrades: [ ] ]) | p': (<null_ballot>) | c.n: 0 | h.n: 0 }",
         false
      ],
      [
         1772626274,
         "{ENV@GCDDN |  i: 1325248 | PREPARE | D: 59d361 | b: (4294967295,[ SIGNED@sdf_testnet_2 txH: d20f15, ct: 1772626018, upgrades: [ ] ]) | p: (4294967295,[ SIGNED@sdf_testnet_2 txH: d20f15, ct: 1772626018, upgrades: [ ] ]) | p': (<null_ballot>) | c.n: 4294967295 | h.n: 4294967295 }",
         false
      ],
      [
         1772626274,
         "{ENV@GCDDN |  i: 1325248 | CONFIRM | D: 59d361 | b: (4294967295,[ SIGNED@sdf_testnet_2 txH: d20f15, ct: 1772626018, upgrades: [ ] ]) | p.n: 4294967295 | c.n: 1 | h.n: 4294967295 }",
         false
      ],
      [
         1772626274,
         "{ENV@GCDDN |  i: 1325248 | EXTERNALIZE | c: (1,[ SIGNED@sdf_testnet_2 txH: d20f15, ct: 1772626018, upgrades: [ ] ]) | h.n: 4294967295 | (lastD): 59d361 }",
         false
      ]
   ],
   "validated" : false
}

2026-03-04T12:11:14.967 GCDDN [SCP FATAL] Exception processing SCP messages at 1325248, envelope: {ENV@GCDDN |  i: 1325248 | PREPARE | D: 59d361 | b: (0,[:empty:]) | p: (4294967295,[ SIGNED@sdf_testnet_2 txH: d20f15, ct: 1772626018, upgrades: [ ] ]) | p': (<null_ballot>) | c.n: 0 | h.n: 0 }
2026-03-04T12:11:14.967 GCDDN [SCP FATAL] Please report this bug along with this log file if this was not expected
2026-03-04T12:11:14.967 GCDDN [SCP FATAL] Exception: Cannot commit transaction. database or disk is full
2026-03-04T12:11:14.968 GCDDN [SCP FATAL] SCP context (GCDDN): 
2026-03-04T12:11:14.968 GCDDN [SCP FATAL] {
   "ballotProtocol" : {
      "ballot" : "(4294967295,[ SIGNED@sdf_testnet_2 txH: d20f15, ct: 1772626018, upgrades: [ ] ])",
      "heard" : false,
      "phase" : "EXTERNALIZE",
      "state" : "i: 1325248 | EXTERNALIZE | b: (4294967295,[ SIGNED@sdf_testnet_2 txH: d20f15, ct: 1772626018, upgrades: [ ] ]) | p: (4294967295,[ SIGNED@sdf_testnet_2 txH: d20f15, ct: 1772626018, upgrades: [ ] ]) | p': (<null_ballot>) | h: (4294967295,[ SIGNED@sdf_testnet_2 txH: d20f15, ct: 1772626018, upgrades: [ ] ]) | c: (1,[ SIGNED@sdf_testnet_2 txH: d20f15, ct: 1772626018, upgrades: [ ] ]) | M: 3"
   },
   "nomination" : {
      "roundnumber" : 0,
      "started" : false
   },
   "quorum_sets" : {
      "59d361" : {
         "t" : 2,
         "v" : [ "sdf_testnet_2", "sdf_testnet_3", "sdf_testnet_1" ]
      }
   },
   "statements" : [
      [
         1772626274,
         "{ENV@sdf_testnet_1 |  i: 1325248 | EXTERNALIZE | c: (1,[ SIGNED@sdf_testnet_2 txH: d20f15, ct: 1772626018, upgrades: [ ] ]) | h.n: 1 | (lastD): 59d361 }",
         false
      ],
      [
         1772626274,
         "{ENV@sdf_testnet_3 |  i: 1325248 | EXTERNALIZE | c: (1,[ SIGNED@sdf_testnet_2 txH: d20f15, ct: 1772626018, upgrades: [ ] ]) | h.n: 1 | (lastD): 59d361 }",
         false
      ],
      [
         1772626274,
         "{ENV@GCDDN |  i: 1325248 | PREPARE | D: 59d361 | b: (0,[:empty:]) | p: (4294967295,[ SIGNED@sdf_testnet_2 txH: d20f15, ct: 1772626018, upgrades: [ ] ]) | p': (<null_ballot>) | c.n: 0 | h.n: 0 }",
         false
      ],
      [
         1772626274,
         "{ENV@GCDDN |  i: 1325248 | PREPARE | D: 59d361 | b: (4294967295,[ SIGNED@sdf_testnet_2 txH: d20f15, ct: 1772626018, upgrades: [ ] ]) | p: (4294967295,[ SIGNED@sdf_testnet_2 txH: d20f15, ct: 1772626018, upgrades: [ ] ]) | p': (<null_ballot>) | c.n: 4294967295 | h.n: 4294967295 }",
         false
      ],
      [
         1772626274,
         "{ENV@GCDDN |  i: 1325248 | CONFIRM | D: 59d361 | b: (4294967295,[ SIGNED@sdf_testnet_2 txH: d20f15, ct: 1772626018, upgrades: [ ] ]) | p.n: 4294967295 | c.n: 1 | h.n: 4294967295 }",
         false
      ],
      [
         1772626274,
         "{ENV@GCDDN |  i: 1325248 | EXTERNALIZE | c: (1,[ SIGNED@sdf_testnet_2 txH: d20f15, ct: 1772626018, upgrades: [ ] ]) | h.n: 4294967295 | (lastD): 59d361 }",
         false
      ]
   ],
   "validated" : false
}

2026-03-04T12:11:14.969 GCDDN [SCP FATAL] Exception processing SCP messages at 1325248, envelope: {ENV@sdf_testnet_3 |  i: 1325248 | EXTERNALIZE | c: (1,[ SIGNED@sdf_testnet_2 txH: d20f15, ct: 1772626018, upgrades: [ ] ]) | h.n: 1 | (lastD): 59d361 }
2026-03-04T12:11:14.970 GCDDN [SCP FATAL] Please report this bug along with this log file if this was not expected
