2026-03-03T15:09:08.195 GCA5E [default INFO] Starting stellar-core v25.1.1
2026-03-03T15:09:08.197 GCA5E [Database INFO] Connecting to: sqlite3:///opt/stellar/core/stellar.db
2026-03-03T15:09:08.205 GCA5E [SCP INFO] LocalNode::LocalNode@GCA5E qSet: 59d361
2026-03-03T15:09:08.205 GCA5E [Database INFO] DB schema is in current version
2026-03-03T15:09:08.205 GCA5E [default INFO] Listening on 0.0.0.0:11626 for HTTP requests
2026-03-03T15:09:08.205 GCA5E [Bucket INFO] BucketListDB enabled: pageSizeExponent: 14 indexCutOff: 20MB, persist indexes: true
2026-03-03T15:09:08.206 GCA5E [default INFO] Connection effective settings:
2026-03-03T15:09:08.206 GCA5E [default INFO] TARGET_PEER_CONNECTIONS: 8
2026-03-03T15:09:08.206 GCA5E [default INFO] MAX_ADDITIONAL_PEER_CONNECTIONS: 64
2026-03-03T15:09:08.206 GCA5E [default INFO] MAX_PENDING_CONNECTIONS: 500
2026-03-03T15:09:08.206 GCA5E [default INFO] MAX_OUTBOUND_PENDING_CONNECTIONS: 56
2026-03-03T15:09:08.206 GCA5E [default INFO] MAX_INBOUND_PENDING_CONNECTIONS: 444
2026-03-03T15:09:08.206 GCA5E [default INFO] BACKGROUND_OVERLAY_PROCESSING=true
2026-03-03T15:09:08.206 GCA5E [default INFO] PARALLEL_LEDGER_APPLY=true
2026-03-03T15:09:08.206 GCA5E [History INFO] Archive 'sdf_testnet_1' has 'get' command only, will not be written
2026-03-03T15:09:08.206 GCA5E [History INFO] Archive 'sdf_testnet_2' has 'get' command only, will not be written
2026-03-03T15:09:08.206 GCA5E [History INFO] Archive 'sdf_testnet_3' has 'get' command only, will not be written
2026-03-03T15:09:08.206 GCA5E [History WARNING] No writable archives configured, history will not be written.
2026-03-03T15:09:08.206 GCA5E [Ledger INFO] Starting up application
2026-03-03T15:09:08.206 GCA5E [Ledger INFO] Last closed ledger (LCL) hash is bb5348e263dc812d4fc2ada832acadf77b38248092caeae806251a9d7fba4cbe
2026-03-03T15:09:08.207 GCA5E [Ledger INFO] Loaded LCL header from database: [seq=1310157, hash=bb5348]
2026-03-03T15:09:08.207 GCA5E [default INFO] Establishing 10-entry connection pool to: sqlite3:///opt/stellar/core/stellar.db
2026-03-03T15:09:08.680 GCA5E [Ledger INFO] Assumed bucket-state for LCL: [seq=1310157, hash=bb5348]
2026-03-03T15:09:08.681 GCA5E [default INFO] Launching 1 loading and 5 compiling background threads
2026-03-03T15:09:08.925 GCA5E [default INFO] Compiled 1684 contracts (45055210 bytes of Wasm) in 243ms real time, 1177ms CPU time
2026-03-03T15:09:11.189 GCA5E [Overlay INFO] Binding to endpoint 0.0.0.0:11625
2026-03-03T15:09:11.197 GCA5E [History INFO] Downloading history archive state: .well-known/stellar-history.json
2026-03-03T15:09:11.568 GCA5E [Process WARNING] process 3052 exited 23: curl -sf http://history.stellar.org/prd/core-testnet/core_testnet_001/.well-known/stellar-history.json -o buckets/tmp/history-662fa3870f467eb9/c1c926bc4dec0779-stellar-history.json
2026-03-03T15:09:11.568 GCA5E [History WARNING] Could not download file: archive sdf_testnet_1 maybe missing file .well-known/stellar-history.json
2026-03-03T15:09:11.568 GCA5E [History ERROR] Could not download .well-known/stellar-history.json file: corrupt archive sdf_testnet_1
2026-03-03T15:09:11.570 GCA5E [History ERROR] Failed to obtain archive information: sdf_testnet_1
2026-03-03T15:09:13.452 GCA5E [Overlay ERROR] PeerManager::store error: sqlite3_statement_backend::loadOne: database or disk is full on 98.91.174.101:11625
2026-03-03T15:09:13.452 GCA5E [Overlay ERROR] PeerManager::store error: sqlite3_statement_backend::loadOne: database or disk is full on 44.204.146.210:11625
2026-03-03T15:09:13.453 GCA5E [Overlay ERROR] PeerManager::store error: sqlite3_statement_backend::loadOne: database or disk is full on 44.213.67.110:11625
2026-03-03T15:09:13.454 GCA5E [Overlay ERROR] PeerManager::store error: sqlite3_statement_backend::loadOne: database or disk is full on 3.21.151.231:11725
2026-03-03T15:09:13.455 GCA5E [Overlay ERROR] PeerManager::store error: sqlite3_statement_backend::loadOne: database or disk is full on 54.175.126.219:11625
2026-03-03T15:09:13.456 GCA5E [Overlay ERROR] PeerManager::store error: sqlite3_statement_backend::loadOne: database or disk is full on 13.223.55.158:11625
2026-03-03T15:09:13.457 GCA5E [Overlay ERROR] PeerManager::store error: sqlite3_statement_backend::loadOne: database or disk is full on 172.18.0.1:11625
2026-03-03T15:09:13.458 GCA5E [Overlay ERROR] PeerManager::store error: sqlite3_statement_backend::loadOne: database or disk is full on 3.18.193.104:11725
2026-03-03T15:09:13.459 GCA5E [Overlay ERROR] PeerManager::store error: sqlite3_statement_backend::loadOne: database or disk is full on 172.18.0.1:11725
2026-03-03T15:09:13.460 GCA5E [Overlay ERROR] PeerManager::store error: sqlite3_statement_backend::loadOne: database or disk is full on 18.189.252.66:11725
2026-03-03T15:09:13.460 GCA5E [Overlay ERROR] PeerManager::store error: sqlite3_statement_backend::loadOne: database or disk is full on 91.67.122.127:11625
2026-03-03T15:09:13.461 GCA5E [Overlay ERROR] PeerManager::store error: sqlite3_statement_backend::loadOne: database or disk is full on 18.206.213.41:30020
2026-03-03T15:09:13.462 GCA5E [Overlay ERROR] PeerManager::store error: sqlite3_statement_backend::loadOne: database or disk is full on 18.201.51.16:30020
2026-03-03T15:09:13.462 GCA5E [Overlay ERROR] PeerManager::store error: sqlite3_statement_backend::loadOne: database or disk is full on 200.129.247.110:11625
2026-03-03T15:09:13.463 GCA5E [Overlay ERROR] PeerManager::store error: sqlite3_statement_backend::loadOne: database or disk is full on 3.95.1.43:30400
2026-03-03T15:09:13.464 GCA5E [Overlay ERROR] PeerManager::store error: sqlite3_statement_backend::loadOne: database or disk is full on 54.90.248.176:30020
2026-03-03T15:09:13.464 GCA5E [Overlay ERROR] PeerManager::store error: sqlite3_statement_backend::loadOne: database or disk is full on 54.174.219.130:30400
2026-03-03T15:09:13.465 GCA5E [Overlay ERROR] PeerManager::store error: sqlite3_statement_backend::loadOne: database or disk is full on 185.255.131.210:11625
2026-03-03T15:09:13.466 GCA5E [Overlay ERROR] PeerManager::store error: sqlite3_statement_backend::loadOne: database or disk is full on 3.255.82.225:30020
2026-03-03T15:09:13.467 GCA5E [Overlay ERROR] PeerManager::store error: sqlite3_statement_backend::loadOne: database or disk is full on 200.129.247.138:11625
2026-03-03T15:09:13.468 GCA5E [Overlay ERROR] PeerManager::store error: sqlite3_statement_backend::loadOne: database or disk is full on 3.238.52.233:30400
2026-03-03T15:09:13.468 GCA5E [Overlay ERROR] PeerManager::store error: sqlite3_statement_backend::loadOne: database or disk is full on 3.150.21.71:11725
2026-03-03T15:09:13.469 GCA5E [Overlay ERROR] PeerManager::store error: sqlite3_statement_backend::loadOne: database or disk is full on 200.129.247.114:11625
2026-03-03T15:09:13.470 GCA5E [Overlay ERROR] PeerManager::store error: sqlite3_statement_backend::loadOne: database or disk is full on 198.199.88.228:11625
2026-03-03T15:09:13.471 GCA5E [Overlay ERROR] PeerManager::store error: sqlite3_statement_backend::loadOne: database or disk is full on 200.129.247.145:11625
2026-03-03T15:09:13.472 GCA5E [Overlay ERROR] PeerManager::store error: sqlite3_statement_backend::loadOne: database or disk is full on 65.109.51.179:11625
2026-03-03T15:09:13.473 GCA5E [Overlay ERROR] PeerManager::store error: sqlite3_statement_backend::loadOne: database or disk is full on 50.16.48.217:30020
2026-03-03T15:09:13.474 GCA5E [Overlay ERROR] PeerManager::store error: sqlite3_statement_backend::loadOne: database or disk is full on 13.217.88.18:8009
2026-03-03T15:09:13.474 GCA5E [Overlay ERROR] PeerManager::store error: sqlite3_statement_backend::loadOne: database or disk is full on 54.163.22.184:30020
2026-03-03T15:09:13.475 GCA5E [Overlay ERROR] PeerManager::store error: sqlite3_statement_backend::loadOne: database or disk is full on 34.245.167.15:30020
2026-03-03T15:09:13.476 GCA5E [Overlay ERROR] PeerManager::store error: sqlite3_statement_backend::loadOne: database or disk is full on 148.113.140.57:11625
2026-03-03T15:09:13.477 GCA5E [Overlay ERROR] PeerManager::store error: sqlite3_statement_backend::loadOne: database or disk is full on 3.134.225.19:11725
2026-03-03T15:09:13.478 GCA5E [Overlay ERROR] PeerManager::store error: sqlite3_statement_backend::loadOne: database or disk is full on 174.138.52.29:11625
2026-03-03T15:09:13.479 GCA5E [Overlay ERROR] PeerManager::store error: sqlite3_statement_backend::loadOne: database or disk is full on 135.181.229.215:11628
2026-03-03T15:09:13.480 GCA5E [Overlay ERROR] PeerManager::store error: sqlite3_statement_backend::loadOne: database or disk is full on 3.147.147.12:11725
2026-03-03T15:09:13.853 GCA5E [Overlay ERROR] PeerManager::store error: sqlite3_statement_backend::loadOne: database or disk is full on 54.175.126.219:11625
2026-03-03T15:09:13.853 GCA5E [Overlay INFO] Authenticated to 54.175.126.219:11625
2026-03-03T15:09:13.854 GCA5E [Overlay ERROR] PeerManager::store error: sqlite3_statement_backend::loadOne: database or disk is full on 34.227.52.150:30020
2026-03-03T15:09:13.855 GCA5E [Overlay ERROR] PeerManager::store error: sqlite3_statement_backend::loadOne: database or disk is full on 13.223.55.158:11625
2026-03-03T15:09:13.855 GCA5E [Overlay INFO] Authenticated to 13.223.55.158:11625
2026-03-03T15:09:13.856 GCA5E [Overlay ERROR] PeerManager::store error: sqlite3_statement_backend::loadOne: database or disk is full on 200.129.247.139:11825
2026-03-03T15:09:13.898 GCA5E [Overlay ERROR] PeerManager::store error: sqlite3_statement_backend::loadOne: database or disk is full on 3.21.151.231:11725
2026-03-03T15:09:13.899 GCA5E [Overlay INFO] Authenticated to 3.21.151.231:11725
2026-03-03T15:09:13.901 GCA5E [Overlay ERROR] PeerManager::store error: sqlite3_statement_backend::loadOne: database or disk is full on 200.129.247.139:11725
2026-03-03T15:09:16.092 GCA5E [SCP FATAL] Exception: Cannot commit transaction. database or disk is full
2026-03-03T15:09:16.093 GCA5E [SCP FATAL] SCP context (GCA5E): 
2026-03-03T15:09:16.093 GCA5E [SCP FATAL] {
   "ballotProtocol" : {
      "ballot" : "(4294967295,[ SIGNED@sdf_testnet_2 txH: e4eb65, ct: 1772550414, upgrades: [ ] ])",
      "heard" : false,
      "phase" : "EXTERNALIZE",
      "state" : "i: 1310144 | EXTERNALIZE | b: (4294967295,[ SIGNED@sdf_testnet_2 txH: e4eb65, ct: 1772550414, upgrades: [ ] ]) | p: (4294967295,[ SIGNED@sdf_testnet_2 txH: e4eb65, ct: 1772550414, upgrades: [ ] ]) | p': (<null_ballot>) | h: (4294967295,[ SIGNED@sdf_testnet_2 txH: e4eb65, ct: 1772550414, upgrades: [ ] ]) | c: (1,[ SIGNED@sdf_testnet_2 txH: e4eb65, ct: 1772550414, upgrades: [ ] ]) | M: 3"
   },
   "nomination" : {
      "roundnumber" : 0,
      "started" : false
   },
   "quorum_sets" : {
      "59d361" : {
         "t" : 2,
         "v" : [ "sdf_testnet_2", "sdf_testnet_3", "sdf_testnet_1" ]
      }
   },
   "statements" : [
      [
         1772550556,
         "{ENV@sdf_testnet_1 |  i: 1310144 | EXTERNALIZE | c: (1,[ SIGNED@sdf_testnet_2 txH: e4eb65, ct: 1772550414, upgrades: [ ] ]) | h.n: 1 | (lastD): 59d361 }",
         false
      ],
      [
         1772550556,
         "{ENV@sdf_testnet_3 |  i: 1310144 | EXTERNALIZE | c: (1,[ SIGNED@sdf_testnet_2 txH: e4eb65, ct: 1772550414, upgrades: [ ] ]) | h.n: 1 | (lastD): 59d361 }",
         false
      ],
      [
         1772550556,
         "{ENV@GCA5E |  i: 1310144 | PREPARE | D: 59d361 | b: (0,[:empty:]) | p: (4294967295,[ SIGNED@sdf_testnet_2 txH: e4eb65, ct: 1772550414, upgrades: [ ] ]) | p': (<null_ballot>) | c.n: 0 | h.n: 0 }",
         false
      ],
      [
         1772550556,
         "{ENV@GCA5E |  i: 1310144 | PREPARE | D: 59d361 | b: (4294967295,[ SIGNED@sdf_testnet_2 txH: e4eb65, ct: 1772550414, upgrades: [ ] ]) | p: (4294967295,[ SIGNED@sdf_testnet_2 txH: e4eb65, ct: 1772550414, upgrades: [ ] ]) | p': (<null_ballot>) | c.n: 4294967295 | h.n: 4294967295 }",
         false
      ],
      [
         1772550556,
         "{ENV@GCA5E |  i: 1310144 | CONFIRM | D: 59d361 | b: (4294967295,[ SIGNED@sdf_testnet_2 txH: e4eb65, ct: 1772550414, upgrades: [ ] ]) | p.n: 4294967295 | c.n: 1 | h.n: 4294967295 }",
         false
      ],
      [
         1772550556,
         "{ENV@GCA5E |  i: 1310144 | EXTERNALIZE | c: (1,[ SIGNED@sdf_testnet_2 txH: e4eb65, ct: 1772550414, upgrades: [ ] ]) | h.n: 4294967295 | (lastD): 59d361 }",
         false
      ]
   ],
   "validated" : false
}

2026-03-03T15:09:16.094 GCA5E [SCP FATAL] Exception processing SCP messages at 1310144, envelope: {ENV@GCA5E |  i: 1310144 | CONFIRM | D: 59d361 | b: (4294967295,[ SIGNED@sdf_testnet_2 txH: e4eb65, ct: 1772550414, upgrades: [ ] ]) | p.n: 4294967295 | c.n: 1 | h.n: 4294967295 }
2026-03-03T15:09:16.094 GCA5E [SCP FATAL] Please report this bug along with this log file if this was not expected
2026-03-03T15:09:16.094 GCA5E [SCP FATAL] Exception: Cannot commit transaction. database or disk is full
2026-03-03T15:09:16.094 GCA5E [SCP FATAL] SCP context (GCA5E): 
2026-03-03T15:09:16.095 GCA5E [SCP FATAL] {
   "ballotProtocol" : {
      "ballot" : "(4294967295,[ SIGNED@sdf_testnet_2 txH: e4eb65, ct: 1772550414, upgrades: [ ] ])",
      "heard" : false,
      "phase" : "EXTERNALIZE",
      "state" : "i: 1310144 | EXTERNALIZE | b: (4294967295,[ SIGNED@sdf_testnet_2 txH: e4eb65, ct: 1772550414, upgrades: [ ] ]) | p: (4294967295,[ SIGNED@sdf_testnet_2 txH: e4eb65, ct: 1772550414, upgrades: [ ] ]) | p': (<null_ballot>) | h: (4294967295,[ SIGNED@sdf_testnet_2 txH: e4eb65, ct: 1772550414, upgrades: [ ] ]) | c: (1,[ SIGNED@sdf_testnet_2 txH: e4eb65, ct: 1772550414, upgrades: [ ] ]) | M: 3"
   },
   "nomination" : {
      "roundnumber" : 0,
      "started" : false
   },
   "quorum_sets" : {
      "59d361" : {
         "t" : 2,
         "v" : [ "sdf_testnet_2", "sdf_testnet_3", "sdf_testnet_1" ]
      }
   },
   "statements" : [
      [
         1772550556,
         "{ENV@sdf_testnet_1 |  i: 1310144 | EXTERNALIZE | c: (1,[ SIGNED@sdf_testnet_2 txH: e4eb65, ct: 1772550414, upgrades: [ ] ]) | h.n: 1 | (lastD): 59d361 }",
         false
      ],
      [
         1772550556,
         "{ENV@sdf_testnet_3 |  i: 1310144 | EXTERNALIZE | c: (1,[ SIGNED@sdf_testnet_2 txH: e4eb65, ct: 1772550414, upgrades: [ ] ]) | h.n: 1 | (lastD): 59d361 }",
         false
      ],
      [
         1772550556,
         "{ENV@GCA5E |  i: 1310144 | PREPARE | D: 59d361 | b: (0,[:empty:]) | p: (4294967295,[ SIGNED@sdf_testnet_2 txH: e4eb65, ct: 1772550414, upgrades: [ ] ]) | p': (<null_ballot>) | c.n: 0 | h.n: 0 }",
         false
      ],
      [
         1772550556,
         "{ENV@GCA5E |  i: 1310144 | PREPARE | D: 59d361 | b: (4294967295,[ SIGNED@sdf_testnet_2 txH: e4eb65, ct: 1772550414, upgrades: [ ] ]) | p: (4294967295,[ SIGNED@sdf_testnet_2 txH: e4eb65, ct: 1772550414, upgrades: [ ] ]) | p': (<null_ballot>) | c.n: 4294967295 | h.n: 4294967295 }",
         false
      ],
      [
         1772550556,
         "{ENV@GCA5E |  i: 1310144 | CONFIRM | D: 59d361 | b: (4294967295,[ SIGNED@sdf_testnet_2 txH: e4eb65, ct: 1772550414, upgrades: [ ] ]) | p.n: 4294967295 | c.n: 1 | h.n: 4294967295 }",
         false
      ],
      [
         1772550556,
         "{ENV@GCA5E |  i: 1310144 | EXTERNALIZE | c: (1,[ SIGNED@sdf_testnet_2 txH: e4eb65, ct: 1772550414, upgrades: [ ] ]) | h.n: 4294967295 | (lastD): 59d361 }",
         false
      ]
   ],
   "validated" : false
}

2026-03-03T15:09:16.095 GCA5E [SCP FATAL] Exception processing SCP messages at 1310144, envelope: {ENV@GCA5E |  i: 1310144 | PREPARE | D: 59d361 | b: (4294967295,[ SIGNED@sdf_testnet_2 txH: e4eb65, ct: 1772550414, upgrades: [ ] ]) | p: (4294967295,[ SIGNED@sdf_testnet_2 txH: e4eb65, ct: 1772550414, upgrades: [ ] ]) | p': (<null_ballot>) | c.n: 4294967295 | h.n: 4294967295 }
2026-03-03T15:09:16.095 GCA5E [SCP FATAL] Please report this bug along with this log file if this was not expected
2026-03-03T15:09:16.095 GCA5E [SCP FATAL] Exception: Cannot commit transaction. database or disk is full
2026-03-03T15:09:16.095 GCA5E [SCP FATAL] SCP context (GCA5E): 
2026-03-03T15:09:16.096 GCA5E [SCP FATAL] {
   "ballotProtocol" : {
      "ballot" : "(4294967295,[ SIGNED@sdf_testnet_2 txH: e4eb65, ct: 1772550414, upgrades: [ ] ])",
      "heard" : false,
      "phase" : "EXTERNALIZE",
      "state" : "i: 1310144 | EXTERNALIZE | b: (4294967295,[ SIGNED@sdf_testnet_2 txH: e4eb65, ct: 1772550414, upgrades: [ ] ]) | p: (4294967295,[ SIGNED@sdf_testnet_2 txH: e4eb65, ct: 1772550414, upgrades: [ ] ]) | p': (<null_ballot>) | h: (4294967295,[ SIGNED@sdf_testnet_2 txH: e4eb65, ct: 1772550414, upgrades: [ ] ]) | c: (1,[ SIGNED@sdf_testnet_2 txH: e4eb65, ct: 1772550414, upgrades: [ ] ]) | M: 3"
   },
   "nomination" : {
      "roundnumber" : 0,
      "started" : false
   },
   "quorum_sets" : {
      "59d361" : {
         "t" : 2,
         "v" : [ "sdf_testnet_2", "sdf_testnet_3", "sdf_testnet_1" ]
      }
   },
   "statements" : [
      [
         1772550556,
         "{ENV@sdf_testnet_1 |  i: 1310144 | EXTERNALIZE | c: (1,[ SIGNED@sdf_testnet_2 txH: e4eb65, ct: 1772550414, upgrades: [ ] ]) | h.n: 1 | (lastD): 59d361 }",
         false
      ],
      [
         1772550556,
         "{ENV@sdf_testnet_3 |  i: 1310144 | EXTERNALIZE | c: (1,[ SIGNED@sdf_testnet_2 txH: e4eb65, ct: 1772550414, upgrades: [ ] ]) | h.n: 1 | (lastD): 59d361 }",
         false
      ],
      [
         1772550556,
         "{ENV@GCA5E |  i: 1310144 | PREPARE | D: 59d361 | b: (0,[:empty:]) | p: (4294967295,[ SIGNED@sdf_testnet_2 txH: e4eb65, ct: 1772550414, upgrades: [ ] ]) | p': (<null_ballot>) | c.n: 0 | h.n: 0 }",
         false
      ],
      [
         1772550556,
         "{ENV@GCA5E |  i: 1310144 | PREPARE | D: 59d361 | b: (4294967295,[ SIGNED@sdf_testnet_2 txH: e4eb65, ct: 1772550414, upgrades: [ ] ]) | p: (4294967295,[ SIGNED@sdf_testnet_2 txH: e4eb65, ct: 1772550414, upgrades: [ ] ]) | p': (<null_ballot>) | c.n: 4294967295 | h.n: 4294967295 }",
         false
      ],
      [
         1772550556,
         "{ENV@GCA5E |  i: 1310144 | CONFIRM | D: 59d361 | b: (4294967295,[ SIGNED@sdf_testnet_2 txH: e4eb65, ct: 1772550414, upgrades: [ ] ]) | p.n: 4294967295 | c.n: 1 | h.n: 4294967295 }",
         false
      ],
      [
         1772550556,
         "{ENV@GCA5E |  i: 1310144 | EXTERNALIZE | c: (1,[ SIGNED@sdf_testnet_2 txH: e4eb65, ct: 1772550414, upgrades: [ ] ]) | h.n: 4294967295 | (lastD): 59d361 }",
         false
      ]
   ],
   "validated" : false
}

2026-03-03T15:09:16.096 GCA5E [SCP FATAL] Exception processing SCP messages at 1310144, envelope: {ENV@GCA5E |  i: 1310144 | PREPARE | D: 59d361 | b: (0,[:empty:]) | p: (4294967295,[ SIGNED@sdf_testnet_2 txH: e4eb65, ct: 1772550414, upgrades: [ ] ]) | p': (<null_ballot>) | c.n: 0 | h.n: 0 }
2026-03-03T15:09:16.096 GCA5E [SCP FATAL] Please report this bug along with this log file if this was not expected
2026-03-03T15:09:16.096 GCA5E [SCP FATAL] Exception: Cannot commit transaction. database or disk is full
2026-03-03T15:09:16.096 GCA5E [SCP FATAL] SCP context (GCA5E): 
2026-03-03T15:09:16.097 GCA5E [SCP FATAL] {
   "ballotProtocol" : {
      "ballot" : "(4294967295,[ SIGNED@sdf_testnet_2 txH: e4eb65, ct: 1772550414, upgrades: [ ] ])",
      "heard" : false,
      "phase" : "EXTERNALIZE",
      "state" : "i: 1310144 | EXTERNALIZE | b: (4294967295,[ SIGNED@sdf_testnet_2 txH: e4eb65, ct: 1772550414, upgrades: [ ] ]) | p: (4294967295,[ SIGNED@sdf_testnet_2 txH: e4eb65, ct: 1772550414, upgrades: [ ] ]) | p': (<null_ballot>) | h: (4294967295,[ SIGNED@sdf_testnet_2 txH: e4eb65, ct: 1772550414, upgrades: [ ] ]) | c: (1,[ SIGNED@sdf_testnet_2 txH: e4eb65, ct: 1772550414, upgrades: [ ] ]) | M: 3"
   },
   "nomination" : {
      "roundnumber" : 0,
      "started" : false
   },
   "quorum_sets" : {
      "59d361" : {
         "t" : 2,
         "v" : [ "sdf_testnet_2", "sdf_testnet_3", "sdf_testnet_1" ]
      }
   },
   "statements" : [
      [
         1772550556,
         "{ENV@sdf_testnet_1 |  i: 1310144 | EXTERNALIZE | c: (1,[ SIGNED@sdf_testnet_2 txH: e4eb65, ct: 1772550414, upgrades: [ ] ]) | h.n: 1 | (lastD): 59d361 }",
         false
      ],
      [
         1772550556,
         "{ENV@sdf_testnet_3 |  i: 1310144 | EXTERNALIZE | c: (1,[ SIGNED@sdf_testnet_2 txH: e4eb65, ct: 1772550414, upgrades: [ ] ]) | h.n: 1 | (lastD): 59d361 }",
         false
      ],
      [
         1772550556,
         "{ENV@GCA5E |  i: 1310144 | PREPARE | D: 59d361 | b: (0,[:empty:]) | p: (4294967295,[ SIGNED@sdf_testnet_2 txH: e4eb65, ct: 1772550414, upgrades: [ ] ]) | p': (<null_ballot>) | c.n: 0 | h.n: 0 }",
         false
      ],
      [
         1772550556,
         "{ENV@GCA5E |  i: 1310144 | PREPARE | D: 59d361 | b: (4294967295,[ SIGNED@sdf_testnet_2 txH: e4eb65, ct: 1772550414, upgrades: [ ] ]) | p: (4294967295,[ SIGNED@sdf_testnet_2 txH: e4eb65, ct: 1772550414, upgrades: [ ] ]) | p': (<null_ballot>) | c.n: 4294967295 | h.n: 4294967295 }",
         false
      ],
      [
         1772550556,
         "{ENV@GCA5E |  i: 1310144 | CONFIRM | D: 59d361 | b: (4294967295,[ SIGNED@sdf_testnet_2 txH: e4eb65, ct: 1772550414, upgrades: [ ] ]) | p.n: 4294967295 | c.n: 1 | h.n: 4294967295 }",
         false
      ],
      [
         1772550556,
         "{ENV@GCA5E |  i: 1310144 | EXTERNALIZE | c: (1,[ SIGNED@sdf_testnet_2 txH: e4eb65, ct: 1772550414, upgrades: [ ] ]) | h.n: 4294967295 | (lastD): 59d361 }",
         false
      ]
   ],
   "validated" : false
}

2026-03-03T15:09:16.097 GCA5E [SCP FATAL] Exception processing SCP messages at 1310144, envelope: {ENV@sdf_testnet_3 |  i: 1310144 | EXTERNALIZE | c: (1,[ SIGNED@sdf_testnet_2 txH: e4eb65, ct: 1772550414, upgrades: [ ] ]) | h.n: 1 | (lastD): 59d361 }
2026-03-03T15:09:16.097 GCA5E [SCP FATAL] Please report this bug along with this log file if this was not expected
