2026-03-04T12:07:33.014 GBNPC [default INFO] Starting stellar-core v25.1.1
2026-03-04T12:07:33.015 GBNPC [Database INFO] Connecting to: sqlite3:///opt/stellar/core/stellar.db
2026-03-04T12:07:33.024 GBNPC [SCP INFO] LocalNode::LocalNode@GBNPC qSet: 59d361
2026-03-04T12:07:33.024 GBNPC [Database INFO] DB schema is in current version
2026-03-04T12:07:33.024 GBNPC [default INFO] Listening on 0.0.0.0:11626 for HTTP requests
2026-03-04T12:07:33.024 GBNPC [Bucket INFO] BucketListDB enabled: pageSizeExponent: 14 indexCutOff: 20MB, persist indexes: true
2026-03-04T12:07:33.025 GBNPC [default INFO] Connection effective settings:
2026-03-04T12:07:33.025 GBNPC [default INFO] TARGET_PEER_CONNECTIONS: 8
2026-03-04T12:07:33.025 GBNPC [default INFO] MAX_ADDITIONAL_PEER_CONNECTIONS: 64
2026-03-04T12:07:33.025 GBNPC [default INFO] MAX_PENDING_CONNECTIONS: 500
2026-03-04T12:07:33.025 GBNPC [default INFO] MAX_OUTBOUND_PENDING_CONNECTIONS: 56
2026-03-04T12:07:33.025 GBNPC [default INFO] MAX_INBOUND_PENDING_CONNECTIONS: 444
2026-03-04T12:07:33.025 GBNPC [default INFO] BACKGROUND_OVERLAY_PROCESSING=true
2026-03-04T12:07:33.025 GBNPC [default INFO] PARALLEL_LEDGER_APPLY=true
2026-03-04T12:07:33.025 GBNPC [History INFO] Archive 'sdf_testnet_1' has 'get' command only, will not be written
2026-03-04T12:07:33.025 GBNPC [History INFO] Archive 'sdf_testnet_2' has 'get' command only, will not be written
2026-03-04T12:07:33.025 GBNPC [History INFO] Archive 'sdf_testnet_3' has 'get' command only, will not be written
2026-03-04T12:07:33.025 GBNPC [History WARNING] No writable archives configured, history will not be written.
2026-03-04T12:07:33.026 GBNPC [Ledger INFO] Starting up application
2026-03-04T12:07:33.026 GBNPC [Ledger INFO] Last closed ledger (LCL) hash is 3717cc2d58717d0d8a5612cf97b9c2e7c04d1eeb1b77151a59687fae75e4aab6
2026-03-04T12:07:33.026 GBNPC [Ledger INFO] Loaded LCL header from database: [seq=1325251, hash=3717cc]
2026-03-04T12:07:33.026 GBNPC [default INFO] Establishing 10-entry connection pool to: sqlite3:///opt/stellar/core/stellar.db
2026-03-04T12:07:33.529 GBNPC [Ledger INFO] Assumed bucket-state for LCL: [seq=1325251, hash=3717cc]
2026-03-04T12:07:33.529 GBNPC [default INFO] Launching 1 loading and 5 compiling background threads
2026-03-04T12:07:33.789 GBNPC [default INFO] Compiled 1642 contracts (43833304 bytes of Wasm) in 259ms real time, 1249ms CPU time
2026-03-04T12:07:35.699 GBNPC [Overlay INFO] Binding to endpoint 0.0.0.0:11625
2026-03-04T12:07:35.705 GBNPC [History INFO] Downloading history archive state: .well-known/stellar-history.json
2026-03-04T12:07:36.096 GBNPC [History INFO] Downloading history archive state: .well-known/stellar-history.json
2026-03-04T12:07:36.540 GBNPC [History INFO] Downloading history archive state: .well-known/stellar-history.json
2026-03-04T12:07:36.913 GBNPC [Process WARNING] process 4894 exited 23: curl -sf http://history.stellar.org/prd/core-testnet/core_testnet_003/.well-known/stellar-history.json -o buckets/tmp/history-d9bc71e769531f18/426e7f96f4d2d6ab-stellar-history.json
2026-03-04T12:07:36.913 GBNPC [History WARNING] Could not download file: archive sdf_testnet_3 maybe missing file .well-known/stellar-history.json
2026-03-04T12:07:36.914 GBNPC [History ERROR] Could not download .well-known/stellar-history.json file: corrupt archive sdf_testnet_3
2026-03-04T12:07:36.914 GBNPC [History ERROR] Failed to obtain archive information: sdf_testnet_3
2026-03-04T12:07:37.950 GBNPC [Overlay ERROR] PeerManager::store error: sqlite3_statement_backend::loadOne: database or disk is full on 98.91.174.101:11625
2026-03-04T12:07:37.951 GBNPC [Overlay ERROR] PeerManager::store error: sqlite3_statement_backend::loadOne: database or disk is full on 44.204.146.210:11625
2026-03-04T12:07:37.951 GBNPC [Overlay ERROR] PeerManager::store error: sqlite3_statement_backend::loadOne: database or disk is full on 44.213.67.110:11625
2026-03-04T12:07:37.952 GBNPC [Overlay ERROR] PeerManager::store error: sqlite3_statement_backend::loadOne: database or disk is full on 3.85.105.105:11625
2026-03-04T12:07:37.954 GBNPC [Overlay ERROR] PeerManager::store error: sqlite3_statement_backend::loadOne: database or disk is full on 141.98.219.41:11625
2026-03-04T12:07:37.955 GBNPC [Overlay ERROR] PeerManager::store error: sqlite3_statement_backend::loadOne: database or disk is full on 63.35.223.172:30020
2026-03-04T12:07:37.957 GBNPC [Overlay ERROR] PeerManager::store error: sqlite3_statement_backend::loadOne: database or disk is full on 147.92.159.184:11725
2026-03-04T12:07:37.958 GBNPC [Overlay ERROR] PeerManager::store error: sqlite3_statement_backend::loadOne: database or disk is full on 200.129.247.110:11825
2026-03-04T12:07:37.959 GBNPC [Overlay ERROR] PeerManager::store error: sqlite3_statement_backend::loadOne: database or disk is full on 147.92.216.66:11825
2026-03-04T12:07:37.960 GBNPC [Overlay ERROR] PeerManager::store error: sqlite3_statement_backend::loadOne: database or disk is full on 3.249.87.23:30020
2026-03-04T12:07:37.961 GBNPC [Overlay ERROR] PeerManager::store error: sqlite3_statement_backend::loadOne: database or disk is full on 24.252.206.200:11625
2026-03-04T12:07:37.962 GBNPC [Overlay ERROR] PeerManager::store error: sqlite3_statement_backend::loadOne: database or disk is full on 216.169.132.69:11625
2026-03-04T12:07:37.963 GBNPC [Overlay ERROR] PeerManager::store error: sqlite3_statement_backend::loadOne: database or disk is full on 184.72.81.138:30020
2026-03-04T12:07:37.964 GBNPC [Overlay ERROR] PeerManager::store error: sqlite3_statement_backend::loadOne: database or disk is full on 172.18.0.1:11825
2026-03-04T12:07:37.964 GBNPC [Overlay ERROR] PeerManager::store error: sqlite3_statement_backend::loadOne: database or disk is full on 35.175.229.79:30400
2026-03-04T12:07:37.965 GBNPC [Overlay ERROR] PeerManager::store error: sqlite3_statement_backend::loadOne: database or disk is full on 173.244.202.69:11725
2026-03-04T12:07:38.371 GBNPC [Overlay ERROR] PeerManager::store error: sqlite3_statement_backend::loadOne: database or disk is full on 3.85.105.105:11625
2026-03-04T12:07:38.372 GBNPC [Overlay INFO] Authenticated to 3.85.105.105:11625
2026-03-04T12:07:38.372 GBNPC [Overlay ERROR] PeerManager::store error: sqlite3_statement_backend::loadOne: database or disk is full on 13.221.18.144:30020
2026-03-04T12:07:38.410 GBNPC [Overlay ERROR] PeerManager::store error: sqlite3_statement_backend::loadOne: database or disk is full on 141.98.219.41:11625
2026-03-04T12:07:38.410 GBNPC [Overlay INFO] Authenticated to 141.98.219.41:11625
2026-03-04T12:07:38.411 GBNPC [Overlay ERROR] PeerManager::store error: sqlite3_statement_backend::loadOne: database or disk is full on 18.206.213.41:30020
2026-03-04T12:07:38.411 GBNPC [Overlay ERROR] PeerManager::store error: sqlite3_statement_backend::loadOne: database or disk is full on 200.129.247.140:11625
2026-03-04T12:07:38.639 GBNPC [Overlay ERROR] PeerManager::store error: sqlite3_statement_backend::loadOne: database or disk is full on 63.35.223.172:30020
2026-03-04T12:07:38.639 GBNPC [Overlay INFO] Authenticated to 63.35.223.172:30020
2026-03-04T12:07:38.653 GBNPC [SCP FATAL] Exception: Cannot commit transaction. database or disk is full
2026-03-04T12:07:38.653 GBNPC [SCP FATAL] SCP context (GBNPC): 
2026-03-04T12:07:38.654 GBNPC [SCP FATAL] {
   "ballotProtocol" : {
      "ballot" : "(4294967295,[ SIGNED@sdf_testnet_1 txH: 61566c, ct: 1772626023, upgrades: [ ] ])",
      "heard" : false,
      "phase" : "EXTERNALIZE",
      "state" : "i: 1325249 | EXTERNALIZE | b: (4294967295,[ SIGNED@sdf_testnet_1 txH: 61566c, ct: 1772626023, upgrades: [ ] ]) | p: (4294967295,[ SIGNED@sdf_testnet_1 txH: 61566c, ct: 1772626023, upgrades: [ ] ]) | p': (<null_ballot>) | h: (4294967295,[ SIGNED@sdf_testnet_1 txH: 61566c, ct: 1772626023, upgrades: [ ] ]) | c: (1,[ SIGNED@sdf_testnet_1 txH: 61566c, ct: 1772626023, upgrades: [ ] ]) | M: 3"
   },
   "nomination" : {
      "roundnumber" : 0,
      "started" : false
   },
   "quorum_sets" : {
      "59d361" : {
         "t" : 2,
         "v" : [ "sdf_testnet_2", "sdf_testnet_3", "sdf_testnet_1" ]
      }
   },
   "statements" : [
      [
         1772626058,
         "{ENV@sdf_testnet_1 |  i: 1325249 | EXTERNALIZE | c: (1,[ SIGNED@sdf_testnet_1 txH: 61566c, ct: 1772626023, upgrades: [ ] ]) | h.n: 1 | (lastD): 59d361 }",
         false
      ],
      [
         1772626058,
         "{ENV@sdf_testnet_3 |  i: 1325249 | EXTERNALIZE | c: (1,[ SIGNED@sdf_testnet_1 txH: 61566c, ct: 1772626023, upgrades: [ ] ]) | h.n: 1 | (lastD): 59d361 }",
         false
      ],
      [
         1772626058,
         "{ENV@GBNPC |  i: 1325249 | PREPARE | D: 59d361 | b: (0,[:empty:]) | p: (4294967295,[ SIGNED@sdf_testnet_1 txH: 61566c, ct: 1772626023, upgrades: [ ] ]) | p': (<null_ballot>) | c.n: 0 | h.n: 0 }",
         false
      ],
      [
         1772626058,
         "{ENV@GBNPC |  i: 1325249 | PREPARE | D: 59d361 | b: (4294967295,[ SIGNED@sdf_testnet_1 txH: 61566c, ct: 1772626023, upgrades: [ ] ]) | p: (4294967295,[ SIGNED@sdf_testnet_1 txH: 61566c, ct: 1772626023, upgrades: [ ] ]) | p': (<null_ballot>) | c.n: 4294967295 | h.n: 4294967295 }",
         false
      ],
      [
         1772626058,
         "{ENV@GBNPC |  i: 1325249 | CONFIRM | D: 59d361 | b: (4294967295,[ SIGNED@sdf_testnet_1 txH: 61566c, ct: 1772626023, upgrades: [ ] ]) | p.n: 4294967295 | c.n: 1 | h.n: 4294967295 }",
         false
      ],
      [
         1772626058,
         "{ENV@GBNPC |  i: 1325249 | EXTERNALIZE | c: (1,[ SIGNED@sdf_testnet_1 txH: 61566c, ct: 1772626023, upgrades: [ ] ]) | h.n: 4294967295 | (lastD): 59d361 }",
         false
      ]
   ],
   "validated" : false
}

2026-03-04T12:07:38.656 GBNPC [SCP FATAL] Exception processing SCP messages at 1325249, envelope: {ENV@GBNPC |  i: 1325249 | CONFIRM | D: 59d361 | b: (4294967295,[ SIGNED@sdf_testnet_1 txH: 61566c, ct: 1772626023, upgrades: [ ] ]) | p.n: 4294967295 | c.n: 1 | h.n: 4294967295 }
2026-03-04T12:07:38.657 GBNPC [SCP FATAL] Please report this bug along with this log file if this was not expected
2026-03-04T12:07:38.657 GBNPC [SCP FATAL] Exception: Cannot commit transaction. database or disk is full
2026-03-04T12:07:38.658 GBNPC [SCP FATAL] SCP context (GBNPC): 
2026-03-04T12:07:38.658 GBNPC [SCP FATAL] {
   "ballotProtocol" : {
      "ballot" : "(4294967295,[ SIGNED@sdf_testnet_1 txH: 61566c, ct: 1772626023, upgrades: [ ] ])",
      "heard" : false,
      "phase" : "EXTERNALIZE",
      "state" : "i: 1325249 | EXTERNALIZE | b: (4294967295,[ SIGNED@sdf_testnet_1 txH: 61566c, ct: 1772626023, upgrades: [ ] ]) | p: (4294967295,[ SIGNED@sdf_testnet_1 txH: 61566c, ct: 1772626023, upgrades: [ ] ]) | p': (<null_ballot>) | h: (4294967295,[ SIGNED@sdf_testnet_1 txH: 61566c, ct: 1772626023, upgrades: [ ] ]) | c: (1,[ SIGNED@sdf_testnet_1 txH: 61566c, ct: 1772626023, upgrades: [ ] ]) | M: 3"
   },
   "nomination" : {
      "roundnumber" : 0,
      "started" : false
   },
   "quorum_sets" : {
      "59d361" : {
         "t" : 2,
         "v" : [ "sdf_testnet_2", "sdf_testnet_3", "sdf_testnet_1" ]
      }
   },
   "statements" : [
      [
         1772626058,
         "{ENV@sdf_testnet_1 |  i: 1325249 | EXTERNALIZE | c: (1,[ SIGNED@sdf_testnet_1 txH: 61566c, ct: 1772626023, upgrades: [ ] ]) | h.n: 1 | (lastD): 59d361 }",
         false
      ],
      [
         1772626058,
         "{ENV@sdf_testnet_3 |  i: 1325249 | EXTERNALIZE | c: (1,[ SIGNED@sdf_testnet_1 txH: 61566c, ct: 1772626023, upgrades: [ ] ]) | h.n: 1 | (lastD): 59d361 }",
         false
      ],
      [
         1772626058,
         "{ENV@GBNPC |  i: 1325249 | PREPARE | D: 59d361 | b: (0,[:empty:]) | p: (4294967295,[ SIGNED@sdf_testnet_1 txH: 61566c, ct: 1772626023, upgrades: [ ] ]) | p': (<null_ballot>) | c.n: 0 | h.n: 0 }",
         false
      ],
      [
         1772626058,
         "{ENV@GBNPC |  i: 1325249 | PREPARE | D: 59d361 | b: (4294967295,[ SIGNED@sdf_testnet_1 txH: 61566c, ct: 1772626023, upgrades: [ ] ]) | p: (4294967295,[ SIGNED@sdf_testnet_1 txH: 61566c, ct: 1772626023, upgrades: [ ] ]) | p': (<null_ballot>) | c.n: 4294967295 | h.n: 4294967295 }",
         false
      ],
      [
         1772626058,
         "{ENV@GBNPC |  i: 1325249 | CONFIRM | D: 59d361 | b: (4294967295,[ SIGNED@sdf_testnet_1 txH: 61566c, ct: 1772626023, upgrades: [ ] ]) | p.n: 4294967295 | c.n: 1 | h.n: 4294967295 }",
         false
      ],
      [
         1772626058,
         "{ENV@GBNPC |  i: 1325249 | EXTERNALIZE | c: (1,[ SIGNED@sdf_testnet_1 txH: 61566c, ct: 1772626023, upgrades: [ ] ]) | h.n: 4294967295 | (lastD): 59d361 }",
         false
      ]
   ],
   "validated" : false
}

2026-03-04T12:07:38.660 GBNPC [SCP FATAL] Exception processing SCP messages at 1325249, envelope: {ENV@GBNPC |  i: 1325249 | PREPARE | D: 59d361 | b: (4294967295,[ SIGNED@sdf_testnet_1 txH: 61566c, ct: 1772626023, upgrades: [ ] ]) | p: (4294967295,[ SIGNED@sdf_testnet_1 txH: 61566c, ct: 1772626023, upgrades: [ ] ]) | p': (<null_ballot>) | c.n: 4294967295 | h.n: 4294967295 }
2026-03-04T12:07:38.660 GBNPC [SCP FATAL] Please report this bug along with this log file if this was not expected
2026-03-04T12:07:38.660 GBNPC [SCP FATAL] Exception: Cannot commit transaction. database or disk is full
2026-03-04T12:07:38.661 GBNPC [SCP FATAL] SCP context (GBNPC): 
2026-03-04T12:07:38.661 GBNPC [SCP FATAL] {
   "ballotProtocol" : {
      "ballot" : "(4294967295,[ SIGNED@sdf_testnet_1 txH: 61566c, ct: 1772626023, upgrades: [ ] ])",
      "heard" : false,
      "phase" : "EXTERNALIZE",
      "state" : "i: 1325249 | EXTERNALIZE | b: (4294967295,[ SIGNED@sdf_testnet_1 txH: 61566c, ct: 1772626023, upgrades: [ ] ]) | p: (4294967295,[ SIGNED@sdf_testnet_1 txH: 61566c, ct: 1772626023, upgrades: [ ] ]) | p': (<null_ballot>) | h: (4294967295,[ SIGNED@sdf_testnet_1 txH: 61566c, ct: 1772626023, upgrades: [ ] ]) | c: (1,[ SIGNED@sdf_testnet_1 txH: 61566c, ct: 1772626023, upgrades: [ ] ]) | M: 3"
   },
   "nomination" : {
      "roundnumber" : 0,
      "started" : false
   },
   "quorum_sets" : {
      "59d361" : {
         "t" : 2,
         "v" : [ "sdf_testnet_2", "sdf_testnet_3", "sdf_testnet_1" ]
      }
   },
   "statements" : [
      [
         1772626058,
         "{ENV@sdf_testnet_1 |  i: 1325249 | EXTERNALIZE | c: (1,[ SIGNED@sdf_testnet_1 txH: 61566c, ct: 1772626023, upgrades: [ ] ]) | h.n: 1 | (lastD): 59d361 }",
         false
      ],
      [
         1772626058,
         "{ENV@sdf_testnet_3 |  i: 1325249 | EXTERNALIZE | c: (1,[ SIGNED@sdf_testnet_1 txH: 61566c, ct: 1772626023, upgrades: [ ] ]) | h.n: 1 | (lastD): 59d361 }",
         false
      ],
      [
         1772626058,
         "{ENV@GBNPC |  i: 1325249 | PREPARE | D: 59d361 | b: (0,[:empty:]) | p: (4294967295,[ SIGNED@sdf_testnet_1 txH: 61566c, ct: 1772626023, upgrades: [ ] ]) | p': (<null_ballot>) | c.n: 0 | h.n: 0 }",
         false
      ],
      [
         1772626058,
         "{ENV@GBNPC |  i: 1325249 | PREPARE | D: 59d361 | b: (4294967295,[ SIGNED@sdf_testnet_1 txH: 61566c, ct: 1772626023, upgrades: [ ] ]) | p: (4294967295,[ SIGNED@sdf_testnet_1 txH: 61566c, ct: 1772626023, upgrades: [ ] ]) | p': (<null_ballot>) | c.n: 4294967295 | h.n: 4294967295 }",
         false
      ],
      [
         1772626058,
         "{ENV@GBNPC |  i: 1325249 | CONFIRM | D: 59d361 | b: (4294967295,[ SIGNED@sdf_testnet_1 txH: 61566c, ct: 1772626023, upgrades: [ ] ]) | p.n: 4294967295 | c.n: 1 | h.n: 4294967295 }",
         false
      ],
      [
         1772626058,
         "{ENV@GBNPC |  i: 1325249 | EXTERNALIZE | c: (1,[ SIGNED@sdf_testnet_1 txH: 61566c, ct: 1772626023, upgrades: [ ] ]) | h.n: 4294967295 | (lastD): 59d361 }",
         false
      ]
   ],
   "validated" : false
}

2026-03-04T12:07:38.662 GBNPC [SCP FATAL] Exception processing SCP messages at 1325249, envelope: {ENV@GBNPC |  i: 1325249 | PREPARE | D: 59d361 | b: (0,[:empty:]) | p: (4294967295,[ SIGNED@sdf_testnet_1 txH: 61566c, ct: 1772626023, upgrades: [ ] ]) | p': (<null_ballot>) | c.n: 0 | h.n: 0 }
2026-03-04T12:07:38.663 GBNPC [SCP FATAL] Please report this bug along with this log file if this was not expected
2026-03-04T12:07:38.663 GBNPC [SCP FATAL] Exception: Cannot commit transaction. database or disk is full
2026-03-04T12:07:38.663 GBNPC [SCP FATAL] SCP context (GBNPC): 
2026-03-04T12:07:38.664 GBNPC [SCP FATAL] {
   "ballotProtocol" : {
      "ballot" : "(4294967295,[ SIGNED@sdf_testnet_1 txH: 61566c, ct: 1772626023, upgrades: [ ] ])",
      "heard" : false,
      "phase" : "EXTERNALIZE",
      "state" : "i: 1325249 | EXTERNALIZE | b: (4294967295,[ SIGNED@sdf_testnet_1 txH: 61566c, ct: 1772626023, upgrades: [ ] ]) | p: (4294967295,[ SIGNED@sdf_testnet_1 txH: 61566c, ct: 1772626023, upgrades: [ ] ]) | p': (<null_ballot>) | h: (4294967295,[ SIGNED@sdf_testnet_1 txH: 61566c, ct: 1772626023, upgrades: [ ] ]) | c: (1,[ SIGNED@sdf_testnet_1 txH: 61566c, ct: 1772626023, upgrades: [ ] ]) | M: 3"
   },
   "nomination" : {
      "roundnumber" : 0,
      "started" : false
   },
   "quorum_sets" : {
      "59d361" : {
         "t" : 2,
         "v" : [ "sdf_testnet_2", "sdf_testnet_3", "sdf_testnet_1" ]
      }
   },
   "statements" : [
      [
         1772626058,
         "{ENV@sdf_testnet_1 |  i: 1325249 | EXTERNALIZE | c: (1,[ SIGNED@sdf_testnet_1 txH: 61566c, ct: 1772626023, upgrades: [ ] ]) | h.n: 1 | (lastD): 59d361 }",
         false
      ],
      [
         1772626058,
         "{ENV@sdf_testnet_3 |  i: 1325249 | EXTERNALIZE | c: (1,[ SIGNED@sdf_testnet_1 txH: 61566c, ct: 1772626023, upgrades: [ ] ]) | h.n: 1 | (lastD): 59d361 }",
         false
      ],
      [
         1772626058,
         "{ENV@GBNPC |  i: 1325249 | PREPARE | D: 59d361 | b: (0,[:empty:]) | p: (4294967295,[ SIGNED@sdf_testnet_1 txH: 61566c, ct: 1772626023, upgrades: [ ] ]) | p': (<null_ballot>) | c.n: 0 | h.n: 0 }",
         false
      ],
      [
         1772626058,
         "{ENV@GBNPC |  i: 1325249 | PREPARE | D: 59d361 | b: (4294967295,[ SIGNED@sdf_testnet_1 txH: 61566c, ct: 1772626023, upgrades: [ ] ]) | p: (4294967295,[ SIGNED@sdf_testnet_1 txH: 61566c, ct: 1772626023, upgrades: [ ] ]) | p': (<null_ballot>) | c.n: 4294967295 | h.n: 4294967295 }",
         false
      ],
      [
         1772626058,
         "{ENV@GBNPC |  i: 1325249 | CONFIRM | D: 59d361 | b: (4294967295,[ SIGNED@sdf_testnet_1 txH: 61566c, ct: 1772626023, upgrades: [ ] ]) | p.n: 4294967295 | c.n: 1 | h.n: 4294967295 }",
         false
      ],
      [
         1772626058,
         "{ENV@GBNPC |  i: 1325249 | EXTERNALIZE | c: (1,[ SIGNED@sdf_testnet_1 txH: 61566c, ct: 1772626023, upgrades: [ ] ]) | h.n: 4294967295 | (lastD): 59d361 }",
         false
      ]
   ],
   "validated" : false
}

2026-03-04T12:07:38.665 GBNPC [SCP FATAL] Exception processing SCP messages at 1325249, envelope: {ENV@sdf_testnet_3 |  i: 1325249 | EXTERNALIZE | c: (1,[ SIGNED@sdf_testnet_1 txH: 61566c, ct: 1772626023, upgrades: [ ] ]) | h.n: 1 | (lastD): 59d361 }
2026-03-04T12:07:38.665 GBNPC [SCP FATAL] Please report this bug along with this log file if this was not expected
