2026-03-03T14:16:52.570 GDYWH [default INFO] Starting stellar-core v25.1.1
2026-03-03T14:16:52.576 GDYWH [Database INFO] Connecting to: sqlite3:///opt/stellar/core/stellar.db
2026-03-03T14:16:52.586 GDYWH [SCP INFO] LocalNode::LocalNode@GDYWH qSet: 59d361
2026-03-03T14:16:52.587 GDYWH [Database INFO] DB schema is in current version
2026-03-03T14:16:52.587 GDYWH [default INFO] Listening on 0.0.0.0:11626 for HTTP requests
2026-03-03T14:16:52.587 GDYWH [Bucket INFO] BucketListDB enabled: pageSizeExponent: 14 indexCutOff: 20MB, persist indexes: true
2026-03-03T14:16:52.588 GDYWH [default INFO] Connection effective settings:
2026-03-03T14:16:52.588 GDYWH [default INFO] TARGET_PEER_CONNECTIONS: 8
2026-03-03T14:16:52.588 GDYWH [default INFO] MAX_ADDITIONAL_PEER_CONNECTIONS: 64
2026-03-03T14:16:52.588 GDYWH [default INFO] MAX_PENDING_CONNECTIONS: 500
2026-03-03T14:16:52.588 GDYWH [default INFO] MAX_OUTBOUND_PENDING_CONNECTIONS: 56
2026-03-03T14:16:52.588 GDYWH [default INFO] MAX_INBOUND_PENDING_CONNECTIONS: 444
2026-03-03T14:16:52.588 GDYWH [default INFO] BACKGROUND_OVERLAY_PROCESSING=true
2026-03-03T14:16:52.588 GDYWH [default INFO] PARALLEL_LEDGER_APPLY=true
2026-03-03T14:16:52.588 GDYWH [History INFO] Archive 'sdf_testnet_1' has 'get' command only, will not be written
2026-03-03T14:16:52.588 GDYWH [History INFO] Archive 'sdf_testnet_2' has 'get' command only, will not be written
2026-03-03T14:16:52.588 GDYWH [History INFO] Archive 'sdf_testnet_3' has 'get' command only, will not be written
2026-03-03T14:16:52.588 GDYWH [History WARNING] No writable archives configured, history will not be written.
2026-03-03T14:16:52.589 GDYWH [Ledger INFO] Starting up application
2026-03-03T14:16:52.589 GDYWH [Ledger INFO] Last closed ledger (LCL) hash is 9216afd4b3f152b0d03456fc5e8a6a758710facabcaa52a9f9918fc34d1dc14c
2026-03-03T14:16:52.589 GDYWH [Ledger INFO] Loaded LCL header from database: [seq=1309535, hash=9216af]
2026-03-03T14:16:52.589 GDYWH [default INFO] Establishing 10-entry connection pool to: sqlite3:///opt/stellar/core/stellar.db
2026-03-03T14:16:53.121 GDYWH [Ledger INFO] Assumed bucket-state for LCL: [seq=1309535, hash=9216af]
2026-03-03T14:16:53.122 GDYWH [default INFO] Launching 1 loading and 5 compiling background threads
2026-03-03T14:16:53.446 GDYWH [default INFO] Compiled 1675 contracts (44902995 bytes of Wasm) in 323ms real time, 1575ms CPU time
2026-03-03T14:16:55.936 GDYWH [Overlay INFO] Binding to endpoint 0.0.0.0:11625
2026-03-03T14:16:55.944 GDYWH [History INFO] Downloading history archive state: .well-known/stellar-history.json
2026-03-03T14:16:56.331 GDYWH [Process WARNING] process 3291 exited 23: curl -sf http://history.stellar.org/prd/core-testnet/core_testnet_001/.well-known/stellar-history.json -o buckets/tmp/history-72bb31efc219c0c7/6926f00d5ddde5f7-stellar-history.json
2026-03-03T14:16:56.331 GDYWH [History WARNING] Could not download file: archive sdf_testnet_1 maybe missing file .well-known/stellar-history.json
2026-03-03T14:16:56.332 GDYWH [History ERROR] Could not download .well-known/stellar-history.json file: corrupt archive sdf_testnet_1
2026-03-03T14:16:56.333 GDYWH [History ERROR] Failed to obtain archive information: sdf_testnet_1
2026-03-03T14:16:58.194 GDYWH [Overlay ERROR] PeerManager::store error: sqlite3_statement_backend::loadOne: database or disk is full on 98.91.174.101:11625
2026-03-03T14:16:58.195 GDYWH [Overlay ERROR] PeerManager::store error: sqlite3_statement_backend::loadOne: database or disk is full on 44.204.146.210:11625
2026-03-03T14:16:58.195 GDYWH [Overlay ERROR] PeerManager::store error: sqlite3_statement_backend::loadOne: database or disk is full on 44.213.67.110:11625
2026-03-03T14:16:58.196 GDYWH [Overlay ERROR] PeerManager::store error: sqlite3_statement_backend::loadOne: database or disk is full on 18.220.162.149:11725
2026-03-03T14:16:58.196 GDYWH [Overlay ERROR] PeerManager::store error: sqlite3_statement_backend::loadOne: database or disk is full on 44.206.255.84:11625
2026-03-03T14:16:58.197 GDYWH [Overlay ERROR] PeerManager::store error: sqlite3_statement_backend::loadOne: database or disk is full on 98.91.174.101:11625
2026-03-03T14:16:58.198 GDYWH [Overlay ERROR] PeerManager::store error: sqlite3_statement_backend::loadOne: database or disk is full on 144.76.79.10:51770
2026-03-03T14:16:58.199 GDYWH [Overlay ERROR] PeerManager::store error: sqlite3_statement_backend::loadOne: database or disk is full on 148.113.140.57:11625
2026-03-03T14:16:58.199 GDYWH [Overlay ERROR] PeerManager::store error: sqlite3_statement_backend::loadOne: database or disk is full on 34.229.162.244:30020
2026-03-03T14:16:58.200 GDYWH [Overlay ERROR] PeerManager::store error: sqlite3_statement_backend::loadOne: database or disk is full on 40.160.64.57:11725
2026-03-03T14:16:58.200 GDYWH [Overlay ERROR] PeerManager::store error: sqlite3_statement_backend::loadOne: database or disk is full on 52.91.130.193:30020
2026-03-03T14:16:58.201 GDYWH [Overlay ERROR] PeerManager::store error: sqlite3_statement_backend::loadOne: database or disk is full on 3.249.87.23:30020
2026-03-03T14:16:58.201 GDYWH [Overlay ERROR] PeerManager::store error: sqlite3_statement_backend::loadOne: database or disk is full on 3.255.82.225:30020
2026-03-03T14:16:58.202 GDYWH [Overlay ERROR] PeerManager::store error: sqlite3_statement_backend::loadOne: database or disk is full on 50.16.48.217:30020
2026-03-03T14:16:58.203 GDYWH [Overlay ERROR] PeerManager::store error: sqlite3_statement_backend::loadOne: database or disk is full on 77.48.24.153:11625
2026-03-03T14:16:58.203 GDYWH [Overlay ERROR] PeerManager::store error: sqlite3_statement_backend::loadOne: database or disk is full on 174.138.52.29:11625
2026-03-03T14:16:58.204 GDYWH [Overlay ERROR] PeerManager::store error: sqlite3_statement_backend::loadOne: database or disk is full on 45.55.48.58:11825
2026-03-03T14:16:58.204 GDYWH [Overlay ERROR] PeerManager::store error: sqlite3_statement_backend::loadOne: database or disk is full on 200.129.247.55:11625
2026-03-03T14:16:58.205 GDYWH [Overlay ERROR] PeerManager::store error: sqlite3_statement_backend::loadOne: database or disk is full on 77.48.24.203:11625
2026-03-03T14:16:58.205 GDYWH [Overlay ERROR] PeerManager::store error: sqlite3_statement_backend::loadOne: database or disk is full on 135.181.229.215:11628
2026-03-03T14:16:58.206 GDYWH [Overlay ERROR] PeerManager::store error: sqlite3_statement_backend::loadOne: database or disk is full on 13.217.88.18:11625
2026-03-03T14:16:58.206 GDYWH [Overlay ERROR] PeerManager::store error: sqlite3_statement_backend::loadOne: database or disk is full on 34.241.153.42:30020
2026-03-03T14:16:58.207 GDYWH [Overlay ERROR] PeerManager::store error: sqlite3_statement_backend::loadOne: database or disk is full on 44.198.157.36:11625
2026-03-03T14:16:58.208 GDYWH [Overlay ERROR] PeerManager::store error: sqlite3_statement_backend::loadOne: database or disk is full on 65.109.19.49:11625
2026-03-03T14:16:58.210 GDYWH [Overlay ERROR] PeerManager::store error: sqlite3_statement_backend::loadOne: database or disk is full on 54.163.22.184:30020
2026-03-03T14:16:58.212 GDYWH [Overlay ERROR] PeerManager::store error: sqlite3_statement_backend::loadOne: database or disk is full on 213.10.11.118:11625
2026-03-03T14:16:58.615 GDYWH [Overlay ERROR] PeerManager::store error: sqlite3_statement_backend::loadOne: database or disk is full on 44.206.255.84:11625
2026-03-03T14:16:58.615 GDYWH [Overlay INFO] Authenticated to 44.206.255.84:11625
2026-03-03T14:16:58.616 GDYWH [Overlay ERROR] PeerManager::store error: sqlite3_statement_backend::loadOne: database or disk is full on 98.91.174.101:11625
2026-03-03T14:16:58.616 GDYWH [Overlay INFO] Authenticated to 98.91.174.101:11625
2026-03-03T14:16:58.656 GDYWH [Overlay ERROR] PeerManager::store error: sqlite3_statement_backend::loadOne: database or disk is full on 18.220.162.149:11725
2026-03-03T14:16:58.657 GDYWH [Overlay INFO] Authenticated to 18.220.162.149:11725
2026-03-03T14:16:58.658 GDYWH [Overlay ERROR] PeerManager::store error: sqlite3_statement_backend::loadOne: database or disk is full on 54.236.21.197:30020
2026-03-03T14:16:58.658 GDYWH [Overlay ERROR] PeerManager::store error: sqlite3_statement_backend::loadOne: database or disk is full on 184.72.81.138:30020
2026-03-03T14:16:58.659 GDYWH [Overlay ERROR] PeerManager::store error: sqlite3_statement_backend::loadOne: database or disk is full on 34.245.167.15:30020
2026-03-03T14:16:58.660 GDYWH [Overlay ERROR] PeerManager::store error: sqlite3_statement_backend::loadOne: database or disk is full on 13.221.18.144:30020
2026-03-03T14:16:58.898 GDYWH [SCP FATAL] Exception: Cannot commit transaction. database or disk is full
2026-03-03T14:16:58.898 GDYWH [SCP FATAL] SCP context (GDYWH): 
2026-03-03T14:16:58.899 GDYWH [SCP FATAL] {
   "ballotProtocol" : {
      "ballot" : "(4294967295,[ SIGNED@sdf_testnet_3 txH: de7c98, ct: 1772547360, upgrades: [ ] ])",
      "heard" : false,
      "phase" : "EXTERNALIZE",
      "state" : "i: 1309534 | EXTERNALIZE | b: (4294967295,[ SIGNED@sdf_testnet_3 txH: de7c98, ct: 1772547360, upgrades: [ ] ]) | p: (4294967295,[ SIGNED@sdf_testnet_3 txH: de7c98, ct: 1772547360, upgrades: [ ] ]) | p': (<null_ballot>) | h: (4294967295,[ SIGNED@sdf_testnet_3 txH: de7c98, ct: 1772547360, upgrades: [ ] ]) | c: (1,[ SIGNED@sdf_testnet_3 txH: de7c98, ct: 1772547360, upgrades: [ ] ]) | M: 3"
   },
   "nomination" : {
      "roundnumber" : 0,
      "started" : false
   },
   "quorum_sets" : {
      "59d361" : {
         "t" : 2,
         "v" : [ "sdf_testnet_2", "sdf_testnet_3", "sdf_testnet_1" ]
      }
   },
   "statements" : [
      [
         1772547418,
         "{ENV@sdf_testnet_1 |  i: 1309534 | EXTERNALIZE | c: (1,[ SIGNED@sdf_testnet_3 txH: de7c98, ct: 1772547360, upgrades: [ ] ]) | h.n: 1 | (lastD): 59d361 }",
         false
      ],
      [
         1772547418,
         "{ENV@sdf_testnet_3 |  i: 1309534 | EXTERNALIZE | c: (1,[ SIGNED@sdf_testnet_3 txH: de7c98, ct: 1772547360, upgrades: [ ] ]) | h.n: 1 | (lastD): 59d361 }",
         false
      ],
      [
         1772547418,
         "{ENV@GDYWH |  i: 1309534 | PREPARE | D: 59d361 | b: (0,[:empty:]) | p: (4294967295,[ SIGNED@sdf_testnet_3 txH: de7c98, ct: 1772547360, upgrades: [ ] ]) | p': (<null_ballot>) | c.n: 0 | h.n: 0 }",
         false
      ],
      [
         1772547418,
         "{ENV@GDYWH |  i: 1309534 | PREPARE | D: 59d361 | b: (4294967295,[ SIGNED@sdf_testnet_3 txH: de7c98, ct: 1772547360, upgrades: [ ] ]) | p: (4294967295,[ SIGNED@sdf_testnet_3 txH: de7c98, ct: 1772547360, upgrades: [ ] ]) | p': (<null_ballot>) | c.n: 4294967295 | h.n: 4294967295 }",
         false
      ],
      [
         1772547418,
         "{ENV@GDYWH |  i: 1309534 | CONFIRM | D: 59d361 | b: (4294967295,[ SIGNED@sdf_testnet_3 txH: de7c98, ct: 1772547360, upgrades: [ ] ]) | p.n: 4294967295 | c.n: 1 | h.n: 4294967295 }",
         false
      ],
      [
         1772547418,
         "{ENV@GDYWH |  i: 1309534 | EXTERNALIZE | c: (1,[ SIGNED@sdf_testnet_3 txH: de7c98, ct: 1772547360, upgrades: [ ] ]) | h.n: 4294967295 | (lastD): 59d361 }",
         false
      ]
   ],
   "validated" : false
}

2026-03-03T14:16:58.899 GDYWH [SCP FATAL] Exception processing SCP messages at 1309534, envelope: {ENV@GDYWH |  i: 1309534 | CONFIRM | D: 59d361 | b: (4294967295,[ SIGNED@sdf_testnet_3 txH: de7c98, ct: 1772547360, upgrades: [ ] ]) | p.n: 4294967295 | c.n: 1 | h.n: 4294967295 }
2026-03-03T14:16:58.899 GDYWH [SCP FATAL] Please report this bug along with this log file if this was not expected
2026-03-03T14:16:58.899 GDYWH [SCP FATAL] Exception: Cannot commit transaction. database or disk is full
2026-03-03T14:16:58.900 GDYWH [SCP FATAL] SCP context (GDYWH): 
2026-03-03T14:16:58.900 GDYWH [SCP FATAL] {
   "ballotProtocol" : {
      "ballot" : "(4294967295,[ SIGNED@sdf_testnet_3 txH: de7c98, ct: 1772547360, upgrades: [ ] ])",
      "heard" : false,
      "phase" : "EXTERNALIZE",
      "state" : "i: 1309534 | EXTERNALIZE | b: (4294967295,[ SIGNED@sdf_testnet_3 txH: de7c98, ct: 1772547360, upgrades: [ ] ]) | p: (4294967295,[ SIGNED@sdf_testnet_3 txH: de7c98, ct: 1772547360, upgrades: [ ] ]) | p': (<null_ballot>) | h: (4294967295,[ SIGNED@sdf_testnet_3 txH: de7c98, ct: 1772547360, upgrades: [ ] ]) | c: (1,[ SIGNED@sdf_testnet_3 txH: de7c98, ct: 1772547360, upgrades: [ ] ]) | M: 3"
   },
   "nomination" : {
      "roundnumber" : 0,
      "started" : false
   },
   "quorum_sets" : {
      "59d361" : {
         "t" : 2,
         "v" : [ "sdf_testnet_2", "sdf_testnet_3", "sdf_testnet_1" ]
      }
   },
   "statements" : [
      [
         1772547418,
         "{ENV@sdf_testnet_1 |  i: 1309534 | EXTERNALIZE | c: (1,[ SIGNED@sdf_testnet_3 txH: de7c98, ct: 1772547360, upgrades: [ ] ]) | h.n: 1 | (lastD): 59d361 }",
         false
      ],
      [
         1772547418,
         "{ENV@sdf_testnet_3 |  i: 1309534 | EXTERNALIZE | c: (1,[ SIGNED@sdf_testnet_3 txH: de7c98, ct: 1772547360, upgrades: [ ] ]) | h.n: 1 | (lastD): 59d361 }",
         false
      ],
      [
         1772547418,
         "{ENV@GDYWH |  i: 1309534 | PREPARE | D: 59d361 | b: (0,[:empty:]) | p: (4294967295,[ SIGNED@sdf_testnet_3 txH: de7c98, ct: 1772547360, upgrades: [ ] ]) | p': (<null_ballot>) | c.n: 0 | h.n: 0 }",
         false
      ],
      [
         1772547418,
         "{ENV@GDYWH |  i: 1309534 | PREPARE | D: 59d361 | b: (4294967295,[ SIGNED@sdf_testnet_3 txH: de7c98, ct: 1772547360, upgrades: [ ] ]) | p: (4294967295,[ SIGNED@sdf_testnet_3 txH: de7c98, ct: 1772547360, upgrades: [ ] ]) | p': (<null_ballot>) | c.n: 4294967295 | h.n: 4294967295 }",
         false
      ],
      [
         1772547418,
         "{ENV@GDYWH |  i: 1309534 | CONFIRM | D: 59d361 | b: (4294967295,[ SIGNED@sdf_testnet_3 txH: de7c98, ct: 1772547360, upgrades: [ ] ]) | p.n: 4294967295 | c.n: 1 | h.n: 4294967295 }",
         false
      ],
      [
         1772547418,
         "{ENV@GDYWH |  i: 1309534 | EXTERNALIZE | c: (1,[ SIGNED@sdf_testnet_3 txH: de7c98, ct: 1772547360, upgrades: [ ] ]) | h.n: 4294967295 | (lastD): 59d361 }",
         false
      ]
   ],
   "validated" : false
}

2026-03-03T14:16:58.900 GDYWH [SCP FATAL] Exception processing SCP messages at 1309534, envelope: {ENV@GDYWH |  i: 1309534 | PREPARE | D: 59d361 | b: (4294967295,[ SIGNED@sdf_testnet_3 txH: de7c98, ct: 1772547360, upgrades: [ ] ]) | p: (4294967295,[ SIGNED@sdf_testnet_3 txH: de7c98, ct: 1772547360, upgrades: [ ] ]) | p': (<null_ballot>) | c.n: 4294967295 | h.n: 4294967295 }
2026-03-03T14:16:58.900 GDYWH [SCP FATAL] Please report this bug along with this log file if this was not expected
2026-03-03T14:16:58.900 GDYWH [SCP FATAL] Exception: Cannot commit transaction. database or disk is full
2026-03-03T14:16:58.900 GDYWH [SCP FATAL] SCP context (GDYWH): 
2026-03-03T14:16:58.900 GDYWH [SCP FATAL] {
   "ballotProtocol" : {
      "ballot" : "(4294967295,[ SIGNED@sdf_testnet_3 txH: de7c98, ct: 1772547360, upgrades: [ ] ])",
      "heard" : false,
      "phase" : "EXTERNALIZE",
      "state" : "i: 1309534 | EXTERNALIZE | b: (4294967295,[ SIGNED@sdf_testnet_3 txH: de7c98, ct: 1772547360, upgrades: [ ] ]) | p: (4294967295,[ SIGNED@sdf_testnet_3 txH: de7c98, ct: 1772547360, upgrades: [ ] ]) | p': (<null_ballot>) | h: (4294967295,[ SIGNED@sdf_testnet_3 txH: de7c98, ct: 1772547360, upgrades: [ ] ]) | c: (1,[ SIGNED@sdf_testnet_3 txH: de7c98, ct: 1772547360, upgrades: [ ] ]) | M: 3"
   },
   "nomination" : {
      "roundnumber" : 0,
      "started" : false
   },
   "quorum_sets" : {
      "59d361" : {
         "t" : 2,
         "v" : [ "sdf_testnet_2", "sdf_testnet_3", "sdf_testnet_1" ]
      }
   },
   "statements" : [
      [
         1772547418,
         "{ENV@sdf_testnet_1 |  i: 1309534 | EXTERNALIZE | c: (1,[ SIGNED@sdf_testnet_3 txH: de7c98, ct: 1772547360, upgrades: [ ] ]) | h.n: 1 | (lastD): 59d361 }",
         false
      ],
      [
         1772547418,
         "{ENV@sdf_testnet_3 |  i: 1309534 | EXTERNALIZE | c: (1,[ SIGNED@sdf_testnet_3 txH: de7c98, ct: 1772547360, upgrades: [ ] ]) | h.n: 1 | (lastD): 59d361 }",
         false
      ],
      [
         1772547418,
         "{ENV@GDYWH |  i: 1309534 | PREPARE | D: 59d361 | b: (0,[:empty:]) | p: (4294967295,[ SIGNED@sdf_testnet_3 txH: de7c98, ct: 1772547360, upgrades: [ ] ]) | p': (<null_ballot>) | c.n: 0 | h.n: 0 }",
         false
      ],
      [
         1772547418,
         "{ENV@GDYWH |  i: 1309534 | PREPARE | D: 59d361 | b: (4294967295,[ SIGNED@sdf_testnet_3 txH: de7c98, ct: 1772547360, upgrades: [ ] ]) | p: (4294967295,[ SIGNED@sdf_testnet_3 txH: de7c98, ct: 1772547360, upgrades: [ ] ]) | p': (<null_ballot>) | c.n: 4294967295 | h.n: 4294967295 }",
         false
      ],
      [
         1772547418,
         "{ENV@GDYWH |  i: 1309534 | CONFIRM | D: 59d361 | b: (4294967295,[ SIGNED@sdf_testnet_3 txH: de7c98, ct: 1772547360, upgrades: [ ] ]) | p.n: 4294967295 | c.n: 1 | h.n: 4294967295 }",
         false
      ],
      [
         1772547418,
         "{ENV@GDYWH |  i: 1309534 | EXTERNALIZE | c: (1,[ SIGNED@sdf_testnet_3 txH: de7c98, ct: 1772547360, upgrades: [ ] ]) | h.n: 4294967295 | (lastD): 59d361 }",
         false
      ]
   ],
   "validated" : false
}

2026-03-03T14:16:58.900 GDYWH [SCP FATAL] Exception processing SCP messages at 1309534, envelope: {ENV@GDYWH |  i: 1309534 | PREPARE | D: 59d361 | b: (0,[:empty:]) | p: (4294967295,[ SIGNED@sdf_testnet_3 txH: de7c98, ct: 1772547360, upgrades: [ ] ]) | p': (<null_ballot>) | c.n: 0 | h.n: 0 }
2026-03-03T14:16:58.901 GDYWH [SCP FATAL] Please report this bug along with this log file if this was not expected
2026-03-03T14:16:58.901 GDYWH [SCP FATAL] Exception: Cannot commit transaction. database or disk is full
2026-03-03T14:16:58.901 GDYWH [SCP FATAL] SCP context (GDYWH): 
2026-03-03T14:16:58.901 GDYWH [SCP FATAL] {
   "ballotProtocol" : {
      "ballot" : "(4294967295,[ SIGNED@sdf_testnet_3 txH: de7c98, ct: 1772547360, upgrades: [ ] ])",
      "heard" : false,
      "phase" : "EXTERNALIZE",
      "state" : "i: 1309534 | EXTERNALIZE | b: (4294967295,[ SIGNED@sdf_testnet_3 txH: de7c98, ct: 1772547360, upgrades: [ ] ]) | p: (4294967295,[ SIGNED@sdf_testnet_3 txH: de7c98, ct: 1772547360, upgrades: [ ] ]) | p': (<null_ballot>) | h: (4294967295,[ SIGNED@sdf_testnet_3 txH: de7c98, ct: 1772547360, upgrades: [ ] ]) | c: (1,[ SIGNED@sdf_testnet_3 txH: de7c98, ct: 1772547360, upgrades: [ ] ]) | M: 3"
   },
   "nomination" : {
      "roundnumber" : 0,
      "started" : false
   },
   "quorum_sets" : {
      "59d361" : {
         "t" : 2,
         "v" : [ "sdf_testnet_2", "sdf_testnet_3", "sdf_testnet_1" ]
      }
   },
   "statements" : [
      [
         1772547418,
         "{ENV@sdf_testnet_1 |  i: 1309534 | EXTERNALIZE | c: (1,[ SIGNED@sdf_testnet_3 txH: de7c98, ct: 1772547360, upgrades: [ ] ]) | h.n: 1 | (lastD): 59d361 }",
         false
      ],
      [
         1772547418,
         "{ENV@sdf_testnet_3 |  i: 1309534 | EXTERNALIZE | c: (1,[ SIGNED@sdf_testnet_3 txH: de7c98, ct: 1772547360, upgrades: [ ] ]) | h.n: 1 | (lastD): 59d361 }",
         false
      ],
      [
         1772547418,
         "{ENV@GDYWH |  i: 1309534 | PREPARE | D: 59d361 | b: (0,[:empty:]) | p: (4294967295,[ SIGNED@sdf_testnet_3 txH: de7c98, ct: 1772547360, upgrades: [ ] ]) | p': (<null_ballot>) | c.n: 0 | h.n: 0 }",
         false
      ],
      [
         1772547418,
         "{ENV@GDYWH |  i: 1309534 | PREPARE | D: 59d361 | b: (4294967295,[ SIGNED@sdf_testnet_3 txH: de7c98, ct: 1772547360, upgrades: [ ] ]) | p: (4294967295,[ SIGNED@sdf_testnet_3 txH: de7c98, ct: 1772547360, upgrades: [ ] ]) | p': (<null_ballot>) | c.n: 4294967295 | h.n: 4294967295 }",
         false
      ],
      [
         1772547418,
         "{ENV@GDYWH |  i: 1309534 | CONFIRM | D: 59d361 | b: (4294967295,[ SIGNED@sdf_testnet_3 txH: de7c98, ct: 1772547360, upgrades: [ ] ]) | p.n: 4294967295 | c.n: 1 | h.n: 4294967295 }",
         false
      ],
      [
         1772547418,
         "{ENV@GDYWH |  i: 1309534 | EXTERNALIZE | c: (1,[ SIGNED@sdf_testnet_3 txH: de7c98, ct: 1772547360, upgrades: [ ] ]) | h.n: 4294967295 | (lastD): 59d361 }",
         false
      ]
   ],
   "validated" : false
}

2026-03-03T14:16:58.901 GDYWH [SCP FATAL] Exception processing SCP messages at 1309534, envelope: {ENV@sdf_testnet_3 |  i: 1309534 | EXTERNALIZE | c: (1,[ SIGNED@sdf_testnet_3 txH: de7c98, ct: 1772547360, upgrades: [ ] ]) | h.n: 1 | (lastD): 59d361 }
2026-03-03T14:16:58.901 GDYWH [SCP FATAL] Please report this bug along with this log file if this was not expected
