2026-03-04T12:07:05.052 GAICU [default INFO] Starting stellar-core v25.1.1
2026-03-04T12:07:05.057 GAICU [Database INFO] Connecting to: sqlite3:///opt/stellar/core/stellar.db
2026-03-04T12:07:05.144 GAICU [SCP INFO] LocalNode::LocalNode@GAICU qSet: 59d361
2026-03-04T12:07:05.144 GAICU [Database INFO] DB schema is in current version
2026-03-04T12:07:05.144 GAICU [default INFO] Listening on 0.0.0.0:11626 for HTTP requests
2026-03-04T12:07:05.145 GAICU [Bucket INFO] BucketListDB enabled: pageSizeExponent: 14 indexCutOff: 20MB, persist indexes: true
2026-03-04T12:07:05.145 GAICU [default INFO] Connection effective settings:
2026-03-04T12:07:05.145 GAICU [default INFO] TARGET_PEER_CONNECTIONS: 8
2026-03-04T12:07:05.145 GAICU [default INFO] MAX_ADDITIONAL_PEER_CONNECTIONS: 64
2026-03-04T12:07:05.145 GAICU [default INFO] MAX_PENDING_CONNECTIONS: 500
2026-03-04T12:07:05.145 GAICU [default INFO] MAX_OUTBOUND_PENDING_CONNECTIONS: 56
2026-03-04T12:07:05.145 GAICU [default INFO] MAX_INBOUND_PENDING_CONNECTIONS: 444
2026-03-04T12:07:05.145 GAICU [default INFO] BACKGROUND_OVERLAY_PROCESSING=true
2026-03-04T12:07:05.145 GAICU [default INFO] PARALLEL_LEDGER_APPLY=true
2026-03-04T12:07:05.145 GAICU [History INFO] Archive 'sdf_testnet_1' has 'get' command only, will not be written
2026-03-04T12:07:05.145 GAICU [History INFO] Archive 'sdf_testnet_2' has 'get' command only, will not be written
2026-03-04T12:07:05.145 GAICU [History INFO] Archive 'sdf_testnet_3' has 'get' command only, will not be written
2026-03-04T12:07:05.145 GAICU [History WARNING] No writable archives configured, history will not be written.
2026-03-04T12:07:05.145 GAICU [Ledger INFO] Starting up application
2026-03-04T12:07:05.145 GAICU [Ledger INFO] Last closed ledger (LCL) hash is fbf0b9cda37d374ec2526dec44c74350f4369193f9856207d2ec1655129d8c16
2026-03-04T12:07:05.145 GAICU [Ledger INFO] Loaded LCL header from database: [seq=1325248, hash=fbf0b9]
2026-03-04T12:07:05.146 GAICU [default INFO] Establishing 10-entry connection pool to: sqlite3:///opt/stellar/core/stellar.db
2026-03-04T12:07:06.223 GAICU [Bucket INFO] Restarted merge on BucketList level 1
2026-03-04T12:07:06.223 GAICU [Bucket INFO] Restarted merge on BucketList level 2
2026-03-04T12:07:06.223 GAICU [Bucket INFO] Restarted merge on BucketList level 3
2026-03-04T12:07:06.224 GAICU [Ledger INFO] Assumed bucket-state for LCL: [seq=1325248, hash=fbf0b9]
2026-03-04T12:07:06.226 GAICU [default INFO] Launching 1 loading and 5 compiling background threads
2026-03-04T12:07:06.784 GAICU [default INFO] Compiled 1642 contracts (43833304 bytes of Wasm) in 558ms real time, 2697ms CPU time
2026-03-04T12:07:09.941 GAICU [Overlay INFO] Binding to endpoint 0.0.0.0:11625
2026-03-04T12:07:09.946 GAICU [History INFO] Downloading history archive state: .well-known/stellar-history.json
2026-03-04T12:07:10.481 GAICU [History INFO] Downloading history archive state: .well-known/stellar-history.json
2026-03-04T12:07:11.068 GAICU [History INFO] Downloading history archive state: .well-known/stellar-history.json
2026-03-04T12:07:11.569 GAICU [History INFO] Archive information: [name: sdf_testnet_1, server: stellar-core 25.2.0.rc2 (bb195c49dda329d8e0a16433fb34338420084edc), currentLedger: 1325247]
2026-03-04T12:07:11.569 GAICU [History INFO] Archive information: [name: sdf_testnet_2, server: stellar-core 25.2.0.rc2 (bb195c49dda329d8e0a16433fb34338420084edc), currentLedger: 1325247]
2026-03-04T12:07:11.569 GAICU [History INFO] Archive information: [name: sdf_testnet_3, server: stellar-core 25.2.0.rc2 (bb195c49dda329d8e0a16433fb34338420084edc), currentLedger: 1325247]
2026-03-04T12:07:12.621 GAICU [Overlay INFO] Authenticated to 54.80.146.180:11625
2026-03-04T12:07:12.622 GAICU [Overlay INFO] Authenticated to 13.223.55.158:11625
2026-03-04T12:07:12.654 GAICU [Overlay INFO] Authenticated to 13.59.137.230:11725
2026-03-04T12:07:12.901 GAICU [Ledger INFO] Got consensus: [seq=1325246, prev=1859b7, txs=4, ops=4, sv: [ SIGNED@sdf_testnet_2 txH: 483090, ct: 1772626008, upgrades: [ ] ]]
2026-03-04T12:07:12.901 GAICU [Ledger INFO] Skipping close ledger: local state is 1325248, more recent than 1325246
2026-03-04T12:07:12.903 GAICU [Ledger INFO] Got consensus: [seq=1325247, prev=485ceb, txs=3, ops=3, sv: [ SIGNED@sdf_testnet_2 txH: 0c8bd4, ct: 1772626013, upgrades: [ ] ]]
2026-03-04T12:07:12.903 GAICU [Ledger INFO] Skipping close ledger: local state is 1325248, more recent than 1325247
2026-03-04T12:07:12.904 GAICU [Ledger INFO] Got consensus: [seq=1325248, prev=ad8c94, txs=3, ops=3, sv: [ SIGNED@sdf_testnet_2 txH: d20f15, ct: 1772626018, upgrades: [ ] ]]
2026-03-04T12:07:12.904 GAICU [Ledger INFO] Skipping close ledger: local state is 1325248, more recent than 1325248
2026-03-04T12:07:12.905 GAICU [Herder INFO] Quorum information for 1325247 : {"agree":3,"cost":9300,"delayed":0,"disagree":0,"fail_at":2,"hash":"59d361","lag_ms":null,"ledger":1325247,"missing":0,"phase":"EXTERNALIZE"}

2026-03-04T12:07:12.906 GAICU [Ledger INFO] Got consensus: [seq=1325249, prev=fbf0b9, txs=4, ops=5, sv: [ SIGNED@sdf_testnet_1 txH: 61566c, ct: 1772626023, upgrades: [ ] ]]
2026-03-04T12:07:12.906 GAICU [Herder INFO] Transitive closure of quorum has changed, re-analyzing.
2026-03-04T12:07:12.906 GAICU [SCP INFO] Calculating 4-node network quorum intersection
2026-03-04T12:07:12.906 GAICU [SCP INFO] Examining 3 node groups for intersection-criticality
2026-03-04T12:07:12.906 GAICU [Tx INFO] applying ledger 1325249 (classic phase: 1 component(s): [{discounted txs:3, ops:4, base_fee:100}], soroban phase: 1 component(s): [{discounted txs:1, ops:1, base_fee:100}])
2026-03-04T12:07:12.907 GAICU [Herder INFO] Quorum information for 1325248 : {"agree":3,"cost":8004,"delayed":0,"disagree":0,"fail_at":2,"hash":"59d361","lag_ms":null,"ledger":1325248,"missing":0,"phase":"EXTERNALIZE"}

2026-03-04T12:07:12.907 GAICU [SCP INFO] No intersection-critical groups found
2026-03-04T12:07:12.907 GAICU [Ledger INFO] Got consensus: [seq=1325250, prev=ce10b3, txs=5, ops=5, sv: [ SIGNED@sdf_testnet_2 txH: ccbef7, ct: 1772626028, upgrades: [ ] ]]
2026-03-04T12:07:12.920 GAICU [Tx INFO] applying ledger 1325250 (classic phase: 1 component(s): [{discounted txs:4, ops:4, base_fee:100}], soroban phase: 1 component(s): [{discounted txs:1, ops:1, base_fee:100}])
2026-03-04T12:07:12.921 GAICU [Ledger INFO] Ledger close complete: 1325249
2026-03-04T12:07:12.932 GAICU [Ledger INFO] Changing state LM_BOOTING_STATE -> LM_SYNCED_STATE
2026-03-04T12:07:12.932 GAICU [Ledger INFO] Ledger close complete: 1325250
2026-03-04T12:07:13.392 GAICU [Overlay INFO] Authenticated to 172.18.0.1:11625
2026-03-04T12:07:14.030 GAICU [Herder INFO] Quorum information for 1325249 : {"agree":3,"cost":13620,"delayed":0,"disagree":0,"fail_at":2,"hash":"59d361","lag_ms":null,"ledger":1325249,"missing":0,"phase":"EXTERNALIZE"}

2026-03-04T12:07:14.030 GAICU [Ledger INFO] Got consensus: [seq=1325251, prev=b09bd5, txs=6, ops=7, sv: [ SIGNED@sdf_testnet_1 txH: b42e9a, ct: 1772626033, upgrades: [ ] ]]
2026-03-04T12:07:14.030 GAICU [Tx INFO] applying ledger 1325251 (classic phase: 1 component(s): [{discounted txs:4, ops:5, base_fee:100}], soroban phase: 1 component(s): [{discounted txs:2, ops:2, base_fee:100}])
2026-03-04T12:07:14.037 GAICU [Ledger INFO] Ledger close complete: 1325251
2026-03-04T12:07:15.623 GAICU [Overlay INFO] Authenticated to 3.85.105.105:11625
2026-03-04T12:07:15.624 GAICU [Overlay INFO] Authenticated to 44.213.67.110:11625
2026-03-04T12:07:15.668 GAICU [Overlay INFO] Authenticated to 16.58.222.208:11725
2026-03-04T12:07:15.899 GAICU [Overlay INFO] Authenticated to 93.127.160.241:11625
2026-03-04T12:07:18.214 GAICU [Overlay ERROR] PeerManager::store error: sqlite3_statement_backend::loadOne: database or disk is full on 3.249.87.23:30020
2026-03-04T12:07:18.216 GAICU [Overlay ERROR] PeerManager::store error: sqlite3_statement_backend::loadOne: database or disk is full on 147.92.159.184:11725
2026-03-04T12:07:18.217 GAICU [Overlay ERROR] PeerManager::store error: sqlite3_statement_backend::loadOne: database or disk is full on 147.92.216.66:11825
2026-03-04T12:07:18.219 GAICU [Overlay ERROR] PeerManager::store error: sqlite3_statement_backend::loadOne: database or disk is full on 216.169.132.69:11625
2026-03-04T12:07:18.221 GAICU [Overlay ERROR] PeerManager::store error: sqlite3_statement_backend::loadOne: database or disk is full on 35.175.229.79:30400
2026-03-04T12:07:18.222 GAICU [Overlay ERROR] PeerManager::store error: sqlite3_statement_backend::loadOne: database or disk is full on 184.72.81.138:30020
2026-03-04T12:07:18.629 GAICU [Overlay ERROR] PeerManager::store error: sqlite3_statement_backend::loadOne: database or disk is full on 44.204.146.210:11625
2026-03-04T12:07:18.629 GAICU [Overlay INFO] Authenticated to 44.204.146.210:11625
2026-03-04T12:07:19.033 GAICU [Herder INFO] Quorum information for 1325250 : {"agree":3,"cost":13092,"delayed":0,"disagree":0,"fail_at":2,"hash":"59d361","lag_ms":null,"ledger":1325250,"missing":0,"phase":"EXTERNALIZE"}

2026-03-04T12:07:19.034 GAICU [SCP FATAL] Exception: Cannot commit transaction. database or disk is full
2026-03-04T12:07:19.035 GAICU [SCP FATAL] SCP context (GAICU): 
2026-03-04T12:07:19.036 GAICU [SCP FATAL] {
   "ballotProtocol" : {
      "ballot" : "(4294967295,[ SIGNED@sdf_testnet_1 txH: 76bc5b, ct: 1772626038, upgrades: [ ] ])",
      "heard" : false,
      "phase" : "EXTERNALIZE",
      "state" : "i: 1325252 | EXTERNALIZE | b: (4294967295,[ SIGNED@sdf_testnet_1 txH: 76bc5b, ct: 1772626038, upgrades: [ ] ]) | p: (4294967295,[ SIGNED@sdf_testnet_1 txH: 76bc5b, ct: 1772626038, upgrades: [ ] ]) | p': (<null_ballot>) | h: (1,[ SIGNED@sdf_testnet_1 txH: 76bc5b, ct: 1772626038, upgrades: [ ] ]) | c: (1,[ SIGNED@sdf_testnet_1 txH: 76bc5b, ct: 1772626038, upgrades: [ ] ]) | M: 3"
   },
   "nomination" : {
      "roundnumber" : 0,
      "started" : false
   },
   "quorum_sets" : {
      "59d361" : {
         "t" : 2,
         "v" : [ "sdf_testnet_2", "sdf_testnet_3", "sdf_testnet_1" ]
      }
   },
   "statements" : [
      [
         1772626039,
         "{ENV@sdf_testnet_1 |  i: 1325252 | CONFIRM | D: 59d361 | b: (1,[ SIGNED@sdf_testnet_1 txH: 76bc5b, ct: 1772626038, upgrades: [ ] ]) | p.n: 1 | c.n: 1 | h.n: 1 }",
         false
      ],
      [
         1772626039,
         "{ENV@sdf_testnet_3 |  i: 1325252 | EXTERNALIZE | c: (1,[ SIGNED@sdf_testnet_1 txH: 76bc5b, ct: 1772626038, upgrades: [ ] ]) | h.n: 1 | (lastD): 59d361 }",
         false
      ],
      [
         1772626039,
         "{ENV@GAICU |  i: 1325252 | PREPARE | D: 59d361 | b: (0,[:empty:]) | p: (4294967295,[ SIGNED@sdf_testnet_1 txH: 76bc5b, ct: 1772626038, upgrades: [ ] ]) | p': (<null_ballot>) | c.n: 0 | h.n: 0 }",
         false
      ],
      [
         1772626039,
         "{ENV@GAICU |  i: 1325252 | PREPARE | D: 59d361 | b: (1,[ SIGNED@sdf_testnet_1 txH: 76bc5b, ct: 1772626038, upgrades: [ ] ]) | p: (4294967295,[ SIGNED@sdf_testnet_1 txH: 76bc5b, ct: 1772626038, upgrades: [ ] ]) | p': (<null_ballot>) | c.n: 1 | h.n: 1 }",
         false
      ],
      [
         1772626039,
         "{ENV@GAICU |  i: 1325252 | CONFIRM | D: 59d361 | b: (4294967295,[ SIGNED@sdf_testnet_1 txH: 76bc5b, ct: 1772626038, upgrades: [ ] ]) | p.n: 4294967295 | c.n: 1 | h.n: 4294967295 }",
         false
      ],
      [
         1772626039,
         "{ENV@GAICU |  i: 1325252 | EXTERNALIZE | c: (1,[ SIGNED@sdf_testnet_1 txH: 76bc5b, ct: 1772626038, upgrades: [ ] ]) | h.n: 1 | (lastD): 59d361 }",
         false
      ]
   ],
   "validated" : false
}

2026-03-04T12:07:19.037 GAICU [SCP FATAL] Exception processing SCP messages at 1325252, envelope: {ENV@GAICU |  i: 1325252 | CONFIRM | D: 59d361 | b: (4294967295,[ SIGNED@sdf_testnet_1 txH: 76bc5b, ct: 1772626038, upgrades: [ ] ]) | p.n: 4294967295 | c.n: 1 | h.n: 4294967295 }
2026-03-04T12:07:19.038 GAICU [SCP FATAL] Please report this bug along with this log file if this was not expected
2026-03-04T12:07:19.038 GAICU [SCP FATAL] Exception: Cannot commit transaction. database or disk is full
2026-03-04T12:07:19.038 GAICU [SCP FATAL] SCP context (GAICU): 
2026-03-04T12:07:19.039 GAICU [SCP FATAL] {
   "ballotProtocol" : {
      "ballot" : "(4294967295,[ SIGNED@sdf_testnet_1 txH: 76bc5b, ct: 1772626038, upgrades: [ ] ])",
      "heard" : false,
      "phase" : "EXTERNALIZE",
      "state" : "i: 1325252 | EXTERNALIZE | b: (4294967295,[ SIGNED@sdf_testnet_1 txH: 76bc5b, ct: 1772626038, upgrades: [ ] ]) | p: (4294967295,[ SIGNED@sdf_testnet_1 txH: 76bc5b, ct: 1772626038, upgrades: [ ] ]) | p': (<null_ballot>) | h: (1,[ SIGNED@sdf_testnet_1 txH: 76bc5b, ct: 1772626038, upgrades: [ ] ]) | c: (1,[ SIGNED@sdf_testnet_1 txH: 76bc5b, ct: 1772626038, upgrades: [ ] ]) | M: 3"
   },
   "nomination" : {
      "roundnumber" : 0,
      "started" : false
   },
   "quorum_sets" : {
      "59d361" : {
         "t" : 2,
         "v" : [ "sdf_testnet_2", "sdf_testnet_3", "sdf_testnet_1" ]
      }
   },
   "statements" : [
      [
         1772626039,
         "{ENV@sdf_testnet_1 |  i: 1325252 | CONFIRM | D: 59d361 | b: (1,[ SIGNED@sdf_testnet_1 txH: 76bc5b, ct: 1772626038, upgrades: [ ] ]) | p.n: 1 | c.n: 1 | h.n: 1 }",
         false
      ],
      [
         1772626039,
         "{ENV@sdf_testnet_3 |  i: 1325252 | EXTERNALIZE | c: (1,[ SIGNED@sdf_testnet_1 txH: 76bc5b, ct: 1772626038, upgrades: [ ] ]) | h.n: 1 | (lastD): 59d361 }",
         false
      ],
      [
         1772626039,
         "{ENV@GAICU |  i: 1325252 | PREPARE | D: 59d361 | b: (0,[:empty:]) | p: (4294967295,[ SIGNED@sdf_testnet_1 txH: 76bc5b, ct: 1772626038, upgrades: [ ] ]) | p': (<null_ballot>) | c.n: 0 | h.n: 0 }",
         false
      ],
      [
         1772626039,
         "{ENV@GAICU |  i: 1325252 | PREPARE | D: 59d361 | b: (1,[ SIGNED@sdf_testnet_1 txH: 76bc5b, ct: 1772626038, upgrades: [ ] ]) | p: (4294967295,[ SIGNED@sdf_testnet_1 txH: 76bc5b, ct: 1772626038, upgrades: [ ] ]) | p': (<null_ballot>) | c.n: 1 | h.n: 1 }",
         false
      ],
      [
         1772626039,
         "{ENV@GAICU |  i: 1325252 | CONFIRM | D: 59d361 | b: (4294967295,[ SIGNED@sdf_testnet_1 txH: 76bc5b, ct: 1772626038, upgrades: [ ] ]) | p.n: 4294967295 | c.n: 1 | h.n: 4294967295 }",
         false
      ],
      [
         1772626039,
         "{ENV@GAICU |  i: 1325252 | EXTERNALIZE | c: (1,[ SIGNED@sdf_testnet_1 txH: 76bc5b, ct: 1772626038, upgrades: [ ] ]) | h.n: 1 | (lastD): 59d361 }",
         false
      ]
   ],
   "validated" : false
}

2026-03-04T12:07:19.039 GAICU [SCP FATAL] Exception processing SCP messages at 1325252, envelope: {ENV@GAICU |  i: 1325252 | PREPARE | D: 59d361 | b: (1,[ SIGNED@sdf_testnet_1 txH: 76bc5b, ct: 1772626038, upgrades: [ ] ]) | p: (4294967295,[ SIGNED@sdf_testnet_1 txH: 76bc5b, ct: 1772626038, upgrades: [ ] ]) | p': (<null_ballot>) | c.n: 1 | h.n: 1 }
2026-03-04T12:07:19.040 GAICU [SCP FATAL] Please report this bug along with this log file if this was not expected
2026-03-04T12:07:19.040 GAICU [SCP FATAL] Exception: Cannot commit transaction. database or disk is full
2026-03-04T12:07:19.040 GAICU [SCP FATAL] SCP context (GAICU): 
2026-03-04T12:07:19.040 GAICU [SCP FATAL] {
   "ballotProtocol" : {
      "ballot" : "(4294967295,[ SIGNED@sdf_testnet_1 txH: 76bc5b, ct: 1772626038, upgrades: [ ] ])",
      "heard" : false,
      "phase" : "EXTERNALIZE",
      "state" : "i: 1325252 | EXTERNALIZE | b: (4294967295,[ SIGNED@sdf_testnet_1 txH: 76bc5b, ct: 1772626038, upgrades: [ ] ]) | p: (4294967295,[ SIGNED@sdf_testnet_1 txH: 76bc5b, ct: 1772626038, upgrades: [ ] ]) | p': (<null_ballot>) | h: (1,[ SIGNED@sdf_testnet_1 txH: 76bc5b, ct: 1772626038, upgrades: [ ] ]) | c: (1,[ SIGNED@sdf_testnet_1 txH: 76bc5b, ct: 1772626038, upgrades: [ ] ]) | M: 3"
   },
   "nomination" : {
      "roundnumber" : 0,
      "started" : false
   },
   "quorum_sets" : {
      "59d361" : {
         "t" : 2,
         "v" : [ "sdf_testnet_2", "sdf_testnet_3", "sdf_testnet_1" ]
      }
   },
   "statements" : [
      [
         1772626039,
         "{ENV@sdf_testnet_1 |  i: 1325252 | CONFIRM | D: 59d361 | b: (1,[ SIGNED@sdf_testnet_1 txH: 76bc5b, ct: 1772626038, upgrades: [ ] ]) | p.n: 1 | c.n: 1 | h.n: 1 }",
         false
      ],
      [
         1772626039,
         "{ENV@sdf_testnet_3 |  i: 1325252 | EXTERNALIZE | c: (1,[ SIGNED@sdf_testnet_1 txH: 76bc5b, ct: 1772626038, upgrades: [ ] ]) | h.n: 1 | (lastD): 59d361 }",
         false
      ],
      [
         1772626039,
         "{ENV@GAICU |  i: 1325252 | PREPARE | D: 59d361 | b: (0,[:empty:]) | p: (4294967295,[ SIGNED@sdf_testnet_1 txH: 76bc5b, ct: 1772626038, upgrades: [ ] ]) | p': (<null_ballot>) | c.n: 0 | h.n: 0 }",
         false
      ],
      [
         1772626039,
         "{ENV@GAICU |  i: 1325252 | PREPARE | D: 59d361 | b: (1,[ SIGNED@sdf_testnet_1 txH: 76bc5b, ct: 1772626038, upgrades: [ ] ]) | p: (4294967295,[ SIGNED@sdf_testnet_1 txH: 76bc5b, ct: 1772626038, upgrades: [ ] ]) | p': (<null_ballot>) | c.n: 1 | h.n: 1 }",
         false
      ],
      [
         1772626039,
         "{ENV@GAICU |  i: 1325252 | CONFIRM | D: 59d361 | b: (4294967295,[ SIGNED@sdf_testnet_1 txH: 76bc5b, ct: 1772626038, upgrades: [ ] ]) | p.n: 4294967295 | c.n: 1 | h.n: 4294967295 }",
         false
      ],
      [
         1772626039,
         "{ENV@GAICU |  i: 1325252 | EXTERNALIZE | c: (1,[ SIGNED@sdf_testnet_1 txH: 76bc5b, ct: 1772626038, upgrades: [ ] ]) | h.n: 1 | (lastD): 59d361 }",
         false
      ]
   ],
   "validated" : false
}

2026-03-04T12:07:19.041 GAICU [SCP FATAL] Exception processing SCP messages at 1325252, envelope: {ENV@GAICU |  i: 1325252 | PREPARE | D: 59d361 | b: (0,[:empty:]) | p: (4294967295,[ SIGNED@sdf_testnet_1 txH: 76bc5b, ct: 1772626038, upgrades: [ ] ]) | p': (<null_ballot>) | c.n: 0 | h.n: 0 }
2026-03-04T12:07:19.041 GAICU [SCP FATAL] Please report this bug along with this log file if this was not expected
2026-03-04T12:07:19.041 GAICU [SCP FATAL] Exception: Cannot commit transaction. database or disk is full
2026-03-04T12:07:19.041 GAICU [SCP FATAL] SCP context (GAICU): 
2026-03-04T12:07:19.042 GAICU [SCP FATAL] {
   "ballotProtocol" : {
      "ballot" : "(4294967295,[ SIGNED@sdf_testnet_1 txH: 76bc5b, ct: 1772626038, upgrades: [ ] ])",
      "heard" : false,
      "phase" : "EXTERNALIZE",
      "state" : "i: 1325252 | EXTERNALIZE | b: (4294967295,[ SIGNED@sdf_testnet_1 txH: 76bc5b, ct: 1772626038, upgrades: [ ] ]) | p: (4294967295,[ SIGNED@sdf_testnet_1 txH: 76bc5b, ct: 1772626038, upgrades: [ ] ]) | p': (<null_ballot>) | h: (1,[ SIGNED@sdf_testnet_1 txH: 76bc5b, ct: 1772626038, upgrades: [ ] ]) | c: (1,[ SIGNED@sdf_testnet_1 txH: 76bc5b, ct: 1772626038, upgrades: [ ] ]) | M: 3"
   },
   "nomination" : {
      "roundnumber" : 0,
      "started" : false
   },
   "quorum_sets" : {
      "59d361" : {
         "t" : 2,
         "v" : [ "sdf_testnet_2", "sdf_testnet_3", "sdf_testnet_1" ]
      }
   },
   "statements" : [
      [
         1772626039,
         "{ENV@sdf_testnet_1 |  i: 1325252 | CONFIRM | D: 59d361 | b: (1,[ SIGNED@sdf_testnet_1 txH: 76bc5b, ct: 1772626038, upgrades: [ ] ]) | p.n: 1 | c.n: 1 | h.n: 1 }",
         false
      ],
      [
         1772626039,
         "{ENV@sdf_testnet_3 |  i: 1325252 | EXTERNALIZE | c: (1,[ SIGNED@sdf_testnet_1 txH: 76bc5b, ct: 1772626038, upgrades: [ ] ]) | h.n: 1 | (lastD): 59d361 }",
         false
      ],
      [
         1772626039,
         "{ENV@GAICU |  i: 1325252 | PREPARE | D: 59d361 | b: (0,[:empty:]) | p: (4294967295,[ SIGNED@sdf_testnet_1 txH: 76bc5b, ct: 1772626038, upgrades: [ ] ]) | p': (<null_ballot>) | c.n: 0 | h.n: 0 }",
         false
      ],
      [
         1772626039,
         "{ENV@GAICU |  i: 1325252 | PREPARE | D: 59d361 | b: (1,[ SIGNED@sdf_testnet_1 txH: 76bc5b, ct: 1772626038, upgrades: [ ] ]) | p: (4294967295,[ SIGNED@sdf_testnet_1 txH: 76bc5b, ct: 1772626038, upgrades: [ ] ]) | p': (<null_ballot>) | c.n: 1 | h.n: 1 }",
         false
      ],
      [
         1772626039,
         "{ENV@GAICU |  i: 1325252 | CONFIRM | D: 59d361 | b: (4294967295,[ SIGNED@sdf_testnet_1 txH: 76bc5b, ct: 1772626038, upgrades: [ ] ]) | p.n: 4294967295 | c.n: 1 | h.n: 4294967295 }",
         false
      ],
      [
         1772626039,
         "{ENV@GAICU |  i: 1325252 | EXTERNALIZE | c: (1,[ SIGNED@sdf_testnet_1 txH: 76bc5b, ct: 1772626038, upgrades: [ ] ]) | h.n: 1 | (lastD): 59d361 }",
         false
      ]
   ],
   "validated" : false
}

2026-03-04T12:07:19.042 GAICU [SCP FATAL] Exception processing SCP messages at 1325252, envelope: {ENV@sdf_testnet_3 |  i: 1325252 | EXTERNALIZE | c: (1,[ SIGNED@sdf_testnet_1 txH: 76bc5b, ct: 1772626038, upgrades: [ ] ]) | h.n: 1 | (lastD): 59d361 }
2026-03-04T12:07:19.042 GAICU [SCP FATAL] Please report this bug along with this log file if this was not expected
