2026-03-03T15:08:46.920 GDXH6 [default INFO] Starting stellar-core v25.1.1
2026-03-03T15:08:46.921 GDXH6 [Database INFO] Connecting to: sqlite3:///opt/stellar/core/stellar.db
2026-03-03T15:08:46.927 GDXH6 [SCP INFO] LocalNode::LocalNode@GDXH6 qSet: 59d361
2026-03-03T15:08:46.928 GDXH6 [Database INFO] DB schema is in current version
2026-03-03T15:08:46.928 GDXH6 [default INFO] Listening on 0.0.0.0:11626 for HTTP requests
2026-03-03T15:08:46.928 GDXH6 [Bucket INFO] BucketListDB enabled: pageSizeExponent: 14 indexCutOff: 20MB, persist indexes: true
2026-03-03T15:08:46.928 GDXH6 [default INFO] Connection effective settings:
2026-03-03T15:08:46.928 GDXH6 [default INFO] TARGET_PEER_CONNECTIONS: 8
2026-03-03T15:08:46.928 GDXH6 [default INFO] MAX_ADDITIONAL_PEER_CONNECTIONS: 64
2026-03-03T15:08:46.928 GDXH6 [default INFO] MAX_PENDING_CONNECTIONS: 500
2026-03-03T15:08:46.928 GDXH6 [default INFO] MAX_OUTBOUND_PENDING_CONNECTIONS: 56
2026-03-03T15:08:46.928 GDXH6 [default INFO] MAX_INBOUND_PENDING_CONNECTIONS: 444
2026-03-03T15:08:46.928 GDXH6 [default INFO] BACKGROUND_OVERLAY_PROCESSING=true
2026-03-03T15:08:46.929 GDXH6 [default INFO] PARALLEL_LEDGER_APPLY=true
2026-03-03T15:08:46.929 GDXH6 [History INFO] Archive 'sdf_testnet_1' has 'get' command only, will not be written
2026-03-03T15:08:46.929 GDXH6 [History INFO] Archive 'sdf_testnet_2' has 'get' command only, will not be written
2026-03-03T15:08:46.929 GDXH6 [History INFO] Archive 'sdf_testnet_3' has 'get' command only, will not be written
2026-03-03T15:08:46.929 GDXH6 [History WARNING] No writable archives configured, history will not be written.
2026-03-03T15:08:46.929 GDXH6 [Ledger INFO] Starting up application
2026-03-03T15:08:46.929 GDXH6 [Ledger INFO] Last closed ledger (LCL) hash is bb5348e263dc812d4fc2ada832acadf77b38248092caeae806251a9d7fba4cbe
2026-03-03T15:08:46.929 GDXH6 [Ledger INFO] Loaded LCL header from database: [seq=1310157, hash=bb5348]
2026-03-03T15:08:46.929 GDXH6 [default INFO] Establishing 10-entry connection pool to: sqlite3:///opt/stellar/core/stellar.db
2026-03-03T15:08:47.459 GDXH6 [Ledger INFO] Assumed bucket-state for LCL: [seq=1310157, hash=bb5348]
2026-03-03T15:08:47.460 GDXH6 [default INFO] Launching 1 loading and 5 compiling background threads
2026-03-03T15:08:47.756 GDXH6 [default INFO] Compiled 1684 contracts (45055210 bytes of Wasm) in 296ms real time, 1429ms CPU time
2026-03-03T15:08:49.898 GDXH6 [Overlay INFO] Binding to endpoint 0.0.0.0:11625
2026-03-03T15:08:49.903 GDXH6 [History INFO] Downloading history archive state: .well-known/stellar-history.json
2026-03-03T15:08:50.279 GDXH6 [Process WARNING] process 2801 exited 23: curl -sf http://history.stellar.org/prd/core-testnet/core_testnet_001/.well-known/stellar-history.json -o buckets/tmp/history-5ff0273147768b06/d4bc53abc07508d7-stellar-history.json
2026-03-03T15:08:50.279 GDXH6 [History WARNING] Could not download file: archive sdf_testnet_1 maybe missing file .well-known/stellar-history.json
2026-03-03T15:08:50.279 GDXH6 [History ERROR] Could not download .well-known/stellar-history.json file: corrupt archive sdf_testnet_1
2026-03-03T15:08:50.281 GDXH6 [History ERROR] Failed to obtain archive information: sdf_testnet_1
2026-03-03T15:08:52.136 GDXH6 [Overlay ERROR] PeerManager::store error: sqlite3_statement_backend::loadOne: database or disk is full on 98.91.174.101:11625
2026-03-03T15:08:52.137 GDXH6 [Overlay ERROR] PeerManager::store error: sqlite3_statement_backend::loadOne: database or disk is full on 44.204.146.210:11625
2026-03-03T15:08:52.137 GDXH6 [Overlay ERROR] PeerManager::store error: sqlite3_statement_backend::loadOne: database or disk is full on 44.213.67.110:11625
2026-03-03T15:08:52.138 GDXH6 [Overlay ERROR] PeerManager::store error: sqlite3_statement_backend::loadOne: database or disk is full on 3.238.136.199:30400
2026-03-03T15:08:52.139 GDXH6 [Overlay ERROR] PeerManager::store error: sqlite3_statement_backend::loadOne: database or disk is full on 54.175.126.219:11625
2026-03-03T15:08:52.140 GDXH6 [Overlay ERROR] PeerManager::store error: sqlite3_statement_backend::loadOne: database or disk is full on 3.148.60.154:11725
2026-03-03T15:08:52.142 GDXH6 [Overlay ERROR] PeerManager::store error: sqlite3_statement_backend::loadOne: database or disk is full on 65.109.51.179:11625
2026-03-03T15:08:52.143 GDXH6 [Overlay ERROR] PeerManager::store error: sqlite3_statement_backend::loadOne: database or disk is full on 3.255.82.225:30020
2026-03-03T15:08:52.144 GDXH6 [Overlay ERROR] PeerManager::store error: sqlite3_statement_backend::loadOne: database or disk is full on 172.18.0.1:11625
2026-03-03T15:08:52.145 GDXH6 [Overlay ERROR] PeerManager::store error: sqlite3_statement_backend::loadOne: database or disk is full on 13.217.88.18:8009
2026-03-03T15:08:52.146 GDXH6 [Overlay ERROR] PeerManager::store error: sqlite3_statement_backend::loadOne: database or disk is full on 200.129.247.145:11625
2026-03-03T15:08:52.147 GDXH6 [Overlay ERROR] PeerManager::store error: sqlite3_statement_backend::loadOne: database or disk is full on 200.129.247.114:11625
2026-03-03T15:08:52.149 GDXH6 [Overlay ERROR] PeerManager::store error: sqlite3_statement_backend::loadOne: database or disk is full on 54.163.22.184:30020
2026-03-03T15:08:52.150 GDXH6 [Overlay ERROR] PeerManager::store error: sqlite3_statement_backend::loadOne: database or disk is full on 54.90.248.176:30020
2026-03-03T15:08:52.150 GDXH6 [Overlay ERROR] PeerManager::store error: sqlite3_statement_backend::loadOne: database or disk is full on 174.138.52.29:11625
2026-03-03T15:08:52.151 GDXH6 [Overlay ERROR] PeerManager::store error: sqlite3_statement_backend::loadOne: database or disk is full on 198.199.88.228:11625
2026-03-03T15:08:52.152 GDXH6 [Overlay ERROR] PeerManager::store error: sqlite3_statement_backend::loadOne: database or disk is full on 50.16.48.217:30020
2026-03-03T15:08:52.152 GDXH6 [Overlay ERROR] PeerManager::store error: sqlite3_statement_backend::loadOne: database or disk is full on 34.245.167.15:30020
2026-03-03T15:08:52.153 GDXH6 [Overlay ERROR] PeerManager::store error: sqlite3_statement_backend::loadOne: database or disk is full on 3.95.1.43:30400
2026-03-03T15:08:52.154 GDXH6 [Overlay ERROR] PeerManager::store error: sqlite3_statement_backend::loadOne: database or disk is full on 135.181.229.215:11628
2026-03-03T15:08:52.154 GDXH6 [Overlay ERROR] PeerManager::store error: sqlite3_statement_backend::loadOne: database or disk is full on 200.129.247.138:11625
2026-03-03T15:08:52.155 GDXH6 [Overlay ERROR] PeerManager::store error: sqlite3_statement_backend::loadOne: database or disk is full on 3.238.52.233:30400
2026-03-03T15:08:52.156 GDXH6 [Overlay ERROR] PeerManager::store error: sqlite3_statement_backend::loadOne: database or disk is full on 18.189.252.66:11725
2026-03-03T15:08:52.157 GDXH6 [Overlay ERROR] PeerManager::store error: sqlite3_statement_backend::loadOne: database or disk is full on 200.129.247.110:11625
2026-03-03T15:08:52.159 GDXH6 [Overlay ERROR] PeerManager::store error: sqlite3_statement_backend::loadOne: database or disk is full on 91.67.122.127:11625
2026-03-03T15:08:52.162 GDXH6 [Overlay ERROR] PeerManager::store error: sqlite3_statement_backend::loadOne: database or disk is full on 3.18.193.104:11725
2026-03-03T15:08:52.163 GDXH6 [Overlay ERROR] PeerManager::store error: sqlite3_statement_backend::loadOne: database or disk is full on 172.18.0.1:11725
2026-03-03T15:08:52.163 GDXH6 [Overlay ERROR] PeerManager::store error: sqlite3_statement_backend::loadOne: database or disk is full on 148.113.140.57:11625
2026-03-03T15:08:52.164 GDXH6 [Overlay ERROR] PeerManager::store error: sqlite3_statement_backend::loadOne: database or disk is full on 3.134.225.19:11725
2026-03-03T15:08:52.551 GDXH6 [Overlay ERROR] PeerManager::store error: sqlite3_statement_backend::loadOne: database or disk is full on 54.175.126.219:11625
2026-03-03T15:08:52.552 GDXH6 [Overlay INFO] Authenticated to 54.175.126.219:11625
2026-03-03T15:08:52.553 GDXH6 [Overlay ERROR] PeerManager::store error: sqlite3_statement_backend::loadOne: database or disk is full on 34.227.52.150:30020
2026-03-03T15:08:52.554 GDXH6 [Overlay ERROR] PeerManager::store error: sqlite3_statement_backend::loadOne: database or disk is full on 3.238.136.199:30400
2026-03-03T15:08:52.555 GDXH6 [Overlay INFO] Authenticated to 3.238.136.199:30400
2026-03-03T15:08:52.556 GDXH6 [Overlay ERROR] PeerManager::store error: sqlite3_statement_backend::loadOne: database or disk is full on 200.129.247.139:11825
2026-03-03T15:08:52.557 GDXH6 [Overlay ERROR] PeerManager::store error: sqlite3_statement_backend::loadOne: database or disk is full on 198.244.200.76:11725
2026-03-03T15:08:52.558 GDXH6 [Overlay ERROR] PeerManager::store error: sqlite3_statement_backend::loadOne: database or disk is full on 200.129.247.139:11725
2026-03-03T15:08:52.558 GDXH6 [Overlay ERROR] PeerManager::store error: sqlite3_statement_backend::loadOne: database or disk is full on 45.55.48.58:11825
2026-03-03T15:08:52.587 GDXH6 [Overlay ERROR] PeerManager::store error: sqlite3_statement_backend::loadOne: database or disk is full on 3.148.60.154:11725
2026-03-03T15:08:52.587 GDXH6 [Overlay INFO] Authenticated to 3.148.60.154:11725
2026-03-03T15:08:52.588 GDXH6 [Overlay ERROR] PeerManager::store error: sqlite3_statement_backend::loadOne: database or disk is full on 77.48.24.203:11625
2026-03-03T15:08:52.588 GDXH6 [Overlay ERROR] PeerManager::store error: sqlite3_statement_backend::loadOne: database or disk is full on 200.129.247.139:11825
2026-03-03T15:08:52.589 GDXH6 [Overlay ERROR] PeerManager::store error: sqlite3_statement_backend::loadOne: database or disk is full on 200.129.247.139:11725
2026-03-03T15:08:52.830 GDXH6 [SCP FATAL] Exception: Cannot commit transaction. database or disk is full
2026-03-03T15:08:52.830 GDXH6 [SCP FATAL] SCP context (GDXH6): 
2026-03-03T15:08:52.830 GDXH6 [SCP FATAL] {
   "ballotProtocol" : {
      "ballot" : "(4294967295,[ SIGNED@sdf_testnet_1 txH: f19457, ct: 1772550474, upgrades: [ ] ])",
      "heard" : false,
      "phase" : "EXTERNALIZE",
      "state" : "i: 1310156 | EXTERNALIZE | b: (4294967295,[ SIGNED@sdf_testnet_1 txH: f19457, ct: 1772550474, upgrades: [ ] ]) | p: (4294967295,[ SIGNED@sdf_testnet_1 txH: f19457, ct: 1772550474, upgrades: [ ] ]) | p': (<null_ballot>) | h: (4294967295,[ SIGNED@sdf_testnet_1 txH: f19457, ct: 1772550474, upgrades: [ ] ]) | c: (1,[ SIGNED@sdf_testnet_1 txH: f19457, ct: 1772550474, upgrades: [ ] ]) | M: 3"
   },
   "nomination" : {
      "roundnumber" : 0,
      "started" : false
   },
   "quorum_sets" : {
      "59d361" : {
         "t" : 2,
         "v" : [ "sdf_testnet_2", "sdf_testnet_3", "sdf_testnet_1" ]
      }
   },
   "statements" : [
      [
         1772550532,
         "{ENV@sdf_testnet_1 |  i: 1310156 | EXTERNALIZE | c: (1,[ SIGNED@sdf_testnet_1 txH: f19457, ct: 1772550474, upgrades: [ ] ]) | h.n: 1 | (lastD): 59d361 }",
         false
      ],
      [
         1772550532,
         "{ENV@sdf_testnet_3 |  i: 1310156 | EXTERNALIZE | c: (1,[ SIGNED@sdf_testnet_1 txH: f19457, ct: 1772550474, upgrades: [ ] ]) | h.n: 1 | (lastD): 59d361 }",
         false
      ],
      [
         1772550532,
         "{ENV@GDXH6 |  i: 1310156 | PREPARE | D: 59d361 | b: (0,[:empty:]) | p: (4294967295,[ SIGNED@sdf_testnet_1 txH: f19457, ct: 1772550474, upgrades: [ ] ]) | p': (<null_ballot>) | c.n: 0 | h.n: 0 }",
         false
      ],
      [
         1772550532,
         "{ENV@GDXH6 |  i: 1310156 | PREPARE | D: 59d361 | b: (4294967295,[ SIGNED@sdf_testnet_1 txH: f19457, ct: 1772550474, upgrades: [ ] ]) | p: (4294967295,[ SIGNED@sdf_testnet_1 txH: f19457, ct: 1772550474, upgrades: [ ] ]) | p': (<null_ballot>) | c.n: 4294967295 | h.n: 4294967295 }",
         false
      ],
      [
         1772550532,
         "{ENV@GDXH6 |  i: 1310156 | CONFIRM | D: 59d361 | b: (4294967295,[ SIGNED@sdf_testnet_1 txH: f19457, ct: 1772550474, upgrades: [ ] ]) | p.n: 4294967295 | c.n: 1 | h.n: 4294967295 }",
         false
      ],
      [
         1772550532,
         "{ENV@GDXH6 |  i: 1310156 | EXTERNALIZE | c: (1,[ SIGNED@sdf_testnet_1 txH: f19457, ct: 1772550474, upgrades: [ ] ]) | h.n: 4294967295 | (lastD): 59d361 }",
         false
      ]
   ],
   "validated" : false
}

2026-03-03T15:08:52.831 GDXH6 [SCP FATAL] Exception processing SCP messages at 1310156, envelope: {ENV@GDXH6 |  i: 1310156 | CONFIRM | D: 59d361 | b: (4294967295,[ SIGNED@sdf_testnet_1 txH: f19457, ct: 1772550474, upgrades: [ ] ]) | p.n: 4294967295 | c.n: 1 | h.n: 4294967295 }
2026-03-03T15:08:52.831 GDXH6 [SCP FATAL] Please report this bug along with this log file if this was not expected
2026-03-03T15:08:52.831 GDXH6 [SCP FATAL] Exception: Cannot commit transaction. database or disk is full
2026-03-03T15:08:52.832 GDXH6 [SCP FATAL] SCP context (GDXH6): 
2026-03-03T15:08:52.832 GDXH6 [SCP FATAL] {
   "ballotProtocol" : {
      "ballot" : "(4294967295,[ SIGNED@sdf_testnet_1 txH: f19457, ct: 1772550474, upgrades: [ ] ])",
      "heard" : false,
      "phase" : "EXTERNALIZE",
      "state" : "i: 1310156 | EXTERNALIZE | b: (4294967295,[ SIGNED@sdf_testnet_1 txH: f19457, ct: 1772550474, upgrades: [ ] ]) | p: (4294967295,[ SIGNED@sdf_testnet_1 txH: f19457, ct: 1772550474, upgrades: [ ] ]) | p': (<null_ballot>) | h: (4294967295,[ SIGNED@sdf_testnet_1 txH: f19457, ct: 1772550474, upgrades: [ ] ]) | c: (1,[ SIGNED@sdf_testnet_1 txH: f19457, ct: 1772550474, upgrades: [ ] ]) | M: 3"
   },
   "nomination" : {
      "roundnumber" : 0,
      "started" : false
   },
   "quorum_sets" : {
      "59d361" : {
         "t" : 2,
         "v" : [ "sdf_testnet_2", "sdf_testnet_3", "sdf_testnet_1" ]
      }
   },
   "statements" : [
      [
         1772550532,
         "{ENV@sdf_testnet_1 |  i: 1310156 | EXTERNALIZE | c: (1,[ SIGNED@sdf_testnet_1 txH: f19457, ct: 1772550474, upgrades: [ ] ]) | h.n: 1 | (lastD): 59d361 }",
         false
      ],
      [
         1772550532,
         "{ENV@sdf_testnet_3 |  i: 1310156 | EXTERNALIZE | c: (1,[ SIGNED@sdf_testnet_1 txH: f19457, ct: 1772550474, upgrades: [ ] ]) | h.n: 1 | (lastD): 59d361 }",
         false
      ],
      [
         1772550532,
         "{ENV@GDXH6 |  i: 1310156 | PREPARE | D: 59d361 | b: (0,[:empty:]) | p: (4294967295,[ SIGNED@sdf_testnet_1 txH: f19457, ct: 1772550474, upgrades: [ ] ]) | p': (<null_ballot>) | c.n: 0 | h.n: 0 }",
         false
      ],
      [
         1772550532,
         "{ENV@GDXH6 |  i: 1310156 | PREPARE | D: 59d361 | b: (4294967295,[ SIGNED@sdf_testnet_1 txH: f19457, ct: 1772550474, upgrades: [ ] ]) | p: (4294967295,[ SIGNED@sdf_testnet_1 txH: f19457, ct: 1772550474, upgrades: [ ] ]) | p': (<null_ballot>) | c.n: 4294967295 | h.n: 4294967295 }",
         false
      ],
      [
         1772550532,
         "{ENV@GDXH6 |  i: 1310156 | CONFIRM | D: 59d361 | b: (4294967295,[ SIGNED@sdf_testnet_1 txH: f19457, ct: 1772550474, upgrades: [ ] ]) | p.n: 4294967295 | c.n: 1 | h.n: 4294967295 }",
         false
      ],
      [
         1772550532,
         "{ENV@GDXH6 |  i: 1310156 | EXTERNALIZE | c: (1,[ SIGNED@sdf_testnet_1 txH: f19457, ct: 1772550474, upgrades: [ ] ]) | h.n: 4294967295 | (lastD): 59d361 }",
         false
      ]
   ],
   "validated" : false
}

2026-03-03T15:08:52.833 GDXH6 [SCP FATAL] Exception processing SCP messages at 1310156, envelope: {ENV@GDXH6 |  i: 1310156 | PREPARE | D: 59d361 | b: (4294967295,[ SIGNED@sdf_testnet_1 txH: f19457, ct: 1772550474, upgrades: [ ] ]) | p: (4294967295,[ SIGNED@sdf_testnet_1 txH: f19457, ct: 1772550474, upgrades: [ ] ]) | p': (<null_ballot>) | c.n: 4294967295 | h.n: 4294967295 }
2026-03-03T15:08:52.833 GDXH6 [SCP FATAL] Please report this bug along with this log file if this was not expected
2026-03-03T15:08:52.833 GDXH6 [SCP FATAL] Exception: Cannot commit transaction. database or disk is full
2026-03-03T15:08:52.833 GDXH6 [SCP FATAL] SCP context (GDXH6): 
2026-03-03T15:08:52.833 GDXH6 [SCP FATAL] {
   "ballotProtocol" : {
      "ballot" : "(4294967295,[ SIGNED@sdf_testnet_1 txH: f19457, ct: 1772550474, upgrades: [ ] ])",
      "heard" : false,
      "phase" : "EXTERNALIZE",
      "state" : "i: 1310156 | EXTERNALIZE | b: (4294967295,[ SIGNED@sdf_testnet_1 txH: f19457, ct: 1772550474, upgrades: [ ] ]) | p: (4294967295,[ SIGNED@sdf_testnet_1 txH: f19457, ct: 1772550474, upgrades: [ ] ]) | p': (<null_ballot>) | h: (4294967295,[ SIGNED@sdf_testnet_1 txH: f19457, ct: 1772550474, upgrades: [ ] ]) | c: (1,[ SIGNED@sdf_testnet_1 txH: f19457, ct: 1772550474, upgrades: [ ] ]) | M: 3"
   },
   "nomination" : {
      "roundnumber" : 0,
      "started" : false
   },
   "quorum_sets" : {
      "59d361" : {
         "t" : 2,
         "v" : [ "sdf_testnet_2", "sdf_testnet_3", "sdf_testnet_1" ]
      }
   },
   "statements" : [
      [
         1772550532,
         "{ENV@sdf_testnet_1 |  i: 1310156 | EXTERNALIZE | c: (1,[ SIGNED@sdf_testnet_1 txH: f19457, ct: 1772550474, upgrades: [ ] ]) | h.n: 1 | (lastD): 59d361 }",
         false
      ],
      [
         1772550532,
         "{ENV@sdf_testnet_3 |  i: 1310156 | EXTERNALIZE | c: (1,[ SIGNED@sdf_testnet_1 txH: f19457, ct: 1772550474, upgrades: [ ] ]) | h.n: 1 | (lastD): 59d361 }",
         false
      ],
      [
         1772550532,
         "{ENV@GDXH6 |  i: 1310156 | PREPARE | D: 59d361 | b: (0,[:empty:]) | p: (4294967295,[ SIGNED@sdf_testnet_1 txH: f19457, ct: 1772550474, upgrades: [ ] ]) | p': (<null_ballot>) | c.n: 0 | h.n: 0 }",
         false
      ],
      [
         1772550532,
         "{ENV@GDXH6 |  i: 1310156 | PREPARE | D: 59d361 | b: (4294967295,[ SIGNED@sdf_testnet_1 txH: f19457, ct: 1772550474, upgrades: [ ] ]) | p: (4294967295,[ SIGNED@sdf_testnet_1 txH: f19457, ct: 1772550474, upgrades: [ ] ]) | p': (<null_ballot>) | c.n: 4294967295 | h.n: 4294967295 }",
         false
      ],
      [
         1772550532,
         "{ENV@GDXH6 |  i: 1310156 | CONFIRM | D: 59d361 | b: (4294967295,[ SIGNED@sdf_testnet_1 txH: f19457, ct: 1772550474, upgrades: [ ] ]) | p.n: 4294967295 | c.n: 1 | h.n: 4294967295 }",
         false
      ],
      [
         1772550532,
         "{ENV@GDXH6 |  i: 1310156 | EXTERNALIZE | c: (1,[ SIGNED@sdf_testnet_1 txH: f19457, ct: 1772550474, upgrades: [ ] ]) | h.n: 4294967295 | (lastD): 59d361 }",
         false
      ]
   ],
   "validated" : false
}

2026-03-03T15:08:52.834 GDXH6 [SCP FATAL] Exception processing SCP messages at 1310156, envelope: {ENV@GDXH6 |  i: 1310156 | PREPARE | D: 59d361 | b: (0,[:empty:]) | p: (4294967295,[ SIGNED@sdf_testnet_1 txH: f19457, ct: 1772550474, upgrades: [ ] ]) | p': (<null_ballot>) | c.n: 0 | h.n: 0 }
2026-03-03T15:08:52.834 GDXH6 [SCP FATAL] Please report this bug along with this log file if this was not expected
2026-03-03T15:08:52.834 GDXH6 [SCP FATAL] Exception: Cannot commit transaction. database or disk is full
2026-03-03T15:08:52.834 GDXH6 [SCP FATAL] SCP context (GDXH6): 
2026-03-03T15:08:52.834 GDXH6 [SCP FATAL] {
   "ballotProtocol" : {
      "ballot" : "(4294967295,[ SIGNED@sdf_testnet_1 txH: f19457, ct: 1772550474, upgrades: [ ] ])",
      "heard" : false,
      "phase" : "EXTERNALIZE",
      "state" : "i: 1310156 | EXTERNALIZE | b: (4294967295,[ SIGNED@sdf_testnet_1 txH: f19457, ct: 1772550474, upgrades: [ ] ]) | p: (4294967295,[ SIGNED@sdf_testnet_1 txH: f19457, ct: 1772550474, upgrades: [ ] ]) | p': (<null_ballot>) | h: (4294967295,[ SIGNED@sdf_testnet_1 txH: f19457, ct: 1772550474, upgrades: [ ] ]) | c: (1,[ SIGNED@sdf_testnet_1 txH: f19457, ct: 1772550474, upgrades: [ ] ]) | M: 3"
   },
   "nomination" : {
      "roundnumber" : 0,
      "started" : false
   },
   "quorum_sets" : {
      "59d361" : {
         "t" : 2,
         "v" : [ "sdf_testnet_2", "sdf_testnet_3", "sdf_testnet_1" ]
      }
   },
   "statements" : [
      [
         1772550532,
         "{ENV@sdf_testnet_1 |  i: 1310156 | EXTERNALIZE | c: (1,[ SIGNED@sdf_testnet_1 txH: f19457, ct: 1772550474, upgrades: [ ] ]) | h.n: 1 | (lastD): 59d361 }",
         false
      ],
      [
         1772550532,
         "{ENV@sdf_testnet_3 |  i: 1310156 | EXTERNALIZE | c: (1,[ SIGNED@sdf_testnet_1 txH: f19457, ct: 1772550474, upgrades: [ ] ]) | h.n: 1 | (lastD): 59d361 }",
         false
      ],
      [
         1772550532,
         "{ENV@GDXH6 |  i: 1310156 | PREPARE | D: 59d361 | b: (0,[:empty:]) | p: (4294967295,[ SIGNED@sdf_testnet_1 txH: f19457, ct: 1772550474, upgrades: [ ] ]) | p': (<null_ballot>) | c.n: 0 | h.n: 0 }",
         false
      ],
      [
         1772550532,
         "{ENV@GDXH6 |  i: 1310156 | PREPARE | D: 59d361 | b: (4294967295,[ SIGNED@sdf_testnet_1 txH: f19457, ct: 1772550474, upgrades: [ ] ]) | p: (4294967295,[ SIGNED@sdf_testnet_1 txH: f19457, ct: 1772550474, upgrades: [ ] ]) | p': (<null_ballot>) | c.n: 4294967295 | h.n: 4294967295 }",
         false
      ],
      [
         1772550532,
         "{ENV@GDXH6 |  i: 1310156 | CONFIRM | D: 59d361 | b: (4294967295,[ SIGNED@sdf_testnet_1 txH: f19457, ct: 1772550474, upgrades: [ ] ]) | p.n: 4294967295 | c.n: 1 | h.n: 4294967295 }",
         false
      ],
      [
         1772550532,
         "{ENV@GDXH6 |  i: 1310156 | EXTERNALIZE | c: (1,[ SIGNED@sdf_testnet_1 txH: f19457, ct: 1772550474, upgrades: [ ] ]) | h.n: 4294967295 | (lastD): 59d361 }",
         false
      ]
   ],
   "validated" : false
}

2026-03-03T15:08:52.834 GDXH6 [SCP FATAL] Exception processing SCP messages at 1310156, envelope: {ENV@sdf_testnet_3 |  i: 1310156 | EXTERNALIZE | c: (1,[ SIGNED@sdf_testnet_1 txH: f19457, ct: 1772550474, upgrades: [ ] ]) | h.n: 1 | (lastD): 59d361 }
2026-03-03T15:08:52.834 GDXH6 [SCP FATAL] Please report this bug along with this log file if this was not expected
