2026-03-04T12:09:22.153 GBD47 [default INFO] Starting stellar-core v25.1.1
2026-03-04T12:09:22.154 GBD47 [Database INFO] Connecting to: sqlite3:///opt/stellar/core/stellar.db
2026-03-04T12:09:22.168 GBD47 [SCP INFO] LocalNode::LocalNode@GBD47 qSet: 59d361
2026-03-04T12:09:22.169 GBD47 [Database INFO] DB schema is in current version
2026-03-04T12:09:22.169 GBD47 [default INFO] Listening on 0.0.0.0:11626 for HTTP requests
2026-03-04T12:09:22.169 GBD47 [Bucket INFO] BucketListDB enabled: pageSizeExponent: 14 indexCutOff: 20MB, persist indexes: true
2026-03-04T12:09:22.170 GBD47 [default INFO] Connection effective settings:
2026-03-04T12:09:22.170 GBD47 [default INFO] TARGET_PEER_CONNECTIONS: 8
2026-03-04T12:09:22.170 GBD47 [default INFO] MAX_ADDITIONAL_PEER_CONNECTIONS: 64
2026-03-04T12:09:22.170 GBD47 [default INFO] MAX_PENDING_CONNECTIONS: 500
2026-03-04T12:09:22.170 GBD47 [default INFO] MAX_OUTBOUND_PENDING_CONNECTIONS: 56
2026-03-04T12:09:22.170 GBD47 [default INFO] MAX_INBOUND_PENDING_CONNECTIONS: 444
2026-03-04T12:09:22.170 GBD47 [default INFO] BACKGROUND_OVERLAY_PROCESSING=true
2026-03-04T12:09:22.171 GBD47 [default INFO] PARALLEL_LEDGER_APPLY=true
2026-03-04T12:09:22.171 GBD47 [History INFO] Archive 'sdf_testnet_1' has 'get' command only, will not be written
2026-03-04T12:09:22.171 GBD47 [History INFO] Archive 'sdf_testnet_2' has 'get' command only, will not be written
2026-03-04T12:09:22.171 GBD47 [History INFO] Archive 'sdf_testnet_3' has 'get' command only, will not be written
2026-03-04T12:09:22.171 GBD47 [History WARNING] No writable archives configured, history will not be written.
2026-03-04T12:09:22.171 GBD47 [Ledger INFO] Starting up application
2026-03-04T12:09:22.171 GBD47 [Ledger INFO] Last closed ledger (LCL) hash is 3717cc2d58717d0d8a5612cf97b9c2e7c04d1eeb1b77151a59687fae75e4aab6
2026-03-04T12:09:22.171 GBD47 [Ledger INFO] Loaded LCL header from database: [seq=1325251, hash=3717cc]
2026-03-04T12:09:22.171 GBD47 [default INFO] Establishing 10-entry connection pool to: sqlite3:///opt/stellar/core/stellar.db
2026-03-04T12:09:22.894 GBD47 [Ledger INFO] Assumed bucket-state for LCL: [seq=1325251, hash=3717cc]
2026-03-04T12:09:22.896 GBD47 [default INFO] Launching 1 loading and 5 compiling background threads
2026-03-04T12:09:23.253 GBD47 [default INFO] Compiled 1642 contracts (43833304 bytes of Wasm) in 356ms real time, 1705ms CPU time
2026-03-04T12:09:26.255 GBD47 [Overlay INFO] Binding to endpoint 0.0.0.0:11625
2026-03-04T12:09:26.264 GBD47 [History INFO] Downloading history archive state: .well-known/stellar-history.json
2026-03-04T12:09:26.650 GBD47 [Process WARNING] process 5763 exited 23: curl -sf http://history.stellar.org/prd/core-testnet/core_testnet_001/.well-known/stellar-history.json -o buckets/tmp/history-18767b9a5dafeb68/c0c63d65b8101c58-stellar-history.json
2026-03-04T12:09:26.650 GBD47 [History WARNING] Could not download file: archive sdf_testnet_1 maybe missing file .well-known/stellar-history.json
2026-03-04T12:09:26.650 GBD47 [History ERROR] Could not download .well-known/stellar-history.json file: corrupt archive sdf_testnet_1
2026-03-04T12:09:26.652 GBD47 [History ERROR] Failed to obtain archive information: sdf_testnet_1
2026-03-04T12:09:28.514 GBD47 [Overlay ERROR] PeerManager::store error: sqlite3_statement_backend::loadOne: database or disk is full on 98.91.174.101:11625
2026-03-04T12:09:28.515 GBD47 [Overlay ERROR] PeerManager::store error: sqlite3_statement_backend::loadOne: database or disk is full on 44.204.146.210:11625
2026-03-04T12:09:28.515 GBD47 [Overlay ERROR] PeerManager::store error: sqlite3_statement_backend::loadOne: database or disk is full on 44.213.67.110:11625
2026-03-04T12:09:28.516 GBD47 [Overlay ERROR] PeerManager::store error: sqlite3_statement_backend::loadOne: database or disk is full on 13.223.55.158:11625
2026-03-04T12:09:28.517 GBD47 [Overlay ERROR] PeerManager::store error: sqlite3_statement_backend::loadOne: database or disk is full on 54.175.126.219:11625
2026-03-04T12:09:28.517 GBD47 [Overlay ERROR] PeerManager::store error: sqlite3_statement_backend::loadOne: database or disk is full on 3.89.159.61:11625
2026-03-04T12:09:28.518 GBD47 [Overlay ERROR] PeerManager::store error: sqlite3_statement_backend::loadOne: database or disk is full on 24.252.206.200:11625
2026-03-04T12:09:28.519 GBD47 [Overlay ERROR] PeerManager::store error: sqlite3_statement_backend::loadOne: database or disk is full on 184.72.81.138:30020
2026-03-04T12:09:28.520 GBD47 [Overlay ERROR] PeerManager::store error: sqlite3_statement_backend::loadOne: database or disk is full on 3.95.1.43:30400
2026-03-04T12:09:28.521 GBD47 [Overlay ERROR] PeerManager::store error: sqlite3_statement_backend::loadOne: database or disk is full on 160.155.38.109:11625
2026-03-04T12:09:28.521 GBD47 [Overlay ERROR] PeerManager::store error: sqlite3_statement_backend::loadOne: database or disk is full on 206.125.34.196:11725
2026-03-04T12:09:28.522 GBD47 [Overlay ERROR] PeerManager::store error: sqlite3_statement_backend::loadOne: database or disk is full on 200.129.247.110:11825
2026-03-04T12:09:28.523 GBD47 [Overlay ERROR] PeerManager::store error: sqlite3_statement_backend::loadOne: database or disk is full on 147.92.216.66:11825
2026-03-04T12:09:28.524 GBD47 [Overlay ERROR] PeerManager::store error: sqlite3_statement_backend::loadOne: database or disk is full on 172.18.0.1:11825
2026-03-04T12:09:28.524 GBD47 [Overlay ERROR] PeerManager::store error: sqlite3_statement_backend::loadOne: database or disk is full on 185.91.122.95:11725
2026-03-04T12:09:28.525 GBD47 [Overlay ERROR] PeerManager::store error: sqlite3_statement_backend::loadOne: database or disk is full on 174.138.52.29:11625
2026-03-04T12:09:28.525 GBD47 [Overlay ERROR] PeerManager::store error: sqlite3_statement_backend::loadOne: database or disk is full on 147.92.159.184:11725
2026-03-04T12:09:28.526 GBD47 [Overlay ERROR] PeerManager::store error: sqlite3_statement_backend::loadOne: database or disk is full on 200.129.247.42:11625
2026-03-04T12:09:28.526 GBD47 [Overlay ERROR] PeerManager::store error: sqlite3_statement_backend::loadOne: database or disk is full on 18.201.241.124:30020
2026-03-04T12:09:28.527 GBD47 [Overlay ERROR] PeerManager::store error: sqlite3_statement_backend::loadOne: database or disk is full on 216.169.132.69:11625
2026-03-04T12:09:28.528 GBD47 [Overlay ERROR] PeerManager::store error: sqlite3_statement_backend::loadOne: database or disk is full on 185.255.131.210:11625
2026-03-04T12:09:28.529 GBD47 [Overlay ERROR] PeerManager::store error: sqlite3_statement_backend::loadOne: database or disk is full on 198.199.88.228:11625
2026-03-04T12:09:28.530 GBD47 [Overlay ERROR] PeerManager::store error: sqlite3_statement_backend::loadOne: database or disk is full on 34.229.162.244:30020
2026-03-04T12:09:28.531 GBD47 [Overlay ERROR] PeerManager::store error: sqlite3_statement_backend::loadOne: database or disk is full on 18.201.51.16:30020
2026-03-04T12:09:28.532 GBD47 [Overlay ERROR] PeerManager::store error: sqlite3_statement_backend::loadOne: database or disk is full on 173.244.202.69:11725
2026-03-04T12:09:28.533 GBD47 [Overlay ERROR] PeerManager::store error: sqlite3_statement_backend::loadOne: database or disk is full on 34.241.153.42:30020
2026-03-04T12:09:28.534 GBD47 [Overlay ERROR] PeerManager::store error: sqlite3_statement_backend::loadOne: database or disk is full on 3.134.225.19:11725
2026-03-04T12:09:28.535 GBD47 [Overlay ERROR] PeerManager::store error: sqlite3_statement_backend::loadOne: database or disk is full on 216.169.132.56:11625
2026-03-04T12:09:28.536 GBD47 [Overlay ERROR] PeerManager::store error: sqlite3_statement_backend::loadOne: database or disk is full on 35.175.229.79:30400
2026-03-04T12:09:28.537 GBD47 [Overlay ERROR] PeerManager::store error: sqlite3_statement_backend::loadOne: database or disk is full on 3.249.87.23:30020
2026-03-04T12:09:28.538 GBD47 [Overlay ERROR] PeerManager::store error: sqlite3_statement_backend::loadOne: database or disk is full on 54.236.21.197:30020
2026-03-04T12:09:28.539 GBD47 [Overlay ERROR] PeerManager::store error: sqlite3_statement_backend::loadOne: database or disk is full on 52.91.130.193:30020
2026-03-04T12:09:28.933 GBD47 [Overlay ERROR] PeerManager::store error: sqlite3_statement_backend::loadOne: database or disk is full on 13.223.55.158:11625
2026-03-04T12:09:28.934 GBD47 [Overlay INFO] Authenticated to 13.223.55.158:11625
2026-03-04T12:09:28.934 GBD47 [Overlay ERROR] PeerManager::store error: sqlite3_statement_backend::loadOne: database or disk is full on 54.175.126.219:11625
2026-03-04T12:09:28.935 GBD47 [Overlay INFO] Authenticated to 54.175.126.219:11625
2026-03-04T12:09:28.937 GBD47 [Overlay ERROR] PeerManager::store error: sqlite3_statement_backend::loadOne: database or disk is full on 3.89.159.61:11625
2026-03-04T12:09:28.937 GBD47 [Overlay INFO] Authenticated to 3.89.159.61:11625
2026-03-04T12:09:31.213 GBD47 [SCP FATAL] Exception: Cannot commit transaction. database or disk is full
2026-03-04T12:09:31.213 GBD47 [SCP FATAL] SCP context (GBD47): 
2026-03-04T12:09:31.213 GBD47 [SCP FATAL] {
   "ballotProtocol" : {
      "ballot" : "(4294967295,[ SIGNED@sdf_testnet_2 txH: d20f15, ct: 1772626018, upgrades: [ ] ])",
      "heard" : false,
      "phase" : "EXTERNALIZE",
      "state" : "i: 1325248 | EXTERNALIZE | b: (4294967295,[ SIGNED@sdf_testnet_2 txH: d20f15, ct: 1772626018, upgrades: [ ] ]) | p: (4294967295,[ SIGNED@sdf_testnet_2 txH: d20f15, ct: 1772626018, upgrades: [ ] ]) | p': (<null_ballot>) | h: (4294967295,[ SIGNED@sdf_testnet_2 txH: d20f15, ct: 1772626018, upgrades: [ ] ]) | c: (1,[ SIGNED@sdf_testnet_2 txH: d20f15, ct: 1772626018, upgrades: [ ] ]) | M: 3"
   },
   "nomination" : {
      "roundnumber" : 0,
      "started" : false
   },
   "quorum_sets" : {
      "59d361" : {
         "t" : 2,
         "v" : [ "sdf_testnet_2", "sdf_testnet_3", "sdf_testnet_1" ]
      }
   },
   "statements" : [
      [
         1772626171,
         "{ENV@sdf_testnet_1 |  i: 1325248 | EXTERNALIZE | c: (1,[ SIGNED@sdf_testnet_2 txH: d20f15, ct: 1772626018, upgrades: [ ] ]) | h.n: 1 | (lastD): 59d361 }",
         false
      ],
      [
         1772626171,
         "{ENV@sdf_testnet_3 |  i: 1325248 | EXTERNALIZE | c: (1,[ SIGNED@sdf_testnet_2 txH: d20f15, ct: 1772626018, upgrades: [ ] ]) | h.n: 1 | (lastD): 59d361 }",
         false
      ],
      [
         1772626171,
         "{ENV@GBD47 |  i: 1325248 | PREPARE | D: 59d361 | b: (0,[:empty:]) | p: (4294967295,[ SIGNED@sdf_testnet_2 txH: d20f15, ct: 1772626018, upgrades: [ ] ]) | p': (<null_ballot>) | c.n: 0 | h.n: 0 }",
         false
      ],
      [
         1772626171,
         "{ENV@GBD47 |  i: 1325248 | PREPARE | D: 59d361 | b: (4294967295,[ SIGNED@sdf_testnet_2 txH: d20f15, ct: 1772626018, upgrades: [ ] ]) | p: (4294967295,[ SIGNED@sdf_testnet_2 txH: d20f15, ct: 1772626018, upgrades: [ ] ]) | p': (<null_ballot>) | c.n: 4294967295 | h.n: 4294967295 }",
         false
      ],
      [
         1772626171,
         "{ENV@GBD47 |  i: 1325248 | CONFIRM | D: 59d361 | b: (4294967295,[ SIGNED@sdf_testnet_2 txH: d20f15, ct: 1772626018, upgrades: [ ] ]) | p.n: 4294967295 | c.n: 1 | h.n: 4294967295 }",
         false
      ],
      [
         1772626171,
         "{ENV@GBD47 |  i: 1325248 | EXTERNALIZE | c: (1,[ SIGNED@sdf_testnet_2 txH: d20f15, ct: 1772626018, upgrades: [ ] ]) | h.n: 4294967295 | (lastD): 59d361 }",
         false
      ]
   ],
   "validated" : false
}

2026-03-04T12:09:31.214 GBD47 [SCP FATAL] Exception processing SCP messages at 1325248, envelope: {ENV@GBD47 |  i: 1325248 | CONFIRM | D: 59d361 | b: (4294967295,[ SIGNED@sdf_testnet_2 txH: d20f15, ct: 1772626018, upgrades: [ ] ]) | p.n: 4294967295 | c.n: 1 | h.n: 4294967295 }
2026-03-04T12:09:31.215 GBD47 [SCP FATAL] Please report this bug along with this log file if this was not expected
2026-03-04T12:09:31.218 GBD47 [SCP FATAL] Exception: Cannot commit transaction. database or disk is full
2026-03-04T12:09:31.219 GBD47 [SCP FATAL] SCP context (GBD47): 
2026-03-04T12:09:31.220 GBD47 [SCP FATAL] {
   "ballotProtocol" : {
      "ballot" : "(4294967295,[ SIGNED@sdf_testnet_2 txH: d20f15, ct: 1772626018, upgrades: [ ] ])",
      "heard" : false,
      "phase" : "EXTERNALIZE",
      "state" : "i: 1325248 | EXTERNALIZE | b: (4294967295,[ SIGNED@sdf_testnet_2 txH: d20f15, ct: 1772626018, upgrades: [ ] ]) | p: (4294967295,[ SIGNED@sdf_testnet_2 txH: d20f15, ct: 1772626018, upgrades: [ ] ]) | p': (<null_ballot>) | h: (4294967295,[ SIGNED@sdf_testnet_2 txH: d20f15, ct: 1772626018, upgrades: [ ] ]) | c: (1,[ SIGNED@sdf_testnet_2 txH: d20f15, ct: 1772626018, upgrades: [ ] ]) | M: 3"
   },
   "nomination" : {
      "roundnumber" : 0,
      "started" : false
   },
   "quorum_sets" : {
      "59d361" : {
         "t" : 2,
         "v" : [ "sdf_testnet_2", "sdf_testnet_3", "sdf_testnet_1" ]
      }
   },
   "statements" : [
      [
         1772626171,
         "{ENV@sdf_testnet_1 |  i: 1325248 | EXTERNALIZE | c: (1,[ SIGNED@sdf_testnet_2 txH: d20f15, ct: 1772626018, upgrades: [ ] ]) | h.n: 1 | (lastD): 59d361 }",
         false
      ],
      [
         1772626171,
         "{ENV@sdf_testnet_3 |  i: 1325248 | EXTERNALIZE | c: (1,[ SIGNED@sdf_testnet_2 txH: d20f15, ct: 1772626018, upgrades: [ ] ]) | h.n: 1 | (lastD): 59d361 }",
         false
      ],
      [
         1772626171,
         "{ENV@GBD47 |  i: 1325248 | PREPARE | D: 59d361 | b: (0,[:empty:]) | p: (4294967295,[ SIGNED@sdf_testnet_2 txH: d20f15, ct: 1772626018, upgrades: [ ] ]) | p': (<null_ballot>) | c.n: 0 | h.n: 0 }",
         false
      ],
      [
         1772626171,
         "{ENV@GBD47 |  i: 1325248 | PREPARE | D: 59d361 | b: (4294967295,[ SIGNED@sdf_testnet_2 txH: d20f15, ct: 1772626018, upgrades: [ ] ]) | p: (4294967295,[ SIGNED@sdf_testnet_2 txH: d20f15, ct: 1772626018, upgrades: [ ] ]) | p': (<null_ballot>) | c.n: 4294967295 | h.n: 4294967295 }",
         false
      ],
      [
         1772626171,
         "{ENV@GBD47 |  i: 1325248 | CONFIRM | D: 59d361 | b: (4294967295,[ SIGNED@sdf_testnet_2 txH: d20f15, ct: 1772626018, upgrades: [ ] ]) | p.n: 4294967295 | c.n: 1 | h.n: 4294967295 }",
         false
      ],
      [
         1772626171,
         "{ENV@GBD47 |  i: 1325248 | EXTERNALIZE | c: (1,[ SIGNED@sdf_testnet_2 txH: d20f15, ct: 1772626018, upgrades: [ ] ]) | h.n: 4294967295 | (lastD): 59d361 }",
         false
      ]
   ],
   "validated" : false
}

2026-03-04T12:09:31.221 GBD47 [SCP FATAL] Exception processing SCP messages at 1325248, envelope: {ENV@GBD47 |  i: 1325248 | PREPARE | D: 59d361 | b: (4294967295,[ SIGNED@sdf_testnet_2 txH: d20f15, ct: 1772626018, upgrades: [ ] ]) | p: (4294967295,[ SIGNED@sdf_testnet_2 txH: d20f15, ct: 1772626018, upgrades: [ ] ]) | p': (<null_ballot>) | c.n: 4294967295 | h.n: 4294967295 }
2026-03-04T12:09:31.221 GBD47 [SCP FATAL] Please report this bug along with this log file if this was not expected
2026-03-04T12:09:31.222 GBD47 [SCP FATAL] Exception: Cannot commit transaction. database or disk is full
2026-03-04T12:09:31.222 GBD47 [SCP FATAL] SCP context (GBD47): 
2026-03-04T12:09:31.222 GBD47 [SCP FATAL] {
   "ballotProtocol" : {
      "ballot" : "(4294967295,[ SIGNED@sdf_testnet_2 txH: d20f15, ct: 1772626018, upgrades: [ ] ])",
      "heard" : false,
      "phase" : "EXTERNALIZE",
      "state" : "i: 1325248 | EXTERNALIZE | b: (4294967295,[ SIGNED@sdf_testnet_2 txH: d20f15, ct: 1772626018, upgrades: [ ] ]) | p: (4294967295,[ SIGNED@sdf_testnet_2 txH: d20f15, ct: 1772626018, upgrades: [ ] ]) | p': (<null_ballot>) | h: (4294967295,[ SIGNED@sdf_testnet_2 txH: d20f15, ct: 1772626018, upgrades: [ ] ]) | c: (1,[ SIGNED@sdf_testnet_2 txH: d20f15, ct: 1772626018, upgrades: [ ] ]) | M: 3"
   },
   "nomination" : {
      "roundnumber" : 0,
      "started" : false
   },
   "quorum_sets" : {
      "59d361" : {
         "t" : 2,
         "v" : [ "sdf_testnet_2", "sdf_testnet_3", "sdf_testnet_1" ]
      }
   },
   "statements" : [
      [
         1772626171,
         "{ENV@sdf_testnet_1 |  i: 1325248 | EXTERNALIZE | c: (1,[ SIGNED@sdf_testnet_2 txH: d20f15, ct: 1772626018, upgrades: [ ] ]) | h.n: 1 | (lastD): 59d361 }",
         false
      ],
      [
         1772626171,
         "{ENV@sdf_testnet_3 |  i: 1325248 | EXTERNALIZE | c: (1,[ SIGNED@sdf_testnet_2 txH: d20f15, ct: 1772626018, upgrades: [ ] ]) | h.n: 1 | (lastD): 59d361 }",
         false
      ],
      [
         1772626171,
         "{ENV@GBD47 |  i: 1325248 | PREPARE | D: 59d361 | b: (0,[:empty:]) | p: (4294967295,[ SIGNED@sdf_testnet_2 txH: d20f15, ct: 1772626018, upgrades: [ ] ]) | p': (<null_ballot>) | c.n: 0 | h.n: 0 }",
         false
      ],
      [
         1772626171,
         "{ENV@GBD47 |  i: 1325248 | PREPARE | D: 59d361 | b: (4294967295,[ SIGNED@sdf_testnet_2 txH: d20f15, ct: 1772626018, upgrades: [ ] ]) | p: (4294967295,[ SIGNED@sdf_testnet_2 txH: d20f15, ct: 1772626018, upgrades: [ ] ]) | p': (<null_ballot>) | c.n: 4294967295 | h.n: 4294967295 }",
         false
      ],
      [
         1772626171,
         "{ENV@GBD47 |  i: 1325248 | CONFIRM | D: 59d361 | b: (4294967295,[ SIGNED@sdf_testnet_2 txH: d20f15, ct: 1772626018, upgrades: [ ] ]) | p.n: 4294967295 | c.n: 1 | h.n: 4294967295 }",
         false
      ],
      [
         1772626171,
         "{ENV@GBD47 |  i: 1325248 | EXTERNALIZE | c: (1,[ SIGNED@sdf_testnet_2 txH: d20f15, ct: 1772626018, upgrades: [ ] ]) | h.n: 4294967295 | (lastD): 59d361 }",
         false
      ]
   ],
   "validated" : false
}

2026-03-04T12:09:31.223 GBD47 [SCP FATAL] Exception processing SCP messages at 1325248, envelope: {ENV@GBD47 |  i: 1325248 | PREPARE | D: 59d361 | b: (0,[:empty:]) | p: (4294967295,[ SIGNED@sdf_testnet_2 txH: d20f15, ct: 1772626018, upgrades: [ ] ]) | p': (<null_ballot>) | c.n: 0 | h.n: 0 }
2026-03-04T12:09:31.223 GBD47 [SCP FATAL] Please report this bug along with this log file if this was not expected
2026-03-04T12:09:31.223 GBD47 [SCP FATAL] Exception: Cannot commit transaction. database or disk is full
2026-03-04T12:09:31.223 GBD47 [SCP FATAL] SCP context (GBD47): 
2026-03-04T12:09:31.223 GBD47 [SCP FATAL] {
   "ballotProtocol" : {
      "ballot" : "(4294967295,[ SIGNED@sdf_testnet_2 txH: d20f15, ct: 1772626018, upgrades: [ ] ])",
      "heard" : false,
      "phase" : "EXTERNALIZE",
      "state" : "i: 1325248 | EXTERNALIZE | b: (4294967295,[ SIGNED@sdf_testnet_2 txH: d20f15, ct: 1772626018, upgrades: [ ] ]) | p: (4294967295,[ SIGNED@sdf_testnet_2 txH: d20f15, ct: 1772626018, upgrades: [ ] ]) | p': (<null_ballot>) | h: (4294967295,[ SIGNED@sdf_testnet_2 txH: d20f15, ct: 1772626018, upgrades: [ ] ]) | c: (1,[ SIGNED@sdf_testnet_2 txH: d20f15, ct: 1772626018, upgrades: [ ] ]) | M: 3"
   },
   "nomination" : {
      "roundnumber" : 0,
      "started" : false
   },
   "quorum_sets" : {
      "59d361" : {
         "t" : 2,
         "v" : [ "sdf_testnet_2", "sdf_testnet_3", "sdf_testnet_1" ]
      }
   },
   "statements" : [
      [
         1772626171,
         "{ENV@sdf_testnet_1 |  i: 1325248 | EXTERNALIZE | c: (1,[ SIGNED@sdf_testnet_2 txH: d20f15, ct: 1772626018, upgrades: [ ] ]) | h.n: 1 | (lastD): 59d361 }",
         false
      ],
      [
         1772626171,
         "{ENV@sdf_testnet_3 |  i: 1325248 | EXTERNALIZE | c: (1,[ SIGNED@sdf_testnet_2 txH: d20f15, ct: 1772626018, upgrades: [ ] ]) | h.n: 1 | (lastD): 59d361 }",
         false
      ],
      [
         1772626171,
         "{ENV@GBD47 |  i: 1325248 | PREPARE | D: 59d361 | b: (0,[:empty:]) | p: (4294967295,[ SIGNED@sdf_testnet_2 txH: d20f15, ct: 1772626018, upgrades: [ ] ]) | p': (<null_ballot>) | c.n: 0 | h.n: 0 }",
         false
      ],
      [
         1772626171,
         "{ENV@GBD47 |  i: 1325248 | PREPARE | D: 59d361 | b: (4294967295,[ SIGNED@sdf_testnet_2 txH: d20f15, ct: 1772626018, upgrades: [ ] ]) | p: (4294967295,[ SIGNED@sdf_testnet_2 txH: d20f15, ct: 1772626018, upgrades: [ ] ]) | p': (<null_ballot>) | c.n: 4294967295 | h.n: 4294967295 }",
         false
      ],
      [
         1772626171,
         "{ENV@GBD47 |  i: 1325248 | CONFIRM | D: 59d361 | b: (4294967295,[ SIGNED@sdf_testnet_2 txH: d20f15, ct: 1772626018, upgrades: [ ] ]) | p.n: 4294967295 | c.n: 1 | h.n: 4294967295 }",
         false
      ],
      [
         1772626171,
         "{ENV@GBD47 |  i: 1325248 | EXTERNALIZE | c: (1,[ SIGNED@sdf_testnet_2 txH: d20f15, ct: 1772626018, upgrades: [ ] ]) | h.n: 4294967295 | (lastD): 59d361 }",
         false
      ]
   ],
   "validated" : false
}

2026-03-04T12:09:31.224 GBD47 [SCP FATAL] Exception processing SCP messages at 1325248, envelope: {ENV@sdf_testnet_3 |  i: 1325248 | EXTERNALIZE | c: (1,[ SIGNED@sdf_testnet_2 txH: d20f15, ct: 1772626018, upgrades: [ ] ]) | h.n: 1 | (lastD): 59d361 }
2026-03-04T12:09:31.224 GBD47 [SCP FATAL] Please report this bug along with this log file if this was not expected
