2026-03-03T14:51:00.641 GCOHS [default INFO] Starting stellar-core v25.1.1
2026-03-03T14:51:00.642 GCOHS [Database INFO] Connecting to: sqlite3:///opt/stellar/core/stellar.db
2026-03-03T14:51:00.653 GCOHS [SCP INFO] LocalNode::LocalNode@GCOHS qSet: 59d361
2026-03-03T14:51:00.654 GCOHS [Database INFO] DB schema is in current version
2026-03-03T14:51:00.654 GCOHS [default INFO] Listening on 0.0.0.0:11626 for HTTP requests
2026-03-03T14:51:00.654 GCOHS [Bucket INFO] BucketListDB enabled: pageSizeExponent: 14 indexCutOff: 20MB, persist indexes: true
2026-03-03T14:51:00.655 GCOHS [default INFO] Connection effective settings:
2026-03-03T14:51:00.655 GCOHS [default INFO] TARGET_PEER_CONNECTIONS: 8
2026-03-03T14:51:00.655 GCOHS [default INFO] MAX_ADDITIONAL_PEER_CONNECTIONS: 64
2026-03-03T14:51:00.655 GCOHS [default INFO] MAX_PENDING_CONNECTIONS: 500
2026-03-03T14:51:00.655 GCOHS [default INFO] MAX_OUTBOUND_PENDING_CONNECTIONS: 56
2026-03-03T14:51:00.655 GCOHS [default INFO] MAX_INBOUND_PENDING_CONNECTIONS: 444
2026-03-03T14:51:00.655 GCOHS [default INFO] BACKGROUND_OVERLAY_PROCESSING=true
2026-03-03T14:51:00.655 GCOHS [default INFO] PARALLEL_LEDGER_APPLY=true
2026-03-03T14:51:00.655 GCOHS [History INFO] Archive 'sdf_testnet_1' has 'get' command only, will not be written
2026-03-03T14:51:00.655 GCOHS [History INFO] Archive 'sdf_testnet_2' has 'get' command only, will not be written
2026-03-03T14:51:00.655 GCOHS [History INFO] Archive 'sdf_testnet_3' has 'get' command only, will not be written
2026-03-03T14:51:00.655 GCOHS [History WARNING] No writable archives configured, history will not be written.
2026-03-03T14:51:00.655 GCOHS [Ledger INFO] Starting up application
2026-03-03T14:51:00.655 GCOHS [Ledger INFO] Last closed ledger (LCL) hash is c4430e0dc914a804d298b407ee291b9dbe97f361e28e9328bba0a315ff2f970c
2026-03-03T14:51:00.655 GCOHS [Ledger INFO] Loaded LCL header from database: [seq=1309900, hash=c4430e]
2026-03-03T14:51:00.656 GCOHS [default INFO] Establishing 10-entry connection pool to: sqlite3:///opt/stellar/core/stellar.db
2026-03-03T14:51:01.242 GCOHS [Bucket INFO] Restarted merge on BucketList level 1
2026-03-03T14:51:01.242 GCOHS [Ledger INFO] Assumed bucket-state for LCL: [seq=1309900, hash=c4430e]
2026-03-03T14:51:01.243 GCOHS [default INFO] Launching 1 loading and 5 compiling background threads
2026-03-03T14:51:01.513 GCOHS [default INFO] Compiled 1680 contracts (45023245 bytes of Wasm) in 269ms real time, 1298ms CPU time
2026-03-03T14:51:04.079 GCOHS [Overlay INFO] Binding to endpoint 0.0.0.0:11625
2026-03-03T14:51:04.090 GCOHS [History INFO] Downloading history archive state: .well-known/stellar-history.json
2026-03-03T14:51:04.569 GCOHS [History INFO] Downloading history archive state: .well-known/stellar-history.json
2026-03-03T14:51:05.130 GCOHS [History INFO] Downloading history archive state: .well-known/stellar-history.json
2026-03-03T14:51:05.583 GCOHS [History INFO] Archive information: [name: sdf_testnet_1, server: stellar-core 25.2.0.rc2 (bb195c49dda329d8e0a16433fb34338420084edc), currentLedger: 1309951]
2026-03-03T14:51:05.583 GCOHS [History INFO] Archive information: [name: sdf_testnet_2, server: stellar-core 25.2.0.rc2 (bb195c49dda329d8e0a16433fb34338420084edc), currentLedger: 1309951]
2026-03-03T14:51:05.583 GCOHS [History INFO] Archive information: [name: sdf_testnet_3, server: stellar-core 25.2.0.rc2 (bb195c49dda329d8e0a16433fb34338420084edc), currentLedger: 1309951]
2026-03-03T14:51:06.701 GCOHS [Overlay INFO] Authenticated to 44.206.255.84:11625
2026-03-03T14:51:06.766 GCOHS [Overlay INFO] Authenticated to 3.21.151.231:11725
2026-03-03T14:51:06.988 GCOHS [Overlay INFO] Authenticated to 93.127.160.241:11625
2026-03-03T14:51:24.086 GCOHS [Overlay INFO] Authenticated to 172.18.0.1:11625
2026-03-03T14:51:24.814 GCOHS [Overlay INFO] Authenticated to 3.150.251.62:11725
2026-03-03T14:51:24.816 GCOHS [Overlay INFO] Authenticated to 16.58.222.208:11725
2026-03-03T14:51:24.925 GCOHS [Overlay INFO] Authenticated to 64.23.228.195:11625
2026-03-03T14:51:25.047 GCOHS [Overlay INFO] Authenticated to 63.35.223.172:30020
2026-03-03T14:51:25.056 GCOHS [Overlay INFO] Authenticated to 34.243.92.125:30020
2026-03-03T14:51:25.057 GCOHS [Overlay INFO] Peer 34.243.92.125:30020 dropped us, reason ERR_LOAD (peer rejected)
2026-03-03T14:51:27.774 GCOHS [Overlay INFO] Authenticated to 54.159.155.163:11625
2026-03-03T14:51:37.488 GCOHS [Overlay INFO] Authenticated to 172.18.0.1:11725
2026-03-03T14:51:39.111 GCOHS [Herder WARNING] Lost track of consensus
2026-03-03T14:51:39.113 GCOHS [Herder WARNING] Out of sync context: {
   "queue" : {
      "1309943" : {
         "pending" : [
            "{ENV@sdf_testnet_1 |  i: 1309943 | EXTERNALIZE | c: (1,[ SIGNED@sdf_testnet_2 txH: 3ce2c5, ct: 1772549408, upgrades: [ ] ]) | h.n: 1 | (lastD): 59d361 }",
            "{ENV@sdf_testnet_3 |  i: 1309943 | EXTERNALIZE | c: (1,[ SIGNED@sdf_testnet_2 txH: 3ce2c5, ct: 1772549408, upgrades: [ ] ]) | h.n: 1 | (lastD): 59d361 }",
            "{ENV@sdf_testnet_2 |  i: 1309943 | EXTERNALIZE | c: (1,[ SIGNED@sdf_testnet_2 txH: 3ce2c5, ct: 1772549408, upgrades: [ ] ]) | h.n: 1 | (lastD): 59d361 }",
            "{ENV@sdf_testnet_1 |  i: 1309943 | NOMINATE | D: 59d361 | X: {'[ SIGNED@sdf_testnet_2 txH: 3ce2c5, ct: 1772549408, upgrades: [ ] ]'} | Y: {'[ SIGNED@sdf_testnet_2 txH: 3ce2c5, ct: 1772549408, upgrades: [ ] ]'} }",
            "{ENV@sdf_testnet_3 |  i: 1309943 | NOMINATE | D: 59d361 | X: {'[ SIGNED@sdf_testnet_2 txH: 3ce2c5, ct: 1772549408, upgrades: [ ] ]'} | Y: {'[ SIGNED@sdf_testnet_2 txH: 3ce2c5, ct: 1772549408, upgrades: [ ] ]'} }",
            "{ENV@sdf_testnet_2 |  i: 1309943 | NOMINATE | D: 59d361 | X: {'[ SIGNED@sdf_testnet_2 txH: 3ce2c5, ct: 1772549408, upgrades: [ ] ]'} | Y: {'[ SIGNED@sdf_testnet_2 txH: 3ce2c5, ct: 1772549408, upgrades: [ ] ]'} }"
         ]
      },
      "1309944" : {
         "pending" : [
            "{ENV@sdf_testnet_1 |  i: 1309944 | EXTERNALIZE | c: (1,[ SIGNED@sdf_testnet_3 txH: 5b6a21, ct: 1772549413, upgrades: [ ] ]) | h.n: 1 | (lastD): 59d361 }",
            "{ENV@sdf_testnet_3 |  i: 1309944 | EXTERNALIZE | c: (1,[ SIGNED@sdf_testnet_3 txH: 5b6a21, ct: 1772549413, upgrades: [ ] ]) | h.n: 1 | (lastD): 59d361 }",
            "{ENV@sdf_testnet_2 |  i: 1309944 | EXTERNALIZE | c: (1,[ SIGNED@sdf_testnet_3 txH: 5b6a21, ct: 1772549413, upgrades: [ ] ]) | h.n: 1 | (lastD): 59d361 }",
            "{ENV@sdf_testnet_1 |  i: 1309944 | NOMINATE | D: 59d361 | X: {'[ SIGNED@sdf_testnet_3 txH: 5b6a21, ct: 1772549413, upgrades: [ ] ]'} | Y: {'[ SIGNED@sdf_testnet_3 txH: 5b6a21, ct: 1772549413, upgrades: [ ] ]'} }",
            "{ENV@sdf_testnet_3 |  i: 1309944 | NOMINATE | D: 59d361 | X: {'[ SIGNED@sdf_testnet_3 txH: 5b6a21, ct: 1772549413, upgrades: [ ] ]'} | Y: {'[ SIGNED@sdf_testnet_3 txH: 5b6a21, ct: 1772549413, upgrades: [ ] ]'} }",
            "{ENV@sdf_testnet_2 |  i: 1309944 | NOMINATE | D: 59d361 | X: {'[ SIGNED@sdf_testnet_3 txH: 5b6a21, ct: 1772549413, upgrades: [ ] ]'} | Y: {'[ SIGNED@sdf_testnet_3 txH: 5b6a21, ct: 1772549413, upgrades: [ ] ]'} }"
         ]
      },
      "1309945" : {
         "pending" : [
            "{ENV@sdf_testnet_1 |  i: 1309945 | EXTERNALIZE | c: (1,[ SIGNED@sdf_testnet_1 txH: dbac12, ct: 1772549418, upgrades: [ ] ]) | h.n: 1 | (lastD): 59d361 }",
            "{ENV@sdf_testnet_3 |  i: 1309945 | EXTERNALIZE | c: (1,[ SIGNED@sdf_testnet_1 txH: dbac12, ct: 1772549418, upgrades: [ ] ]) | h.n: 1 | (lastD): 59d361 }",
            "{ENV@sdf_testnet_2 |  i: 1309945 | EXTERNALIZE | c: (1,[ SIGNED@sdf_testnet_1 txH: dbac12, ct: 1772549418, upgrades: [ ] ]) | h.n: 1 | (lastD): 59d361 }",
            "{ENV@sdf_testnet_1 |  i: 1309945 | NOMINATE | D: 59d361 | X: {'[ SIGNED@sdf_testnet_1 txH: dbac12, ct: 1772549418, upgrades: [ ] ]'} | Y: {'[ SIGNED@sdf_testnet_1 txH: dbac12, ct: 1772549418, upgrades: [ ] ]'} }",
            "{ENV@sdf_testnet_3 |  i: 1309945 | NOMINATE | D: 59d361 | X: {'[ SIGNED@sdf_testnet_1 txH: dbac12, ct: 1772549418, upgrades: [ ] ]'} | Y: {'[ SIGNED@sdf_testnet_1 txH: dbac12, ct: 1772549418, upgrades: [ ] ]'} }",
            "{ENV@sdf_testnet_2 |  i: 1309945 | NOMINATE | D: 59d361 | X: {'[ SIGNED@sdf_testnet_1 txH: dbac12, ct: 1772549418, upgrades: [ ] ]'} | Y: {'[ SIGNED@sdf_testnet_1 txH: dbac12, ct: 1772549418, upgrades: [ ] ]'} }"
         ]
      },
      "1309946" : {
         "pending" : [
            "{ENV@sdf_testnet_1 |  i: 1309946 | EXTERNALIZE | c: (1,[ SIGNED@sdf_testnet_3 txH: 09bafa, ct: 1772549423, upgrades: [ ] ]) | h.n: 1 | (lastD): 59d361 }",
            "{ENV@sdf_testnet_3 |  i: 1309946 | EXTERNALIZE | c: (1,[ SIGNED@sdf_testnet_3 txH: 09bafa, ct: 1772549423, upgrades: [ ] ]) | h.n: 1 | (lastD): 59d361 }",
            "{ENV@sdf_testnet_2 |  i: 1309946 | EXTERNALIZE | c: (1,[ SIGNED@sdf_testnet_3 txH: 09bafa, ct: 1772549423, upgrades: [ ] ]) | h.n: 1 | (lastD): 59d361 }",
            "{ENV@sdf_testnet_1 |  i: 1309946 | NOMINATE | D: 59d361 | X: {'[ SIGNED@sdf_testnet_3 txH: 09bafa, ct: 1772549423, upgrades: [ ] ]'} | Y: {'[ SIGNED@sdf_testnet_3 txH: 09bafa, ct: 1772549423, upgrades: [ ] ]'} }",
            "{ENV@sdf_testnet_3 |  i: 1309946 | NOMINATE | D: 59d361 | X: {'[ SIGNED@sdf_testnet_3 txH: 09bafa, ct: 1772549423, upgrades: [ ] ]'} | Y: {'[ SIGNED@sdf_testnet_3 txH: 09bafa, ct: 1772549423, upgrades: [ ] ]'} }",
            "{ENV@sdf_testnet_2 |  i: 1309946 | NOMINATE | D: 59d361 | X: {'[ SIGNED@sdf_testnet_3 txH: 09bafa, ct: 1772549423, upgrades: [ ] ]'} | Y: {'[ SIGNED@sdf_testnet_3 txH: 09bafa, ct: 1772549423, upgrades: [ ] ]'} }"
         ]
      },
      "1309947" : {
         "pending" : [
            "{ENV@sdf_testnet_1 |  i: 1309947 | EXTERNALIZE | c: (1,[ SIGNED@sdf_testnet_3 txH: 4bc58f, ct: 1772549428, upgrades: [ ] ]) | h.n: 1 | (lastD): 59d361 }",
            "{ENV@sdf_testnet_3 |  i: 1309947 | EXTERNALIZE | c: (1,[ SIGNED@sdf_testnet_3 txH: 4bc58f, ct: 1772549428, upgrades: [ ] ]) | h.n: 1 | (lastD): 59d361 }",
            "{ENV@sdf_testnet_2 |  i: 1309947 | EXTERNALIZE | c: (1,[ SIGNED@sdf_testnet_3 txH: 4bc58f, ct: 1772549428, upgrades: [ ] ]) | h.n: 1 | (lastD): 59d361 }",
            "{ENV@sdf_testnet_1 |  i: 1309947 | NOMINATE | D: 59d361 | X: {'[ SIGNED@sdf_testnet_3 txH: 4bc58f, ct: 1772549428, upgrades: [ ] ]'} | Y: {'[ SIGNED@sdf_testnet_3 txH: 4bc58f, ct: 1772549428, upgrades: [ ] ]'} }",
            "{ENV@sdf_testnet_3 |  i: 1309947 | NOMINATE | D: 59d361 | X: {'[ SIGNED@sdf_testnet_3 txH: 4bc58f, ct: 1772549428, upgrades: [ ] ]'} | Y: {'[ SIGNED@sdf_testnet_3 txH: 4bc58f, ct: 1772549428, upgrades: [ ] ]'} }",
            "{ENV@sdf_testnet_2 |  i: 1309947 | NOMINATE | D: 59d361 | X: {'[ SIGNED@sdf_testnet_3 txH: 4bc58f, ct: 1772549428, upgrades: [ ] ]'} | Y: {'[ SIGNED@sdf_testnet_3 txH: 4bc58f, ct: 1772549428, upgrades: [ ] ]'} }"
         ]
      },
      "1309948" : {
         "pending" : [
            "{ENV@sdf_testnet_1 |  i: 1309948 | EXTERNALIZE | c: (1,[ SIGNED@sdf_testnet_2 txH: e6e97a, ct: 1772549433, upgrades: [ ] ]) | h.n: 1 | (lastD): 59d361 }",
            "{ENV@sdf_testnet_3 |  i: 1309948 | EXTERNALIZE | c: (1,[ SIGNED@sdf_testnet_2 txH: e6e97a, ct: 1772549433, upgrades: [ ] ]) | h.n: 1 | (lastD): 59d361 }",
            "{ENV@sdf_testnet_2 |  i: 1309948 | EXTERNALIZE | c: (1,[ SIGNED@sdf_testnet_2 txH: e6e97a, ct: 1772549433, upgrades: [ ] ]) | h.n: 1 | (lastD): 59d361 }",
            "{ENV@sdf_testnet_1 |  i: 1309948 | NOMINATE | D: 59d361 | X: {'[ SIGNED@sdf_testnet_2 txH: e6e97a, ct: 1772549433, upgrades: [ ] ]'} | Y: {'[ SIGNED@sdf_testnet_2 txH: e6e97a, ct: 1772549433, upgrades: [ ] ]'} }",
            "{ENV@sdf_testnet_3 |  i: 1309948 | NOMINATE | D: 59d361 | X: {'[ SIGNED@sdf_testnet_2 txH: e6e97a, ct: 1772549433, upgrades: [ ] ]'} | Y: {'[ SIGNED@sdf_testnet_2 txH: e6e97a, ct: 1772549433, upgrades: [ ] ]'} }",
            "{ENV@sdf_testnet_2 |  i: 1309948 | NOMINATE | D: 59d361 | X: {'[ SIGNED@sdf_testnet_2 txH: e6e97a, ct: 1772549433, upgrades: [ ] ]'} | Y: {'[ SIGNED@sdf_testnet_2 txH: e6e97a, ct: 1772549433, upgrades: [ ] ]'} }"
         ]
      },
      "1309949" : {
         "pending" : [
            "{ENV@sdf_testnet_1 |  i: 1309949 | EXTERNALIZE | c: (1,[ SIGNED@sdf_testnet_2 txH: 34a820, ct: 1772549438, upgrades: [ ] ]) | h.n: 1 | (lastD): 59d361 }",
            "{ENV@sdf_testnet_3 |  i: 1309949 | EXTERNALIZE | c: (1,[ SIGNED@sdf_testnet_2 txH: 34a820, ct: 1772549438, upgrades: [ ] ]) | h.n: 1 | (lastD): 59d361 }",
            "{ENV@sdf_testnet_2 |  i: 1309949 | EXTERNALIZE | c: (1,[ SIGNED@sdf_testnet_2 txH: 34a820, ct: 1772549438, upgrades: [ ] ]) | h.n: 1 | (lastD): 59d361 }",
            "{ENV@sdf_testnet_1 |  i: 1309949 | NOMINATE | D: 59d361 | X: {'[ SIGNED@sdf_testnet_2 txH: 34a820, ct: 1772549438, upgrades: [ ] ]'} | Y: {'[ SIGNED@sdf_testnet_2 txH: 34a820, ct: 1772549438, upgrades: [ ] ]'} }",
            "{ENV@sdf_testnet_3 |  i: 1309949 | NOMINATE | D: 59d361 | X: {'[ SIGNED@sdf_testnet_2 txH: 34a820, ct: 1772549438, upgrades: [ ] ]'} | Y: {'[ SIGNED@sdf_testnet_2 txH: 34a820, ct: 1772549438, upgrades: [ ] ]'} }",
            "{ENV@sdf_testnet_2 |  i: 1309949 | NOMINATE | D: 59d361 | X: {'[ SIGNED@sdf_testnet_2 txH: 34a820, ct: 1772549438, upgrades: [ ] ]'} | Y: {'[ SIGNED@sdf_testnet_2 txH: 34a820, ct: 1772549438, upgrades: [ ] ]'} }"
         ]
      },
      "1309950" : {
         "pending" : [
            "{ENV@sdf_testnet_1 |  i: 1309950 | EXTERNALIZE | c: (1,[ SIGNED@sdf_testnet_1 txH: ca139e, ct: 1772549443, upgrades: [ ] ]) | h.n: 1 | (lastD): 59d361 }",
            "{ENV@sdf_testnet_3 |  i: 1309950 | EXTERNALIZE | c: (1,[ SIGNED@sdf_testnet_1 txH: ca139e, ct: 1772549443, upgrades: [ ] ]) | h.n: 1 | (lastD): 59d361 }",
            "{ENV@sdf_testnet_2 |  i: 1309950 | EXTERNALIZE | c: (1,[ SIGNED@sdf_testnet_1 txH: ca139e, ct: 1772549443, upgrades: [ ] ]) | h.n: 1 | (lastD): 59d361 }",
            "{ENV@sdf_testnet_1 |  i: 1309950 | NOMINATE | D: 59d361 | X: {'[ SIGNED@sdf_testnet_1 txH: ca139e, ct: 1772549443, upgrades: [ ] ]'} | Y: {'[ SIGNED@sdf_testnet_1 txH: ca139e, ct: 1772549443, upgrades: [ ] ]'} }",
            "{ENV@sdf_testnet_3 |  i: 1309950 | NOMINATE | D: 59d361 | X: {'[ SIGNED@sdf_testnet_1 txH: ca139e, ct: 1772549443, upgrades: [ ] ]'} | Y: {'[ SIGNED@sdf_testnet_1 txH: ca139e, ct: 1772549443, upgrades: [ ] ]'} }",
            "{ENV@sdf_testnet_2 |  i: 1309950 | NOMINATE | D: 59d361 | X: {'[ SIGNED@sdf_testnet_1 txH: ca139e, ct: 1772549443, upgrades: [ ] ]'} | Y: {'[ SIGNED@sdf_testnet_1 txH: ca139e, ct: 1772549443, upgrades: [ ] ]'} }"
         ]
      },
      "1309951" : {
         "pending" : [
            "{ENV@sdf_testnet_1 |  i: 1309951 | EXTERNALIZE | c: (1,[ SIGNED@sdf_testnet_3 txH: 9500ec, ct: 1772549448, upgrades: [ ] ]) | h.n: 1 | (lastD): 59d361 }",
            "{ENV@sdf_testnet_3 |  i: 1309951 | EXTERNALIZE | c: (1,[ SIGNED@sdf_testnet_3 txH: 9500ec, ct: 1772549448, upgrades: [ ] ]) | h.n: 1 | (lastD): 59d361 }",
            "{ENV@sdf_testnet_2 |  i: 1309951 | EXTERNALIZE | c: (1,[ SIGNED@sdf_testnet_3 txH: 9500ec, ct: 1772549448, upgrades: [ ] ]) | h.n: 1 | (lastD): 59d361 }",
            "{ENV@sdf_testnet_1 |  i: 1309951 | NOMINATE | D: 59d361 | X: {'[ SIGNED@sdf_testnet_3 txH: 9500ec, ct: 1772549448, upgrades: [ ] ]'} | Y: {'[ SIGNED@sdf_testnet_3 txH: 9500ec, ct: 1772549448, upgrades: [ ] ]'} }",
            "{ENV@sdf_testnet_3 |  i: 1309951 | NOMINATE | D: 59d361 | X: {'[ SIGNED@sdf_testnet_3 txH: 9500ec, ct: 1772549448, upgrades: [ ] ]'} | Y: {'[ SIGNED@sdf_testnet_3 txH: 9500ec, ct: 1772549448, upgrades: [ ] ]'} }",
            "{ENV@sdf_testnet_2 |  i: 1309951 | NOMINATE | D: 59d361 | X: {'[ SIGNED@sdf_testnet_3 txH: 9500ec, ct: 1772549448, upgrades: [ ] ]'} | Y: {'[ SIGNED@sdf_testnet_3 txH: 9500ec, ct: 1772549448, upgrades: [ ] ]'} }"
         ]
      },
      "1309952" : {
         "pending" : [
            "{ENV@sdf_testnet_1 |  i: 1309952 | EXTERNALIZE | c: (1,[ SIGNED@sdf_testnet_3 txH: 9f8771, ct: 1772549453, upgrades: [ ] ]) | h.n: 1 | (lastD): 59d361 }",
            "{ENV@sdf_testnet_3 |  i: 1309952 | EXTERNALIZE | c: (1,[ SIGNED@sdf_testnet_3 txH: 9f8771, ct: 1772549453, upgrades: [ ] ]) | h.n: 1 | (lastD): 59d361 }",
            "{ENV@sdf_testnet_2 |  i: 1309952 | EXTERNALIZE | c: (1,[ SIGNED@sdf_testnet_3 txH: 9f8771, ct: 1772549453, upgrades: [ ] ]) | h.n: 1 | (lastD): 59d361 }",
            "{ENV@sdf_testnet_1 |  i: 1309952 | NOMINATE | D: 59d361 | X: {'[ SIGNED@sdf_testnet_3 txH: 9f8771, ct: 1772549453, upgrades: [ ] ]'} | Y: {'[ SIGNED@sdf_testnet_3 txH: 9f8771, ct: 1772549453, upgrades: [ ] ]'} }",
            "{ENV@sdf_testnet_3 |  i: 1309952 | NOMINATE | D: 59d361 | X: {'[ SIGNED@sdf_testnet_3 txH: 9f8771, ct: 1772549453, upgrades: [ ] ]'} | Y: {'[ SIGNED@sdf_testnet_3 txH: 9f8771, ct: 1772549453, upgrades: [ ] ]'} }",
            "{ENV@sdf_testnet_2 |  i: 1309952 | NOMINATE | D: 59d361 | X: {'[ SIGNED@sdf_testnet_3 txH: 9f8771, ct: 1772549453, upgrades: [ ] ]'} | Y: {'[ SIGNED@sdf_testnet_3 txH: 9f8771, ct: 1772549453, upgrades: [ ] ]'} }"
         ]
      },
      "1309953" : {
         "pending" : [
            "{ENV@sdf_testnet_1 |  i: 1309953 | EXTERNALIZE | c: (1,[ SIGNED@sdf_testnet_3 txH: c6d98d, ct: 1772549458, upgrades: [ ] ]) | h.n: 1 | (lastD): 59d361 }",
            "{ENV@sdf_testnet_3 |  i: 1309953 | EXTERNALIZE | c: (1,[ SIGNED@sdf_testnet_3 txH: c6d98d, ct: 1772549458, upgrades: [ ] ]) | h.n: 1 | (lastD): 59d361 }",
            "{ENV@sdf_testnet_2 |  i: 1309953 | EXTERNALIZE | c: (1,[ SIGNED@sdf_testnet_3 txH: c6d98d, ct: 1772549458, upgrades: [ ] ]) | h.n: 1 | (lastD): 59d361 }",
            "{ENV@sdf_testnet_1 |  i: 1309953 | NOMINATE | D: 59d361 | X: {'[ SIGNED@sdf_testnet_3 txH: c6d98d, ct: 1772549458, upgrades: [ ] ]'} | Y: {'[ SIGNED@sdf_testnet_3 txH: c6d98d, ct: 1772549458, upgrades: [ ] ]'} }",
            "{ENV@sdf_testnet_3 |  i: 1309953 | NOMINATE | D: 59d361 | X: {'[ SIGNED@sdf_testnet_3 txH: c6d98d, ct: 1772549458, upgrades: [ ] ]'} | Y: {'[ SIGNED@sdf_testnet_3 txH: c6d98d, ct: 1772549458, upgrades: [ ] ]'} }",
            "{ENV@sdf_testnet_2 |  i: 1309953 | NOMINATE | D: 59d361 | X: {'[ SIGNED@sdf_testnet_3 txH: c6d98d, ct: 1772549458, upgrades: [ ] ]'} | Y: {'[ SIGNED@sdf_testnet_3 txH: c6d98d, ct: 1772549458, upgrades: [ ] ]'} }"
         ]
      },
      "1309954" : {
         "pending" : [
            "{ENV@sdf_testnet_1 |  i: 1309954 | EXTERNALIZE | c: (1,[ SIGNED@sdf_testnet_3 txH: 459e77, ct: 1772549463, upgrades: [ ] ]) | h.n: 1 | (lastD): 59d361 }",
            "{ENV@sdf_testnet_3 |  i: 1309954 | EXTERNALIZE | c: (1,[ SIGNED@sdf_testnet_3 txH: 459e77, ct: 1772549463, upgrades: [ ] ]) | h.n: 1 | (lastD): 59d361 }",
            "{ENV@sdf_testnet_2 |  i: 1309954 | EXTERNALIZE | c: (1,[ SIGNED@sdf_testnet_3 txH: 459e77, ct: 1772549463, upgrades: [ ] ]) | h.n: 1 | (lastD): 59d361 }",
            "{ENV@sdf_testnet_1 |  i: 1309954 | NOMINATE | D: 59d361 | X: {'[ SIGNED@sdf_testnet_3 txH: 459e77, ct: 1772549463, upgrades: [ ] ]'} | Y: {'[ SIGNED@sdf_testnet_3 txH: 459e77, ct: 1772549463, upgrades: [ ] ]'} }",
            "{ENV@sdf_testnet_3 |  i: 1309954 | NOMINATE | D: 59d361 | X: {'[ SIGNED@sdf_testnet_3 txH: 459e77, ct: 1772549463, upgrades: [ ] ]'} | Y: {'[ SIGNED@sdf_testnet_3 txH: 459e77, ct: 1772549463, upgrades: [ ] ]'} }",
            "{ENV@sdf_testnet_2 |  i: 1309954 | NOMINATE | D: 59d361 | X: {'[ SIGNED@sdf_testnet_3 txH: 459e77, ct: 1772549463, upgrades: [ ] ]'} | Y: {'[ SIGNED@sdf_testnet_3 txH: 459e77, ct: 1772549463, upgrades: [ ] ]'} }"
         ]
      },
      "1309955" : {
         "pending" : [
            "{ENV@sdf_testnet_1 |  i: 1309955 | EXTERNALIZE | c: (1,[ SIGNED@sdf_testnet_2 txH: 34c52f, ct: 1772549468, upgrades: [ ] ]) | h.n: 1 | (lastD): 59d361 }",
            "{ENV@sdf_testnet_3 |  i: 1309955 | EXTERNALIZE | c: (1,[ SIGNED@sdf_testnet_2 txH: 34c52f, ct: 1772549468, upgrades: [ ] ]) | h.n: 1 | (lastD): 59d361 }",
            "{ENV@sdf_testnet_2 |  i: 1309955 | EXTERNALIZE | c: (1,[ SIGNED@sdf_testnet_2 txH: 34c52f, ct: 1772549468, upgrades: [ ] ]) | h.n: 1 | (lastD): 59d361 }",
            "{ENV@sdf_testnet_3 |  i: 1309955 | CONFIRM | D: 59d361 | b: (1,[ SIGNED@sdf_testnet_2 txH: 34c52f, ct: 1772549468, upgrades: [ ] ]) | p.n: 1 | c.n: 1 | h.n: 1 }",
            "{ENV@sdf_testnet_1 |  i: 1309955 | CONFIRM | D: 59d361 | b: (1,[ SIGNED@sdf_testnet_2 txH: 34c52f, ct: 1772549468, upgrades: [ ] ]) | p.n: 1 | c.n: 1 | h.n: 1 }",
            "{ENV@sdf_testnet_2 |  i: 1309955 | CONFIRM | D: 59d361 | b: (1,[ SIGNED@sdf_testnet_2 txH: 34c52f, ct: 1772549468, upgrades: [ ] ]) | p.n: 1 | c.n: 1 | h.n: 1 }",
            "{ENV@sdf_testnet_3 |  i: 1309955 | PREPARE | D: 59d361 | b: (1,[ SIGNED@sdf_testnet_2 txH: 34c52f, ct: 1772549468, upgrades: [ ] ]) | p: (1,[ SIGNED@sdf_testnet_2 txH: 34c52f, ct: 1772549468, upgrades: [ ] ]) | p': (<null_ballot>) | c.n: 1 | h.n: 1 }",
            "{ENV@sdf_testnet_2 |  i: 1309955 | PREPARE | D: 59d361 | b: (1,[ SIGNED@sdf_testnet_2 txH: 34c52f, ct: 1772549468, upgrades: [ ] ]) | p: (1,[ SIGNED@sdf_testnet_2 txH: 34c52f, ct: 1772549468, upgrades: [ ] ]) | p': (<null_ballot>) | c.n: 1 | h.n: 1 }",
            "{ENV@sdf_testnet_1 |  i: 1309955 | PREPARE | D: 59d361 | b: (1,[ SIGNED@sdf_testnet_2 txH: 34c52f, ct: 1772549468, upgrades: [ ] ]) | p: (1,[ SIGNED@sdf_testnet_2 txH: 34c52f, ct: 1772549468, upgrades: [ ] ]) | p': (<null_ballot>) | c.n: 1 | h.n: 1 }",
            "{ENV@sdf_testnet_3 |  i: 1309955 | PREPARE | D: 59d361 | b: (1,[ SIGNED@sdf_testnet_2 txH: 34c52f, ct: 1772549468, upgrades: [ ] ]) | p: (1,[ SIGNED@sdf_testnet_2 txH: 34c52f, ct: 1772549468, upgrades: [ ] ]) | p': (<null_ballot>) | c.n: 0 | h.n: 0 }",
            "{ENV@sdf_testnet_2 |  i: 1309955 | PREPARE | D: 59d361 | b: (1,[ SIGNED@sdf_testnet_2 txH: 34c52f, ct: 1772549468, upgrades: [ ] ]) | p: (1,[ SIGNED@sdf_testnet_2 txH: 34c52f, ct: 1772549468, upgrades: [ ] ]) | p': (<null_ballot>) | c.n: 0 | h.n: 0 }",
            "{ENV@sdf_testnet_1 |  i: 1309955 | PREPARE | D: 59d361 | b: (1,[ SIGNED@sdf_testnet_2 txH: 34c52f, ct: 1772549468, upgrades: [ ] ]) | p: (1,[ SIGNED@sdf_testnet_2 txH: 34c52f, ct: 1772549468, upgrades: [ ] ]) | p': (<null_ballot>) | c.n: 0 | h.n: 0 }",
            "{ENV@sdf_testnet_3 |  i: 1309955 | PREPARE | D: 59d361 | b: (1,[ SIGNED@sdf_testnet_2 txH: 34c52f, ct: 1772549468, upgrades: [ ] ]) | p: (<null_ballot>) | p': (<null_ballot>) | c.n: 0 | h.n: 0 }",
            "{ENV@sdf_testnet_2 |  i: 1309955 | NOMINATE | D: 59d361 | X: {'[ SIGNED@sdf_testnet_2 txH: 34c52f, ct: 1772549468, upgrades: [ ] ]'} | Y: {'[ SIGNED@sdf_testnet_2 txH: 34c52f, ct: 1772549468, upgrades: [ ] ]'} }",
            "{ENV@sdf_testnet_1 |  i: 1309955 | PREPARE | D: 59d361 | b: (1,[ SIGNED@sdf_testnet_2 txH: 34c52f, ct: 1772549468, upgrades: [ ] ]) | p: (<null_ballot>) | p': (<null_ballot>) | c.n: 0 | h.n: 0 }",
            "{ENV@sdf_testnet_2 |  i: 1309955 | PREPARE | D: 59d361 | b: (1,[ SIGNED@sdf_testnet_2 txH: 34c52f, ct: 1772549468, upgrades: [ ] ]) | p: (<null_ballot>) | p': (<null_ballot>) | c.n: 0 | h.n: 0 }",
            "{ENV@sdf_testnet_1 |  i: 1309955 | NOMINATE | D: 59d361 | X: {'[ SIGNED@sdf_testnet_2 txH: 34c52f, ct: 1772549468, upgrades: [ ] ]'} | Y: {'[ SIGNED@sdf_testnet_2 txH: 34c52f, ct: 1772549468, upgrades: [ ] ]'} }",
            "{ENV@sdf_testnet_3 |  i: 1309955 | NOMINATE | D: 59d361 | X: {'[ SIGNED@sdf_testnet_2 txH: 34c52f, ct: 1772549468, upgrades: [ ] ]'} | Y: {'[ SIGNED@sdf_testnet_2 txH: 34c52f, ct: 1772549468, upgrades: [ ] ]'} }",
            "{ENV@sdf_testnet_2 |  i: 1309955 | NOMINATE | D: 59d361 | X: {'[ SIGNED@sdf_testnet_2 txH: 34c52f, ct: 1772549468, upgrades: [ ] ]'} | Y: {} }"
         ]
      },
      "1309956" : {
         "pending" : [
            "{ENV@sdf_testnet_1 |  i: 1309956 | EXTERNALIZE | c: (1,[ SIGNED@sdf_testnet_1 txH: 2baa64, ct: 1772549473, upgrades: [ ] ]) | h.n: 1 | (lastD): 59d361 }",
            "{ENV@sdf_testnet_3 |  i: 1309956 | PREPARE | D: 59d361 | b: (1,[ SIGNED@sdf_testnet_1 txH: 2baa64, ct: 1772549473, upgrades: [ ] ]) | p: (1,[ SIGNED@sdf_testnet_1 txH: 2baa64, ct: 1772549473, upgrades: [ ] ]) | p': (<null_ballot>) | c.n: 1 | h.n: 1 }",
            "{ENV@sdf_testnet_2 |  i: 1309956 | PREPARE | D: 59d361 | b: (1,[ SIGNED@sdf_testnet_1 txH: 2baa64, ct: 1772549473, upgrades: [ ] ]) | p: (1,[ SIGNED@sdf_testnet_1 txH: 2baa64, ct: 1772549473, upgrades: [ ] ]) | p': (<null_ballot>) | c.n: 1 | h.n: 1 }",
            "{ENV@sdf_testnet_1 |  i: 1309956 | PREPARE | D: 59d361 | b: (1,[ SIGNED@sdf_testnet_1 txH: 2baa64, ct: 1772549473, upgrades: [ ] ]) | p: (1,[ SIGNED@sdf_testnet_1 txH: 2baa64, ct: 1772549473, upgrades: [ ] ]) | p': (<null_ballot>) | c.n: 1 | h.n: 1 }",
            "{ENV@sdf_testnet_3 |  i: 1309956 | CONFIRM | D: 59d361 | b: (1,[ SIGNED@sdf_testnet_1 txH: 2baa64, ct: 1772549473, upgrades: [ ] ]) | p.n: 1 | c.n: 1 | h.n: 1 }",
            "{ENV@sdf_testnet_1 |  i: 1309956 | CONFIRM | D: 59d361 | b: (1,[ SIGNED@sdf_testnet_1 txH: 2baa64, ct: 1772549473, upgrades: [ ] ]) | p.n: 1 | c.n: 1 | h.n: 1 }",
            "{ENV@sdf_testnet_2 |  i: 1309956 | CONFIRM | D: 59d361 | b: (1,[ SIGNED@sdf_testnet_1 txH: 2baa64, ct: 1772549473, upgrades: [ ] ]) | p.n: 1 | c.n: 1 | h.n: 1 }",
            "{ENV@sdf_testnet_3 |  i: 1309956 | EXTERNALIZE | c: (1,[ SIGNED@sdf_testnet_1 txH: 2baa64, ct: 1772549473, upgrades: [ ] ]) | h.n: 1 | (lastD): 59d361 }",
            "{ENV@sdf_testnet_2 |  i: 1309956 | EXTERNALIZE | c: (1,[ SIGNED@sdf_testnet_1 txH: 2baa64, ct: 1772549473, upgrades: [ ] ]) | h.n: 1 | (lastD): 59d361 }",
            "{ENV@sdf_testnet_1 |  i: 1309956 | PREPARE | D: 59d361 | b: (1,[ SIGNED@sdf_testnet_1 txH: 2baa64, ct: 1772549473, upgrades: [ ] ]) | p: (1,[ SIGNED@sdf_testnet_1 txH: 2baa64, ct: 1772549473, upgrades: [ ] ]) | p': (<null_ballot>) | c.n: 0 | h.n: 0 }",
            "{ENV@sdf_testnet_3 |  i: 1309956 | PREPARE | D: 59d361 | b: (1,[ SIGNED@sdf_testnet_1 txH: 2baa64, ct: 1772549473, upgrades: [ ] ]) | p: (1,[ SIGNED@sdf_testnet_1 txH: 2baa64, ct: 1772549473, upgrades: [ ] ]) | p': (<null_ballot>) | c.n: 0 | h.n: 0 }",
            "{ENV@sdf_testnet_1 |  i: 1309956 | NOMINATE | D: 59d361 | X: {'[ SIGNED@sdf_testnet_1 txH: 2baa64, ct: 1772549473, upgrades: [ ] ]'} | Y: {'[ SIGNED@sdf_testnet_1 txH: 2baa64, ct: 1772549473, upgrades: [ ] ]'} }",
            "{ENV@sdf_testnet_2 |  i: 1309956 | PREPARE | D: 59d361 | b: (1,[ SIGNED@sdf_testnet_1 txH: 2baa64, ct: 1772549473, upgrades: [ ] ]) | p: (1,[ SIGNED@sdf_testnet_1 txH: 2baa64, ct: 1772549473, upgrades: [ ] ]) | p': (<null_ballot>) | c.n: 0 | h.n: 0 }",
            "{ENV@sdf_testnet_1 |  i: 1309956 | PREPARE | D: 59d361 | b: (1,[ SIGNED@sdf_testnet_1 txH: 2baa64, ct: 1772549473, upgrades: [ ] ]) | p: (<null_ballot>) | p': (<null_ballot>) | c.n: 0 | h.n: 0 }",
            "{ENV@sdf_testnet_2 |  i: 1309956 | PREPARE | D: 59d361 | b: (1,[ SIGNED@sdf_testnet_1 txH: 2baa64, ct: 1772549473, upgrades: [ ] ]) | p: (<null_ballot>) | p': (<null_ballot>) | c.n: 0 | h.n: 0 }",
            "{ENV@sdf_testnet_3 |  i: 1309956 | PREPARE | D: 59d361 | b: (1,[ SIGNED@sdf_testnet_1 txH: 2baa64, ct: 1772549473, upgrades: [ ] ]) | p: (<null_ballot>) | p': (<null_ballot>) | c.n: 0 | h.n: 0 }",
            "{ENV@sdf_testnet_2 |  i: 1309956 | NOMINATE | D: 59d361 | X: {'[ SIGNED@sdf_testnet_1 txH: 2baa64, ct: 1772549473, upgrades: [ ] ]'} | Y: {'[ SIGNED@sdf_testnet_1 txH: 2baa64, ct: 1772549473, upgrades: [ ] ]'} }",
            "{ENV@sdf_testnet_3 |  i: 1309956 | NOMINATE | D: 59d361 | X: {'[ SIGNED@sdf_testnet_1 txH: 2baa64, ct: 1772549473, upgrades: [ ] ]'} | Y: {'[ SIGNED@sdf_testnet_1 txH: 2baa64, ct: 1772549473, upgrades: [ ] ]'} }",
            "{ENV@sdf_testnet_1 |  i: 1309956 | NOMINATE | D: 59d361 | X: {'[ SIGNED@sdf_testnet_1 txH: 2baa64, ct: 1772549473, upgrades: [ ] ]'} | Y: {} }"
         ]
      },
      "1309957" : {
         "pending" : [
            "{ENV@sdf_testnet_2 |  i: 1309957 | EXTERNALIZE | c: (1,[ SIGNED@sdf_testnet_1 txH: ef988e, ct: 1772549478, upgrades: [ ] ]) | h.n: 1 | (lastD): 59d361 }",
            "{ENV@sdf_testnet_3 |  i: 1309957 | EXTERNALIZE | c: (1,[ SIGNED@sdf_testnet_1 txH: ef988e, ct: 1772549478, upgrades: [ ] ]) | h.n: 1 | (lastD): 59d361 }",
            "{ENV@sdf_testnet_3 |  i: 1309957 | CONFIRM | D: 59d361 | b: (1,[ SIGNED@sdf_testnet_1 txH: ef988e, ct: 1772549478, upgrades: [ ] ]) | p.n: 1 | c.n: 1 | h.n: 1 }",
            "{ENV@sdf_testnet_1 |  i: 1309957 | CONFIRM | D: 59d361 | b: (1,[ SIGNED@sdf_testnet_1 txH: ef988e, ct: 1772549478, upgrades: [ ] ]) | p.n: 1 | c.n: 1 | h.n: 1 }",
            "{ENV@sdf_testnet_1 |  i: 1309957 | PREPARE | D: 59d361 | b: (1,[ SIGNED@sdf_testnet_1 txH: ef988e, ct: 1772549478, upgrades: [ ] ]) | p: (1,[ SIGNED@sdf_testnet_1 txH: ef988e, ct: 1772549478, upgrades: [ ] ]) | p': (<null_ballot>) | c.n: 1 | h.n: 1 }",
            "{ENV@sdf_testnet_3 |  i: 1309957 | PREPARE | D: 59d361 | b: (1,[ SIGNED@sdf_testnet_1 txH: ef988e, ct: 1772549478, upgrades: [ ] ]) | p: (1,[ SIGNED@sdf_testnet_1 txH: ef988e, ct: 1772549478, upgrades: [ ] ]) | p': (<null_ballot>) | c.n: 1 | h.n: 1 }",
            "{ENV@sdf_testnet_2 |  i: 1309957 | PREPARE | D: 59d361 | b: (1,[ SIGNED@sdf_testnet_1 txH: ef988e, ct: 1772549478, upgrades: [ ] ]) | p: (1,[ SIGNED@sdf_testnet_1 txH: ef988e, ct: 1772549478, upgrades: [ ] ]) | p': (<null_ballot>) | c.n: 1 | h.n: 1 }",
            "{ENV@sdf_testnet_1 |  i: 1309957 | EXTERNALIZE | c: (1,[ SIGNED@sdf_testnet_1 txH: ef988e, ct: 1772549478, upgrades: [ ] ]) | h.n: 1 | (lastD): 59d361 }",
            "{ENV@sdf_testnet_2 |  i: 1309957 | CONFIRM | D: 59d361 | b: (1,[ SIGNED@sdf_testnet_1 txH: ef988e, ct: 1772549478, upgrades: [ ] ]) | p.n: 1 | c.n: 1 | h.n: 1 }",
            "{ENV@sdf_testnet_1 |  i: 1309957 | PREPARE | D: 59d361 | b: (1,[ SIGNED@sdf_testnet_1 txH: ef988e, ct: 1772549478, upgrades: [ ] ]) | p: (1,[ SIGNED@sdf_testnet_1 txH: ef988e, ct: 1772549478, upgrades: [ ] ]) | p': (<null_ballot>) | c.n: 0 | h.n: 0 }",
            "{ENV@sdf_testnet_3 |  i: 1309957 | PREPARE | D: 59d361 | b: (1,[ SIGNED@sdf_testnet_1 txH: ef988e, ct: 1772549478, upgrades: [ ] ]) | p: (1,[ SIGNED@sdf_testnet_1 txH: ef988e, ct: 1772549478, upgrades: [ ] ]) | p': (<null_ballot>) | c.n: 0 | h.n: 0 }",
            "{ENV@sdf_testnet_2 |  i: 1309957 | PREPARE | D: 59d361 | b: (1,[ SIGNED@sdf_testnet_1 txH: ef988e, ct: 1772549478, upgrades: [ ] ]) | p: (1,[ SIGNED@sdf_testnet_1 txH: ef988e, ct: 1772549478, upgrades: [ ] ]) | p': (<null_ballot>) | c.n: 0 | h.n: 0 }",
            "{ENV@sdf_testnet_1 |  i: 1309957 | NOMINATE | D: 59d361 | X: {'[ SIGNED@sdf_testnet_1 txH: ef988e, ct: 1772549478, upgrades: [ ] ]'} | Y: {'[ SIGNED@sdf_testnet_1 txH: ef988e, ct: 1772549478, upgrades: [ ] ]'} }",
            "{ENV@sdf_testnet_3 |  i: 1309957 | PREPARE | D: 59d361 | b: (1,[ SIGNED@sdf_testnet_1 txH: ef988e, ct: 1772549478, upgrades: [ ] ]) | p: (<null_ballot>) | p': (<null_ballot>) | c.n: 0 | h.n: 0 }",
            "{ENV@sdf_testnet_1 |  i: 1309957 | PREPARE | D: 59d361 | b: (1,[ SIGNED@sdf_testnet_1 txH: ef988e, ct: 1772549478, upgrades: [ ] ]) | p: (<null_ballot>) | p': (<null_ballot>) | c.n: 0 | h.n: 0 }",
            "{ENV@sdf_testnet_2 |  i: 1309957 | PREPARE | D: 59d361 | b: (1,[ SIGNED@sdf_testnet_1 txH: ef988e, ct: 1772549478, upgrades: [ ] ]) | p: (<null_ballot>) | p': (<null_ballot>) | c.n: 0 | h.n: 0 }",
            "{ENV@sdf_testnet_3 |  i: 1309957 | NOMINATE | D: 59d361 | X: {'[ SIGNED@sdf_testnet_1 txH: ef988e, ct: 1772549478, upgrades: [ ] ]'} | Y: {'[ SIGNED@sdf_testnet_1 txH: ef988e, ct: 1772549478, upgrades: [ ] ]'} }",
            "{ENV@sdf_testnet_2 |  i: 1309957 | NOMINATE | D: 59d361 | X: {'[ SIGNED@sdf_testnet_1 txH: ef988e, ct: 1772549478, upgrades: [ ] ]'} | Y: {'[ SIGNED@sdf_testnet_1 txH: ef988e, ct: 1772549478, upgrades: [ ] ]'} }",
            "{ENV@sdf_testnet_1 |  i: 1309957 | NOMINATE | D: 59d361 | X: {'[ SIGNED@sdf_testnet_1 txH: ef988e, ct: 1772549478, upgrades: [ ] ]'} | Y: {} }"
         ]
      },
      "1309958" : {
         "pending" : [
            "{ENV@sdf_testnet_2 |  i: 1309958 | PREPARE | D: 59d361 | b: (1,[ SIGNED@sdf_testnet_3 txH: cfa6f1, ct: 1772549483, upgrades: [ ] ]) | p: (1,[ SIGNED@sdf_testnet_3 txH: cfa6f1, ct: 1772549483, upgrades: [ ] ]) | p': (<null_ballot>) | c.n: 1 | h.n: 1 }",
            "{ENV@sdf_testnet_1 |  i: 1309958 | PREPARE | D: 59d361 | b: (1,[ SIGNED@sdf_testnet_3 txH: cfa6f1, ct: 1772549483, upgrades: [ ] ]) | p: (1,[ SIGNED@sdf_testnet_3 txH: cfa6f1, ct: 1772549483, upgrades: [ ] ]) | p': (<null_ballot>) | c.n: 1 | h.n: 1 }",
            "{ENV@sdf_testnet_3 |  i: 1309958 | PREPARE | D: 59d361 | b: (1,[ SIGNED@sdf_testnet_3 txH: cfa6f1, ct: 1772549483, upgrades: [ ] ]) | p: (1,[ SIGNED@sdf_testnet_3 txH: cfa6f1, ct: 1772549483, upgrades: [ ] ]) | p': (<null_ballot>) | c.n: 1 | h.n: 1 }",
            "{ENV@sdf_testnet_1 |  i: 1309958 | CONFIRM | D: 59d361 | b: (1,[ SIGNED@sdf_testnet_3 txH: cfa6f1, ct: 1772549483, upgrades: [ ] ]) | p.n: 1 | c.n: 1 | h.n: 1 }",
            "{ENV@sdf_testnet_3 |  i: 1309958 | CONFIRM | D: 59d361 | b: (1,[ SIGNED@sdf_testnet_3 txH: cfa6f1, ct: 1772549483, upgrades: [ ] ]) | p.n: 1 | c.n: 1 | h.n: 1 }",
            "{ENV@sdf_testnet_2 |  i: 1309958 | CONFIRM | D: 59d361 | b: (1,[ SIGNED@sdf_testnet_3 txH: cfa6f1, ct: 1772549483, upgrades: [ ] ]) | p.n: 1 | c.n: 1 | h.n: 1 }",
            "{ENV@sdf_testnet_3 |  i: 1309958 | EXTERNALIZE | c: (1,[ SIGNED@sdf_testnet_3 txH: cfa6f1, ct: 1772549483, upgrades: [ ] ]) | h.n: 1 | (lastD): 59d361 }",
            "{ENV@sdf_testnet_2 |  i: 1309958 | EXTERNALIZE | c: (1,[ SIGNED@sdf_testnet_3 txH: cfa6f1, ct: 1772549483, upgrades: [ ] ]) | h.n: 1 | (lastD): 59d361 }",
            "{ENV@sdf_testnet_1 |  i: 1309958 | EXTERNALIZE | c: (1,[ SIGNED@sdf_testnet_3 txH: cfa6f1, ct: 1772549483, upgrades: [ ] ]) | h.n: 1 | (lastD): 59d361 }",
            "{ENV@sdf_testnet_3 |  i: 1309958 | PREPARE | D: 59d361 | b: (1,[ SIGNED@sdf_testnet_3 txH: cfa6f1, ct: 1772549483, upgrades: [ ] ]) | p: (1,[ SIGNED@sdf_testnet_3 txH: cfa6f1, ct: 1772549483, upgrades: [ ] ]) | p': (<null_ballot>) | c.n: 0 | h.n: 0 }",
            "{ENV@sdf_testnet_1 |  i: 1309958 | PREPARE | D: 59d361 | b: (1,[ SIGNED@sdf_testnet_3 txH: cfa6f1, ct: 1772549483, upgrades: [ ] ]) | p: (1,[ SIGNED@sdf_testnet_3 txH: cfa6f1, ct: 1772549483, upgrades: [ ] ]) | p': (<null_ballot>) | c.n: 0 | h.n: 0 }",
            "{ENV@sdf_testnet_2 |  i: 1309958 | PREPARE | D: 59d361 | b: (1,[ SIGNED@sdf_testnet_3 txH: cfa6f1, ct: 1772549483, upgrades: [ ] ]) | p: (1,[ SIGNED@sdf_testnet_3 txH: cfa6f1, ct: 1772549483, upgrades: [ ] ]) | p': (<null_ballot>) | c.n: 0 | h.n: 0 }",
            "{ENV@sdf_testnet_3 |  i: 1309958 | NOMINATE | D: 59d361 | X: {'[ SIGNED@sdf_testnet_3 txH: cfa6f1, ct: 1772549483, upgrades: [ ] ]'} | Y: {'[ SIGNED@sdf_testnet_3 txH: cfa6f1, ct: 1772549483, upgrades: [ ] ]'} }",
            "{ENV@sdf_testnet_1 |  i: 1309958 | PREPARE | D: 59d361 | b: (1,[ SIGNED@sdf_testnet_3 txH: cfa6f1, ct: 1772549483, upgrades: [ ] ]) | p: (<null_ballot>) | p': (<null_ballot>) | c.n: 0 | h.n: 0 }",
            "{ENV@sdf_testnet_2 |  i: 1309958 | PREPARE | D: 59d361 | b: (1,[ SIGNED@sdf_testnet_3 txH: cfa6f1, ct: 1772549483, upgrades: [ ] ]) | p: (<null_ballot>) | p': (<null_ballot>) | c.n: 0 | h.n: 0 }",
            "{ENV@sdf_testnet_3 |  i: 1309958 | PREPARE | D: 59d361 | b: (1,[ SIGNED@sdf_testnet_3 txH: cfa6f1, ct: 1772549483, upgrades: [ ] ]) | p: (<null_ballot>) | p': (<null_ballot>) | c.n: 0 | h.n: 0 }",
            "{ENV@sdf_testnet_1 |  i: 1309958 | NOMINATE | D: 59d361 | X: {'[ SIGNED@sdf_testnet_3 txH: cfa6f1, ct: 1772549483, upgrades: [ ] ]'} | Y: {'[ SIGNED@sdf_testnet_3 txH: cfa6f1, ct: 1772549483, upgrades: [ ] ]'} }",
            "{ENV@sdf_testnet_2 |  i: 1309958 | NOMINATE | D: 59d361 | X: {'[ SIGNED@sdf_testnet_3 txH: cfa6f1, ct: 1772549483, upgrades: [ ] ]'} | Y: {'[ SIGNED@sdf_testnet_3 txH: cfa6f1, ct: 1772549483, upgrades: [ ] ]'} }",
            "{ENV@sdf_testnet_3 |  i: 1309958 | NOMINATE | D: 59d361 | X: {'[ SIGNED@sdf_testnet_3 txH: cfa6f1, ct: 1772549483, upgrades: [ ] ]'} | Y: {} }"
         ]
      },
      "1309959" : {
         "pending" : [
            "{ENV@sdf_testnet_1 |  i: 1309959 | EXTERNALIZE | c: (1,[ SIGNED@sdf_testnet_1 txH: d91e51, ct: 1772549488, upgrades: [ ] ]) | h.n: 1 | (lastD): 59d361 }",
            "{ENV@sdf_testnet_2 |  i: 1309959 | EXTERNALIZE | c: (1,[ SIGNED@sdf_testnet_1 txH: d91e51, ct: 1772549488, upgrades: [ ] ]) | h.n: 1 | (lastD): 59d361 }",
            "{ENV@sdf_testnet_3 |  i: 1309959 | EXTERNALIZE | c: (1,[ SIGNED@sdf_testnet_1 txH: d91e51, ct: 1772549488, upgrades: [ ] ]) | h.n: 1 | (lastD): 59d361 }",
            "{ENV@sdf_testnet_2 |  i: 1309959 | CONFIRM | D: 59d361 | b: (1,[ SIGNED@sdf_testnet_1 txH: d91e51, ct: 1772549488, upgrades: [ ] ]) | p.n: 1 | c.n: 1 | h.n: 1 }",
            "{ENV@sdf_testnet_3 |  i: 1309959 | CONFIRM | D: 59d361 | b: (1,[ SIGNED@sdf_testnet_1 txH: d91e51, ct: 1772549488, upgrades: [ ] ]) | p.n: 1 | c.n: 1 | h.n: 1 }",
            "{ENV@sdf_testnet_1 |  i: 1309959 | CONFIRM | D: 59d361 | b: (1,[ SIGNED@sdf_testnet_1 txH: d91e51, ct: 1772549488, upgrades: [ ] ]) | p.n: 1 | c.n: 1 | h.n: 1 }",
            "{ENV@sdf_testnet_1 |  i: 1309959 | PREPARE | D: 59d361 | b: (1,[ SIGNED@sdf_testnet_1 txH: d91e51, ct: 1772549488, upgrades: [ ] ]) | p: (1,[ SIGNED@sdf_testnet_1 txH: d91e51, ct: 1772549488, upgrades: [ ] ]) | p': (<null_ballot>) | c.n: 1 | h.n: 1 }",
            "{ENV@sdf_testnet_2 |  i: 1309959 | PREPARE | D: 59d361 | b: (1,[ SIGNED@sdf_testnet_1 txH: d91e51, ct: 1772549488, upgrades: [ ] ]) | p: (1,[ SIGNED@sdf_testnet_1 txH: d91e51, ct: 1772549488, upgrades: [ ] ]) | p': (<null_ballot>) | c.n: 1 | h.n: 1 }",
            "{ENV@sdf_testnet_1 |  i: 1309959 | PREPARE | D: 59d361 | b: (1,[ SIGNED@sdf_testnet_1 txH: d91e51, ct: 1772549488, upgrades: [ ] ]) | p: (1,[ SIGNED@sdf_testnet_1 txH: d91e51, ct: 1772549488, upgrades: [ ] ]) | p': (<null_ballot>) | c.n: 0 | h.n: 0 }",
            "{ENV@sdf_testnet_3 |  i: 1309959 | PREPARE | D: 59d361 | b: (1,[ SIGNED@sdf_testnet_1 txH: d91e51, ct: 1772549488, upgrades: [ ] ]) | p: (1,[ SIGNED@sdf_testnet_1 txH: d91e51, ct: 1772549488, upgrades: [ ] ]) | p': (<null_ballot>) | c.n: 1 | h.n: 1 }",
            "{ENV@sdf_testnet_3 |  i: 1309959 | PREPARE | D: 59d361 | b: (1,[ SIGNED@sdf_testnet_1 txH: d91e51, ct: 1772549488, upgrades: [ ] ]) | p: (1,[ SIGNED@sdf_testnet_1 txH: d91e51, ct: 1772549488, upgrades: [ ] ]) | p': (<null_ballot>) | c.n: 0 | h.n: 0 }",
            "{ENV@sdf_testnet_2 |  i: 1309959 | PREPARE | D: 59d361 | b: (1,[ SIGNED@sdf_testnet_1 txH: d91e51, ct: 1772549488, upgrades: [ ] ]) | p: (1,[ SIGNED@sdf_testnet_1 txH: d91e51, ct: 1772549488, upgrades: [ ] ]) | p': (<null_ballot>) | c.n: 0 | h.n: 0 }",
            "{ENV@sdf_testnet_1 |  i: 1309959 | NOMINATE | D: 59d361 | X: {'[ SIGNED@sdf_testnet_1 txH: d91e51, ct: 1772549488, upgrades: [ ] ]'} | Y: {'[ SIGNED@sdf_testnet_1 txH: d91e51, ct: 1772549488, upgrades: [ ] ]'} }",
            "{ENV@sdf_testnet_3 |  i: 1309959 | PREPARE | D: 59d361 | b: (1,[ SIGNED@sdf_testnet_1 txH: d91e51, ct: 1772549488, upgrades: [ ] ]) | p: (<null_ballot>) | p': (<null_ballot>) | c.n: 0 | h.n: 0 }",
            "{ENV@sdf_testnet_1 |  i: 1309959 | PREPARE | D: 59d361 | b: (1,[ SIGNED@sdf_testnet_1 txH: d91e51, ct: 1772549488, upgrades: [ ] ]) | p: (<null_ballot>) | p': (<null_ballot>) | c.n: 0 | h.n: 0 }",
            "{ENV@sdf_testnet_2 |  i: 1309959 | PREPARE | D: 59d361 | b: (1,[ SIGNED@sdf_testnet_1 txH: d91e51, ct: 1772549488, upgrades: [ ] ]) | p: (<null_ballot>) | p': (<null_ballot>) | c.n: 0 | h.n: 0 }",
            "{ENV@sdf_testnet_2 |  i: 1309959 | NOMINATE | D: 59d361 | X: {'[ SIGNED@sdf_testnet_1 txH: d91e51, ct: 1772549488, upgrades: [ ] ]'} | Y: {'[ SIGNED@sdf_testnet_1 txH: d91e51, ct: 1772549488, upgrades: [ ] ]'} }",
            "{ENV@sdf_testnet_3 |  i: 1309959 | NOMINATE | D: 59d361 | X: {'[ SIGNED@sdf_testnet_1 txH: d91e51, ct: 1772549488, upgrades: [ ] ]'} | Y: {'[ SIGNED@sdf_testnet_1 txH: d91e51, ct: 1772549488, upgrades: [ ] ]'} }",
            "{ENV@sdf_testnet_1 |  i: 1309959 | NOMINATE | D: 59d361 | X: {'[ SIGNED@sdf_testnet_1 txH: d91e51, ct: 1772549488, upgrades: [ ] ]'} | Y: {} }"
         ]
      },
      "1309960" : {
         "pending" : [
            "{ENV@sdf_testnet_3 |  i: 1309960 | EXTERNALIZE | c: (1,[ SIGNED@sdf_testnet_3 txH: 70b22e, ct: 1772549493, upgrades: [ ] ]) | h.n: 1 | (lastD): 59d361 }",
            "{ENV@sdf_testnet_2 |  i: 1309960 | EXTERNALIZE | c: (1,[ SIGNED@sdf_testnet_3 txH: 70b22e, ct: 1772549493, upgrades: [ ] ]) | h.n: 1 | (lastD): 59d361 }",
            "{ENV@sdf_testnet_1 |  i: 1309960 | CONFIRM | D: 59d361 | b: (1,[ SIGNED@sdf_testnet_3 txH: 70b22e, ct: 1772549493, upgrades: [ ] ]) | p.n: 1 | c.n: 1 | h.n: 1 }",
            "{ENV@sdf_testnet_1 |  i: 1309960 | EXTERNALIZE | c: (1,[ SIGNED@sdf_testnet_3 txH: 70b22e, ct: 1772549493, upgrades: [ ] ]) | h.n: 1 | (lastD): 59d361 }",
            "{ENV@sdf_testnet_2 |  i: 1309960 | CONFIRM | D: 59d361 | b: (1,[ SIGNED@sdf_testnet_3 txH: 70b22e, ct: 1772549493, upgrades: [ ] ]) | p.n: 1 | c.n: 1 | h.n: 1 }",
            "{ENV@sdf_testnet_3 |  i: 1309960 | CONFIRM | D: 59d361 | b: (1,[ SIGNED@sdf_testnet_3 txH: 70b22e, ct: 1772549493, upgrades: [ ] ]) | p.n: 1 | c.n: 1 | h.n: 1 }",
            "{ENV@sdf_testnet_1 |  i: 1309960 | PREPARE | D: 59d361 | b: (1,[ SIGNED@sdf_testnet_3 txH: 70b22e, ct: 1772549493, upgrades: [ ] ]) | p: (1,[ SIGNED@sdf_testnet_3 txH: 70b22e, ct: 1772549493, upgrades: [ ] ]) | p': (<null_ballot>) | c.n: 1 | h.n: 1 }",
            "{ENV@sdf_testnet_3 |  i: 1309960 | PREPARE | D: 59d361 | b: (1,[ SIGNED@sdf_testnet_3 txH: 70b22e, ct: 1772549493, upgrades: [ ] ]) | p: (1,[ SIGNED@sdf_testnet_3 txH: 70b22e, ct: 1772549493, upgrades: [ ] ]) | p': (<null_ballot>) | c.n: 1 | h.n: 1 }",
            "{ENV@sdf_testnet_2 |  i: 1309960 | PREPARE | D: 59d361 | b: (1,[ SIGNED@sdf_testnet_3 txH: 70b22e, ct: 1772549493, upgrades: [ ] ]) | p: (1,[ SIGNED@sdf_testnet_3 txH: 70b22e, ct: 1772549493, upgrades: [ ] ]) | p': (<null_ballot>) | c.n: 1 | h.n: 1 }",
            "{ENV@sdf_testnet_3 |  i: 1309960 | PREPARE | D: 59d361 | b: (1,[ SIGNED@sdf_testnet_3 txH: 70b22e, ct: 1772549493, upgrades: [ ] ]) | p: (1,[ SIGNED@sdf_testnet_3 txH: 70b22e, ct: 1772549493, upgrades: [ ] ]) | p': (<null_ballot>) | c.n: 0 | h.n: 0 }",
            "{ENV@sdf_testnet_1 |  i: 1309960 | PREPARE | D: 59d361 | b: (1,[ SIGNED@sdf_testnet_3 txH: 70b22e, ct: 1772549493, upgrades: [ ] ]) | p: (1,[ SIGNED@sdf_testnet_3 txH: 70b22e, ct: 1772549493, upgrades: [ ] ]) | p': (<null_ballot>) | c.n: 0 | h.n: 0 }",
            "{ENV@sdf_testnet_3 |  i: 1309960 | NOMINATE | D: 59d361 | X: {'[ SIGNED@sdf_testnet_3 txH: 70b22e, ct: 1772549493, upgrades: [ ] ]'} | Y: {'[ SIGNED@sdf_testnet_3 txH: 70b22e, ct: 1772549493, upgrades: [ ] ]'} }",
            "{ENV@sdf_testnet_2 |  i: 1309960 | PREPARE | D: 59d361 | b: (1,[ SIGNED@sdf_testnet_3 txH: 70b22e, ct: 1772549493, upgrades: [ ] ]) | p: (1,[ SIGNED@sdf_testnet_3 txH: 70b22e, ct: 1772549493, upgrades: [ ] ]) | p': (<null_ballot>) | c.n: 0 | h.n: 0 }",
            "{ENV@sdf_testnet_1 |  i: 1309960 | PREPARE | D: 59d361 | b: (1,[ SIGNED@sdf_testnet_3 txH: 70b22e, ct: 1772549493, upgrades: [ ] ]) | p: (<null_ballot>) | p': (<null_ballot>) | c.n: 0 | h.n: 0 }",
            "{ENV@sdf_testnet_2 |  i: 1309960 | PREPARE | D: 59d361 | b: (1,[ SIGNED@sdf_testnet_3 txH: 70b22e, ct: 1772549493, upgrades: [ ] ]) | p: (<null_ballot>) | p': (<null_ballot>) | c.n: 0 | h.n: 0 }",
            "{ENV@sdf_testnet_3 |  i: 1309960 | PREPARE | D: 59d361 | b: (1,[ SIGNED@sdf_testnet_3 txH: 70b22e, ct: 1772549493, upgrades: [ ] ]) | p: (<null_ballot>) | p': (<null_ballot>) | c.n: 0 | h.n: 0 }",
            "{ENV@sdf_testnet_1 |  i: 1309960 | NOMINATE | D: 59d361 | X: {'[ SIGNED@sdf_testnet_3 txH: 70b22e, ct: 1772549493, upgrades: [ ] ]'} | Y: {'[ SIGNED@sdf_testnet_3 txH: 70b22e, ct: 1772549493, upgrades: [ ] ]'} }",
            "{ENV@sdf_testnet_2 |  i: 1309960 | NOMINATE | D: 59d361 | X: {'[ SIGNED@sdf_testnet_3 txH: 70b22e, ct: 1772549493, upgrades: [ ] ]'} | Y: {'[ SIGNED@sdf_testnet_3 txH: 70b22e, ct: 1772549493, upgrades: [ ] ]'} }",
            "{ENV@sdf_testnet_3 |  i: 1309960 | NOMINATE | D: 59d361 | X: {'[ SIGNED@sdf_testnet_3 txH: 70b22e, ct: 1772549493, upgrades: [ ] ]'} | Y: {} }"
         ]
      },
      "1309961" : {
         "pending" : [
            "{ENV@sdf_testnet_3 |  i: 1309961 | EXTERNALIZE | c: (1,[ SIGNED@sdf_testnet_1 txH: 5111c2, ct: 1772549498, upgrades: [ ] ]) | h.n: 1 | (lastD): 59d361 }",
            "{ENV@sdf_testnet_2 |  i: 1309961 | EXTERNALIZE | c: (1,[ SIGNED@sdf_testnet_1 txH: 5111c2, ct: 1772549498, upgrades: [ ] ]) | h.n: 1 | (lastD): 59d361 }",
            "{ENV@sdf_testnet_1 |  i: 1309961 | EXTERNALIZE | c: (1,[ SIGNED@sdf_testnet_1 txH: 5111c2, ct: 1772549498, upgrades: [ ] ]) | h.n: 1 | (lastD): 59d361 }",
            "{ENV@sdf_testnet_1 |  i: 1309961 | CONFIRM | D: 59d361 | b: (1,[ SIGNED@sdf_testnet_1 txH: 5111c2, ct: 1772549498, upgrades: [ ] ]) | p.n: 1 | c.n: 1 | h.n: 1 }",
            "{ENV@sdf_testnet_2 |  i: 1309961 | CONFIRM | D: 59d361 | b: (1,[ SIGNED@sdf_testnet_1 txH: 5111c2, ct: 1772549498, upgrades: [ ] ]) | p.n: 1 | c.n: 1 | h.n: 1 }",
            "{ENV@sdf_testnet_3 |  i: 1309961 | CONFIRM | D: 59d361 | b: (1,[ SIGNED@sdf_testnet_1 txH: 5111c2, ct: 1772549498, upgrades: [ ] ]) | p.n: 1 | c.n: 1 | h.n: 1 }",
            "{ENV@sdf_testnet_3 |  i: 1309961 | PREPARE | D: 59d361 | b: (1,[ SIGNED@sdf_testnet_1 txH: 5111c2, ct: 1772549498, upgrades: [ ] ]) | p: (1,[ SIGNED@sdf_testnet_1 txH: 5111c2, ct: 1772549498, upgrades: [ ] ]) | p': (<null_ballot>) | c.n: 1 | h.n: 1 }",
            "{ENV@sdf_testnet_1 |  i: 1309961 | PREPARE | D: 59d361 | b: (1,[ SIGNED@sdf_testnet_1 txH: 5111c2, ct: 1772549498, upgrades: [ ] ]) | p: (1,[ SIGNED@sdf_testnet_1 txH: 5111c2, ct: 1772549498, upgrades: [ ] ]) | p': (<null_ballot>) | c.n: 1 | h.n: 1 }",
            "{ENV@sdf_testnet_2 |  i: 1309961 | PREPARE | D: 59d361 | b: (1,[ SIGNED@sdf_testnet_1 txH: 5111c2, ct: 1772549498, upgrades: [ ] ]) | p: (1,[ SIGNED@sdf_testnet_1 txH: 5111c2, ct: 1772549498, upgrades: [ ] ]) | p': (<null_ballot>) | c.n: 1 | h.n: 1 }",
            "{ENV@sdf_testnet_1 |  i: 1309961 | PREPARE | D: 59d361 | b: (1,[ SIGNED@sdf_testnet_1 txH: 5111c2, ct: 1772549498, upgrades: [ ] ]) | p: (1,[ SIGNED@sdf_testnet_1 txH: 5111c2, ct: 1772549498, upgrades: [ ] ]) | p': (<null_ballot>) | c.n: 0 | h.n: 0 }",
            "{ENV@sdf_testnet_3 |  i: 1309961 | PREPARE | D: 59d361 | b: (1,[ SIGNED@sdf_testnet_1 txH: 5111c2, ct: 1772549498, upgrades: [ ] ]) | p: (1,[ SIGNED@sdf_testnet_1 txH: 5111c2, ct: 1772549498, upgrades: [ ] ]) | p': (<null_ballot>) | c.n: 0 | h.n: 0 }",
            "{ENV@sdf_testnet_2 |  i: 1309961 | PREPARE | D: 59d361 | b: (1,[ SIGNED@sdf_testnet_1 txH: 5111c2, ct: 1772549498, upgrades: [ ] ]) | p: (1,[ SIGNED@sdf_testnet_1 txH: 5111c2, ct: 1772549498, upgrades: [ ] ]) | p': (<null_ballot>) | c.n: 0 | h.n: 0 }",
            "{ENV@sdf_testnet_3 |  i: 1309961 | PREPARE | D: 59d361 | b: (1,[ SIGNED@sdf_testnet_1 txH: 5111c2, ct: 1772549498, upgrades: [ ] ]) | p: (<null_ballot>) | p': (<null_ballot>) | c.n: 0 | h.n: 0 }",
            "{ENV@sdf_testnet_1 |  i: 1309961 | NOMINATE | D: 59d361 | X: {'[ SIGNED@sdf_testnet_1 txH: 5111c2, ct: 1772549498, upgrades: [ ] ]'} | Y: {'[ SIGNED@sdf_testnet_1 txH: 5111c2, ct: 1772549498, upgrades: [ ] ]'} }",
            "{ENV@sdf_testnet_1 |  i: 1309961 | PREPARE | D: 59d361 | b: (1,[ SIGNED@sdf_testnet_1 txH: 5111c2, ct: 1772549498, upgrades: [ ] ]) | p: (<null_ballot>) | p': (<null_ballot>) | c.n: 0 | h.n: 0 }",
            "{ENV@sdf_testnet_2 |  i: 1309961 | PREPARE | D: 59d361 | b: (1,[ SIGNED@sdf_testnet_1 txH: 5111c2, ct: 1772549498, upgrades: [ ] ]) | p: (<null_ballot>) | p': (<null_ballot>) | c.n: 0 | h.n: 0 }",
            "{ENV@sdf_testnet_3 |  i: 1309961 | NOMINATE | D: 59d361 | X: {'[ SIGNED@sdf_testnet_1 txH: 5111c2, ct: 1772549498, upgrades: [ ] ]'} | Y: {'[ SIGNED@sdf_testnet_1 txH: 5111c2, ct: 1772549498, upgrades: [ ] ]'} }",
            "{ENV@sdf_testnet_2 |  i: 1309961 | NOMINATE | D: 59d361 | X: {'[ SIGNED@sdf_testnet_1 txH: 5111c2, ct: 1772549498, upgrades: [ ] ]'} | Y: {'[ SIGNED@sdf_testnet_1 txH: 5111c2, ct: 1772549498, upgrades: [ ] ]'} }",
            "{ENV@sdf_testnet_1 |  i: 1309961 | NOMINATE | D: 59d361 | X: {'[ SIGNED@sdf_testnet_1 txH: 5111c2, ct: 1772549498, upgrades: [ ] ]'} | Y: {} }"
         ]
      }
   },
   "scp" : null,
   "you" : "GCOHS"
}

2026-03-03T14:51:39.115 GCOHS [Herder INFO] Quorum information for 1309941 : {"cost":0,"lag_ms":null}

2026-03-03T14:51:39.115 GCOHS [Herder WARNING] Ledger took 38.429307968 seconds, SCP information:{"maybe_dead_nodes":[],"node":"GCOHS","qset":{"agree":["sdf_testnet_2","sdf_testnet_3","sdf_testnet_1"],"cost":{"1309943":{"sdf_testnet_1":11532,"sdf_testnet_2":11532,"sdf_testnet_3":11532}},"delayed":null,"disagree":null,"fail_at":1,"fail_with":["sdf_testnet_2"],"hash":"59d361","lag_ms":null,"ledger":1309943,"missing":null,"phase":"EXTERNALIZE","value":{"t":2,"v":["sdf_testnet_2","sdf_testnet_3","sdf_testnet_1"]}}}

2026-03-03T14:51:39.116 GCOHS [Ledger INFO] Got consensus: [seq=1309943, prev=ee955b, txs=9, ops=9, sv: [ SIGNED@sdf_testnet_2 txH: 3ce2c5, ct: 1772549408, upgrades: [ ] ]]
2026-03-03T14:51:39.117 GCOHS [Ledger INFO] Close of ledger 1309943 buffered. mSyncingLedgers has 1 ledgers
2026-03-03T14:51:39.117 GCOHS [History INFO] Waiting for trigger ledger: 1309943/1309953, ETA: 50s
2026-03-03T14:51:39.117 GCOHS [Ledger INFO] Lost sync, local LCL is 1309900, network closed ledger 1309943
2026-03-03T14:51:39.117 GCOHS [Ledger INFO] Changing state LM_BOOTING_STATE -> LM_CATCHING_UP_STATE
2026-03-03T14:51:39.117 GCOHS [Herder INFO] Transitive closure of quorum has changed, re-analyzing.
2026-03-03T14:51:39.118 GCOHS [SCP INFO] Calculating 4-node network quorum intersection
2026-03-03T14:51:39.118 GCOHS [SCP INFO] Examining 3 node groups for intersection-criticality
2026-03-03T14:51:39.118 GCOHS [Herder INFO] Quorum information for 1309942 : {"cost":0,"lag_ms":null}

2026-03-03T14:51:39.119 GCOHS [SCP INFO] No intersection-critical groups found
2026-03-03T14:51:39.119 GCOHS [Ledger INFO] Got consensus: [seq=1309944, prev=1766f8, txs=6, ops=6, sv: [ SIGNED@sdf_testnet_3 txH: 5b6a21, ct: 1772549413, upgrades: [ ] ]]
2026-03-03T14:51:39.119 GCOHS [Ledger INFO] Close of ledger 1309944 buffered. mSyncingLedgers has 2 ledgers
2026-03-03T14:51:39.119 GCOHS [History INFO] Waiting for trigger ledger: 1309944/1309953, ETA: 45s
2026-03-03T14:51:39.120 GCOHS [Herder INFO] Quorum information for 1309943 : {"agree":3,"cost":34596,"delayed":0,"disagree":0,"fail_at":2,"hash":"59d361","lag_ms":null,"ledger":1309943,"missing":0,"phase":"EXTERNALIZE"}

2026-03-03T14:51:39.120 GCOHS [Ledger INFO] Got consensus: [seq=1309945, prev=682899, txs=9, ops=10, sv: [ SIGNED@sdf_testnet_1 txH: dbac12, ct: 1772549418, upgrades: [ ] ]]
2026-03-03T14:51:39.121 GCOHS [Ledger INFO] Close of ledger 1309945 buffered. mSyncingLedgers has 3 ledgers
2026-03-03T14:51:39.121 GCOHS [History INFO] Waiting for trigger ledger: 1309945/1309953, ETA: 40s
2026-03-03T14:51:39.121 GCOHS [Herder INFO] Quorum information for 1309944 : {"agree":3,"cost":22428,"delayed":0,"disagree":0,"fail_at":2,"hash":"59d361","lag_ms":null,"ledger":1309944,"missing":0,"phase":"EXTERNALIZE"}

2026-03-03T14:51:39.122 GCOHS [Ledger INFO] Got consensus: [seq=1309946, prev=ccd25e, txs=12, ops=14, sv: [ SIGNED@sdf_testnet_3 txH: 09bafa, ct: 1772549423, upgrades: [ ] ]]
2026-03-03T14:51:39.122 GCOHS [Ledger INFO] Close of ledger 1309946 buffered. mSyncingLedgers has 4 ledgers
2026-03-03T14:51:39.122 GCOHS [History INFO] Waiting for trigger ledger: 1309946/1309953, ETA: 35s
2026-03-03T14:51:39.122 GCOHS [Herder INFO] Quorum information for 1309945 : {"agree":3,"cost":38052,"delayed":0,"disagree":0,"fail_at":2,"hash":"59d361","lag_ms":null,"ledger":1309945,"missing":0,"phase":"EXTERNALIZE"}

2026-03-03T14:51:39.123 GCOHS [Ledger INFO] Got consensus: [seq=1309947, prev=175916, txs=5, ops=6, sv: [ SIGNED@sdf_testnet_3 txH: 4bc58f, ct: 1772549428, upgrades: [ ] ]]
2026-03-03T14:51:39.123 GCOHS [Ledger INFO] Close of ledger 1309947 buffered. mSyncingLedgers has 5 ledgers
2026-03-03T14:51:39.123 GCOHS [History INFO] Waiting for trigger ledger: 1309947/1309953, ETA: 30s
2026-03-03T14:51:39.124 GCOHS [Herder INFO] Quorum information for 1309946 : {"agree":3,"cost":55068,"delayed":0,"disagree":0,"fail_at":2,"hash":"59d361","lag_ms":null,"ledger":1309946,"missing":0,"phase":"EXTERNALIZE"}

2026-03-03T14:51:39.124 GCOHS [Ledger INFO] Got consensus: [seq=1309948, prev=a81b89, txs=10, ops=13, sv: [ SIGNED@sdf_testnet_2 txH: e6e97a, ct: 1772549433, upgrades: [ ] ]]
2026-03-03T14:51:39.124 GCOHS [Ledger INFO] Close of ledger 1309948 buffered. mSyncingLedgers has 6 ledgers
2026-03-03T14:51:39.124 GCOHS [History INFO] Waiting for trigger ledger: 1309948/1309953, ETA: 25s
2026-03-03T14:51:39.125 GCOHS [Herder INFO] Quorum information for 1309947 : {"agree":3,"cost":11940,"delayed":0,"disagree":0,"fail_at":2,"hash":"59d361","lag_ms":null,"ledger":1309947,"missing":0,"phase":"EXTERNALIZE"}

2026-03-03T14:51:39.125 GCOHS [Ledger INFO] Got consensus: [seq=1309949, prev=98ad6e, txs=8, ops=27, sv: [ SIGNED@sdf_testnet_2 txH: 34a820, ct: 1772549438, upgrades: [ ] ]]
2026-03-03T14:51:39.125 GCOHS [Ledger INFO] Close of ledger 1309949 buffered. mSyncingLedgers has 7 ledgers
2026-03-03T14:51:39.126 GCOHS [History INFO] Waiting for trigger ledger: 1309949/1309953, ETA: 20s
2026-03-03T14:51:39.126 GCOHS [Herder INFO] Quorum information for 1309948 : {"agree":3,"cost":47124,"delayed":0,"disagree":0,"fail_at":2,"hash":"59d361","lag_ms":null,"ledger":1309948,"missing":0,"phase":"EXTERNALIZE"}

2026-03-03T14:51:39.126 GCOHS [Ledger INFO] Got consensus: [seq=1309950, prev=154d37, txs=11, ops=21, sv: [ SIGNED@sdf_testnet_1 txH: ca139e, ct: 1772549443, upgrades: [ ] ]]
2026-03-03T14:51:39.127 GCOHS [Ledger INFO] Close of ledger 1309950 buffered. mSyncingLedgers has 8 ledgers
2026-03-03T14:51:39.127 GCOHS [History INFO] Waiting for trigger ledger: 1309950/1309953, ETA: 15s
2026-03-03T14:51:39.127 GCOHS [Herder INFO] Quorum information for 1309949 : {"agree":3,"cost":37260,"delayed":0,"disagree":0,"fail_at":2,"hash":"59d361","lag_ms":null,"ledger":1309949,"missing":0,"phase":"EXTERNALIZE"}

2026-03-03T14:51:39.127 GCOHS [Ledger INFO] Got consensus: [seq=1309951, prev=80f74e, txs=7, ops=8, sv: [ SIGNED@sdf_testnet_3 txH: 9500ec, ct: 1772549448, upgrades: [ ] ]]
2026-03-03T14:51:39.128 GCOHS [Ledger INFO] Close of ledger 1309951 buffered. mSyncingLedgers has 9 ledgers
2026-03-03T14:51:39.128 GCOHS [History INFO] Waiting for trigger ledger: 1309951/1309953, ETA: 10s
2026-03-03T14:51:39.128 GCOHS [Herder INFO] Quorum information for 1309950 : {"agree":3,"cost":44412,"delayed":0,"disagree":0,"fail_at":2,"hash":"59d361","lag_ms":null,"ledger":1309950,"missing":0,"phase":"EXTERNALIZE"}

2026-03-03T14:51:39.129 GCOHS [SCP FATAL] Exception: Cannot commit transaction. database or disk is full
2026-03-03T14:51:39.129 GCOHS [SCP FATAL] SCP context (GCOHS): 
2026-03-03T14:51:39.130 GCOHS [SCP FATAL] {
   "ballotProtocol" : {
      "ballot" : "(4294967295,[ SIGNED@sdf_testnet_3 txH: 9f8771, ct: 1772549453, upgrades: [ ] ])",
      "heard" : false,
      "phase" : "EXTERNALIZE",
      "state" : "i: 1309952 | EXTERNALIZE | b: (4294967295,[ SIGNED@sdf_testnet_3 txH: 9f8771, ct: 1772549453, upgrades: [ ] ]) | p: (4294967295,[ SIGNED@sdf_testnet_3 txH: 9f8771, ct: 1772549453, upgrades: [ ] ]) | p': (<null_ballot>) | h: (4294967295,[ SIGNED@sdf_testnet_3 txH: 9f8771, ct: 1772549453, upgrades: [ ] ]) | c: (1,[ SIGNED@sdf_testnet_3 txH: 9f8771, ct: 1772549453, upgrades: [ ] ]) | M: 3"
   },
   "nomination" : {
      "roundnumber" : 0,
      "started" : false
   },
   "quorum_sets" : {
      "59d361" : {
         "t" : 2,
         "v" : [ "sdf_testnet_2", "sdf_testnet_3", "sdf_testnet_1" ]
      }
   },
   "statements" : [
      [
         1772549499,
         "{ENV@sdf_testnet_2 |  i: 1309952 | NOMINATE | D: 59d361 | X: {'[ SIGNED@sdf_testnet_3 txH: 9f8771, ct: 1772549453, upgrades: [ ] ]'} | Y: {'[ SIGNED@sdf_testnet_3 txH: 9f8771, ct: 1772549453, upgrades: [ ] ]'} }",
         false
      ],
      [
         1772549499,
         "{ENV@sdf_testnet_3 |  i: 1309952 | NOMINATE | D: 59d361 | X: {'[ SIGNED@sdf_testnet_3 txH: 9f8771, ct: 1772549453, upgrades: [ ] ]'} | Y: {'[ SIGNED@sdf_testnet_3 txH: 9f8771, ct: 1772549453, upgrades: [ ] ]'} }",
         false
      ],
      [
         1772549499,
         "{ENV@sdf_testnet_1 |  i: 1309952 | NOMINATE | D: 59d361 | X: {'[ SIGNED@sdf_testnet_3 txH: 9f8771, ct: 1772549453, upgrades: [ ] ]'} | Y: {'[ SIGNED@sdf_testnet_3 txH: 9f8771, ct: 1772549453, upgrades: [ ] ]'} }",
         false
      ],
      [
         1772549499,
         "{ENV@sdf_testnet_2 |  i: 1309952 | EXTERNALIZE | c: (1,[ SIGNED@sdf_testnet_3 txH: 9f8771, ct: 1772549453, upgrades: [ ] ]) | h.n: 1 | (lastD): 59d361 }",
         false
      ],
      [
         1772549499,
         "{ENV@sdf_testnet_3 |  i: 1309952 | EXTERNALIZE | c: (1,[ SIGNED@sdf_testnet_3 txH: 9f8771, ct: 1772549453, upgrades: [ ] ]) | h.n: 1 | (lastD): 59d361 }",
         false
      ],
      [
         1772549499,
         "{ENV@GCOHS |  i: 1309952 | PREPARE | D: 59d361 | b: (0,[:empty:]) | p: (4294967295,[ SIGNED@sdf_testnet_3 txH: 9f8771, ct: 1772549453, upgrades: [ ] ]) | p': (<null_ballot>) | c.n: 0 | h.n: 0 }",
         false
      ],
      [
         1772549499,
         "{ENV@GCOHS |  i: 1309952 | PREPARE | D: 59d361 | b: (4294967295,[ SIGNED@sdf_testnet_3 txH: 9f8771, ct: 1772549453, upgrades: [ ] ]) | p: (4294967295,[ SIGNED@sdf_testnet_3 txH: 9f8771, ct: 1772549453, upgrades: [ ] ]) | p': (<null_ballot>) | c.n: 4294967295 | h.n: 4294967295 }",
         false
      ],
      [
         1772549499,
         "{ENV@GCOHS |  i: 1309952 | CONFIRM | D: 59d361 | b: (4294967295,[ SIGNED@sdf_testnet_3 txH: 9f8771, ct: 1772549453, upgrades: [ ] ]) | p.n: 4294967295 | c.n: 1 | h.n: 4294967295 }",
         false
      ],
      [
         1772549499,
         "{ENV@GCOHS |  i: 1309952 | EXTERNALIZE | c: (1,[ SIGNED@sdf_testnet_3 txH: 9f8771, ct: 1772549453, upgrades: [ ] ]) | h.n: 4294967295 | (lastD): 59d361 }",
         false
      ]
   ],
   "validated" : false
}

2026-03-03T14:51:39.131 GCOHS [SCP FATAL] Exception processing SCP messages at 1309952, envelope: {ENV@GCOHS |  i: 1309952 | CONFIRM | D: 59d361 | b: (4294967295,[ SIGNED@sdf_testnet_3 txH: 9f8771, ct: 1772549453, upgrades: [ ] ]) | p.n: 4294967295 | c.n: 1 | h.n: 4294967295 }
2026-03-03T14:51:39.132 GCOHS [SCP FATAL] Please report this bug along with this log file if this was not expected
2026-03-03T14:51:39.132 GCOHS [SCP FATAL] Exception: Cannot commit transaction. database or disk is full
2026-03-03T14:51:39.132 GCOHS [SCP FATAL] SCP context (GCOHS): 
2026-03-03T14:51:39.133 GCOHS [SCP FATAL] {
   "ballotProtocol" : {
      "ballot" : "(4294967295,[ SIGNED@sdf_testnet_3 txH: 9f8771, ct: 1772549453, upgrades: [ ] ])",
      "heard" : false,
      "phase" : "EXTERNALIZE",
      "state" : "i: 1309952 | EXTERNALIZE | b: (4294967295,[ SIGNED@sdf_testnet_3 txH: 9f8771, ct: 1772549453, upgrades: [ ] ]) | p: (4294967295,[ SIGNED@sdf_testnet_3 txH: 9f8771, ct: 1772549453, upgrades: [ ] ]) | p': (<null_ballot>) | h: (4294967295,[ SIGNED@sdf_testnet_3 txH: 9f8771, ct: 1772549453, upgrades: [ ] ]) | c: (1,[ SIGNED@sdf_testnet_3 txH: 9f8771, ct: 1772549453, upgrades: [ ] ]) | M: 3"
   },
   "nomination" : {
      "roundnumber" : 0,
      "started" : false
   },
   "quorum_sets" : {
      "59d361" : {
         "t" : 2,
         "v" : [ "sdf_testnet_2", "sdf_testnet_3", "sdf_testnet_1" ]
      }
   },
   "statements" : [
      [
         1772549499,
         "{ENV@sdf_testnet_2 |  i: 1309952 | NOMINATE | D: 59d361 | X: {'[ SIGNED@sdf_testnet_3 txH: 9f8771, ct: 1772549453, upgrades: [ ] ]'} | Y: {'[ SIGNED@sdf_testnet_3 txH: 9f8771, ct: 1772549453, upgrades: [ ] ]'} }",
         false
      ],
      [
         1772549499,
         "{ENV@sdf_testnet_3 |  i: 1309952 | NOMINATE | D: 59d361 | X: {'[ SIGNED@sdf_testnet_3 txH: 9f8771, ct: 1772549453, upgrades: [ ] ]'} | Y: {'[ SIGNED@sdf_testnet_3 txH: 9f8771, ct: 1772549453, upgrades: [ ] ]'} }",
         false
      ],
      [
         1772549499,
         "{ENV@sdf_testnet_1 |  i: 1309952 | NOMINATE | D: 59d361 | X: {'[ SIGNED@sdf_testnet_3 txH: 9f8771, ct: 1772549453, upgrades: [ ] ]'} | Y: {'[ SIGNED@sdf_testnet_3 txH: 9f8771, ct: 1772549453, upgrades: [ ] ]'} }",
         false
      ],
      [
         1772549499,
         "{ENV@sdf_testnet_2 |  i: 1309952 | EXTERNALIZE | c: (1,[ SIGNED@sdf_testnet_3 txH: 9f8771, ct: 1772549453, upgrades: [ ] ]) | h.n: 1 | (lastD): 59d361 }",
         false
      ],
      [
         1772549499,
         "{ENV@sdf_testnet_3 |  i: 1309952 | EXTERNALIZE | c: (1,[ SIGNED@sdf_testnet_3 txH: 9f8771, ct: 1772549453, upgrades: [ ] ]) | h.n: 1 | (lastD): 59d361 }",
         false
      ],
      [
         1772549499,
         "{ENV@GCOHS |  i: 1309952 | PREPARE | D: 59d361 | b: (0,[:empty:]) | p: (4294967295,[ SIGNED@sdf_testnet_3 txH: 9f8771, ct: 1772549453, upgrades: [ ] ]) | p': (<null_ballot>) | c.n: 0 | h.n: 0 }",
         false
      ],
      [
         1772549499,
         "{ENV@GCOHS |  i: 1309952 | PREPARE | D: 59d361 | b: (4294967295,[ SIGNED@sdf_testnet_3 txH: 9f8771, ct: 1772549453, upgrades: [ ] ]) | p: (4294967295,[ SIGNED@sdf_testnet_3 txH: 9f8771, ct: 1772549453, upgrades: [ ] ]) | p': (<null_ballot>) | c.n: 4294967295 | h.n: 4294967295 }",
         false
      ],
      [
         1772549499,
         "{ENV@GCOHS |  i: 1309952 | CONFIRM | D: 59d361 | b: (4294967295,[ SIGNED@sdf_testnet_3 txH: 9f8771, ct: 1772549453, upgrades: [ ] ]) | p.n: 4294967295 | c.n: 1 | h.n: 4294967295 }",
         false
      ],
      [
         1772549499,
         "{ENV@GCOHS |  i: 1309952 | EXTERNALIZE | c: (1,[ SIGNED@sdf_testnet_3 txH: 9f8771, ct: 1772549453, upgrades: [ ] ]) | h.n: 4294967295 | (lastD): 59d361 }",
         false
      ]
   ],
   "validated" : false
}

2026-03-03T14:51:39.133 GCOHS [SCP FATAL] Exception processing SCP messages at 1309952, envelope: {ENV@GCOHS |  i: 1309952 | PREPARE | D: 59d361 | b: (4294967295,[ SIGNED@sdf_testnet_3 txH: 9f8771, ct: 1772549453, upgrades: [ ] ]) | p: (4294967295,[ SIGNED@sdf_testnet_3 txH: 9f8771, ct: 1772549453, upgrades: [ ] ]) | p': (<null_ballot>) | c.n: 4294967295 | h.n: 4294967295 }
2026-03-03T14:51:39.133 GCOHS [SCP FATAL] Please report this bug along with this log file if this was not expected
2026-03-03T14:51:39.134 GCOHS [SCP FATAL] Exception: Cannot commit transaction. database or disk is full
2026-03-03T14:51:39.134 GCOHS [SCP FATAL] SCP context (GCOHS): 
2026-03-03T14:51:39.134 GCOHS [SCP FATAL] {
   "ballotProtocol" : {
      "ballot" : "(4294967295,[ SIGNED@sdf_testnet_3 txH: 9f8771, ct: 1772549453, upgrades: [ ] ])",
      "heard" : false,
      "phase" : "EXTERNALIZE",
      "state" : "i: 1309952 | EXTERNALIZE | b: (4294967295,[ SIGNED@sdf_testnet_3 txH: 9f8771, ct: 1772549453, upgrades: [ ] ]) | p: (4294967295,[ SIGNED@sdf_testnet_3 txH: 9f8771, ct: 1772549453, upgrades: [ ] ]) | p': (<null_ballot>) | h: (4294967295,[ SIGNED@sdf_testnet_3 txH: 9f8771, ct: 1772549453, upgrades: [ ] ]) | c: (1,[ SIGNED@sdf_testnet_3 txH: 9f8771, ct: 1772549453, upgrades: [ ] ]) | M: 3"
   },
   "nomination" : {
      "roundnumber" : 0,
      "started" : false
   },
   "quorum_sets" : {
      "59d361" : {
         "t" : 2,
         "v" : [ "sdf_testnet_2", "sdf_testnet_3", "sdf_testnet_1" ]
      }
   },
   "statements" : [
      [
         1772549499,
         "{ENV@sdf_testnet_2 |  i: 1309952 | NOMINATE | D: 59d361 | X: {'[ SIGNED@sdf_testnet_3 txH: 9f8771, ct: 1772549453, upgrades: [ ] ]'} | Y: {'[ SIGNED@sdf_testnet_3 txH: 9f8771, ct: 1772549453, upgrades: [ ] ]'} }",
         false
      ],
      [
         1772549499,
         "{ENV@sdf_testnet_3 |  i: 1309952 | NOMINATE | D: 59d361 | X: {'[ SIGNED@sdf_testnet_3 txH: 9f8771, ct: 1772549453, upgrades: [ ] ]'} | Y: {'[ SIGNED@sdf_testnet_3 txH: 9f8771, ct: 1772549453, upgrades: [ ] ]'} }",
         false
      ],
      [
         1772549499,
         "{ENV@sdf_testnet_1 |  i: 1309952 | NOMINATE | D: 59d361 | X: {'[ SIGNED@sdf_testnet_3 txH: 9f8771, ct: 1772549453, upgrades: [ ] ]'} | Y: {'[ SIGNED@sdf_testnet_3 txH: 9f8771, ct: 1772549453, upgrades: [ ] ]'} }",
         false
      ],
      [
         1772549499,
         "{ENV@sdf_testnet_2 |  i: 1309952 | EXTERNALIZE | c: (1,[ SIGNED@sdf_testnet_3 txH: 9f8771, ct: 1772549453, upgrades: [ ] ]) | h.n: 1 | (lastD): 59d361 }",
         false
      ],
      [
         1772549499,
         "{ENV@sdf_testnet_3 |  i: 1309952 | EXTERNALIZE | c: (1,[ SIGNED@sdf_testnet_3 txH: 9f8771, ct: 1772549453, upgrades: [ ] ]) | h.n: 1 | (lastD): 59d361 }",
         false
      ],
      [
         1772549499,
         "{ENV@GCOHS |  i: 1309952 | PREPARE | D: 59d361 | b: (0,[:empty:]) | p: (4294967295,[ SIGNED@sdf_testnet_3 txH: 9f8771, ct: 1772549453, upgrades: [ ] ]) | p': (<null_ballot>) | c.n: 0 | h.n: 0 }",
         false
      ],
      [
         1772549499,
         "{ENV@GCOHS |  i: 1309952 | PREPARE | D: 59d361 | b: (4294967295,[ SIGNED@sdf_testnet_3 txH: 9f8771, ct: 1772549453, upgrades: [ ] ]) | p: (4294967295,[ SIGNED@sdf_testnet_3 txH: 9f8771, ct: 1772549453, upgrades: [ ] ]) | p': (<null_ballot>) | c.n: 4294967295 | h.n: 4294967295 }",
         false
      ],
      [
         1772549499,
         "{ENV@GCOHS |  i: 1309952 | CONFIRM | D: 59d361 | b: (4294967295,[ SIGNED@sdf_testnet_3 txH: 9f8771, ct: 1772549453, upgrades: [ ] ]) | p.n: 4294967295 | c.n: 1 | h.n: 4294967295 }",
         false
      ],
      [
         1772549499,
         "{ENV@GCOHS |  i: 1309952 | EXTERNALIZE | c: (1,[ SIGNED@sdf_testnet_3 txH: 9f8771, ct: 1772549453, upgrades: [ ] ]) | h.n: 4294967295 | (lastD): 59d361 }",
         false
      ]
   ],
   "validated" : false
}

2026-03-03T14:51:39.135 GCOHS [SCP FATAL] Exception processing SCP messages at 1309952, envelope: {ENV@GCOHS |  i: 1309952 | PREPARE | D: 59d361 | b: (0,[:empty:]) | p: (4294967295,[ SIGNED@sdf_testnet_3 txH: 9f8771, ct: 1772549453, upgrades: [ ] ]) | p': (<null_ballot>) | c.n: 0 | h.n: 0 }
2026-03-03T14:51:39.135 GCOHS [SCP FATAL] Please report this bug along with this log file if this was not expected
2026-03-03T14:51:39.135 GCOHS [SCP FATAL] Exception: Cannot commit transaction. database or disk is full
2026-03-03T14:51:39.136 GCOHS [SCP FATAL] SCP context (GCOHS): 
2026-03-03T14:51:39.136 GCOHS [SCP FATAL] {
   "ballotProtocol" : {
      "ballot" : "(4294967295,[ SIGNED@sdf_testnet_3 txH: 9f8771, ct: 1772549453, upgrades: [ ] ])",
      "heard" : false,
      "phase" : "EXTERNALIZE",
      "state" : "i: 1309952 | EXTERNALIZE | b: (4294967295,[ SIGNED@sdf_testnet_3 txH: 9f8771, ct: 1772549453, upgrades: [ ] ]) | p: (4294967295,[ SIGNED@sdf_testnet_3 txH: 9f8771, ct: 1772549453, upgrades: [ ] ]) | p': (<null_ballot>) | h: (4294967295,[ SIGNED@sdf_testnet_3 txH: 9f8771, ct: 1772549453, upgrades: [ ] ]) | c: (1,[ SIGNED@sdf_testnet_3 txH: 9f8771, ct: 1772549453, upgrades: [ ] ]) | M: 3"
   },
   "nomination" : {
      "roundnumber" : 0,
      "started" : false
   },
   "quorum_sets" : {
      "59d361" : {
         "t" : 2,
         "v" : [ "sdf_testnet_2", "sdf_testnet_3", "sdf_testnet_1" ]
      }
   },
   "statements" : [
      [
         1772549499,
         "{ENV@sdf_testnet_2 |  i: 1309952 | NOMINATE | D: 59d361 | X: {'[ SIGNED@sdf_testnet_3 txH: 9f8771, ct: 1772549453, upgrades: [ ] ]'} | Y: {'[ SIGNED@sdf_testnet_3 txH: 9f8771, ct: 1772549453, upgrades: [ ] ]'} }",
         false
      ],
      [
         1772549499,
         "{ENV@sdf_testnet_3 |  i: 1309952 | NOMINATE | D: 59d361 | X: {'[ SIGNED@sdf_testnet_3 txH: 9f8771, ct: 1772549453, upgrades: [ ] ]'} | Y: {'[ SIGNED@sdf_testnet_3 txH: 9f8771, ct: 1772549453, upgrades: [ ] ]'} }",
         false
      ],
      [
         1772549499,
         "{ENV@sdf_testnet_1 |  i: 1309952 | NOMINATE | D: 59d361 | X: {'[ SIGNED@sdf_testnet_3 txH: 9f8771, ct: 1772549453, upgrades: [ ] ]'} | Y: {'[ SIGNED@sdf_testnet_3 txH: 9f8771, ct: 1772549453, upgrades: [ ] ]'} }",
         false
      ],
      [
         1772549499,
         "{ENV@sdf_testnet_2 |  i: 1309952 | EXTERNALIZE | c: (1,[ SIGNED@sdf_testnet_3 txH: 9f8771, ct: 1772549453, upgrades: [ ] ]) | h.n: 1 | (lastD): 59d361 }",
         false
      ],
      [
         1772549499,
         "{ENV@sdf_testnet_3 |  i: 1309952 | EXTERNALIZE | c: (1,[ SIGNED@sdf_testnet_3 txH: 9f8771, ct: 1772549453, upgrades: [ ] ]) | h.n: 1 | (lastD): 59d361 }",
         false
      ],
      [
         1772549499,
         "{ENV@GCOHS |  i: 1309952 | PREPARE | D: 59d361 | b: (0,[:empty:]) | p: (4294967295,[ SIGNED@sdf_testnet_3 txH: 9f8771, ct: 1772549453, upgrades: [ ] ]) | p': (<null_ballot>) | c.n: 0 | h.n: 0 }",
         false
      ],
      [
         1772549499,
         "{ENV@GCOHS |  i: 1309952 | PREPARE | D: 59d361 | b: (4294967295,[ SIGNED@sdf_testnet_3 txH: 9f8771, ct: 1772549453, upgrades: [ ] ]) | p: (4294967295,[ SIGNED@sdf_testnet_3 txH: 9f8771, ct: 1772549453, upgrades: [ ] ]) | p': (<null_ballot>) | c.n: 4294967295 | h.n: 4294967295 }",
         false
      ],
      [
         1772549499,
         "{ENV@GCOHS |  i: 1309952 | CONFIRM | D: 59d361 | b: (4294967295,[ SIGNED@sdf_testnet_3 txH: 9f8771, ct: 1772549453, upgrades: [ ] ]) | p.n: 4294967295 | c.n: 1 | h.n: 4294967295 }",
         false
      ],
      [
         1772549499,
         "{ENV@GCOHS |  i: 1309952 | EXTERNALIZE | c: (1,[ SIGNED@sdf_testnet_3 txH: 9f8771, ct: 1772549453, upgrades: [ ] ]) | h.n: 4294967295 | (lastD): 59d361 }",
         false
      ]
   ],
   "validated" : false
}

2026-03-03T14:51:39.136 GCOHS [SCP FATAL] Exception processing SCP messages at 1309952, envelope: {ENV@sdf_testnet_3 |  i: 1309952 | EXTERNALIZE | c: (1,[ SIGNED@sdf_testnet_3 txH: 9f8771, ct: 1772549453, upgrades: [ ] ]) | h.n: 1 | (lastD): 59d361 }
2026-03-03T14:51:39.137 GCOHS [SCP FATAL] Please report this bug along with this log file if this was not expected
