2026-03-03T15:08:16.752 GDZYY [default INFO] Starting stellar-core v25.1.1
2026-03-03T15:08:16.753 GDZYY [Database INFO] Connecting to: sqlite3:///opt/stellar/core/stellar.db
2026-03-03T15:08:16.761 GDZYY [SCP INFO] LocalNode::LocalNode@GDZYY qSet: 59d361
2026-03-03T15:08:16.761 GDZYY [Database INFO] DB schema is in current version
2026-03-03T15:08:16.762 GDZYY [default INFO] Listening on 0.0.0.0:11626 for HTTP requests
2026-03-03T15:08:16.762 GDZYY [Bucket INFO] BucketListDB enabled: pageSizeExponent: 14 indexCutOff: 20MB, persist indexes: true
2026-03-03T15:08:16.762 GDZYY [default INFO] Connection effective settings:
2026-03-03T15:08:16.762 GDZYY [default INFO] TARGET_PEER_CONNECTIONS: 8
2026-03-03T15:08:16.762 GDZYY [default INFO] MAX_ADDITIONAL_PEER_CONNECTIONS: 64
2026-03-03T15:08:16.762 GDZYY [default INFO] MAX_PENDING_CONNECTIONS: 500
2026-03-03T15:08:16.762 GDZYY [default INFO] MAX_OUTBOUND_PENDING_CONNECTIONS: 56
2026-03-03T15:08:16.762 GDZYY [default INFO] MAX_INBOUND_PENDING_CONNECTIONS: 444
2026-03-03T15:08:16.762 GDZYY [default INFO] BACKGROUND_OVERLAY_PROCESSING=true
2026-03-03T15:08:16.763 GDZYY [default INFO] PARALLEL_LEDGER_APPLY=true
2026-03-03T15:08:16.763 GDZYY [History INFO] Archive 'sdf_testnet_1' has 'get' command only, will not be written
2026-03-03T15:08:16.763 GDZYY [History INFO] Archive 'sdf_testnet_2' has 'get' command only, will not be written
2026-03-03T15:08:16.763 GDZYY [History INFO] Archive 'sdf_testnet_3' has 'get' command only, will not be written
2026-03-03T15:08:16.763 GDZYY [History WARNING] No writable archives configured, history will not be written.
2026-03-03T15:08:16.763 GDZYY [Ledger INFO] Starting up application
2026-03-03T15:08:16.763 GDZYY [Ledger INFO] Last closed ledger (LCL) hash is bb5348e263dc812d4fc2ada832acadf77b38248092caeae806251a9d7fba4cbe
2026-03-03T15:08:16.763 GDZYY [Ledger INFO] Loaded LCL header from database: [seq=1310157, hash=bb5348]
2026-03-03T15:08:16.763 GDZYY [default INFO] Establishing 10-entry connection pool to: sqlite3:///opt/stellar/core/stellar.db
2026-03-03T15:08:17.241 GDZYY [Ledger INFO] Assumed bucket-state for LCL: [seq=1310157, hash=bb5348]
2026-03-03T15:08:17.241 GDZYY [default INFO] Launching 1 loading and 5 compiling background threads
2026-03-03T15:08:17.479 GDZYY [default INFO] Compiled 1684 contracts (45055210 bytes of Wasm) in 237ms real time, 1145ms CPU time
2026-03-03T15:08:19.595 GDZYY [Overlay INFO] Binding to endpoint 0.0.0.0:11625
2026-03-03T15:08:19.601 GDZYY [History INFO] Downloading history archive state: .well-known/stellar-history.json
2026-03-03T15:08:20.002 GDZYY [Process WARNING] process 2423 exited 23: curl -sf http://history.stellar.org/prd/core-testnet/core_testnet_001/.well-known/stellar-history.json -o buckets/tmp/history-605dabe909051add/b71798c2a858af23-stellar-history.json
2026-03-03T15:08:20.002 GDZYY [History WARNING] Could not download file: archive sdf_testnet_1 maybe missing file .well-known/stellar-history.json
2026-03-03T15:08:20.002 GDZYY [History ERROR] Could not download .well-known/stellar-history.json file: corrupt archive sdf_testnet_1
2026-03-03T15:08:20.005 GDZYY [History ERROR] Failed to obtain archive information: sdf_testnet_1
2026-03-03T15:08:21.855 GDZYY [Overlay ERROR] PeerManager::store error: sqlite3_statement_backend::loadOne: database or disk is full on 98.91.174.101:11625
2026-03-03T15:08:21.856 GDZYY [Overlay ERROR] PeerManager::store error: sqlite3_statement_backend::loadOne: database or disk is full on 44.204.146.210:11625
2026-03-03T15:08:21.856 GDZYY [Overlay ERROR] PeerManager::store error: sqlite3_statement_backend::loadOne: database or disk is full on 44.213.67.110:11625
2026-03-03T15:08:21.856 GDZYY [Overlay ERROR] PeerManager::store error: sqlite3_statement_backend::loadOne: database or disk is full on 44.203.24.1:30400
2026-03-03T15:08:21.857 GDZYY [Overlay ERROR] PeerManager::store error: sqlite3_statement_backend::loadOne: database or disk is full on 135.181.102.254:11625
2026-03-03T15:08:21.858 GDZYY [Overlay ERROR] PeerManager::store error: sqlite3_statement_backend::loadOne: database or disk is full on 54.80.146.180:11625
2026-03-03T15:08:21.859 GDZYY [Overlay ERROR] PeerManager::store error: sqlite3_statement_backend::loadOne: database or disk is full on 13.217.88.18:8009
2026-03-03T15:08:21.859 GDZYY [Overlay ERROR] PeerManager::store error: sqlite3_statement_backend::loadOne: database or disk is full on 135.181.229.215:11628
2026-03-03T15:08:21.861 GDZYY [Overlay ERROR] PeerManager::store error: sqlite3_statement_backend::loadOne: database or disk is full on 3.18.193.104:11725
2026-03-03T15:08:21.862 GDZYY [Overlay ERROR] PeerManager::store error: sqlite3_statement_backend::loadOne: database or disk is full on 200.129.247.114:11625
2026-03-03T15:08:21.863 GDZYY [Overlay ERROR] PeerManager::store error: sqlite3_statement_backend::loadOne: database or disk is full on 54.163.22.184:30020
2026-03-03T15:08:21.864 GDZYY [Overlay ERROR] PeerManager::store error: sqlite3_statement_backend::loadOne: database or disk is full on 172.18.0.1:11625
2026-03-03T15:08:21.865 GDZYY [Overlay ERROR] PeerManager::store error: sqlite3_statement_backend::loadOne: database or disk is full on 174.138.52.29:11625
2026-03-03T15:08:21.865 GDZYY [Overlay ERROR] PeerManager::store error: sqlite3_statement_backend::loadOne: database or disk is full on 3.238.52.233:30400
2026-03-03T15:08:22.268 GDZYY [Overlay ERROR] PeerManager::store error: sqlite3_statement_backend::loadOne: database or disk is full on 44.203.24.1:30400
2026-03-03T15:08:22.268 GDZYY [Overlay INFO] Authenticated to 44.203.24.1:30400
2026-03-03T15:08:22.269 GDZYY [Overlay ERROR] PeerManager::store error: sqlite3_statement_backend::loadOne: database or disk is full on 54.80.146.180:11625
2026-03-03T15:08:22.269 GDZYY [Overlay INFO] Authenticated to 54.80.146.180:11625
2026-03-03T15:08:22.270 GDZYY [Overlay ERROR] PeerManager::store error: sqlite3_statement_backend::loadOne: database or disk is full on 44.198.157.36:11625
2026-03-03T15:08:22.271 GDZYY [Overlay ERROR] PeerManager::store error: sqlite3_statement_backend::loadOne: database or disk is full on 160.155.38.109:11825
2026-03-03T15:08:22.271 GDZYY [Overlay ERROR] PeerManager::store error: sqlite3_statement_backend::loadOne: database or disk is full on 200.129.247.139:11725
2026-03-03T15:08:22.272 GDZYY [Overlay ERROR] PeerManager::store error: sqlite3_statement_backend::loadOne: database or disk is full on 200.129.247.55:11725
2026-03-03T15:08:22.273 GDZYY [Overlay ERROR] PeerManager::store error: sqlite3_statement_backend::loadOne: database or disk is full on 54.236.21.197:30020
2026-03-03T15:08:22.544 GDZYY [SCP FATAL] Exception: Cannot commit transaction. database or disk is full
2026-03-03T15:08:22.544 GDZYY [SCP FATAL] SCP context (GDZYY): 
2026-03-03T15:08:22.545 GDZYY [SCP FATAL] {
   "ballotProtocol" : {
      "ballot" : "(4294967295,[ SIGNED@sdf_testnet_3 txH: ec67e8, ct: 1772550469, upgrades: [ ] ])",
      "heard" : false,
      "phase" : "EXTERNALIZE",
      "state" : "i: 1310155 | EXTERNALIZE | b: (4294967295,[ SIGNED@sdf_testnet_3 txH: ec67e8, ct: 1772550469, upgrades: [ ] ]) | p: (4294967295,[ SIGNED@sdf_testnet_3 txH: ec67e8, ct: 1772550469, upgrades: [ ] ]) | p': (<null_ballot>) | h: (4294967295,[ SIGNED@sdf_testnet_3 txH: ec67e8, ct: 1772550469, upgrades: [ ] ]) | c: (1,[ SIGNED@sdf_testnet_3 txH: ec67e8, ct: 1772550469, upgrades: [ ] ]) | M: 3"
   },
   "nomination" : {
      "roundnumber" : 0,
      "started" : false
   },
   "quorum_sets" : {
      "59d361" : {
         "t" : 2,
         "v" : [ "sdf_testnet_2", "sdf_testnet_3", "sdf_testnet_1" ]
      }
   },
   "statements" : [
      [
         1772550502,
         "{ENV@sdf_testnet_1 |  i: 1310155 | EXTERNALIZE | c: (1,[ SIGNED@sdf_testnet_3 txH: ec67e8, ct: 1772550469, upgrades: [ ] ]) | h.n: 1 | (lastD): 59d361 }",
         false
      ],
      [
         1772550502,
         "{ENV@sdf_testnet_3 |  i: 1310155 | EXTERNALIZE | c: (1,[ SIGNED@sdf_testnet_3 txH: ec67e8, ct: 1772550469, upgrades: [ ] ]) | h.n: 1 | (lastD): 59d361 }",
         false
      ],
      [
         1772550502,
         "{ENV@GDZYY |  i: 1310155 | PREPARE | D: 59d361 | b: (0,[:empty:]) | p: (4294967295,[ SIGNED@sdf_testnet_3 txH: ec67e8, ct: 1772550469, upgrades: [ ] ]) | p': (<null_ballot>) | c.n: 0 | h.n: 0 }",
         false
      ],
      [
         1772550502,
         "{ENV@GDZYY |  i: 1310155 | PREPARE | D: 59d361 | b: (4294967295,[ SIGNED@sdf_testnet_3 txH: ec67e8, ct: 1772550469, upgrades: [ ] ]) | p: (4294967295,[ SIGNED@sdf_testnet_3 txH: ec67e8, ct: 1772550469, upgrades: [ ] ]) | p': (<null_ballot>) | c.n: 4294967295 | h.n: 4294967295 }",
         false
      ],
      [
         1772550502,
         "{ENV@GDZYY |  i: 1310155 | CONFIRM | D: 59d361 | b: (4294967295,[ SIGNED@sdf_testnet_3 txH: ec67e8, ct: 1772550469, upgrades: [ ] ]) | p.n: 4294967295 | c.n: 1 | h.n: 4294967295 }",
         false
      ],
      [
         1772550502,
         "{ENV@GDZYY |  i: 1310155 | EXTERNALIZE | c: (1,[ SIGNED@sdf_testnet_3 txH: ec67e8, ct: 1772550469, upgrades: [ ] ]) | h.n: 4294967295 | (lastD): 59d361 }",
         false
      ]
   ],
   "validated" : false
}

2026-03-03T15:08:22.545 GDZYY [SCP FATAL] Exception processing SCP messages at 1310155, envelope: {ENV@GDZYY |  i: 1310155 | CONFIRM | D: 59d361 | b: (4294967295,[ SIGNED@sdf_testnet_3 txH: ec67e8, ct: 1772550469, upgrades: [ ] ]) | p.n: 4294967295 | c.n: 1 | h.n: 4294967295 }
2026-03-03T15:08:22.546 GDZYY [SCP FATAL] Please report this bug along with this log file if this was not expected
2026-03-03T15:08:22.546 GDZYY [SCP FATAL] Exception: Cannot commit transaction. database or disk is full
2026-03-03T15:08:22.546 GDZYY [SCP FATAL] SCP context (GDZYY): 
2026-03-03T15:08:22.546 GDZYY [SCP FATAL] {
   "ballotProtocol" : {
      "ballot" : "(4294967295,[ SIGNED@sdf_testnet_3 txH: ec67e8, ct: 1772550469, upgrades: [ ] ])",
      "heard" : false,
      "phase" : "EXTERNALIZE",
      "state" : "i: 1310155 | EXTERNALIZE | b: (4294967295,[ SIGNED@sdf_testnet_3 txH: ec67e8, ct: 1772550469, upgrades: [ ] ]) | p: (4294967295,[ SIGNED@sdf_testnet_3 txH: ec67e8, ct: 1772550469, upgrades: [ ] ]) | p': (<null_ballot>) | h: (4294967295,[ SIGNED@sdf_testnet_3 txH: ec67e8, ct: 1772550469, upgrades: [ ] ]) | c: (1,[ SIGNED@sdf_testnet_3 txH: ec67e8, ct: 1772550469, upgrades: [ ] ]) | M: 3"
   },
   "nomination" : {
      "roundnumber" : 0,
      "started" : false
   },
   "quorum_sets" : {
      "59d361" : {
         "t" : 2,
         "v" : [ "sdf_testnet_2", "sdf_testnet_3", "sdf_testnet_1" ]
      }
   },
   "statements" : [
      [
         1772550502,
         "{ENV@sdf_testnet_1 |  i: 1310155 | EXTERNALIZE | c: (1,[ SIGNED@sdf_testnet_3 txH: ec67e8, ct: 1772550469, upgrades: [ ] ]) | h.n: 1 | (lastD): 59d361 }",
         false
      ],
      [
         1772550502,
         "{ENV@sdf_testnet_3 |  i: 1310155 | EXTERNALIZE | c: (1,[ SIGNED@sdf_testnet_3 txH: ec67e8, ct: 1772550469, upgrades: [ ] ]) | h.n: 1 | (lastD): 59d361 }",
         false
      ],
      [
         1772550502,
         "{ENV@GDZYY |  i: 1310155 | PREPARE | D: 59d361 | b: (0,[:empty:]) | p: (4294967295,[ SIGNED@sdf_testnet_3 txH: ec67e8, ct: 1772550469, upgrades: [ ] ]) | p': (<null_ballot>) | c.n: 0 | h.n: 0 }",
         false
      ],
      [
         1772550502,
         "{ENV@GDZYY |  i: 1310155 | PREPARE | D: 59d361 | b: (4294967295,[ SIGNED@sdf_testnet_3 txH: ec67e8, ct: 1772550469, upgrades: [ ] ]) | p: (4294967295,[ SIGNED@sdf_testnet_3 txH: ec67e8, ct: 1772550469, upgrades: [ ] ]) | p': (<null_ballot>) | c.n: 4294967295 | h.n: 4294967295 }",
         false
      ],
      [
         1772550502,
         "{ENV@GDZYY |  i: 1310155 | CONFIRM | D: 59d361 | b: (4294967295,[ SIGNED@sdf_testnet_3 txH: ec67e8, ct: 1772550469, upgrades: [ ] ]) | p.n: 4294967295 | c.n: 1 | h.n: 4294967295 }",
         false
      ],
      [
         1772550502,
         "{ENV@GDZYY |  i: 1310155 | EXTERNALIZE | c: (1,[ SIGNED@sdf_testnet_3 txH: ec67e8, ct: 1772550469, upgrades: [ ] ]) | h.n: 4294967295 | (lastD): 59d361 }",
         false
      ]
   ],
   "validated" : false
}

2026-03-03T15:08:22.546 GDZYY [SCP FATAL] Exception processing SCP messages at 1310155, envelope: {ENV@GDZYY |  i: 1310155 | PREPARE | D: 59d361 | b: (4294967295,[ SIGNED@sdf_testnet_3 txH: ec67e8, ct: 1772550469, upgrades: [ ] ]) | p: (4294967295,[ SIGNED@sdf_testnet_3 txH: ec67e8, ct: 1772550469, upgrades: [ ] ]) | p': (<null_ballot>) | c.n: 4294967295 | h.n: 4294967295 }
2026-03-03T15:08:22.546 GDZYY [SCP FATAL] Please report this bug along with this log file if this was not expected
2026-03-03T15:08:22.546 GDZYY [SCP FATAL] Exception: Cannot commit transaction. database or disk is full
2026-03-03T15:08:22.546 GDZYY [SCP FATAL] SCP context (GDZYY): 
2026-03-03T15:08:22.547 GDZYY [SCP FATAL] {
   "ballotProtocol" : {
      "ballot" : "(4294967295,[ SIGNED@sdf_testnet_3 txH: ec67e8, ct: 1772550469, upgrades: [ ] ])",
      "heard" : false,
      "phase" : "EXTERNALIZE",
      "state" : "i: 1310155 | EXTERNALIZE | b: (4294967295,[ SIGNED@sdf_testnet_3 txH: ec67e8, ct: 1772550469, upgrades: [ ] ]) | p: (4294967295,[ SIGNED@sdf_testnet_3 txH: ec67e8, ct: 1772550469, upgrades: [ ] ]) | p': (<null_ballot>) | h: (4294967295,[ SIGNED@sdf_testnet_3 txH: ec67e8, ct: 1772550469, upgrades: [ ] ]) | c: (1,[ SIGNED@sdf_testnet_3 txH: ec67e8, ct: 1772550469, upgrades: [ ] ]) | M: 3"
   },
   "nomination" : {
      "roundnumber" : 0,
      "started" : false
   },
   "quorum_sets" : {
      "59d361" : {
         "t" : 2,
         "v" : [ "sdf_testnet_2", "sdf_testnet_3", "sdf_testnet_1" ]
      }
   },
   "statements" : [
      [
         1772550502,
         "{ENV@sdf_testnet_1 |  i: 1310155 | EXTERNALIZE | c: (1,[ SIGNED@sdf_testnet_3 txH: ec67e8, ct: 1772550469, upgrades: [ ] ]) | h.n: 1 | (lastD): 59d361 }",
         false
      ],
      [
         1772550502,
         "{ENV@sdf_testnet_3 |  i: 1310155 | EXTERNALIZE | c: (1,[ SIGNED@sdf_testnet_3 txH: ec67e8, ct: 1772550469, upgrades: [ ] ]) | h.n: 1 | (lastD): 59d361 }",
         false
      ],
      [
         1772550502,
         "{ENV@GDZYY |  i: 1310155 | PREPARE | D: 59d361 | b: (0,[:empty:]) | p: (4294967295,[ SIGNED@sdf_testnet_3 txH: ec67e8, ct: 1772550469, upgrades: [ ] ]) | p': (<null_ballot>) | c.n: 0 | h.n: 0 }",
         false
      ],
      [
         1772550502,
         "{ENV@GDZYY |  i: 1310155 | PREPARE | D: 59d361 | b: (4294967295,[ SIGNED@sdf_testnet_3 txH: ec67e8, ct: 1772550469, upgrades: [ ] ]) | p: (4294967295,[ SIGNED@sdf_testnet_3 txH: ec67e8, ct: 1772550469, upgrades: [ ] ]) | p': (<null_ballot>) | c.n: 4294967295 | h.n: 4294967295 }",
         false
      ],
      [
         1772550502,
         "{ENV@GDZYY |  i: 1310155 | CONFIRM | D: 59d361 | b: (4294967295,[ SIGNED@sdf_testnet_3 txH: ec67e8, ct: 1772550469, upgrades: [ ] ]) | p.n: 4294967295 | c.n: 1 | h.n: 4294967295 }",
         false
      ],
      [
         1772550502,
         "{ENV@GDZYY |  i: 1310155 | EXTERNALIZE | c: (1,[ SIGNED@sdf_testnet_3 txH: ec67e8, ct: 1772550469, upgrades: [ ] ]) | h.n: 4294967295 | (lastD): 59d361 }",
         false
      ]
   ],
   "validated" : false
}

2026-03-03T15:08:22.547 GDZYY [SCP FATAL] Exception processing SCP messages at 1310155, envelope: {ENV@GDZYY |  i: 1310155 | PREPARE | D: 59d361 | b: (0,[:empty:]) | p: (4294967295,[ SIGNED@sdf_testnet_3 txH: ec67e8, ct: 1772550469, upgrades: [ ] ]) | p': (<null_ballot>) | c.n: 0 | h.n: 0 }
2026-03-03T15:08:22.547 GDZYY [SCP FATAL] Please report this bug along with this log file if this was not expected
2026-03-03T15:08:22.547 GDZYY [SCP FATAL] Exception: Cannot commit transaction. database or disk is full
2026-03-03T15:08:22.547 GDZYY [SCP FATAL] SCP context (GDZYY): 
2026-03-03T15:08:22.547 GDZYY [SCP FATAL] {
   "ballotProtocol" : {
      "ballot" : "(4294967295,[ SIGNED@sdf_testnet_3 txH: ec67e8, ct: 1772550469, upgrades: [ ] ])",
      "heard" : false,
      "phase" : "EXTERNALIZE",
      "state" : "i: 1310155 | EXTERNALIZE | b: (4294967295,[ SIGNED@sdf_testnet_3 txH: ec67e8, ct: 1772550469, upgrades: [ ] ]) | p: (4294967295,[ SIGNED@sdf_testnet_3 txH: ec67e8, ct: 1772550469, upgrades: [ ] ]) | p': (<null_ballot>) | h: (4294967295,[ SIGNED@sdf_testnet_3 txH: ec67e8, ct: 1772550469, upgrades: [ ] ]) | c: (1,[ SIGNED@sdf_testnet_3 txH: ec67e8, ct: 1772550469, upgrades: [ ] ]) | M: 3"
   },
   "nomination" : {
      "roundnumber" : 0,
      "started" : false
   },
   "quorum_sets" : {
      "59d361" : {
         "t" : 2,
         "v" : [ "sdf_testnet_2", "sdf_testnet_3", "sdf_testnet_1" ]
      }
   },
   "statements" : [
      [
         1772550502,
         "{ENV@sdf_testnet_1 |  i: 1310155 | EXTERNALIZE | c: (1,[ SIGNED@sdf_testnet_3 txH: ec67e8, ct: 1772550469, upgrades: [ ] ]) | h.n: 1 | (lastD): 59d361 }",
         false
      ],
      [
         1772550502,
         "{ENV@sdf_testnet_3 |  i: 1310155 | EXTERNALIZE | c: (1,[ SIGNED@sdf_testnet_3 txH: ec67e8, ct: 1772550469, upgrades: [ ] ]) | h.n: 1 | (lastD): 59d361 }",
         false
      ],
      [
         1772550502,
         "{ENV@GDZYY |  i: 1310155 | PREPARE | D: 59d361 | b: (0,[:empty:]) | p: (4294967295,[ SIGNED@sdf_testnet_3 txH: ec67e8, ct: 1772550469, upgrades: [ ] ]) | p': (<null_ballot>) | c.n: 0 | h.n: 0 }",
         false
      ],
      [
         1772550502,
         "{ENV@GDZYY |  i: 1310155 | PREPARE | D: 59d361 | b: (4294967295,[ SIGNED@sdf_testnet_3 txH: ec67e8, ct: 1772550469, upgrades: [ ] ]) | p: (4294967295,[ SIGNED@sdf_testnet_3 txH: ec67e8, ct: 1772550469, upgrades: [ ] ]) | p': (<null_ballot>) | c.n: 4294967295 | h.n: 4294967295 }",
         false
      ],
      [
         1772550502,
         "{ENV@GDZYY |  i: 1310155 | CONFIRM | D: 59d361 | b: (4294967295,[ SIGNED@sdf_testnet_3 txH: ec67e8, ct: 1772550469, upgrades: [ ] ]) | p.n: 4294967295 | c.n: 1 | h.n: 4294967295 }",
         false
      ],
      [
         1772550502,
         "{ENV@GDZYY |  i: 1310155 | EXTERNALIZE | c: (1,[ SIGNED@sdf_testnet_3 txH: ec67e8, ct: 1772550469, upgrades: [ ] ]) | h.n: 4294967295 | (lastD): 59d361 }",
         false
      ]
   ],
   "validated" : false
}

2026-03-03T15:08:22.548 GDZYY [SCP FATAL] Exception processing SCP messages at 1310155, envelope: {ENV@sdf_testnet_3 |  i: 1310155 | EXTERNALIZE | c: (1,[ SIGNED@sdf_testnet_3 txH: ec67e8, ct: 1772550469, upgrades: [ ] ]) | h.n: 1 | (lastD): 59d361 }
2026-03-03T15:08:22.548 GDZYY [SCP FATAL] Please report this bug along with this log file if this was not expected
