2026-03-03T15:08:10.675 GAJTO [default INFO] Starting stellar-core v25.1.1
2026-03-03T15:08:10.676 GAJTO [Database INFO] Connecting to: sqlite3:///opt/stellar/core/stellar.db
2026-03-03T15:08:10.684 GAJTO [SCP INFO] LocalNode::LocalNode@GAJTO qSet: 59d361
2026-03-03T15:08:10.684 GAJTO [Database INFO] DB schema is in current version
2026-03-03T15:08:10.685 GAJTO [default INFO] Listening on 0.0.0.0:11626 for HTTP requests
2026-03-03T15:08:10.685 GAJTO [Bucket INFO] BucketListDB enabled: pageSizeExponent: 14 indexCutOff: 20MB, persist indexes: true
2026-03-03T15:08:10.686 GAJTO [default INFO] Connection effective settings:
2026-03-03T15:08:10.686 GAJTO [default INFO] TARGET_PEER_CONNECTIONS: 8
2026-03-03T15:08:10.686 GAJTO [default INFO] MAX_ADDITIONAL_PEER_CONNECTIONS: 64
2026-03-03T15:08:10.686 GAJTO [default INFO] MAX_PENDING_CONNECTIONS: 500
2026-03-03T15:08:10.686 GAJTO [default INFO] MAX_OUTBOUND_PENDING_CONNECTIONS: 56
2026-03-03T15:08:10.686 GAJTO [default INFO] MAX_INBOUND_PENDING_CONNECTIONS: 444
2026-03-03T15:08:10.686 GAJTO [default INFO] BACKGROUND_OVERLAY_PROCESSING=true
2026-03-03T15:08:10.686 GAJTO [default INFO] PARALLEL_LEDGER_APPLY=true
2026-03-03T15:08:10.686 GAJTO [History INFO] Archive 'sdf_testnet_1' has 'get' command only, will not be written
2026-03-03T15:08:10.686 GAJTO [History INFO] Archive 'sdf_testnet_2' has 'get' command only, will not be written
2026-03-03T15:08:10.686 GAJTO [History INFO] Archive 'sdf_testnet_3' has 'get' command only, will not be written
2026-03-03T15:08:10.686 GAJTO [History WARNING] No writable archives configured, history will not be written.
2026-03-03T15:08:10.687 GAJTO [Ledger INFO] Starting up application
2026-03-03T15:08:10.687 GAJTO [Ledger INFO] Last closed ledger (LCL) hash is bb5348e263dc812d4fc2ada832acadf77b38248092caeae806251a9d7fba4cbe
2026-03-03T15:08:10.687 GAJTO [Ledger INFO] Loaded LCL header from database: [seq=1310157, hash=bb5348]
2026-03-03T15:08:10.687 GAJTO [default INFO] Establishing 10-entry connection pool to: sqlite3:///opt/stellar/core/stellar.db
2026-03-03T15:08:11.205 GAJTO [Ledger INFO] Assumed bucket-state for LCL: [seq=1310157, hash=bb5348]
2026-03-03T15:08:11.205 GAJTO [default INFO] Launching 1 loading and 5 compiling background threads
2026-03-03T15:08:11.439 GAJTO [default INFO] Compiled 1684 contracts (45055210 bytes of Wasm) in 233ms real time, 1130ms CPU time
2026-03-03T15:08:13.574 GAJTO [Overlay INFO] Binding to endpoint 0.0.0.0:11625
2026-03-03T15:08:13.581 GAJTO [History INFO] Downloading history archive state: .well-known/stellar-history.json
2026-03-03T15:08:13.987 GAJTO [Process WARNING] process 2349 exited 23: curl -sf http://history.stellar.org/prd/core-testnet/core_testnet_001/.well-known/stellar-history.json -o buckets/tmp/history-64eb04de4f92b3b7/a4135725ef3a8e4c-stellar-history.json
2026-03-03T15:08:13.987 GAJTO [History WARNING] Could not download file: archive sdf_testnet_1 maybe missing file .well-known/stellar-history.json
2026-03-03T15:08:13.987 GAJTO [History ERROR] Could not download .well-known/stellar-history.json file: corrupt archive sdf_testnet_1
2026-03-03T15:08:13.989 GAJTO [History ERROR] Failed to obtain archive information: sdf_testnet_1
2026-03-03T15:08:15.820 GAJTO [Overlay ERROR] PeerManager::store error: sqlite3_statement_backend::loadOne: database or disk is full on 98.91.174.101:11625
2026-03-03T15:08:15.821 GAJTO [Overlay ERROR] PeerManager::store error: sqlite3_statement_backend::loadOne: database or disk is full on 44.204.146.210:11625
2026-03-03T15:08:15.821 GAJTO [Overlay ERROR] PeerManager::store error: sqlite3_statement_backend::loadOne: database or disk is full on 44.213.67.110:11625
2026-03-03T15:08:15.822 GAJTO [Overlay ERROR] PeerManager::store error: sqlite3_statement_backend::loadOne: database or disk is full on 200.129.247.119:11625
2026-03-03T15:08:15.822 GAJTO [Overlay ERROR] PeerManager::store error: sqlite3_statement_backend::loadOne: database or disk is full on 135.181.102.254:11625
2026-03-03T15:08:15.823 GAJTO [Overlay ERROR] PeerManager::store error: sqlite3_statement_backend::loadOne: database or disk is full on 3.21.151.231:11725
2026-03-03T15:08:15.824 GAJTO [Overlay ERROR] PeerManager::store error: sqlite3_statement_backend::loadOne: database or disk is full on 54.163.22.184:30020
2026-03-03T15:08:15.824 GAJTO [Overlay ERROR] PeerManager::store error: sqlite3_statement_backend::loadOne: database or disk is full on 135.181.229.215:11628
2026-03-03T15:08:15.825 GAJTO [Overlay ERROR] PeerManager::store error: sqlite3_statement_backend::loadOne: database or disk is full on 13.217.88.18:8009
2026-03-03T15:08:15.826 GAJTO [Overlay ERROR] PeerManager::store error: sqlite3_statement_backend::loadOne: database or disk is full on 3.238.52.233:30400
2026-03-03T15:08:15.827 GAJTO [Overlay ERROR] PeerManager::store error: sqlite3_statement_backend::loadOne: database or disk is full on 200.129.247.114:11625
2026-03-03T15:08:16.264 GAJTO [Overlay ERROR] PeerManager::store error: sqlite3_statement_backend::loadOne: database or disk is full on 3.21.151.231:11725
2026-03-03T15:08:16.265 GAJTO [Overlay INFO] Authenticated to 3.21.151.231:11725
2026-03-03T15:08:16.266 GAJTO [Overlay ERROR] PeerManager::store error: sqlite3_statement_backend::loadOne: database or disk is full on 200.129.247.55:11725
2026-03-03T15:08:16.535 GAJTO [Overlay ERROR] PeerManager::store error: sqlite3_statement_backend::loadOne: database or disk is full on 135.181.102.254:11625
2026-03-03T15:08:16.535 GAJTO [Overlay INFO] Authenticated to 135.181.102.254:11625
2026-03-03T15:08:16.536 GAJTO [Overlay ERROR] PeerManager::store error: sqlite3_statement_backend::loadOne: database or disk is full on 54.85.229.39:11625
2026-03-03T15:08:16.536 GAJTO [Overlay ERROR] PeerManager::store error: sqlite3_statement_backend::loadOne: database or disk is full on 34.34.50.206:57882
2026-03-03T15:08:16.537 GAJTO [Overlay ERROR] PeerManager::store error: sqlite3_statement_backend::loadOne: database or disk is full on 18.237.217.239:11725
2026-03-03T15:08:16.537 GAJTO [Overlay ERROR] PeerManager::store error: sqlite3_statement_backend::loadOne: database or disk is full on 13.217.88.18:11625
2026-03-03T15:08:16.537 GAJTO [Overlay ERROR] PeerManager::store error: sqlite3_statement_backend::loadOne: database or disk is full on 146.190.222.143:30303
2026-03-03T15:08:16.537 GAJTO [Overlay ERROR] PeerManager::store error: sqlite3_statement_backend::loadOne: database or disk is full on 35.85.40.104:11725
2026-03-03T15:08:16.537 GAJTO [Overlay ERROR] PeerManager::store error: sqlite3_statement_backend::loadOne: database or disk is full on 172.190.177.191:11725
2026-03-03T15:08:16.558 GAJTO [SCP FATAL] Exception: Cannot commit transaction. database or disk is full
2026-03-03T15:08:16.558 GAJTO [SCP FATAL] SCP context (GAJTO): 
2026-03-03T15:08:16.559 GAJTO [SCP FATAL] {
   "ballotProtocol" : {
      "ballot" : "(4294967295,[ SIGNED@sdf_testnet_3 txH: ec67e8, ct: 1772550469, upgrades: [ ] ])",
      "heard" : false,
      "phase" : "EXTERNALIZE",
      "state" : "i: 1310155 | EXTERNALIZE | b: (4294967295,[ SIGNED@sdf_testnet_3 txH: ec67e8, ct: 1772550469, upgrades: [ ] ]) | p: (4294967295,[ SIGNED@sdf_testnet_3 txH: ec67e8, ct: 1772550469, upgrades: [ ] ]) | p': (<null_ballot>) | h: (4294967295,[ SIGNED@sdf_testnet_3 txH: ec67e8, ct: 1772550469, upgrades: [ ] ]) | c: (1,[ SIGNED@sdf_testnet_3 txH: ec67e8, ct: 1772550469, upgrades: [ ] ]) | M: 3"
   },
   "nomination" : {
      "roundnumber" : 0,
      "started" : false
   },
   "quorum_sets" : {
      "59d361" : {
         "t" : 2,
         "v" : [ "sdf_testnet_2", "sdf_testnet_3", "sdf_testnet_1" ]
      }
   },
   "statements" : [
      [
         1772550496,
         "{ENV@sdf_testnet_1 |  i: 1310155 | EXTERNALIZE | c: (1,[ SIGNED@sdf_testnet_3 txH: ec67e8, ct: 1772550469, upgrades: [ ] ]) | h.n: 1 | (lastD): 59d361 }",
         false
      ],
      [
         1772550496,
         "{ENV@sdf_testnet_3 |  i: 1310155 | EXTERNALIZE | c: (1,[ SIGNED@sdf_testnet_3 txH: ec67e8, ct: 1772550469, upgrades: [ ] ]) | h.n: 1 | (lastD): 59d361 }",
         false
      ],
      [
         1772550496,
         "{ENV@GAJTO |  i: 1310155 | PREPARE | D: 59d361 | b: (0,[:empty:]) | p: (4294967295,[ SIGNED@sdf_testnet_3 txH: ec67e8, ct: 1772550469, upgrades: [ ] ]) | p': (<null_ballot>) | c.n: 0 | h.n: 0 }",
         false
      ],
      [
         1772550496,
         "{ENV@GAJTO |  i: 1310155 | PREPARE | D: 59d361 | b: (4294967295,[ SIGNED@sdf_testnet_3 txH: ec67e8, ct: 1772550469, upgrades: [ ] ]) | p: (4294967295,[ SIGNED@sdf_testnet_3 txH: ec67e8, ct: 1772550469, upgrades: [ ] ]) | p': (<null_ballot>) | c.n: 4294967295 | h.n: 4294967295 }",
         false
      ],
      [
         1772550496,
         "{ENV@GAJTO |  i: 1310155 | CONFIRM | D: 59d361 | b: (4294967295,[ SIGNED@sdf_testnet_3 txH: ec67e8, ct: 1772550469, upgrades: [ ] ]) | p.n: 4294967295 | c.n: 1 | h.n: 4294967295 }",
         false
      ],
      [
         1772550496,
         "{ENV@GAJTO |  i: 1310155 | EXTERNALIZE | c: (1,[ SIGNED@sdf_testnet_3 txH: ec67e8, ct: 1772550469, upgrades: [ ] ]) | h.n: 4294967295 | (lastD): 59d361 }",
         false
      ]
   ],
   "validated" : false
}

2026-03-03T15:08:16.560 GAJTO [SCP FATAL] Exception processing SCP messages at 1310155, envelope: {ENV@GAJTO |  i: 1310155 | CONFIRM | D: 59d361 | b: (4294967295,[ SIGNED@sdf_testnet_3 txH: ec67e8, ct: 1772550469, upgrades: [ ] ]) | p.n: 4294967295 | c.n: 1 | h.n: 4294967295 }
2026-03-03T15:08:16.560 GAJTO [SCP FATAL] Please report this bug along with this log file if this was not expected
2026-03-03T15:08:16.560 GAJTO [SCP FATAL] Exception: Cannot commit transaction. database or disk is full
2026-03-03T15:08:16.560 GAJTO [SCP FATAL] SCP context (GAJTO): 
2026-03-03T15:08:16.560 GAJTO [SCP FATAL] {
   "ballotProtocol" : {
      "ballot" : "(4294967295,[ SIGNED@sdf_testnet_3 txH: ec67e8, ct: 1772550469, upgrades: [ ] ])",
      "heard" : false,
      "phase" : "EXTERNALIZE",
      "state" : "i: 1310155 | EXTERNALIZE | b: (4294967295,[ SIGNED@sdf_testnet_3 txH: ec67e8, ct: 1772550469, upgrades: [ ] ]) | p: (4294967295,[ SIGNED@sdf_testnet_3 txH: ec67e8, ct: 1772550469, upgrades: [ ] ]) | p': (<null_ballot>) | h: (4294967295,[ SIGNED@sdf_testnet_3 txH: ec67e8, ct: 1772550469, upgrades: [ ] ]) | c: (1,[ SIGNED@sdf_testnet_3 txH: ec67e8, ct: 1772550469, upgrades: [ ] ]) | M: 3"
   },
   "nomination" : {
      "roundnumber" : 0,
      "started" : false
   },
   "quorum_sets" : {
      "59d361" : {
         "t" : 2,
         "v" : [ "sdf_testnet_2", "sdf_testnet_3", "sdf_testnet_1" ]
      }
   },
   "statements" : [
      [
         1772550496,
         "{ENV@sdf_testnet_1 |  i: 1310155 | EXTERNALIZE | c: (1,[ SIGNED@sdf_testnet_3 txH: ec67e8, ct: 1772550469, upgrades: [ ] ]) | h.n: 1 | (lastD): 59d361 }",
         false
      ],
      [
         1772550496,
         "{ENV@sdf_testnet_3 |  i: 1310155 | EXTERNALIZE | c: (1,[ SIGNED@sdf_testnet_3 txH: ec67e8, ct: 1772550469, upgrades: [ ] ]) | h.n: 1 | (lastD): 59d361 }",
         false
      ],
      [
         1772550496,
         "{ENV@GAJTO |  i: 1310155 | PREPARE | D: 59d361 | b: (0,[:empty:]) | p: (4294967295,[ SIGNED@sdf_testnet_3 txH: ec67e8, ct: 1772550469, upgrades: [ ] ]) | p': (<null_ballot>) | c.n: 0 | h.n: 0 }",
         false
      ],
      [
         1772550496,
         "{ENV@GAJTO |  i: 1310155 | PREPARE | D: 59d361 | b: (4294967295,[ SIGNED@sdf_testnet_3 txH: ec67e8, ct: 1772550469, upgrades: [ ] ]) | p: (4294967295,[ SIGNED@sdf_testnet_3 txH: ec67e8, ct: 1772550469, upgrades: [ ] ]) | p': (<null_ballot>) | c.n: 4294967295 | h.n: 4294967295 }",
         false
      ],
      [
         1772550496,
         "{ENV@GAJTO |  i: 1310155 | CONFIRM | D: 59d361 | b: (4294967295,[ SIGNED@sdf_testnet_3 txH: ec67e8, ct: 1772550469, upgrades: [ ] ]) | p.n: 4294967295 | c.n: 1 | h.n: 4294967295 }",
         false
      ],
      [
         1772550496,
         "{ENV@GAJTO |  i: 1310155 | EXTERNALIZE | c: (1,[ SIGNED@sdf_testnet_3 txH: ec67e8, ct: 1772550469, upgrades: [ ] ]) | h.n: 4294967295 | (lastD): 59d361 }",
         false
      ]
   ],
   "validated" : false
}

2026-03-03T15:08:16.560 GAJTO [SCP FATAL] Exception processing SCP messages at 1310155, envelope: {ENV@GAJTO |  i: 1310155 | PREPARE | D: 59d361 | b: (4294967295,[ SIGNED@sdf_testnet_3 txH: ec67e8, ct: 1772550469, upgrades: [ ] ]) | p: (4294967295,[ SIGNED@sdf_testnet_3 txH: ec67e8, ct: 1772550469, upgrades: [ ] ]) | p': (<null_ballot>) | c.n: 4294967295 | h.n: 4294967295 }
2026-03-03T15:08:16.560 GAJTO [SCP FATAL] Please report this bug along with this log file if this was not expected
2026-03-03T15:08:16.560 GAJTO [SCP FATAL] Exception: Cannot commit transaction. database or disk is full
2026-03-03T15:08:16.561 GAJTO [SCP FATAL] SCP context (GAJTO): 
2026-03-03T15:08:16.561 GAJTO [SCP FATAL] {
   "ballotProtocol" : {
      "ballot" : "(4294967295,[ SIGNED@sdf_testnet_3 txH: ec67e8, ct: 1772550469, upgrades: [ ] ])",
      "heard" : false,
      "phase" : "EXTERNALIZE",
      "state" : "i: 1310155 | EXTERNALIZE | b: (4294967295,[ SIGNED@sdf_testnet_3 txH: ec67e8, ct: 1772550469, upgrades: [ ] ]) | p: (4294967295,[ SIGNED@sdf_testnet_3 txH: ec67e8, ct: 1772550469, upgrades: [ ] ]) | p': (<null_ballot>) | h: (4294967295,[ SIGNED@sdf_testnet_3 txH: ec67e8, ct: 1772550469, upgrades: [ ] ]) | c: (1,[ SIGNED@sdf_testnet_3 txH: ec67e8, ct: 1772550469, upgrades: [ ] ]) | M: 3"
   },
   "nomination" : {
      "roundnumber" : 0,
      "started" : false
   },
   "quorum_sets" : {
      "59d361" : {
         "t" : 2,
         "v" : [ "sdf_testnet_2", "sdf_testnet_3", "sdf_testnet_1" ]
      }
   },
   "statements" : [
      [
         1772550496,
         "{ENV@sdf_testnet_1 |  i: 1310155 | EXTERNALIZE | c: (1,[ SIGNED@sdf_testnet_3 txH: ec67e8, ct: 1772550469, upgrades: [ ] ]) | h.n: 1 | (lastD): 59d361 }",
         false
      ],
      [
         1772550496,
         "{ENV@sdf_testnet_3 |  i: 1310155 | EXTERNALIZE | c: (1,[ SIGNED@sdf_testnet_3 txH: ec67e8, ct: 1772550469, upgrades: [ ] ]) | h.n: 1 | (lastD): 59d361 }",
         false
      ],
      [
         1772550496,
         "{ENV@GAJTO |  i: 1310155 | PREPARE | D: 59d361 | b: (0,[:empty:]) | p: (4294967295,[ SIGNED@sdf_testnet_3 txH: ec67e8, ct: 1772550469, upgrades: [ ] ]) | p': (<null_ballot>) | c.n: 0 | h.n: 0 }",
         false
      ],
      [
         1772550496,
         "{ENV@GAJTO |  i: 1310155 | PREPARE | D: 59d361 | b: (4294967295,[ SIGNED@sdf_testnet_3 txH: ec67e8, ct: 1772550469, upgrades: [ ] ]) | p: (4294967295,[ SIGNED@sdf_testnet_3 txH: ec67e8, ct: 1772550469, upgrades: [ ] ]) | p': (<null_ballot>) | c.n: 4294967295 | h.n: 4294967295 }",
         false
      ],
      [
         1772550496,
         "{ENV@GAJTO |  i: 1310155 | CONFIRM | D: 59d361 | b: (4294967295,[ SIGNED@sdf_testnet_3 txH: ec67e8, ct: 1772550469, upgrades: [ ] ]) | p.n: 4294967295 | c.n: 1 | h.n: 4294967295 }",
         false
      ],
      [
         1772550496,
         "{ENV@GAJTO |  i: 1310155 | EXTERNALIZE | c: (1,[ SIGNED@sdf_testnet_3 txH: ec67e8, ct: 1772550469, upgrades: [ ] ]) | h.n: 4294967295 | (lastD): 59d361 }",
         false
      ]
   ],
   "validated" : false
}

2026-03-03T15:08:16.561 GAJTO [SCP FATAL] Exception processing SCP messages at 1310155, envelope: {ENV@GAJTO |  i: 1310155 | PREPARE | D: 59d361 | b: (0,[:empty:]) | p: (4294967295,[ SIGNED@sdf_testnet_3 txH: ec67e8, ct: 1772550469, upgrades: [ ] ]) | p': (<null_ballot>) | c.n: 0 | h.n: 0 }
2026-03-03T15:08:16.561 GAJTO [SCP FATAL] Please report this bug along with this log file if this was not expected
2026-03-03T15:08:16.561 GAJTO [SCP FATAL] Exception: Cannot commit transaction. database or disk is full
2026-03-03T15:08:16.561 GAJTO [SCP FATAL] SCP context (GAJTO): 
2026-03-03T15:08:16.561 GAJTO [SCP FATAL] {
   "ballotProtocol" : {
      "ballot" : "(4294967295,[ SIGNED@sdf_testnet_3 txH: ec67e8, ct: 1772550469, upgrades: [ ] ])",
      "heard" : false,
      "phase" : "EXTERNALIZE",
      "state" : "i: 1310155 | EXTERNALIZE | b: (4294967295,[ SIGNED@sdf_testnet_3 txH: ec67e8, ct: 1772550469, upgrades: [ ] ]) | p: (4294967295,[ SIGNED@sdf_testnet_3 txH: ec67e8, ct: 1772550469, upgrades: [ ] ]) | p': (<null_ballot>) | h: (4294967295,[ SIGNED@sdf_testnet_3 txH: ec67e8, ct: 1772550469, upgrades: [ ] ]) | c: (1,[ SIGNED@sdf_testnet_3 txH: ec67e8, ct: 1772550469, upgrades: [ ] ]) | M: 3"
   },
   "nomination" : {
      "roundnumber" : 0,
      "started" : false
   },
   "quorum_sets" : {
      "59d361" : {
         "t" : 2,
         "v" : [ "sdf_testnet_2", "sdf_testnet_3", "sdf_testnet_1" ]
      }
   },
   "statements" : [
      [
         1772550496,
         "{ENV@sdf_testnet_1 |  i: 1310155 | EXTERNALIZE | c: (1,[ SIGNED@sdf_testnet_3 txH: ec67e8, ct: 1772550469, upgrades: [ ] ]) | h.n: 1 | (lastD): 59d361 }",
         false
      ],
      [
         1772550496,
         "{ENV@sdf_testnet_3 |  i: 1310155 | EXTERNALIZE | c: (1,[ SIGNED@sdf_testnet_3 txH: ec67e8, ct: 1772550469, upgrades: [ ] ]) | h.n: 1 | (lastD): 59d361 }",
         false
      ],
      [
         1772550496,
         "{ENV@GAJTO |  i: 1310155 | PREPARE | D: 59d361 | b: (0,[:empty:]) | p: (4294967295,[ SIGNED@sdf_testnet_3 txH: ec67e8, ct: 1772550469, upgrades: [ ] ]) | p': (<null_ballot>) | c.n: 0 | h.n: 0 }",
         false
      ],
      [
         1772550496,
         "{ENV@GAJTO |  i: 1310155 | PREPARE | D: 59d361 | b: (4294967295,[ SIGNED@sdf_testnet_3 txH: ec67e8, ct: 1772550469, upgrades: [ ] ]) | p: (4294967295,[ SIGNED@sdf_testnet_3 txH: ec67e8, ct: 1772550469, upgrades: [ ] ]) | p': (<null_ballot>) | c.n: 4294967295 | h.n: 4294967295 }",
         false
      ],
      [
         1772550496,
         "{ENV@GAJTO |  i: 1310155 | CONFIRM | D: 59d361 | b: (4294967295,[ SIGNED@sdf_testnet_3 txH: ec67e8, ct: 1772550469, upgrades: [ ] ]) | p.n: 4294967295 | c.n: 1 | h.n: 4294967295 }",
         false
      ],
      [
         1772550496,
         "{ENV@GAJTO |  i: 1310155 | EXTERNALIZE | c: (1,[ SIGNED@sdf_testnet_3 txH: ec67e8, ct: 1772550469, upgrades: [ ] ]) | h.n: 4294967295 | (lastD): 59d361 }",
         false
      ]
   ],
   "validated" : false
}

2026-03-03T15:08:16.561 GAJTO [SCP FATAL] Exception processing SCP messages at 1310155, envelope: {ENV@sdf_testnet_3 |  i: 1310155 | EXTERNALIZE | c: (1,[ SIGNED@sdf_testnet_3 txH: ec67e8, ct: 1772550469, upgrades: [ ] ]) | h.n: 1 | (lastD): 59d361 }
2026-03-03T15:08:16.561 GAJTO [SCP FATAL] Please report this bug along with this log file if this was not expected
