2026-03-03T14:16:59.548 GCB65 [default INFO] Starting stellar-core v25.1.1
2026-03-03T14:16:59.549 GCB65 [Database INFO] Connecting to: sqlite3:///opt/stellar/core/stellar.db
2026-03-03T14:16:59.556 GCB65 [SCP INFO] LocalNode::LocalNode@GCB65 qSet: 59d361
2026-03-03T14:16:59.557 GCB65 [Database INFO] DB schema is in current version
2026-03-03T14:16:59.557 GCB65 [default INFO] Listening on 0.0.0.0:11626 for HTTP requests
2026-03-03T14:16:59.557 GCB65 [Bucket INFO] BucketListDB enabled: pageSizeExponent: 14 indexCutOff: 20MB, persist indexes: true
2026-03-03T14:16:59.558 GCB65 [default INFO] Connection effective settings:
2026-03-03T14:16:59.558 GCB65 [default INFO] TARGET_PEER_CONNECTIONS: 8
2026-03-03T14:16:59.558 GCB65 [default INFO] MAX_ADDITIONAL_PEER_CONNECTIONS: 64
2026-03-03T14:16:59.558 GCB65 [default INFO] MAX_PENDING_CONNECTIONS: 500
2026-03-03T14:16:59.558 GCB65 [default INFO] MAX_OUTBOUND_PENDING_CONNECTIONS: 56
2026-03-03T14:16:59.558 GCB65 [default INFO] MAX_INBOUND_PENDING_CONNECTIONS: 444
2026-03-03T14:16:59.558 GCB65 [default INFO] BACKGROUND_OVERLAY_PROCESSING=true
2026-03-03T14:16:59.558 GCB65 [default INFO] PARALLEL_LEDGER_APPLY=true
2026-03-03T14:16:59.558 GCB65 [History INFO] Archive 'sdf_testnet_1' has 'get' command only, will not be written
2026-03-03T14:16:59.558 GCB65 [History INFO] Archive 'sdf_testnet_2' has 'get' command only, will not be written
2026-03-03T14:16:59.558 GCB65 [History INFO] Archive 'sdf_testnet_3' has 'get' command only, will not be written
2026-03-03T14:16:59.558 GCB65 [History WARNING] No writable archives configured, history will not be written.
2026-03-03T14:16:59.558 GCB65 [Ledger INFO] Starting up application
2026-03-03T14:16:59.558 GCB65 [Ledger INFO] Last closed ledger (LCL) hash is 9216afd4b3f152b0d03456fc5e8a6a758710facabcaa52a9f9918fc34d1dc14c
2026-03-03T14:16:59.559 GCB65 [Ledger INFO] Loaded LCL header from database: [seq=1309535, hash=9216af]
2026-03-03T14:16:59.559 GCB65 [default INFO] Establishing 10-entry connection pool to: sqlite3:///opt/stellar/core/stellar.db
2026-03-03T14:17:00.048 GCB65 [Ledger INFO] Assumed bucket-state for LCL: [seq=1309535, hash=9216af]
2026-03-03T14:17:00.049 GCB65 [default INFO] Launching 1 loading and 5 compiling background threads
2026-03-03T14:17:00.366 GCB65 [default INFO] Compiled 1675 contracts (44902995 bytes of Wasm) in 317ms real time, 1539ms CPU time
2026-03-03T14:17:02.509 GCB65 [Overlay INFO] Binding to endpoint 0.0.0.0:11625
2026-03-03T14:17:02.514 GCB65 [History INFO] Downloading history archive state: .well-known/stellar-history.json
2026-03-03T14:17:02.906 GCB65 [Process WARNING] process 3340 exited 23: curl -sf http://history.stellar.org/prd/core-testnet/core_testnet_001/.well-known/stellar-history.json -o buckets/tmp/history-f951b4f617b02c39/77c7ae11a486f760-stellar-history.json
2026-03-03T14:17:02.906 GCB65 [History WARNING] Could not download file: archive sdf_testnet_1 maybe missing file .well-known/stellar-history.json
2026-03-03T14:17:02.906 GCB65 [History ERROR] Could not download .well-known/stellar-history.json file: corrupt archive sdf_testnet_1
2026-03-03T14:17:02.908 GCB65 [History ERROR] Failed to obtain archive information: sdf_testnet_1
2026-03-03T14:17:04.814 GCB65 [Overlay ERROR] PeerManager::store error: sqlite3_statement_backend::loadOne: database or disk is full on 98.91.174.101:11625
2026-03-03T14:17:04.814 GCB65 [Overlay ERROR] PeerManager::store error: sqlite3_statement_backend::loadOne: database or disk is full on 44.204.146.210:11625
2026-03-03T14:17:04.815 GCB65 [Overlay ERROR] PeerManager::store error: sqlite3_statement_backend::loadOne: database or disk is full on 44.213.67.110:11625
2026-03-03T14:17:04.816 GCB65 [Overlay ERROR] PeerManager::store error: sqlite3_statement_backend::loadOne: database or disk is full on 3.150.251.62:11725
2026-03-03T14:17:04.817 GCB65 [Overlay ERROR] PeerManager::store error: sqlite3_statement_backend::loadOne: database or disk is full on 3.21.88.111:11725
2026-03-03T14:17:04.818 GCB65 [Overlay ERROR] PeerManager::store error: sqlite3_statement_backend::loadOne: database or disk is full on 141.98.219.41:11625
2026-03-03T14:17:04.819 GCB65 [Overlay ERROR] PeerManager::store error: sqlite3_statement_backend::loadOne: database or disk is full on 34.241.153.42:30020
2026-03-03T14:17:04.821 GCB65 [Overlay ERROR] PeerManager::store error: sqlite3_statement_backend::loadOne: database or disk is full on 50.16.48.217:30020
2026-03-03T14:17:04.822 GCB65 [Overlay ERROR] PeerManager::store error: sqlite3_statement_backend::loadOne: database or disk is full on 200.129.247.55:11625
2026-03-03T14:17:04.823 GCB65 [Overlay ERROR] PeerManager::store error: sqlite3_statement_backend::loadOne: database or disk is full on 213.10.11.118:11625
2026-03-03T14:17:04.824 GCB65 [Overlay ERROR] PeerManager::store error: sqlite3_statement_backend::loadOne: database or disk is full on 77.48.24.203:11625
2026-03-03T14:17:04.825 GCB65 [Overlay ERROR] PeerManager::store error: sqlite3_statement_backend::loadOne: database or disk is full on 52.91.130.193:30020
2026-03-03T14:17:04.827 GCB65 [Overlay ERROR] PeerManager::store error: sqlite3_statement_backend::loadOne: database or disk is full on 148.113.140.57:11625
2026-03-03T14:17:04.828 GCB65 [Overlay ERROR] PeerManager::store error: sqlite3_statement_backend::loadOne: database or disk is full on 34.229.162.244:30020
2026-03-03T14:17:04.829 GCB65 [Overlay ERROR] PeerManager::store error: sqlite3_statement_backend::loadOne: database or disk is full on 198.199.91.18:11625
2026-03-03T14:17:04.829 GCB65 [Overlay ERROR] PeerManager::store error: sqlite3_statement_backend::loadOne: database or disk is full on 3.238.32.131:30400
2026-03-03T14:17:04.830 GCB65 [Overlay ERROR] PeerManager::store error: sqlite3_statement_backend::loadOne: database or disk is full on 65.109.19.49:11625
2026-03-03T14:17:04.830 GCB65 [Overlay ERROR] PeerManager::store error: sqlite3_statement_backend::loadOne: database or disk is full on 54.163.22.184:30020
2026-03-03T14:17:04.831 GCB65 [Overlay ERROR] PeerManager::store error: sqlite3_statement_backend::loadOne: database or disk is full on 3.249.87.23:30020
2026-03-03T14:17:04.831 GCB65 [Overlay ERROR] PeerManager::store error: sqlite3_statement_backend::loadOne: database or disk is full on 3.95.1.43:30400
2026-03-03T14:17:04.832 GCB65 [Overlay ERROR] PeerManager::store error: sqlite3_statement_backend::loadOne: database or disk is full on 174.138.52.29:11625
2026-03-03T14:17:04.832 GCB65 [Overlay ERROR] PeerManager::store error: sqlite3_statement_backend::loadOne: database or disk is full on 45.55.48.58:11825
2026-03-03T14:17:04.833 GCB65 [Overlay ERROR] PeerManager::store error: sqlite3_statement_backend::loadOne: database or disk is full on 144.76.79.10:51770
2026-03-03T14:17:04.834 GCB65 [Overlay ERROR] PeerManager::store error: sqlite3_statement_backend::loadOne: database or disk is full on 77.48.24.153:11625
2026-03-03T14:17:04.834 GCB65 [Overlay ERROR] PeerManager::store error: sqlite3_statement_backend::loadOne: database or disk is full on 40.160.64.57:11725
2026-03-03T14:17:04.835 GCB65 [Overlay ERROR] PeerManager::store error: sqlite3_statement_backend::loadOne: database or disk is full on 135.181.229.215:11628
2026-03-03T14:17:04.835 GCB65 [Overlay ERROR] PeerManager::store error: sqlite3_statement_backend::loadOne: database or disk is full on 3.255.82.225:30020
2026-03-03T14:17:04.836 GCB65 [Overlay ERROR] PeerManager::store error: sqlite3_statement_backend::loadOne: database or disk is full on 13.217.88.18:11625
2026-03-03T14:17:04.837 GCB65 [Overlay ERROR] PeerManager::store error: sqlite3_statement_backend::loadOne: database or disk is full on 44.198.157.36:11625
2026-03-03T14:17:05.274 GCB65 [Overlay ERROR] PeerManager::store error: sqlite3_statement_backend::loadOne: database or disk is full on 3.150.251.62:11725
2026-03-03T14:17:05.275 GCB65 [Overlay INFO] Authenticated to 3.150.251.62:11725
2026-03-03T14:17:05.276 GCB65 [Overlay ERROR] PeerManager::store error: sqlite3_statement_backend::loadOne: database or disk is full on 40.160.27.250:11625
2026-03-03T14:17:05.276 GCB65 [Overlay ERROR] PeerManager::store error: sqlite3_statement_backend::loadOne: database or disk is full on 35.184.26.179:11825
2026-03-03T14:17:05.277 GCB65 [Overlay ERROR] PeerManager::store error: sqlite3_statement_backend::loadOne: database or disk is full on 88.81.123.90:11625
2026-03-03T14:17:05.277 GCB65 [Overlay ERROR] PeerManager::store error: sqlite3_statement_backend::loadOne: database or disk is full on 35.184.26.179:11725
2026-03-03T14:17:05.278 GCB65 [Overlay ERROR] PeerManager::store error: sqlite3_statement_backend::loadOne: database or disk is full on 3.21.88.111:11725
2026-03-03T14:17:05.278 GCB65 [Overlay INFO] Authenticated to 3.21.88.111:11725
2026-03-03T14:17:05.278 GCB65 [Overlay ERROR] PeerManager::store error: sqlite3_statement_backend::loadOne: database or disk is full on 34.245.167.15:30020
2026-03-03T14:17:05.279 GCB65 [Overlay ERROR] PeerManager::store error: sqlite3_statement_backend::loadOne: database or disk is full on 160.155.38.109:11825
2026-03-03T14:17:05.280 GCB65 [Overlay ERROR] PeerManager::store error: sqlite3_statement_backend::loadOne: database or disk is full on 141.98.219.41:11625
2026-03-03T14:17:05.280 GCB65 [Overlay INFO] Authenticated to 141.98.219.41:11625
2026-03-03T14:17:05.281 GCB65 [Overlay ERROR] PeerManager::store error: sqlite3_statement_backend::loadOne: database or disk is full on 200.129.247.140:11625
2026-03-03T14:17:05.582 GCB65 [SCP FATAL] Exception: Cannot commit transaction. database or disk is full
2026-03-03T14:17:05.583 GCB65 [SCP FATAL] SCP context (GCB65): 
2026-03-03T14:17:05.583 GCB65 [SCP FATAL] {
   "ballotProtocol" : {
      "ballot" : "(4294967295,[ SIGNED@sdf_testnet_2 txH: 3009b4, ct: 1772547365, upgrades: [ ] ])",
      "heard" : false,
      "phase" : "EXTERNALIZE",
      "state" : "i: 1309535 | EXTERNALIZE | b: (4294967295,[ SIGNED@sdf_testnet_2 txH: 3009b4, ct: 1772547365, upgrades: [ ] ]) | p: (4294967295,[ SIGNED@sdf_testnet_2 txH: 3009b4, ct: 1772547365, upgrades: [ ] ]) | p': (<null_ballot>) | h: (4294967295,[ SIGNED@sdf_testnet_2 txH: 3009b4, ct: 1772547365, upgrades: [ ] ]) | c: (1,[ SIGNED@sdf_testnet_2 txH: 3009b4, ct: 1772547365, upgrades: [ ] ]) | M: 3"
   },
   "nomination" : {
      "roundnumber" : 0,
      "started" : false
   },
   "quorum_sets" : {
      "59d361" : {
         "t" : 2,
         "v" : [ "sdf_testnet_2", "sdf_testnet_3", "sdf_testnet_1" ]
      }
   },
   "statements" : [
      [
         1772547425,
         "{ENV@sdf_testnet_1 |  i: 1309535 | EXTERNALIZE | c: (1,[ SIGNED@sdf_testnet_2 txH: 3009b4, ct: 1772547365, upgrades: [ ] ]) | h.n: 1 | (lastD): 59d361 }",
         false
      ],
      [
         1772547425,
         "{ENV@sdf_testnet_3 |  i: 1309535 | EXTERNALIZE | c: (1,[ SIGNED@sdf_testnet_2 txH: 3009b4, ct: 1772547365, upgrades: [ ] ]) | h.n: 1 | (lastD): 59d361 }",
         false
      ],
      [
         1772547425,
         "{ENV@GCB65 |  i: 1309535 | PREPARE | D: 59d361 | b: (0,[:empty:]) | p: (4294967295,[ SIGNED@sdf_testnet_2 txH: 3009b4, ct: 1772547365, upgrades: [ ] ]) | p': (<null_ballot>) | c.n: 0 | h.n: 0 }",
         false
      ],
      [
         1772547425,
         "{ENV@GCB65 |  i: 1309535 | PREPARE | D: 59d361 | b: (4294967295,[ SIGNED@sdf_testnet_2 txH: 3009b4, ct: 1772547365, upgrades: [ ] ]) | p: (4294967295,[ SIGNED@sdf_testnet_2 txH: 3009b4, ct: 1772547365, upgrades: [ ] ]) | p': (<null_ballot>) | c.n: 4294967295 | h.n: 4294967295 }",
         false
      ],
      [
         1772547425,
         "{ENV@GCB65 |  i: 1309535 | CONFIRM | D: 59d361 | b: (4294967295,[ SIGNED@sdf_testnet_2 txH: 3009b4, ct: 1772547365, upgrades: [ ] ]) | p.n: 4294967295 | c.n: 1 | h.n: 4294967295 }",
         false
      ],
      [
         1772547425,
         "{ENV@GCB65 |  i: 1309535 | EXTERNALIZE | c: (1,[ SIGNED@sdf_testnet_2 txH: 3009b4, ct: 1772547365, upgrades: [ ] ]) | h.n: 4294967295 | (lastD): 59d361 }",
         false
      ]
   ],
   "validated" : false
}

2026-03-03T14:17:05.583 GCB65 [SCP FATAL] Exception processing SCP messages at 1309535, envelope: {ENV@GCB65 |  i: 1309535 | CONFIRM | D: 59d361 | b: (4294967295,[ SIGNED@sdf_testnet_2 txH: 3009b4, ct: 1772547365, upgrades: [ ] ]) | p.n: 4294967295 | c.n: 1 | h.n: 4294967295 }
2026-03-03T14:17:05.583 GCB65 [SCP FATAL] Please report this bug along with this log file if this was not expected
2026-03-03T14:17:05.584 GCB65 [SCP FATAL] Exception: Cannot commit transaction. database or disk is full
2026-03-03T14:17:05.584 GCB65 [SCP FATAL] SCP context (GCB65): 
2026-03-03T14:17:05.585 GCB65 [SCP FATAL] {
   "ballotProtocol" : {
      "ballot" : "(4294967295,[ SIGNED@sdf_testnet_2 txH: 3009b4, ct: 1772547365, upgrades: [ ] ])",
      "heard" : false,
      "phase" : "EXTERNALIZE",
      "state" : "i: 1309535 | EXTERNALIZE | b: (4294967295,[ SIGNED@sdf_testnet_2 txH: 3009b4, ct: 1772547365, upgrades: [ ] ]) | p: (4294967295,[ SIGNED@sdf_testnet_2 txH: 3009b4, ct: 1772547365, upgrades: [ ] ]) | p': (<null_ballot>) | h: (4294967295,[ SIGNED@sdf_testnet_2 txH: 3009b4, ct: 1772547365, upgrades: [ ] ]) | c: (1,[ SIGNED@sdf_testnet_2 txH: 3009b4, ct: 1772547365, upgrades: [ ] ]) | M: 3"
   },
   "nomination" : {
      "roundnumber" : 0,
      "started" : false
   },
   "quorum_sets" : {
      "59d361" : {
         "t" : 2,
         "v" : [ "sdf_testnet_2", "sdf_testnet_3", "sdf_testnet_1" ]
      }
   },
   "statements" : [
      [
         1772547425,
         "{ENV@sdf_testnet_1 |  i: 1309535 | EXTERNALIZE | c: (1,[ SIGNED@sdf_testnet_2 txH: 3009b4, ct: 1772547365, upgrades: [ ] ]) | h.n: 1 | (lastD): 59d361 }",
         false
      ],
      [
         1772547425,
         "{ENV@sdf_testnet_3 |  i: 1309535 | EXTERNALIZE | c: (1,[ SIGNED@sdf_testnet_2 txH: 3009b4, ct: 1772547365, upgrades: [ ] ]) | h.n: 1 | (lastD): 59d361 }",
         false
      ],
      [
         1772547425,
         "{ENV@GCB65 |  i: 1309535 | PREPARE | D: 59d361 | b: (0,[:empty:]) | p: (4294967295,[ SIGNED@sdf_testnet_2 txH: 3009b4, ct: 1772547365, upgrades: [ ] ]) | p': (<null_ballot>) | c.n: 0 | h.n: 0 }",
         false
      ],
      [
         1772547425,
         "{ENV@GCB65 |  i: 1309535 | PREPARE | D: 59d361 | b: (4294967295,[ SIGNED@sdf_testnet_2 txH: 3009b4, ct: 1772547365, upgrades: [ ] ]) | p: (4294967295,[ SIGNED@sdf_testnet_2 txH: 3009b4, ct: 1772547365, upgrades: [ ] ]) | p': (<null_ballot>) | c.n: 4294967295 | h.n: 4294967295 }",
         false
      ],
      [
         1772547425,
         "{ENV@GCB65 |  i: 1309535 | CONFIRM | D: 59d361 | b: (4294967295,[ SIGNED@sdf_testnet_2 txH: 3009b4, ct: 1772547365, upgrades: [ ] ]) | p.n: 4294967295 | c.n: 1 | h.n: 4294967295 }",
         false
      ],
      [
         1772547425,
         "{ENV@GCB65 |  i: 1309535 | EXTERNALIZE | c: (1,[ SIGNED@sdf_testnet_2 txH: 3009b4, ct: 1772547365, upgrades: [ ] ]) | h.n: 4294967295 | (lastD): 59d361 }",
         false
      ]
   ],
   "validated" : false
}

2026-03-03T14:17:05.585 GCB65 [SCP FATAL] Exception processing SCP messages at 1309535, envelope: {ENV@GCB65 |  i: 1309535 | PREPARE | D: 59d361 | b: (4294967295,[ SIGNED@sdf_testnet_2 txH: 3009b4, ct: 1772547365, upgrades: [ ] ]) | p: (4294967295,[ SIGNED@sdf_testnet_2 txH: 3009b4, ct: 1772547365, upgrades: [ ] ]) | p': (<null_ballot>) | c.n: 4294967295 | h.n: 4294967295 }
2026-03-03T14:17:05.585 GCB65 [SCP FATAL] Please report this bug along with this log file if this was not expected
2026-03-03T14:17:05.585 GCB65 [SCP FATAL] Exception: Cannot commit transaction. database or disk is full
2026-03-03T14:17:05.585 GCB65 [SCP FATAL] SCP context (GCB65): 
2026-03-03T14:17:05.586 GCB65 [SCP FATAL] {
   "ballotProtocol" : {
      "ballot" : "(4294967295,[ SIGNED@sdf_testnet_2 txH: 3009b4, ct: 1772547365, upgrades: [ ] ])",
      "heard" : false,
      "phase" : "EXTERNALIZE",
      "state" : "i: 1309535 | EXTERNALIZE | b: (4294967295,[ SIGNED@sdf_testnet_2 txH: 3009b4, ct: 1772547365, upgrades: [ ] ]) | p: (4294967295,[ SIGNED@sdf_testnet_2 txH: 3009b4, ct: 1772547365, upgrades: [ ] ]) | p': (<null_ballot>) | h: (4294967295,[ SIGNED@sdf_testnet_2 txH: 3009b4, ct: 1772547365, upgrades: [ ] ]) | c: (1,[ SIGNED@sdf_testnet_2 txH: 3009b4, ct: 1772547365, upgrades: [ ] ]) | M: 3"
   },
   "nomination" : {
      "roundnumber" : 0,
      "started" : false
   },
   "quorum_sets" : {
      "59d361" : {
         "t" : 2,
         "v" : [ "sdf_testnet_2", "sdf_testnet_3", "sdf_testnet_1" ]
      }
   },
   "statements" : [
      [
         1772547425,
         "{ENV@sdf_testnet_1 |  i: 1309535 | EXTERNALIZE | c: (1,[ SIGNED@sdf_testnet_2 txH: 3009b4, ct: 1772547365, upgrades: [ ] ]) | h.n: 1 | (lastD): 59d361 }",
         false
      ],
      [
         1772547425,
         "{ENV@sdf_testnet_3 |  i: 1309535 | EXTERNALIZE | c: (1,[ SIGNED@sdf_testnet_2 txH: 3009b4, ct: 1772547365, upgrades: [ ] ]) | h.n: 1 | (lastD): 59d361 }",
         false
      ],
      [
         1772547425,
         "{ENV@GCB65 |  i: 1309535 | PREPARE | D: 59d361 | b: (0,[:empty:]) | p: (4294967295,[ SIGNED@sdf_testnet_2 txH: 3009b4, ct: 1772547365, upgrades: [ ] ]) | p': (<null_ballot>) | c.n: 0 | h.n: 0 }",
         false
      ],
      [
         1772547425,
         "{ENV@GCB65 |  i: 1309535 | PREPARE | D: 59d361 | b: (4294967295,[ SIGNED@sdf_testnet_2 txH: 3009b4, ct: 1772547365, upgrades: [ ] ]) | p: (4294967295,[ SIGNED@sdf_testnet_2 txH: 3009b4, ct: 1772547365, upgrades: [ ] ]) | p': (<null_ballot>) | c.n: 4294967295 | h.n: 4294967295 }",
         false
      ],
      [
         1772547425,
         "{ENV@GCB65 |  i: 1309535 | CONFIRM | D: 59d361 | b: (4294967295,[ SIGNED@sdf_testnet_2 txH: 3009b4, ct: 1772547365, upgrades: [ ] ]) | p.n: 4294967295 | c.n: 1 | h.n: 4294967295 }",
         false
      ],
      [
         1772547425,
         "{ENV@GCB65 |  i: 1309535 | EXTERNALIZE | c: (1,[ SIGNED@sdf_testnet_2 txH: 3009b4, ct: 1772547365, upgrades: [ ] ]) | h.n: 4294967295 | (lastD): 59d361 }",
         false
      ]
   ],
   "validated" : false
}

2026-03-03T14:17:05.586 GCB65 [SCP FATAL] Exception processing SCP messages at 1309535, envelope: {ENV@GCB65 |  i: 1309535 | PREPARE | D: 59d361 | b: (0,[:empty:]) | p: (4294967295,[ SIGNED@sdf_testnet_2 txH: 3009b4, ct: 1772547365, upgrades: [ ] ]) | p': (<null_ballot>) | c.n: 0 | h.n: 0 }
2026-03-03T14:17:05.586 GCB65 [SCP FATAL] Please report this bug along with this log file if this was not expected
2026-03-03T14:17:05.586 GCB65 [SCP FATAL] Exception: Cannot commit transaction. database or disk is full
2026-03-03T14:17:05.586 GCB65 [SCP FATAL] SCP context (GCB65): 
2026-03-03T14:17:05.586 GCB65 [SCP FATAL] {
   "ballotProtocol" : {
      "ballot" : "(4294967295,[ SIGNED@sdf_testnet_2 txH: 3009b4, ct: 1772547365, upgrades: [ ] ])",
      "heard" : false,
      "phase" : "EXTERNALIZE",
      "state" : "i: 1309535 | EXTERNALIZE | b: (4294967295,[ SIGNED@sdf_testnet_2 txH: 3009b4, ct: 1772547365, upgrades: [ ] ]) | p: (4294967295,[ SIGNED@sdf_testnet_2 txH: 3009b4, ct: 1772547365, upgrades: [ ] ]) | p': (<null_ballot>) | h: (4294967295,[ SIGNED@sdf_testnet_2 txH: 3009b4, ct: 1772547365, upgrades: [ ] ]) | c: (1,[ SIGNED@sdf_testnet_2 txH: 3009b4, ct: 1772547365, upgrades: [ ] ]) | M: 3"
   },
   "nomination" : {
      "roundnumber" : 0,
      "started" : false
   },
   "quorum_sets" : {
      "59d361" : {
         "t" : 2,
         "v" : [ "sdf_testnet_2", "sdf_testnet_3", "sdf_testnet_1" ]
      }
   },
   "statements" : [
      [
         1772547425,
         "{ENV@sdf_testnet_1 |  i: 1309535 | EXTERNALIZE | c: (1,[ SIGNED@sdf_testnet_2 txH: 3009b4, ct: 1772547365, upgrades: [ ] ]) | h.n: 1 | (lastD): 59d361 }",
         false
      ],
      [
         1772547425,
         "{ENV@sdf_testnet_3 |  i: 1309535 | EXTERNALIZE | c: (1,[ SIGNED@sdf_testnet_2 txH: 3009b4, ct: 1772547365, upgrades: [ ] ]) | h.n: 1 | (lastD): 59d361 }",
         false
      ],
      [
         1772547425,
         "{ENV@GCB65 |  i: 1309535 | PREPARE | D: 59d361 | b: (0,[:empty:]) | p: (4294967295,[ SIGNED@sdf_testnet_2 txH: 3009b4, ct: 1772547365, upgrades: [ ] ]) | p': (<null_ballot>) | c.n: 0 | h.n: 0 }",
         false
      ],
      [
         1772547425,
         "{ENV@GCB65 |  i: 1309535 | PREPARE | D: 59d361 | b: (4294967295,[ SIGNED@sdf_testnet_2 txH: 3009b4, ct: 1772547365, upgrades: [ ] ]) | p: (4294967295,[ SIGNED@sdf_testnet_2 txH: 3009b4, ct: 1772547365, upgrades: [ ] ]) | p': (<null_ballot>) | c.n: 4294967295 | h.n: 4294967295 }",
         false
      ],
      [
         1772547425,
         "{ENV@GCB65 |  i: 1309535 | CONFIRM | D: 59d361 | b: (4294967295,[ SIGNED@sdf_testnet_2 txH: 3009b4, ct: 1772547365, upgrades: [ ] ]) | p.n: 4294967295 | c.n: 1 | h.n: 4294967295 }",
         false
      ],
      [
         1772547425,
         "{ENV@GCB65 |  i: 1309535 | EXTERNALIZE | c: (1,[ SIGNED@sdf_testnet_2 txH: 3009b4, ct: 1772547365, upgrades: [ ] ]) | h.n: 4294967295 | (lastD): 59d361 }",
         false
      ]
   ],
   "validated" : false
}

2026-03-03T14:17:05.587 GCB65 [SCP FATAL] Exception processing SCP messages at 1309535, envelope: {ENV@sdf_testnet_3 |  i: 1309535 | EXTERNALIZE | c: (1,[ SIGNED@sdf_testnet_2 txH: 3009b4, ct: 1772547365, upgrades: [ ] ]) | h.n: 1 | (lastD): 59d361 }
2026-03-03T14:17:05.587 GCB65 [SCP FATAL] Please report this bug along with this log file if this was not expected
