2026-03-03T14:16:21.680 GBZ73 [default INFO] Starting stellar-core v25.1.1
2026-03-03T14:16:21.681 GBZ73 [Database INFO] Connecting to: sqlite3:///opt/stellar/core/stellar.db
2026-03-03T14:16:21.688 GBZ73 [SCP INFO] LocalNode::LocalNode@GBZ73 qSet: 59d361
2026-03-03T14:16:21.688 GBZ73 [Database INFO] DB schema is in current version
2026-03-03T14:16:21.688 GBZ73 [default INFO] Listening on 0.0.0.0:11626 for HTTP requests
2026-03-03T14:16:21.688 GBZ73 [Bucket INFO] BucketListDB enabled: pageSizeExponent: 14 indexCutOff: 20MB, persist indexes: true
2026-03-03T14:16:21.689 GBZ73 [default INFO] Connection effective settings:
2026-03-03T14:16:21.689 GBZ73 [default INFO] TARGET_PEER_CONNECTIONS: 8
2026-03-03T14:16:21.689 GBZ73 [default INFO] MAX_ADDITIONAL_PEER_CONNECTIONS: 64
2026-03-03T14:16:21.689 GBZ73 [default INFO] MAX_PENDING_CONNECTIONS: 500
2026-03-03T14:16:21.689 GBZ73 [default INFO] MAX_OUTBOUND_PENDING_CONNECTIONS: 56
2026-03-03T14:16:21.689 GBZ73 [default INFO] MAX_INBOUND_PENDING_CONNECTIONS: 444
2026-03-03T14:16:21.689 GBZ73 [default INFO] BACKGROUND_OVERLAY_PROCESSING=true
2026-03-03T14:16:21.689 GBZ73 [default INFO] PARALLEL_LEDGER_APPLY=true
2026-03-03T14:16:21.689 GBZ73 [History INFO] Archive 'sdf_testnet_1' has 'get' command only, will not be written
2026-03-03T14:16:21.689 GBZ73 [History INFO] Archive 'sdf_testnet_2' has 'get' command only, will not be written
2026-03-03T14:16:21.689 GBZ73 [History INFO] Archive 'sdf_testnet_3' has 'get' command only, will not be written
2026-03-03T14:16:21.689 GBZ73 [History WARNING] No writable archives configured, history will not be written.
2026-03-03T14:16:21.689 GBZ73 [Ledger INFO] Starting up application
2026-03-03T14:16:21.689 GBZ73 [Ledger INFO] Last closed ledger (LCL) hash is 9216afd4b3f152b0d03456fc5e8a6a758710facabcaa52a9f9918fc34d1dc14c
2026-03-03T14:16:21.689 GBZ73 [Ledger INFO] Loaded LCL header from database: [seq=1309535, hash=9216af]
2026-03-03T14:16:21.689 GBZ73 [default INFO] Establishing 10-entry connection pool to: sqlite3:///opt/stellar/core/stellar.db
2026-03-03T14:16:22.134 GBZ73 [Ledger INFO] Assumed bucket-state for LCL: [seq=1309535, hash=9216af]
2026-03-03T14:16:22.134 GBZ73 [default INFO] Launching 1 loading and 5 compiling background threads
2026-03-03T14:16:22.417 GBZ73 [default INFO] Compiled 1675 contracts (44902995 bytes of Wasm) in 282ms real time, 1363ms CPU time
2026-03-03T14:16:24.458 GBZ73 [Overlay INFO] Binding to endpoint 0.0.0.0:11625
2026-03-03T14:16:24.464 GBZ73 [History INFO] Downloading history archive state: .well-known/stellar-history.json
2026-03-03T14:16:24.848 GBZ73 [History INFO] Downloading history archive state: .well-known/stellar-history.json
2026-03-03T14:16:25.296 GBZ73 [History INFO] Downloading history archive state: .well-known/stellar-history.json
2026-03-03T14:16:25.683 GBZ73 [Process WARNING] process 3014 exited 23: curl -sf http://history.stellar.org/prd/core-testnet/core_testnet_003/.well-known/stellar-history.json -o buckets/tmp/history-a7ceb2553217925f/37f4227bcb694648-stellar-history.json
2026-03-03T14:16:25.683 GBZ73 [History WARNING] Could not download file: archive sdf_testnet_3 maybe missing file .well-known/stellar-history.json
2026-03-03T14:16:25.683 GBZ73 [History ERROR] Could not download .well-known/stellar-history.json file: corrupt archive sdf_testnet_3
2026-03-03T14:16:25.683 GBZ73 [History ERROR] Failed to obtain archive information: sdf_testnet_3
2026-03-03T14:16:26.717 GBZ73 [Overlay ERROR] PeerManager::store error: sqlite3_statement_backend::loadOne: database or disk is full on 98.91.174.101:11625
2026-03-03T14:16:26.719 GBZ73 [Overlay ERROR] PeerManager::store error: sqlite3_statement_backend::loadOne: database or disk is full on 44.204.146.210:11625
2026-03-03T14:16:26.719 GBZ73 [Overlay ERROR] PeerManager::store error: sqlite3_statement_backend::loadOne: database or disk is full on 44.213.67.110:11625
2026-03-03T14:16:26.721 GBZ73 [Overlay ERROR] PeerManager::store error: sqlite3_statement_backend::loadOne: database or disk is full on 200.129.247.119:11625
2026-03-03T14:16:26.723 GBZ73 [Overlay ERROR] PeerManager::store error: sqlite3_statement_backend::loadOne: database or disk is full on 3.85.105.105:11625
2026-03-03T14:16:26.724 GBZ73 [Overlay ERROR] PeerManager::store error: sqlite3_statement_backend::loadOne: database or disk is full on 74.118.139.126:11625
2026-03-03T14:16:26.725 GBZ73 [Overlay ERROR] PeerManager::store error: sqlite3_statement_backend::loadOne: database or disk is full on 34.241.153.42:30020
2026-03-03T14:16:26.726 GBZ73 [Overlay ERROR] PeerManager::store error: sqlite3_statement_backend::loadOne: database or disk is full on 40.160.64.57:11725
2026-03-03T14:16:26.728 GBZ73 [Overlay ERROR] PeerManager::store error: sqlite3_statement_backend::loadOne: database or disk is full on 77.48.24.153:11625
2026-03-03T14:16:26.729 GBZ73 [Overlay ERROR] PeerManager::store error: sqlite3_statement_backend::loadOne: database or disk is full on 65.109.19.49:11625
2026-03-03T14:16:26.730 GBZ73 [Overlay ERROR] PeerManager::store error: sqlite3_statement_backend::loadOne: database or disk is full on 200.129.247.55:11625
2026-03-03T14:16:26.731 GBZ73 [Overlay ERROR] PeerManager::store error: sqlite3_statement_backend::loadOne: database or disk is full on 144.76.79.10:51770
2026-03-03T14:16:26.732 GBZ73 [Overlay ERROR] PeerManager::store error: sqlite3_statement_backend::loadOne: database or disk is full on 54.163.22.184:30020
2026-03-03T14:16:26.732 GBZ73 [Overlay ERROR] PeerManager::store error: sqlite3_statement_backend::loadOne: database or disk is full on 3.249.87.23:30020
2026-03-03T14:16:26.733 GBZ73 [Overlay ERROR] PeerManager::store error: sqlite3_statement_backend::loadOne: database or disk is full on 213.10.11.118:11625
2026-03-03T14:16:26.734 GBZ73 [Overlay ERROR] PeerManager::store error: sqlite3_statement_backend::loadOne: database or disk is full on 34.229.162.244:30020
2026-03-03T14:16:26.735 GBZ73 [Overlay ERROR] PeerManager::store error: sqlite3_statement_backend::loadOne: database or disk is full on 44.198.157.36:11625
2026-03-03T14:16:26.735 GBZ73 [Overlay ERROR] PeerManager::store error: sqlite3_statement_backend::loadOne: database or disk is full on 13.217.88.18:11625
2026-03-03T14:16:27.142 GBZ73 [Overlay ERROR] PeerManager::store error: sqlite3_statement_backend::loadOne: database or disk is full on 3.85.105.105:11625
2026-03-03T14:16:27.142 GBZ73 [Overlay INFO] Authenticated to 3.85.105.105:11625
2026-03-03T14:16:27.143 GBZ73 [Overlay ERROR] PeerManager::store error: sqlite3_statement_backend::loadOne: database or disk is full on 54.236.21.197:30020
2026-03-03T14:16:27.423 GBZ73 [SCP FATAL] Exception: Cannot commit transaction. database or disk is full
2026-03-03T14:16:27.423 GBZ73 [SCP FATAL] SCP context (GBZ73): 
2026-03-03T14:16:27.424 GBZ73 [SCP FATAL] {
   "ballotProtocol" : {
      "ballot" : "(4294967295,[ SIGNED@sdf_testnet_2 txH: 667775, ct: 1772547355, upgrades: [ ] ])",
      "heard" : false,
      "phase" : "EXTERNALIZE",
      "state" : "i: 1309533 | EXTERNALIZE | b: (4294967295,[ SIGNED@sdf_testnet_2 txH: 667775, ct: 1772547355, upgrades: [ ] ]) | p: (4294967295,[ SIGNED@sdf_testnet_2 txH: 667775, ct: 1772547355, upgrades: [ ] ]) | p': (<null_ballot>) | h: (4294967295,[ SIGNED@sdf_testnet_2 txH: 667775, ct: 1772547355, upgrades: [ ] ]) | c: (1,[ SIGNED@sdf_testnet_2 txH: 667775, ct: 1772547355, upgrades: [ ] ]) | M: 3"
   },
   "nomination" : {
      "roundnumber" : 0,
      "started" : false
   },
   "quorum_sets" : {
      "59d361" : {
         "t" : 2,
         "v" : [ "sdf_testnet_2", "sdf_testnet_3", "sdf_testnet_1" ]
      }
   },
   "statements" : [
      [
         1772547387,
         "{ENV@sdf_testnet_1 |  i: 1309533 | EXTERNALIZE | c: (1,[ SIGNED@sdf_testnet_2 txH: 667775, ct: 1772547355, upgrades: [ ] ]) | h.n: 1 | (lastD): 59d361 }",
         false
      ],
      [
         1772547387,
         "{ENV@sdf_testnet_3 |  i: 1309533 | EXTERNALIZE | c: (1,[ SIGNED@sdf_testnet_2 txH: 667775, ct: 1772547355, upgrades: [ ] ]) | h.n: 1 | (lastD): 59d361 }",
         false
      ],
      [
         1772547387,
         "{ENV@GBZ73 |  i: 1309533 | PREPARE | D: 59d361 | b: (0,[:empty:]) | p: (4294967295,[ SIGNED@sdf_testnet_2 txH: 667775, ct: 1772547355, upgrades: [ ] ]) | p': (<null_ballot>) | c.n: 0 | h.n: 0 }",
         false
      ],
      [
         1772547387,
         "{ENV@GBZ73 |  i: 1309533 | PREPARE | D: 59d361 | b: (4294967295,[ SIGNED@sdf_testnet_2 txH: 667775, ct: 1772547355, upgrades: [ ] ]) | p: (4294967295,[ SIGNED@sdf_testnet_2 txH: 667775, ct: 1772547355, upgrades: [ ] ]) | p': (<null_ballot>) | c.n: 4294967295 | h.n: 4294967295 }",
         false
      ],
      [
         1772547387,
         "{ENV@GBZ73 |  i: 1309533 | CONFIRM | D: 59d361 | b: (4294967295,[ SIGNED@sdf_testnet_2 txH: 667775, ct: 1772547355, upgrades: [ ] ]) | p.n: 4294967295 | c.n: 1 | h.n: 4294967295 }",
         false
      ],
      [
         1772547387,
         "{ENV@GBZ73 |  i: 1309533 | EXTERNALIZE | c: (1,[ SIGNED@sdf_testnet_2 txH: 667775, ct: 1772547355, upgrades: [ ] ]) | h.n: 4294967295 | (lastD): 59d361 }",
         false
      ]
   ],
   "validated" : false
}

2026-03-03T14:16:27.425 GBZ73 [SCP FATAL] Exception processing SCP messages at 1309533, envelope: {ENV@GBZ73 |  i: 1309533 | CONFIRM | D: 59d361 | b: (4294967295,[ SIGNED@sdf_testnet_2 txH: 667775, ct: 1772547355, upgrades: [ ] ]) | p.n: 4294967295 | c.n: 1 | h.n: 4294967295 }
2026-03-03T14:16:27.425 GBZ73 [SCP FATAL] Please report this bug along with this log file if this was not expected
2026-03-03T14:16:27.425 GBZ73 [SCP FATAL] Exception: Cannot commit transaction. database or disk is full
2026-03-03T14:16:27.425 GBZ73 [SCP FATAL] SCP context (GBZ73): 
2026-03-03T14:16:27.425 GBZ73 [SCP FATAL] {
   "ballotProtocol" : {
      "ballot" : "(4294967295,[ SIGNED@sdf_testnet_2 txH: 667775, ct: 1772547355, upgrades: [ ] ])",
      "heard" : false,
      "phase" : "EXTERNALIZE",
      "state" : "i: 1309533 | EXTERNALIZE | b: (4294967295,[ SIGNED@sdf_testnet_2 txH: 667775, ct: 1772547355, upgrades: [ ] ]) | p: (4294967295,[ SIGNED@sdf_testnet_2 txH: 667775, ct: 1772547355, upgrades: [ ] ]) | p': (<null_ballot>) | h: (4294967295,[ SIGNED@sdf_testnet_2 txH: 667775, ct: 1772547355, upgrades: [ ] ]) | c: (1,[ SIGNED@sdf_testnet_2 txH: 667775, ct: 1772547355, upgrades: [ ] ]) | M: 3"
   },
   "nomination" : {
      "roundnumber" : 0,
      "started" : false
   },
   "quorum_sets" : {
      "59d361" : {
         "t" : 2,
         "v" : [ "sdf_testnet_2", "sdf_testnet_3", "sdf_testnet_1" ]
      }
   },
   "statements" : [
      [
         1772547387,
         "{ENV@sdf_testnet_1 |  i: 1309533 | EXTERNALIZE | c: (1,[ SIGNED@sdf_testnet_2 txH: 667775, ct: 1772547355, upgrades: [ ] ]) | h.n: 1 | (lastD): 59d361 }",
         false
      ],
      [
         1772547387,
         "{ENV@sdf_testnet_3 |  i: 1309533 | EXTERNALIZE | c: (1,[ SIGNED@sdf_testnet_2 txH: 667775, ct: 1772547355, upgrades: [ ] ]) | h.n: 1 | (lastD): 59d361 }",
         false
      ],
      [
         1772547387,
         "{ENV@GBZ73 |  i: 1309533 | PREPARE | D: 59d361 | b: (0,[:empty:]) | p: (4294967295,[ SIGNED@sdf_testnet_2 txH: 667775, ct: 1772547355, upgrades: [ ] ]) | p': (<null_ballot>) | c.n: 0 | h.n: 0 }",
         false
      ],
      [
         1772547387,
         "{ENV@GBZ73 |  i: 1309533 | PREPARE | D: 59d361 | b: (4294967295,[ SIGNED@sdf_testnet_2 txH: 667775, ct: 1772547355, upgrades: [ ] ]) | p: (4294967295,[ SIGNED@sdf_testnet_2 txH: 667775, ct: 1772547355, upgrades: [ ] ]) | p': (<null_ballot>) | c.n: 4294967295 | h.n: 4294967295 }",
         false
      ],
      [
         1772547387,
         "{ENV@GBZ73 |  i: 1309533 | CONFIRM | D: 59d361 | b: (4294967295,[ SIGNED@sdf_testnet_2 txH: 667775, ct: 1772547355, upgrades: [ ] ]) | p.n: 4294967295 | c.n: 1 | h.n: 4294967295 }",
         false
      ],
      [
         1772547387,
         "{ENV@GBZ73 |  i: 1309533 | EXTERNALIZE | c: (1,[ SIGNED@sdf_testnet_2 txH: 667775, ct: 1772547355, upgrades: [ ] ]) | h.n: 4294967295 | (lastD): 59d361 }",
         false
      ]
   ],
   "validated" : false
}

2026-03-03T14:16:27.426 GBZ73 [SCP FATAL] Exception processing SCP messages at 1309533, envelope: {ENV@GBZ73 |  i: 1309533 | PREPARE | D: 59d361 | b: (4294967295,[ SIGNED@sdf_testnet_2 txH: 667775, ct: 1772547355, upgrades: [ ] ]) | p: (4294967295,[ SIGNED@sdf_testnet_2 txH: 667775, ct: 1772547355, upgrades: [ ] ]) | p': (<null_ballot>) | c.n: 4294967295 | h.n: 4294967295 }
2026-03-03T14:16:27.426 GBZ73 [SCP FATAL] Please report this bug along with this log file if this was not expected
2026-03-03T14:16:27.426 GBZ73 [SCP FATAL] Exception: Cannot commit transaction. database or disk is full
2026-03-03T14:16:27.426 GBZ73 [SCP FATAL] SCP context (GBZ73): 
2026-03-03T14:16:27.426 GBZ73 [SCP FATAL] {
   "ballotProtocol" : {
      "ballot" : "(4294967295,[ SIGNED@sdf_testnet_2 txH: 667775, ct: 1772547355, upgrades: [ ] ])",
      "heard" : false,
      "phase" : "EXTERNALIZE",
      "state" : "i: 1309533 | EXTERNALIZE | b: (4294967295,[ SIGNED@sdf_testnet_2 txH: 667775, ct: 1772547355, upgrades: [ ] ]) | p: (4294967295,[ SIGNED@sdf_testnet_2 txH: 667775, ct: 1772547355, upgrades: [ ] ]) | p': (<null_ballot>) | h: (4294967295,[ SIGNED@sdf_testnet_2 txH: 667775, ct: 1772547355, upgrades: [ ] ]) | c: (1,[ SIGNED@sdf_testnet_2 txH: 667775, ct: 1772547355, upgrades: [ ] ]) | M: 3"
   },
   "nomination" : {
      "roundnumber" : 0,
      "started" : false
   },
   "quorum_sets" : {
      "59d361" : {
         "t" : 2,
         "v" : [ "sdf_testnet_2", "sdf_testnet_3", "sdf_testnet_1" ]
      }
   },
   "statements" : [
      [
         1772547387,
         "{ENV@sdf_testnet_1 |  i: 1309533 | EXTERNALIZE | c: (1,[ SIGNED@sdf_testnet_2 txH: 667775, ct: 1772547355, upgrades: [ ] ]) | h.n: 1 | (lastD): 59d361 }",
         false
      ],
      [
         1772547387,
         "{ENV@sdf_testnet_3 |  i: 1309533 | EXTERNALIZE | c: (1,[ SIGNED@sdf_testnet_2 txH: 667775, ct: 1772547355, upgrades: [ ] ]) | h.n: 1 | (lastD): 59d361 }",
         false
      ],
      [
         1772547387,
         "{ENV@GBZ73 |  i: 1309533 | PREPARE | D: 59d361 | b: (0,[:empty:]) | p: (4294967295,[ SIGNED@sdf_testnet_2 txH: 667775, ct: 1772547355, upgrades: [ ] ]) | p': (<null_ballot>) | c.n: 0 | h.n: 0 }",
         false
      ],
      [
         1772547387,
         "{ENV@GBZ73 |  i: 1309533 | PREPARE | D: 59d361 | b: (4294967295,[ SIGNED@sdf_testnet_2 txH: 667775, ct: 1772547355, upgrades: [ ] ]) | p: (4294967295,[ SIGNED@sdf_testnet_2 txH: 667775, ct: 1772547355, upgrades: [ ] ]) | p': (<null_ballot>) | c.n: 4294967295 | h.n: 4294967295 }",
         false
      ],
      [
         1772547387,
         "{ENV@GBZ73 |  i: 1309533 | CONFIRM | D: 59d361 | b: (4294967295,[ SIGNED@sdf_testnet_2 txH: 667775, ct: 1772547355, upgrades: [ ] ]) | p.n: 4294967295 | c.n: 1 | h.n: 4294967295 }",
         false
      ],
      [
         1772547387,
         "{ENV@GBZ73 |  i: 1309533 | EXTERNALIZE | c: (1,[ SIGNED@sdf_testnet_2 txH: 667775, ct: 1772547355, upgrades: [ ] ]) | h.n: 4294967295 | (lastD): 59d361 }",
         false
      ]
   ],
   "validated" : false
}

2026-03-03T14:16:27.426 GBZ73 [SCP FATAL] Exception processing SCP messages at 1309533, envelope: {ENV@GBZ73 |  i: 1309533 | PREPARE | D: 59d361 | b: (0,[:empty:]) | p: (4294967295,[ SIGNED@sdf_testnet_2 txH: 667775, ct: 1772547355, upgrades: [ ] ]) | p': (<null_ballot>) | c.n: 0 | h.n: 0 }
2026-03-03T14:16:27.426 GBZ73 [SCP FATAL] Please report this bug along with this log file if this was not expected
2026-03-03T14:16:27.426 GBZ73 [SCP FATAL] Exception: Cannot commit transaction. database or disk is full
2026-03-03T14:16:27.427 GBZ73 [SCP FATAL] SCP context (GBZ73): 
2026-03-03T14:16:27.427 GBZ73 [SCP FATAL] {
   "ballotProtocol" : {
      "ballot" : "(4294967295,[ SIGNED@sdf_testnet_2 txH: 667775, ct: 1772547355, upgrades: [ ] ])",
      "heard" : false,
      "phase" : "EXTERNALIZE",
      "state" : "i: 1309533 | EXTERNALIZE | b: (4294967295,[ SIGNED@sdf_testnet_2 txH: 667775, ct: 1772547355, upgrades: [ ] ]) | p: (4294967295,[ SIGNED@sdf_testnet_2 txH: 667775, ct: 1772547355, upgrades: [ ] ]) | p': (<null_ballot>) | h: (4294967295,[ SIGNED@sdf_testnet_2 txH: 667775, ct: 1772547355, upgrades: [ ] ]) | c: (1,[ SIGNED@sdf_testnet_2 txH: 667775, ct: 1772547355, upgrades: [ ] ]) | M: 3"
   },
   "nomination" : {
      "roundnumber" : 0,
      "started" : false
   },
   "quorum_sets" : {
      "59d361" : {
         "t" : 2,
         "v" : [ "sdf_testnet_2", "sdf_testnet_3", "sdf_testnet_1" ]
      }
   },
   "statements" : [
      [
         1772547387,
         "{ENV@sdf_testnet_1 |  i: 1309533 | EXTERNALIZE | c: (1,[ SIGNED@sdf_testnet_2 txH: 667775, ct: 1772547355, upgrades: [ ] ]) | h.n: 1 | (lastD): 59d361 }",
         false
      ],
      [
         1772547387,
         "{ENV@sdf_testnet_3 |  i: 1309533 | EXTERNALIZE | c: (1,[ SIGNED@sdf_testnet_2 txH: 667775, ct: 1772547355, upgrades: [ ] ]) | h.n: 1 | (lastD): 59d361 }",
         false
      ],
      [
         1772547387,
         "{ENV@GBZ73 |  i: 1309533 | PREPARE | D: 59d361 | b: (0,[:empty:]) | p: (4294967295,[ SIGNED@sdf_testnet_2 txH: 667775, ct: 1772547355, upgrades: [ ] ]) | p': (<null_ballot>) | c.n: 0 | h.n: 0 }",
         false
      ],
      [
         1772547387,
         "{ENV@GBZ73 |  i: 1309533 | PREPARE | D: 59d361 | b: (4294967295,[ SIGNED@sdf_testnet_2 txH: 667775, ct: 1772547355, upgrades: [ ] ]) | p: (4294967295,[ SIGNED@sdf_testnet_2 txH: 667775, ct: 1772547355, upgrades: [ ] ]) | p': (<null_ballot>) | c.n: 4294967295 | h.n: 4294967295 }",
         false
      ],
      [
         1772547387,
         "{ENV@GBZ73 |  i: 1309533 | CONFIRM | D: 59d361 | b: (4294967295,[ SIGNED@sdf_testnet_2 txH: 667775, ct: 1772547355, upgrades: [ ] ]) | p.n: 4294967295 | c.n: 1 | h.n: 4294967295 }",
         false
      ],
      [
         1772547387,
         "{ENV@GBZ73 |  i: 1309533 | EXTERNALIZE | c: (1,[ SIGNED@sdf_testnet_2 txH: 667775, ct: 1772547355, upgrades: [ ] ]) | h.n: 4294967295 | (lastD): 59d361 }",
         false
      ]
   ],
   "validated" : false
}

2026-03-03T14:16:27.427 GBZ73 [SCP FATAL] Exception processing SCP messages at 1309533, envelope: {ENV@sdf_testnet_3 |  i: 1309533 | EXTERNALIZE | c: (1,[ SIGNED@sdf_testnet_2 txH: 667775, ct: 1772547355, upgrades: [ ] ]) | h.n: 1 | (lastD): 59d361 }
2026-03-03T14:16:27.427 GBZ73 [SCP FATAL] Please report this bug along with this log file if this was not expected
