2026-03-04T12:09:32.145 GASMY [default INFO] Starting stellar-core v25.1.1
2026-03-04T12:09:32.147 GASMY [Database INFO] Connecting to: sqlite3:///opt/stellar/core/stellar.db
2026-03-04T12:09:32.155 GASMY [SCP INFO] LocalNode::LocalNode@GASMY qSet: 59d361
2026-03-04T12:09:32.156 GASMY [Database INFO] DB schema is in current version
2026-03-04T12:09:32.156 GASMY [default INFO] Listening on 0.0.0.0:11626 for HTTP requests
2026-03-04T12:09:32.156 GASMY [Bucket INFO] BucketListDB enabled: pageSizeExponent: 14 indexCutOff: 20MB, persist indexes: true
2026-03-04T12:09:32.156 GASMY [default INFO] Connection effective settings:
2026-03-04T12:09:32.156 GASMY [default INFO] TARGET_PEER_CONNECTIONS: 8
2026-03-04T12:09:32.156 GASMY [default INFO] MAX_ADDITIONAL_PEER_CONNECTIONS: 64
2026-03-04T12:09:32.156 GASMY [default INFO] MAX_PENDING_CONNECTIONS: 500
2026-03-04T12:09:32.156 GASMY [default INFO] MAX_OUTBOUND_PENDING_CONNECTIONS: 56
2026-03-04T12:09:32.156 GASMY [default INFO] MAX_INBOUND_PENDING_CONNECTIONS: 444
2026-03-04T12:09:32.156 GASMY [default INFO] BACKGROUND_OVERLAY_PROCESSING=true
2026-03-04T12:09:32.156 GASMY [default INFO] PARALLEL_LEDGER_APPLY=true
2026-03-04T12:09:32.156 GASMY [History INFO] Archive 'sdf_testnet_1' has 'get' command only, will not be written
2026-03-04T12:09:32.156 GASMY [History INFO] Archive 'sdf_testnet_2' has 'get' command only, will not be written
2026-03-04T12:09:32.156 GASMY [History INFO] Archive 'sdf_testnet_3' has 'get' command only, will not be written
2026-03-04T12:09:32.156 GASMY [History WARNING] No writable archives configured, history will not be written.
2026-03-04T12:09:32.156 GASMY [Ledger INFO] Starting up application
2026-03-04T12:09:32.156 GASMY [Ledger INFO] Last closed ledger (LCL) hash is 3717cc2d58717d0d8a5612cf97b9c2e7c04d1eeb1b77151a59687fae75e4aab6
2026-03-04T12:09:32.157 GASMY [Ledger INFO] Loaded LCL header from database: [seq=1325251, hash=3717cc]
2026-03-04T12:09:32.157 GASMY [default INFO] Establishing 10-entry connection pool to: sqlite3:///opt/stellar/core/stellar.db
2026-03-04T12:09:32.719 GASMY [Ledger INFO] Assumed bucket-state for LCL: [seq=1325251, hash=3717cc]
2026-03-04T12:09:32.720 GASMY [default INFO] Launching 1 loading and 5 compiling background threads
2026-03-04T12:09:33.011 GASMY [default INFO] Compiled 1642 contracts (43833304 bytes of Wasm) in 291ms real time, 1414ms CPU time
2026-03-04T12:09:35.175 GASMY [Overlay INFO] Binding to endpoint 0.0.0.0:11625
2026-03-04T12:09:35.182 GASMY [History INFO] Downloading history archive state: .well-known/stellar-history.json
2026-03-04T12:09:35.571 GASMY [Process WARNING] process 5832 exited 23: curl -sf http://history.stellar.org/prd/core-testnet/core_testnet_001/.well-known/stellar-history.json -o buckets/tmp/history-e9de85c097959c3f/13fd95e0fdcd63ea-stellar-history.json
2026-03-04T12:09:35.571 GASMY [History WARNING] Could not download file: archive sdf_testnet_1 maybe missing file .well-known/stellar-history.json
2026-03-04T12:09:35.572 GASMY [History ERROR] Could not download .well-known/stellar-history.json file: corrupt archive sdf_testnet_1
2026-03-04T12:09:35.573 GASMY [History ERROR] Failed to obtain archive information: sdf_testnet_1
2026-03-04T12:09:37.428 GASMY [Overlay ERROR] PeerManager::store error: sqlite3_statement_backend::loadOne: database or disk is full on 98.91.174.101:11625
2026-03-04T12:09:37.429 GASMY [Overlay ERROR] PeerManager::store error: sqlite3_statement_backend::loadOne: database or disk is full on 44.204.146.210:11625
2026-03-04T12:09:37.429 GASMY [Overlay ERROR] PeerManager::store error: sqlite3_statement_backend::loadOne: database or disk is full on 44.213.67.110:11625
2026-03-04T12:09:37.429 GASMY [Overlay ERROR] PeerManager::store error: sqlite3_statement_backend::loadOne: database or disk is full on 3.148.60.154:11725
2026-03-04T12:09:37.430 GASMY [Overlay ERROR] PeerManager::store error: sqlite3_statement_backend::loadOne: database or disk is full on 93.127.160.241:11625
2026-03-04T12:09:37.431 GASMY [Overlay ERROR] PeerManager::store error: sqlite3_statement_backend::loadOne: database or disk is full on 74.118.139.126:11625
2026-03-04T12:09:37.432 GASMY [Overlay ERROR] PeerManager::store error: sqlite3_statement_backend::loadOne: database or disk is full on 185.255.131.210:11625
2026-03-04T12:09:37.433 GASMY [Overlay ERROR] PeerManager::store error: sqlite3_statement_backend::loadOne: database or disk is full on 198.199.88.228:11625
2026-03-04T12:09:37.434 GASMY [Overlay ERROR] PeerManager::store error: sqlite3_statement_backend::loadOne: database or disk is full on 64.23.179.161:11625
2026-03-04T12:09:37.435 GASMY [Overlay ERROR] PeerManager::store error: sqlite3_statement_backend::loadOne: database or disk is full on 172.18.0.1:11825
2026-03-04T12:09:37.435 GASMY [Overlay ERROR] PeerManager::store error: sqlite3_statement_backend::loadOne: database or disk is full on 200.129.247.55:11625
2026-03-04T12:09:37.436 GASMY [Overlay ERROR] PeerManager::store error: sqlite3_statement_backend::loadOne: database or disk is full on 147.92.159.184:11725
2026-03-04T12:09:37.436 GASMY [Overlay ERROR] PeerManager::store error: sqlite3_statement_backend::loadOne: database or disk is full on 52.91.130.193:30020
2026-03-04T12:09:37.437 GASMY [Overlay ERROR] PeerManager::store error: sqlite3_statement_backend::loadOne: database or disk is full on 3.249.87.23:30020
2026-03-04T12:09:37.438 GASMY [Overlay ERROR] PeerManager::store error: sqlite3_statement_backend::loadOne: database or disk is full on 200.129.247.42:11625
2026-03-04T12:09:37.438 GASMY [Overlay ERROR] PeerManager::store error: sqlite3_statement_backend::loadOne: database or disk is full on 160.155.38.109:11625
2026-03-04T12:09:37.439 GASMY [Overlay ERROR] PeerManager::store error: sqlite3_statement_backend::loadOne: database or disk is full on 34.241.153.42:30020
2026-03-04T12:09:37.439 GASMY [Overlay ERROR] PeerManager::store error: sqlite3_statement_backend::loadOne: database or disk is full on 35.175.229.79:30400
2026-03-04T12:09:37.440 GASMY [Overlay ERROR] PeerManager::store error: sqlite3_statement_backend::loadOne: database or disk is full on 216.169.132.69:11625
2026-03-04T12:09:37.441 GASMY [Overlay ERROR] PeerManager::store error: sqlite3_statement_backend::loadOne: database or disk is full on 206.125.34.196:11725
2026-03-04T12:09:37.443 GASMY [Overlay ERROR] PeerManager::store error: sqlite3_statement_backend::loadOne: database or disk is full on 3.238.52.233:30400
2026-03-04T12:09:37.444 GASMY [Overlay ERROR] PeerManager::store error: sqlite3_statement_backend::loadOne: database or disk is full on 18.201.51.16:30020
2026-03-04T12:09:37.445 GASMY [Overlay ERROR] PeerManager::store error: sqlite3_statement_backend::loadOne: database or disk is full on 34.227.52.150:30020
2026-03-04T12:09:37.446 GASMY [Overlay ERROR] PeerManager::store error: sqlite3_statement_backend::loadOne: database or disk is full on 54.236.21.197:30020
2026-03-04T12:09:37.447 GASMY [Overlay ERROR] PeerManager::store error: sqlite3_statement_backend::loadOne: database or disk is full on 24.252.206.200:11625
2026-03-04T12:09:37.448 GASMY [Overlay ERROR] PeerManager::store error: sqlite3_statement_backend::loadOne: database or disk is full on 18.201.241.124:30020
2026-03-04T12:09:37.449 GASMY [Overlay ERROR] PeerManager::store error: sqlite3_statement_backend::loadOne: database or disk is full on 34.229.162.244:30020
2026-03-04T12:09:37.450 GASMY [Overlay ERROR] PeerManager::store error: sqlite3_statement_backend::loadOne: database or disk is full on 173.244.202.69:11725
2026-03-04T12:09:37.451 GASMY [Overlay ERROR] PeerManager::store error: sqlite3_statement_backend::loadOne: database or disk is full on 3.134.225.19:11725
2026-03-04T12:09:37.452 GASMY [Overlay ERROR] PeerManager::store error: sqlite3_statement_backend::loadOne: database or disk is full on 185.91.122.95:11725
2026-03-04T12:09:37.453 GASMY [Overlay ERROR] PeerManager::store error: sqlite3_statement_backend::loadOne: database or disk is full on 184.72.81.138:30020
2026-03-04T12:09:37.453 GASMY [Overlay ERROR] PeerManager::store error: sqlite3_statement_backend::loadOne: database or disk is full on 3.95.1.43:30400
2026-03-04T12:09:37.454 GASMY [Overlay ERROR] PeerManager::store error: sqlite3_statement_backend::loadOne: database or disk is full on 147.92.216.66:11825
2026-03-04T12:09:37.455 GASMY [Overlay ERROR] PeerManager::store error: sqlite3_statement_backend::loadOne: database or disk is full on 174.138.52.29:11625
2026-03-04T12:09:37.456 GASMY [Overlay ERROR] PeerManager::store error: sqlite3_statement_backend::loadOne: database or disk is full on 216.169.132.56:11625
2026-03-04T12:09:37.457 GASMY [Overlay ERROR] PeerManager::store error: sqlite3_statement_backend::loadOne: database or disk is full on 200.129.247.110:11825
2026-03-04T12:09:37.886 GASMY [Overlay ERROR] PeerManager::store error: sqlite3_statement_backend::loadOne: database or disk is full on 3.148.60.154:11725
2026-03-04T12:09:37.887 GASMY [Overlay INFO] Authenticated to 3.148.60.154:11725
2026-03-04T12:09:38.134 GASMY [Overlay ERROR] PeerManager::store error: sqlite3_statement_backend::loadOne: database or disk is full on 93.127.160.241:11625
2026-03-04T12:09:38.135 GASMY [Overlay INFO] Authenticated to 93.127.160.241:11625
2026-03-04T12:09:38.142 GASMY [Overlay ERROR] PeerManager::store error: sqlite3_statement_backend::loadOne: database or disk is full on 74.118.139.126:11625
2026-03-04T12:09:38.143 GASMY [Overlay INFO] Authenticated to 74.118.139.126:11625
2026-03-04T12:09:40.193 GASMY [SCP FATAL] Exception: Cannot commit transaction. database or disk is full
2026-03-04T12:09:40.194 GASMY [SCP FATAL] SCP context (GASMY): 
2026-03-04T12:09:40.195 GASMY [SCP FATAL] {
   "ballotProtocol" : {
      "ballot" : "(4294967295,[ SIGNED@sdf_testnet_2 txH: d20f15, ct: 1772626018, upgrades: [ ] ])",
      "heard" : false,
      "phase" : "EXTERNALIZE",
      "state" : "i: 1325248 | EXTERNALIZE | b: (4294967295,[ SIGNED@sdf_testnet_2 txH: d20f15, ct: 1772626018, upgrades: [ ] ]) | p: (4294967295,[ SIGNED@sdf_testnet_2 txH: d20f15, ct: 1772626018, upgrades: [ ] ]) | p': (<null_ballot>) | h: (4294967295,[ SIGNED@sdf_testnet_2 txH: d20f15, ct: 1772626018, upgrades: [ ] ]) | c: (1,[ SIGNED@sdf_testnet_2 txH: d20f15, ct: 1772626018, upgrades: [ ] ]) | M: 3"
   },
   "nomination" : {
      "roundnumber" : 0,
      "started" : false
   },
   "quorum_sets" : {
      "59d361" : {
         "t" : 2,
         "v" : [ "sdf_testnet_2", "sdf_testnet_3", "sdf_testnet_1" ]
      }
   },
   "statements" : [
      [
         1772626180,
         "{ENV@sdf_testnet_1 |  i: 1325248 | EXTERNALIZE | c: (1,[ SIGNED@sdf_testnet_2 txH: d20f15, ct: 1772626018, upgrades: [ ] ]) | h.n: 1 | (lastD): 59d361 }",
         false
      ],
      [
         1772626180,
         "{ENV@sdf_testnet_3 |  i: 1325248 | EXTERNALIZE | c: (1,[ SIGNED@sdf_testnet_2 txH: d20f15, ct: 1772626018, upgrades: [ ] ]) | h.n: 1 | (lastD): 59d361 }",
         false
      ],
      [
         1772626180,
         "{ENV@GASMY |  i: 1325248 | PREPARE | D: 59d361 | b: (0,[:empty:]) | p: (4294967295,[ SIGNED@sdf_testnet_2 txH: d20f15, ct: 1772626018, upgrades: [ ] ]) | p': (<null_ballot>) | c.n: 0 | h.n: 0 }",
         false
      ],
      [
         1772626180,
         "{ENV@GASMY |  i: 1325248 | PREPARE | D: 59d361 | b: (4294967295,[ SIGNED@sdf_testnet_2 txH: d20f15, ct: 1772626018, upgrades: [ ] ]) | p: (4294967295,[ SIGNED@sdf_testnet_2 txH: d20f15, ct: 1772626018, upgrades: [ ] ]) | p': (<null_ballot>) | c.n: 4294967295 | h.n: 4294967295 }",
         false
      ],
      [
         1772626180,
         "{ENV@GASMY |  i: 1325248 | CONFIRM | D: 59d361 | b: (4294967295,[ SIGNED@sdf_testnet_2 txH: d20f15, ct: 1772626018, upgrades: [ ] ]) | p.n: 4294967295 | c.n: 1 | h.n: 4294967295 }",
         false
      ],
      [
         1772626180,
         "{ENV@GASMY |  i: 1325248 | EXTERNALIZE | c: (1,[ SIGNED@sdf_testnet_2 txH: d20f15, ct: 1772626018, upgrades: [ ] ]) | h.n: 4294967295 | (lastD): 59d361 }",
         false
      ]
   ],
   "validated" : false
}

2026-03-04T12:09:40.197 GASMY [SCP FATAL] Exception processing SCP messages at 1325248, envelope: {ENV@GASMY |  i: 1325248 | CONFIRM | D: 59d361 | b: (4294967295,[ SIGNED@sdf_testnet_2 txH: d20f15, ct: 1772626018, upgrades: [ ] ]) | p.n: 4294967295 | c.n: 1 | h.n: 4294967295 }
2026-03-04T12:09:40.197 GASMY [SCP FATAL] Please report this bug along with this log file if this was not expected
2026-03-04T12:09:40.198 GASMY [SCP FATAL] Exception: Cannot commit transaction. database or disk is full
2026-03-04T12:09:40.198 GASMY [SCP FATAL] SCP context (GASMY): 
2026-03-04T12:09:40.199 GASMY [SCP FATAL] {
   "ballotProtocol" : {
      "ballot" : "(4294967295,[ SIGNED@sdf_testnet_2 txH: d20f15, ct: 1772626018, upgrades: [ ] ])",
      "heard" : false,
      "phase" : "EXTERNALIZE",
      "state" : "i: 1325248 | EXTERNALIZE | b: (4294967295,[ SIGNED@sdf_testnet_2 txH: d20f15, ct: 1772626018, upgrades: [ ] ]) | p: (4294967295,[ SIGNED@sdf_testnet_2 txH: d20f15, ct: 1772626018, upgrades: [ ] ]) | p': (<null_ballot>) | h: (4294967295,[ SIGNED@sdf_testnet_2 txH: d20f15, ct: 1772626018, upgrades: [ ] ]) | c: (1,[ SIGNED@sdf_testnet_2 txH: d20f15, ct: 1772626018, upgrades: [ ] ]) | M: 3"
   },
   "nomination" : {
      "roundnumber" : 0,
      "started" : false
   },
   "quorum_sets" : {
      "59d361" : {
         "t" : 2,
         "v" : [ "sdf_testnet_2", "sdf_testnet_3", "sdf_testnet_1" ]
      }
   },
   "statements" : [
      [
         1772626180,
         "{ENV@sdf_testnet_1 |  i: 1325248 | EXTERNALIZE | c: (1,[ SIGNED@sdf_testnet_2 txH: d20f15, ct: 1772626018, upgrades: [ ] ]) | h.n: 1 | (lastD): 59d361 }",
         false
      ],
      [
         1772626180,
         "{ENV@sdf_testnet_3 |  i: 1325248 | EXTERNALIZE | c: (1,[ SIGNED@sdf_testnet_2 txH: d20f15, ct: 1772626018, upgrades: [ ] ]) | h.n: 1 | (lastD): 59d361 }",
         false
      ],
      [
         1772626180,
         "{ENV@GASMY |  i: 1325248 | PREPARE | D: 59d361 | b: (0,[:empty:]) | p: (4294967295,[ SIGNED@sdf_testnet_2 txH: d20f15, ct: 1772626018, upgrades: [ ] ]) | p': (<null_ballot>) | c.n: 0 | h.n: 0 }",
         false
      ],
      [
         1772626180,
         "{ENV@GASMY |  i: 1325248 | PREPARE | D: 59d361 | b: (4294967295,[ SIGNED@sdf_testnet_2 txH: d20f15, ct: 1772626018, upgrades: [ ] ]) | p: (4294967295,[ SIGNED@sdf_testnet_2 txH: d20f15, ct: 1772626018, upgrades: [ ] ]) | p': (<null_ballot>) | c.n: 4294967295 | h.n: 4294967295 }",
         false
      ],
      [
         1772626180,
         "{ENV@GASMY |  i: 1325248 | CONFIRM | D: 59d361 | b: (4294967295,[ SIGNED@sdf_testnet_2 txH: d20f15, ct: 1772626018, upgrades: [ ] ]) | p.n: 4294967295 | c.n: 1 | h.n: 4294967295 }",
         false
      ],
      [
         1772626180,
         "{ENV@GASMY |  i: 1325248 | EXTERNALIZE | c: (1,[ SIGNED@sdf_testnet_2 txH: d20f15, ct: 1772626018, upgrades: [ ] ]) | h.n: 4294967295 | (lastD): 59d361 }",
         false
      ]
   ],
   "validated" : false
}

2026-03-04T12:09:40.199 GASMY [SCP FATAL] Exception processing SCP messages at 1325248, envelope: {ENV@GASMY |  i: 1325248 | PREPARE | D: 59d361 | b: (4294967295,[ SIGNED@sdf_testnet_2 txH: d20f15, ct: 1772626018, upgrades: [ ] ]) | p: (4294967295,[ SIGNED@sdf_testnet_2 txH: d20f15, ct: 1772626018, upgrades: [ ] ]) | p': (<null_ballot>) | c.n: 4294967295 | h.n: 4294967295 }
2026-03-04T12:09:40.200 GASMY [SCP FATAL] Please report this bug along with this log file if this was not expected
2026-03-04T12:09:40.200 GASMY [SCP FATAL] Exception: Cannot commit transaction. database or disk is full
2026-03-04T12:09:40.200 GASMY [SCP FATAL] SCP context (GASMY): 
2026-03-04T12:09:40.201 GASMY [SCP FATAL] {
   "ballotProtocol" : {
      "ballot" : "(4294967295,[ SIGNED@sdf_testnet_2 txH: d20f15, ct: 1772626018, upgrades: [ ] ])",
      "heard" : false,
      "phase" : "EXTERNALIZE",
      "state" : "i: 1325248 | EXTERNALIZE | b: (4294967295,[ SIGNED@sdf_testnet_2 txH: d20f15, ct: 1772626018, upgrades: [ ] ]) | p: (4294967295,[ SIGNED@sdf_testnet_2 txH: d20f15, ct: 1772626018, upgrades: [ ] ]) | p': (<null_ballot>) | h: (4294967295,[ SIGNED@sdf_testnet_2 txH: d20f15, ct: 1772626018, upgrades: [ ] ]) | c: (1,[ SIGNED@sdf_testnet_2 txH: d20f15, ct: 1772626018, upgrades: [ ] ]) | M: 3"
   },
   "nomination" : {
      "roundnumber" : 0,
      "started" : false
   },
   "quorum_sets" : {
      "59d361" : {
         "t" : 2,
         "v" : [ "sdf_testnet_2", "sdf_testnet_3", "sdf_testnet_1" ]
      }
   },
   "statements" : [
      [
         1772626180,
         "{ENV@sdf_testnet_1 |  i: 1325248 | EXTERNALIZE | c: (1,[ SIGNED@sdf_testnet_2 txH: d20f15, ct: 1772626018, upgrades: [ ] ]) | h.n: 1 | (lastD): 59d361 }",
         false
      ],
      [
         1772626180,
         "{ENV@sdf_testnet_3 |  i: 1325248 | EXTERNALIZE | c: (1,[ SIGNED@sdf_testnet_2 txH: d20f15, ct: 1772626018, upgrades: [ ] ]) | h.n: 1 | (lastD): 59d361 }",
         false
      ],
      [
         1772626180,
         "{ENV@GASMY |  i: 1325248 | PREPARE | D: 59d361 | b: (0,[:empty:]) | p: (4294967295,[ SIGNED@sdf_testnet_2 txH: d20f15, ct: 1772626018, upgrades: [ ] ]) | p': (<null_ballot>) | c.n: 0 | h.n: 0 }",
         false
      ],
      [
         1772626180,
         "{ENV@GASMY |  i: 1325248 | PREPARE | D: 59d361 | b: (4294967295,[ SIGNED@sdf_testnet_2 txH: d20f15, ct: 1772626018, upgrades: [ ] ]) | p: (4294967295,[ SIGNED@sdf_testnet_2 txH: d20f15, ct: 1772626018, upgrades: [ ] ]) | p': (<null_ballot>) | c.n: 4294967295 | h.n: 4294967295 }",
         false
      ],
      [
         1772626180,
         "{ENV@GASMY |  i: 1325248 | CONFIRM | D: 59d361 | b: (4294967295,[ SIGNED@sdf_testnet_2 txH: d20f15, ct: 1772626018, upgrades: [ ] ]) | p.n: 4294967295 | c.n: 1 | h.n: 4294967295 }",
         false
      ],
      [
         1772626180,
         "{ENV@GASMY |  i: 1325248 | EXTERNALIZE | c: (1,[ SIGNED@sdf_testnet_2 txH: d20f15, ct: 1772626018, upgrades: [ ] ]) | h.n: 4294967295 | (lastD): 59d361 }",
         false
      ]
   ],
   "validated" : false
}

2026-03-04T12:09:40.201 GASMY [SCP FATAL] Exception processing SCP messages at 1325248, envelope: {ENV@GASMY |  i: 1325248 | PREPARE | D: 59d361 | b: (0,[:empty:]) | p: (4294967295,[ SIGNED@sdf_testnet_2 txH: d20f15, ct: 1772626018, upgrades: [ ] ]) | p': (<null_ballot>) | c.n: 0 | h.n: 0 }
2026-03-04T12:09:40.202 GASMY [SCP FATAL] Please report this bug along with this log file if this was not expected
2026-03-04T12:09:40.202 GASMY [SCP FATAL] Exception: Cannot commit transaction. database or disk is full
2026-03-04T12:09:40.202 GASMY [SCP FATAL] SCP context (GASMY): 
2026-03-04T12:09:40.203 GASMY [SCP FATAL] {
   "ballotProtocol" : {
      "ballot" : "(4294967295,[ SIGNED@sdf_testnet_2 txH: d20f15, ct: 1772626018, upgrades: [ ] ])",
      "heard" : false,
      "phase" : "EXTERNALIZE",
      "state" : "i: 1325248 | EXTERNALIZE | b: (4294967295,[ SIGNED@sdf_testnet_2 txH: d20f15, ct: 1772626018, upgrades: [ ] ]) | p: (4294967295,[ SIGNED@sdf_testnet_2 txH: d20f15, ct: 1772626018, upgrades: [ ] ]) | p': (<null_ballot>) | h: (4294967295,[ SIGNED@sdf_testnet_2 txH: d20f15, ct: 1772626018, upgrades: [ ] ]) | c: (1,[ SIGNED@sdf_testnet_2 txH: d20f15, ct: 1772626018, upgrades: [ ] ]) | M: 3"
   },
   "nomination" : {
      "roundnumber" : 0,
      "started" : false
   },
   "quorum_sets" : {
      "59d361" : {
         "t" : 2,
         "v" : [ "sdf_testnet_2", "sdf_testnet_3", "sdf_testnet_1" ]
      }
   },
   "statements" : [
      [
         1772626180,
         "{ENV@sdf_testnet_1 |  i: 1325248 | EXTERNALIZE | c: (1,[ SIGNED@sdf_testnet_2 txH: d20f15, ct: 1772626018, upgrades: [ ] ]) | h.n: 1 | (lastD): 59d361 }",
         false
      ],
      [
         1772626180,
         "{ENV@sdf_testnet_3 |  i: 1325248 | EXTERNALIZE | c: (1,[ SIGNED@sdf_testnet_2 txH: d20f15, ct: 1772626018, upgrades: [ ] ]) | h.n: 1 | (lastD): 59d361 }",
         false
      ],
      [
         1772626180,
         "{ENV@GASMY |  i: 1325248 | PREPARE | D: 59d361 | b: (0,[:empty:]) | p: (4294967295,[ SIGNED@sdf_testnet_2 txH: d20f15, ct: 1772626018, upgrades: [ ] ]) | p': (<null_ballot>) | c.n: 0 | h.n: 0 }",
         false
      ],
      [
         1772626180,
         "{ENV@GASMY |  i: 1325248 | PREPARE | D: 59d361 | b: (4294967295,[ SIGNED@sdf_testnet_2 txH: d20f15, ct: 1772626018, upgrades: [ ] ]) | p: (4294967295,[ SIGNED@sdf_testnet_2 txH: d20f15, ct: 1772626018, upgrades: [ ] ]) | p': (<null_ballot>) | c.n: 4294967295 | h.n: 4294967295 }",
         false
      ],
      [
         1772626180,
         "{ENV@GASMY |  i: 1325248 | CONFIRM | D: 59d361 | b: (4294967295,[ SIGNED@sdf_testnet_2 txH: d20f15, ct: 1772626018, upgrades: [ ] ]) | p.n: 4294967295 | c.n: 1 | h.n: 4294967295 }",
         false
      ],
      [
         1772626180,
         "{ENV@GASMY |  i: 1325248 | EXTERNALIZE | c: (1,[ SIGNED@sdf_testnet_2 txH: d20f15, ct: 1772626018, upgrades: [ ] ]) | h.n: 4294967295 | (lastD): 59d361 }",
         false
      ]
   ],
   "validated" : false
}

2026-03-04T12:09:40.203 GASMY [SCP FATAL] Exception processing SCP messages at 1325248, envelope: {ENV@sdf_testnet_3 |  i: 1325248 | EXTERNALIZE | c: (1,[ SIGNED@sdf_testnet_2 txH: d20f15, ct: 1772626018, upgrades: [ ] ]) | h.n: 1 | (lastD): 59d361 }
2026-03-04T12:09:40.204 GASMY [SCP FATAL] Please report this bug along with this log file if this was not expected
