2026-03-03T14:16:15.657 GBF7P [default INFO] Starting stellar-core v25.1.1
2026-03-03T14:16:15.659 GBF7P [Database INFO] Connecting to: sqlite3:///opt/stellar/core/stellar.db
2026-03-03T14:16:15.666 GBF7P [SCP INFO] LocalNode::LocalNode@GBF7P qSet: 59d361
2026-03-03T14:16:15.667 GBF7P [Database INFO] DB schema is in current version
2026-03-03T14:16:15.667 GBF7P [default INFO] Listening on 0.0.0.0:11626 for HTTP requests
2026-03-03T14:16:15.667 GBF7P [Bucket INFO] BucketListDB enabled: pageSizeExponent: 14 indexCutOff: 20MB, persist indexes: true
2026-03-03T14:16:15.667 GBF7P [default INFO] Connection effective settings:
2026-03-03T14:16:15.667 GBF7P [default INFO] TARGET_PEER_CONNECTIONS: 8
2026-03-03T14:16:15.667 GBF7P [default INFO] MAX_ADDITIONAL_PEER_CONNECTIONS: 64
2026-03-03T14:16:15.667 GBF7P [default INFO] MAX_PENDING_CONNECTIONS: 500
2026-03-03T14:16:15.667 GBF7P [default INFO] MAX_OUTBOUND_PENDING_CONNECTIONS: 56
2026-03-03T14:16:15.667 GBF7P [default INFO] MAX_INBOUND_PENDING_CONNECTIONS: 444
2026-03-03T14:16:15.667 GBF7P [default INFO] BACKGROUND_OVERLAY_PROCESSING=true
2026-03-03T14:16:15.668 GBF7P [default INFO] PARALLEL_LEDGER_APPLY=true
2026-03-03T14:16:15.668 GBF7P [History INFO] Archive 'sdf_testnet_1' has 'get' command only, will not be written
2026-03-03T14:16:15.668 GBF7P [History INFO] Archive 'sdf_testnet_2' has 'get' command only, will not be written
2026-03-03T14:16:15.668 GBF7P [History INFO] Archive 'sdf_testnet_3' has 'get' command only, will not be written
2026-03-03T14:16:15.668 GBF7P [History WARNING] No writable archives configured, history will not be written.
2026-03-03T14:16:15.668 GBF7P [Ledger INFO] Starting up application
2026-03-03T14:16:15.668 GBF7P [Ledger INFO] Last closed ledger (LCL) hash is 9216afd4b3f152b0d03456fc5e8a6a758710facabcaa52a9f9918fc34d1dc14c
2026-03-03T14:16:15.668 GBF7P [Ledger INFO] Loaded LCL header from database: [seq=1309535, hash=9216af]
2026-03-03T14:16:15.668 GBF7P [default INFO] Establishing 10-entry connection pool to: sqlite3:///opt/stellar/core/stellar.db
2026-03-03T14:16:16.111 GBF7P [Ledger INFO] Assumed bucket-state for LCL: [seq=1309535, hash=9216af]
2026-03-03T14:16:16.112 GBF7P [default INFO] Launching 1 loading and 5 compiling background threads
2026-03-03T14:16:16.397 GBF7P [default INFO] Compiled 1675 contracts (44902995 bytes of Wasm) in 285ms real time, 1383ms CPU time
2026-03-03T14:16:18.461 GBF7P [Overlay INFO] Binding to endpoint 0.0.0.0:11625
2026-03-03T14:16:18.469 GBF7P [History INFO] Downloading history archive state: .well-known/stellar-history.json
2026-03-03T14:16:18.849 GBF7P [History INFO] Downloading history archive state: .well-known/stellar-history.json
2026-03-03T14:16:19.290 GBF7P [History INFO] Downloading history archive state: .well-known/stellar-history.json
2026-03-03T14:16:19.677 GBF7P [Process WARNING] process 2939 exited 23: curl -sf http://history.stellar.org/prd/core-testnet/core_testnet_003/.well-known/stellar-history.json -o buckets/tmp/history-aaaa0be8180c340c/4f66b04ad325efaa-stellar-history.json
2026-03-03T14:16:19.677 GBF7P [History WARNING] Could not download file: archive sdf_testnet_3 maybe missing file .well-known/stellar-history.json
2026-03-03T14:16:19.677 GBF7P [History ERROR] Could not download .well-known/stellar-history.json file: corrupt archive sdf_testnet_3
2026-03-03T14:16:19.678 GBF7P [History ERROR] Failed to obtain archive information: sdf_testnet_3
2026-03-03T14:16:20.718 GBF7P [Overlay ERROR] PeerManager::store error: sqlite3_statement_backend::loadOne: database or disk is full on 44.204.146.210:11625
2026-03-03T14:16:20.718 GBF7P [Overlay ERROR] PeerManager::store error: sqlite3_statement_backend::loadOne: database or disk is full on 44.213.67.110:11625
2026-03-03T14:16:20.719 GBF7P [Overlay ERROR] PeerManager::store error: sqlite3_statement_backend::loadOne: database or disk is full on 44.203.24.1:30400
2026-03-03T14:16:20.719 GBF7P [Overlay ERROR] PeerManager::store error: sqlite3_statement_backend::loadOne: database or disk is full on 200.129.247.119:11625
2026-03-03T14:16:20.720 GBF7P [Overlay ERROR] PeerManager::store error: sqlite3_statement_backend::loadOne: database or disk is full on 65.21.2.102:11625
2026-03-03T14:16:20.721 GBF7P [Overlay ERROR] PeerManager::store error: sqlite3_statement_backend::loadOne: database or disk is full on 34.241.153.42:30020
2026-03-03T14:16:20.722 GBF7P [Overlay ERROR] PeerManager::store error: sqlite3_statement_backend::loadOne: database or disk is full on 200.129.247.55:11625
2026-03-03T14:16:20.723 GBF7P [Overlay ERROR] PeerManager::store error: sqlite3_statement_backend::loadOne: database or disk is full on 144.76.79.10:51770
2026-03-03T14:16:20.723 GBF7P [Overlay ERROR] PeerManager::store error: sqlite3_statement_backend::loadOne: database or disk is full on 77.48.24.153:11625
2026-03-03T14:16:20.724 GBF7P [Overlay ERROR] PeerManager::store error: sqlite3_statement_backend::loadOne: database or disk is full on 3.249.87.23:30020
2026-03-03T14:16:20.725 GBF7P [Overlay ERROR] PeerManager::store error: sqlite3_statement_backend::loadOne: database or disk is full on 65.109.19.49:11625
2026-03-03T14:16:20.725 GBF7P [Overlay ERROR] PeerManager::store error: sqlite3_statement_backend::loadOne: database or disk is full on 54.163.22.184:30020
2026-03-03T14:16:20.726 GBF7P [Overlay ERROR] PeerManager::store error: sqlite3_statement_backend::loadOne: database or disk is full on 213.10.11.118:11625
2026-03-03T14:16:20.727 GBF7P [Overlay ERROR] PeerManager::store error: sqlite3_statement_backend::loadOne: database or disk is full on 40.160.64.57:11725
2026-03-03T14:16:20.727 GBF7P [Overlay ERROR] PeerManager::store error: sqlite3_statement_backend::loadOne: database or disk is full on 13.217.88.18:11625
2026-03-03T14:16:21.140 GBF7P [Overlay INFO] Authenticated to 44.203.24.1:30400
2026-03-03T14:16:21.142 GBF7P [Overlay ERROR] PeerManager::store error: sqlite3_statement_backend::loadOne: database or disk is full on 200.129.247.55:11725
2026-03-03T14:16:21.143 GBF7P [Overlay ERROR] PeerManager::store error: sqlite3_statement_backend::loadOne: database or disk is full on 200.129.247.71:11825
2026-03-03T14:16:21.423 GBF7P [SCP FATAL] Exception: Cannot commit transaction. database or disk is full
2026-03-03T14:16:21.423 GBF7P [SCP FATAL] SCP context (GBF7P): 
2026-03-03T14:16:21.423 GBF7P [SCP FATAL] {
   "ballotProtocol" : {
      "ballot" : "(4294967295,[ SIGNED@sdf_testnet_2 txH: 667775, ct: 1772547355, upgrades: [ ] ])",
      "heard" : false,
      "phase" : "EXTERNALIZE",
      "state" : "i: 1309533 | EXTERNALIZE | b: (4294967295,[ SIGNED@sdf_testnet_2 txH: 667775, ct: 1772547355, upgrades: [ ] ]) | p: (4294967295,[ SIGNED@sdf_testnet_2 txH: 667775, ct: 1772547355, upgrades: [ ] ]) | p': (<null_ballot>) | h: (4294967295,[ SIGNED@sdf_testnet_2 txH: 667775, ct: 1772547355, upgrades: [ ] ]) | c: (1,[ SIGNED@sdf_testnet_2 txH: 667775, ct: 1772547355, upgrades: [ ] ]) | M: 3"
   },
   "nomination" : {
      "roundnumber" : 0,
      "started" : false
   },
   "quorum_sets" : {
      "59d361" : {
         "t" : 2,
         "v" : [ "sdf_testnet_2", "sdf_testnet_3", "sdf_testnet_1" ]
      }
   },
   "statements" : [
      [
         1772547381,
         "{ENV@sdf_testnet_1 |  i: 1309533 | EXTERNALIZE | c: (1,[ SIGNED@sdf_testnet_2 txH: 667775, ct: 1772547355, upgrades: [ ] ]) | h.n: 1 | (lastD): 59d361 }",
         false
      ],
      [
         1772547381,
         "{ENV@sdf_testnet_3 |  i: 1309533 | EXTERNALIZE | c: (1,[ SIGNED@sdf_testnet_2 txH: 667775, ct: 1772547355, upgrades: [ ] ]) | h.n: 1 | (lastD): 59d361 }",
         false
      ],
      [
         1772547381,
         "{ENV@GBF7P |  i: 1309533 | PREPARE | D: 59d361 | b: (0,[:empty:]) | p: (4294967295,[ SIGNED@sdf_testnet_2 txH: 667775, ct: 1772547355, upgrades: [ ] ]) | p': (<null_ballot>) | c.n: 0 | h.n: 0 }",
         false
      ],
      [
         1772547381,
         "{ENV@GBF7P |  i: 1309533 | PREPARE | D: 59d361 | b: (4294967295,[ SIGNED@sdf_testnet_2 txH: 667775, ct: 1772547355, upgrades: [ ] ]) | p: (4294967295,[ SIGNED@sdf_testnet_2 txH: 667775, ct: 1772547355, upgrades: [ ] ]) | p': (<null_ballot>) | c.n: 4294967295 | h.n: 4294967295 }",
         false
      ],
      [
         1772547381,
         "{ENV@GBF7P |  i: 1309533 | CONFIRM | D: 59d361 | b: (4294967295,[ SIGNED@sdf_testnet_2 txH: 667775, ct: 1772547355, upgrades: [ ] ]) | p.n: 4294967295 | c.n: 1 | h.n: 4294967295 }",
         false
      ],
      [
         1772547381,
         "{ENV@GBF7P |  i: 1309533 | EXTERNALIZE | c: (1,[ SIGNED@sdf_testnet_2 txH: 667775, ct: 1772547355, upgrades: [ ] ]) | h.n: 4294967295 | (lastD): 59d361 }",
         false
      ]
   ],
   "validated" : false
}

2026-03-03T14:16:21.424 GBF7P [SCP FATAL] Exception processing SCP messages at 1309533, envelope: {ENV@GBF7P |  i: 1309533 | CONFIRM | D: 59d361 | b: (4294967295,[ SIGNED@sdf_testnet_2 txH: 667775, ct: 1772547355, upgrades: [ ] ]) | p.n: 4294967295 | c.n: 1 | h.n: 4294967295 }
2026-03-03T14:16:21.424 GBF7P [SCP FATAL] Please report this bug along with this log file if this was not expected
2026-03-03T14:16:21.424 GBF7P [SCP FATAL] Exception: Cannot commit transaction. database or disk is full
2026-03-03T14:16:21.424 GBF7P [SCP FATAL] SCP context (GBF7P): 
2026-03-03T14:16:21.424 GBF7P [SCP FATAL] {
   "ballotProtocol" : {
      "ballot" : "(4294967295,[ SIGNED@sdf_testnet_2 txH: 667775, ct: 1772547355, upgrades: [ ] ])",
      "heard" : false,
      "phase" : "EXTERNALIZE",
      "state" : "i: 1309533 | EXTERNALIZE | b: (4294967295,[ SIGNED@sdf_testnet_2 txH: 667775, ct: 1772547355, upgrades: [ ] ]) | p: (4294967295,[ SIGNED@sdf_testnet_2 txH: 667775, ct: 1772547355, upgrades: [ ] ]) | p': (<null_ballot>) | h: (4294967295,[ SIGNED@sdf_testnet_2 txH: 667775, ct: 1772547355, upgrades: [ ] ]) | c: (1,[ SIGNED@sdf_testnet_2 txH: 667775, ct: 1772547355, upgrades: [ ] ]) | M: 3"
   },
   "nomination" : {
      "roundnumber" : 0,
      "started" : false
   },
   "quorum_sets" : {
      "59d361" : {
         "t" : 2,
         "v" : [ "sdf_testnet_2", "sdf_testnet_3", "sdf_testnet_1" ]
      }
   },
   "statements" : [
      [
         1772547381,
         "{ENV@sdf_testnet_1 |  i: 1309533 | EXTERNALIZE | c: (1,[ SIGNED@sdf_testnet_2 txH: 667775, ct: 1772547355, upgrades: [ ] ]) | h.n: 1 | (lastD): 59d361 }",
         false
      ],
      [
         1772547381,
         "{ENV@sdf_testnet_3 |  i: 1309533 | EXTERNALIZE | c: (1,[ SIGNED@sdf_testnet_2 txH: 667775, ct: 1772547355, upgrades: [ ] ]) | h.n: 1 | (lastD): 59d361 }",
         false
      ],
      [
         1772547381,
         "{ENV@GBF7P |  i: 1309533 | PREPARE | D: 59d361 | b: (0,[:empty:]) | p: (4294967295,[ SIGNED@sdf_testnet_2 txH: 667775, ct: 1772547355, upgrades: [ ] ]) | p': (<null_ballot>) | c.n: 0 | h.n: 0 }",
         false
      ],
      [
         1772547381,
         "{ENV@GBF7P |  i: 1309533 | PREPARE | D: 59d361 | b: (4294967295,[ SIGNED@sdf_testnet_2 txH: 667775, ct: 1772547355, upgrades: [ ] ]) | p: (4294967295,[ SIGNED@sdf_testnet_2 txH: 667775, ct: 1772547355, upgrades: [ ] ]) | p': (<null_ballot>) | c.n: 4294967295 | h.n: 4294967295 }",
         false
      ],
      [
         1772547381,
         "{ENV@GBF7P |  i: 1309533 | CONFIRM | D: 59d361 | b: (4294967295,[ SIGNED@sdf_testnet_2 txH: 667775, ct: 1772547355, upgrades: [ ] ]) | p.n: 4294967295 | c.n: 1 | h.n: 4294967295 }",
         false
      ],
      [
         1772547381,
         "{ENV@GBF7P |  i: 1309533 | EXTERNALIZE | c: (1,[ SIGNED@sdf_testnet_2 txH: 667775, ct: 1772547355, upgrades: [ ] ]) | h.n: 4294967295 | (lastD): 59d361 }",
         false
      ]
   ],
   "validated" : false
}

2026-03-03T14:16:21.424 GBF7P [SCP FATAL] Exception processing SCP messages at 1309533, envelope: {ENV@GBF7P |  i: 1309533 | PREPARE | D: 59d361 | b: (4294967295,[ SIGNED@sdf_testnet_2 txH: 667775, ct: 1772547355, upgrades: [ ] ]) | p: (4294967295,[ SIGNED@sdf_testnet_2 txH: 667775, ct: 1772547355, upgrades: [ ] ]) | p': (<null_ballot>) | c.n: 4294967295 | h.n: 4294967295 }
2026-03-03T14:16:21.424 GBF7P [SCP FATAL] Please report this bug along with this log file if this was not expected
2026-03-03T14:16:21.425 GBF7P [SCP FATAL] Exception: Cannot commit transaction. database or disk is full
2026-03-03T14:16:21.425 GBF7P [SCP FATAL] SCP context (GBF7P): 
2026-03-03T14:16:21.425 GBF7P [SCP FATAL] {
   "ballotProtocol" : {
      "ballot" : "(4294967295,[ SIGNED@sdf_testnet_2 txH: 667775, ct: 1772547355, upgrades: [ ] ])",
      "heard" : false,
      "phase" : "EXTERNALIZE",
      "state" : "i: 1309533 | EXTERNALIZE | b: (4294967295,[ SIGNED@sdf_testnet_2 txH: 667775, ct: 1772547355, upgrades: [ ] ]) | p: (4294967295,[ SIGNED@sdf_testnet_2 txH: 667775, ct: 1772547355, upgrades: [ ] ]) | p': (<null_ballot>) | h: (4294967295,[ SIGNED@sdf_testnet_2 txH: 667775, ct: 1772547355, upgrades: [ ] ]) | c: (1,[ SIGNED@sdf_testnet_2 txH: 667775, ct: 1772547355, upgrades: [ ] ]) | M: 3"
   },
   "nomination" : {
      "roundnumber" : 0,
      "started" : false
   },
   "quorum_sets" : {
      "59d361" : {
         "t" : 2,
         "v" : [ "sdf_testnet_2", "sdf_testnet_3", "sdf_testnet_1" ]
      }
   },
   "statements" : [
      [
         1772547381,
         "{ENV@sdf_testnet_1 |  i: 1309533 | EXTERNALIZE | c: (1,[ SIGNED@sdf_testnet_2 txH: 667775, ct: 1772547355, upgrades: [ ] ]) | h.n: 1 | (lastD): 59d361 }",
         false
      ],
      [
         1772547381,
         "{ENV@sdf_testnet_3 |  i: 1309533 | EXTERNALIZE | c: (1,[ SIGNED@sdf_testnet_2 txH: 667775, ct: 1772547355, upgrades: [ ] ]) | h.n: 1 | (lastD): 59d361 }",
         false
      ],
      [
         1772547381,
         "{ENV@GBF7P |  i: 1309533 | PREPARE | D: 59d361 | b: (0,[:empty:]) | p: (4294967295,[ SIGNED@sdf_testnet_2 txH: 667775, ct: 1772547355, upgrades: [ ] ]) | p': (<null_ballot>) | c.n: 0 | h.n: 0 }",
         false
      ],
      [
         1772547381,
         "{ENV@GBF7P |  i: 1309533 | PREPARE | D: 59d361 | b: (4294967295,[ SIGNED@sdf_testnet_2 txH: 667775, ct: 1772547355, upgrades: [ ] ]) | p: (4294967295,[ SIGNED@sdf_testnet_2 txH: 667775, ct: 1772547355, upgrades: [ ] ]) | p': (<null_ballot>) | c.n: 4294967295 | h.n: 4294967295 }",
         false
      ],
      [
         1772547381,
         "{ENV@GBF7P |  i: 1309533 | CONFIRM | D: 59d361 | b: (4294967295,[ SIGNED@sdf_testnet_2 txH: 667775, ct: 1772547355, upgrades: [ ] ]) | p.n: 4294967295 | c.n: 1 | h.n: 4294967295 }",
         false
      ],
      [
         1772547381,
         "{ENV@GBF7P |  i: 1309533 | EXTERNALIZE | c: (1,[ SIGNED@sdf_testnet_2 txH: 667775, ct: 1772547355, upgrades: [ ] ]) | h.n: 4294967295 | (lastD): 59d361 }",
         false
      ]
   ],
   "validated" : false
}

2026-03-03T14:16:21.425 GBF7P [SCP FATAL] Exception processing SCP messages at 1309533, envelope: {ENV@GBF7P |  i: 1309533 | PREPARE | D: 59d361 | b: (0,[:empty:]) | p: (4294967295,[ SIGNED@sdf_testnet_2 txH: 667775, ct: 1772547355, upgrades: [ ] ]) | p': (<null_ballot>) | c.n: 0 | h.n: 0 }
2026-03-03T14:16:21.425 GBF7P [SCP FATAL] Please report this bug along with this log file if this was not expected
2026-03-03T14:16:21.425 GBF7P [SCP FATAL] Exception: Cannot commit transaction. database or disk is full
2026-03-03T14:16:21.425 GBF7P [SCP FATAL] SCP context (GBF7P): 
2026-03-03T14:16:21.425 GBF7P [SCP FATAL] {
   "ballotProtocol" : {
      "ballot" : "(4294967295,[ SIGNED@sdf_testnet_2 txH: 667775, ct: 1772547355, upgrades: [ ] ])",
      "heard" : false,
      "phase" : "EXTERNALIZE",
      "state" : "i: 1309533 | EXTERNALIZE | b: (4294967295,[ SIGNED@sdf_testnet_2 txH: 667775, ct: 1772547355, upgrades: [ ] ]) | p: (4294967295,[ SIGNED@sdf_testnet_2 txH: 667775, ct: 1772547355, upgrades: [ ] ]) | p': (<null_ballot>) | h: (4294967295,[ SIGNED@sdf_testnet_2 txH: 667775, ct: 1772547355, upgrades: [ ] ]) | c: (1,[ SIGNED@sdf_testnet_2 txH: 667775, ct: 1772547355, upgrades: [ ] ]) | M: 3"
   },
   "nomination" : {
      "roundnumber" : 0,
      "started" : false
   },
   "quorum_sets" : {
      "59d361" : {
         "t" : 2,
         "v" : [ "sdf_testnet_2", "sdf_testnet_3", "sdf_testnet_1" ]
      }
   },
   "statements" : [
      [
         1772547381,
         "{ENV@sdf_testnet_1 |  i: 1309533 | EXTERNALIZE | c: (1,[ SIGNED@sdf_testnet_2 txH: 667775, ct: 1772547355, upgrades: [ ] ]) | h.n: 1 | (lastD): 59d361 }",
         false
      ],
      [
         1772547381,
         "{ENV@sdf_testnet_3 |  i: 1309533 | EXTERNALIZE | c: (1,[ SIGNED@sdf_testnet_2 txH: 667775, ct: 1772547355, upgrades: [ ] ]) | h.n: 1 | (lastD): 59d361 }",
         false
      ],
      [
         1772547381,
         "{ENV@GBF7P |  i: 1309533 | PREPARE | D: 59d361 | b: (0,[:empty:]) | p: (4294967295,[ SIGNED@sdf_testnet_2 txH: 667775, ct: 1772547355, upgrades: [ ] ]) | p': (<null_ballot>) | c.n: 0 | h.n: 0 }",
         false
      ],
      [
         1772547381,
         "{ENV@GBF7P |  i: 1309533 | PREPARE | D: 59d361 | b: (4294967295,[ SIGNED@sdf_testnet_2 txH: 667775, ct: 1772547355, upgrades: [ ] ]) | p: (4294967295,[ SIGNED@sdf_testnet_2 txH: 667775, ct: 1772547355, upgrades: [ ] ]) | p': (<null_ballot>) | c.n: 4294967295 | h.n: 4294967295 }",
         false
      ],
      [
         1772547381,
         "{ENV@GBF7P |  i: 1309533 | CONFIRM | D: 59d361 | b: (4294967295,[ SIGNED@sdf_testnet_2 txH: 667775, ct: 1772547355, upgrades: [ ] ]) | p.n: 4294967295 | c.n: 1 | h.n: 4294967295 }",
         false
      ],
      [
         1772547381,
         "{ENV@GBF7P |  i: 1309533 | EXTERNALIZE | c: (1,[ SIGNED@sdf_testnet_2 txH: 667775, ct: 1772547355, upgrades: [ ] ]) | h.n: 4294967295 | (lastD): 59d361 }",
         false
      ]
   ],
   "validated" : false
}

2026-03-03T14:16:21.426 GBF7P [SCP FATAL] Exception processing SCP messages at 1309533, envelope: {ENV@sdf_testnet_3 |  i: 1309533 | EXTERNALIZE | c: (1,[ SIGNED@sdf_testnet_2 txH: 667775, ct: 1772547355, upgrades: [ ] ]) | h.n: 1 | (lastD): 59d361 }
2026-03-03T14:16:21.426 GBF7P [SCP FATAL] Please report this bug along with this log file if this was not expected
