2026-03-03T14:58:09.252 GACBO [default INFO] Starting stellar-core v25.1.1
2026-03-03T14:58:09.253 GACBO [Database INFO] Connecting to: sqlite3:///opt/stellar/core/stellar.db
2026-03-03T14:58:09.255 GACBO [SCP INFO] LocalNode::LocalNode@GACBO qSet: 59d361
2026-03-03T14:58:09.256 GACBO [Database INFO] DB schema is in current version
2026-03-03T14:58:09.256 GACBO [default INFO] Listening on 0.0.0.0:11626 for HTTP requests
2026-03-03T14:58:09.256 GACBO [Bucket INFO] BucketListDB enabled: pageSizeExponent: 14 indexCutOff: 20MB, persist indexes: true
2026-03-03T14:58:09.256 GACBO [default INFO] Connection effective settings:
2026-03-03T14:58:09.256 GACBO [default INFO] TARGET_PEER_CONNECTIONS: 8
2026-03-03T14:58:09.256 GACBO [default INFO] MAX_ADDITIONAL_PEER_CONNECTIONS: 64
2026-03-03T14:58:09.256 GACBO [default INFO] MAX_PENDING_CONNECTIONS: 500
2026-03-03T14:58:09.256 GACBO [default INFO] MAX_OUTBOUND_PENDING_CONNECTIONS: 56
2026-03-03T14:58:09.256 GACBO [default INFO] MAX_INBOUND_PENDING_CONNECTIONS: 444
2026-03-03T14:58:09.256 GACBO [default INFO] BACKGROUND_OVERLAY_PROCESSING=true
2026-03-03T14:58:09.256 GACBO [default INFO] PARALLEL_LEDGER_APPLY=true
2026-03-03T14:58:09.256 GACBO [History INFO] Archive 'sdf_testnet_1' has 'get' command only, will not be written
2026-03-03T14:58:09.256 GACBO [History INFO] Archive 'sdf_testnet_2' has 'get' command only, will not be written
2026-03-03T14:58:09.256 GACBO [History INFO] Archive 'sdf_testnet_3' has 'get' command only, will not be written
2026-03-03T14:58:09.256 GACBO [History WARNING] No writable archives configured, history will not be written.
2026-03-03T14:58:09.257 GACBO [Ledger INFO] Starting up application
2026-03-03T14:58:09.257 GACBO [Ledger INFO] Last closed ledger (LCL) hash is c4430e0dc914a804d298b407ee291b9dbe97f361e28e9328bba0a315ff2f970c
2026-03-03T14:58:09.257 GACBO [Ledger INFO] Loaded LCL header from database: [seq=1309900, hash=c4430e]
2026-03-03T14:58:09.257 GACBO [default INFO] Establishing 10-entry connection pool to: sqlite3:///opt/stellar/core/stellar.db
2026-03-03T14:58:09.830 GACBO [Bucket INFO] Restarted merge on BucketList level 1
2026-03-03T14:58:09.830 GACBO [Ledger INFO] Assumed bucket-state for LCL: [seq=1309900, hash=c4430e]
2026-03-03T14:58:09.831 GACBO [default INFO] Launching 1 loading and 5 compiling background threads
2026-03-03T14:58:10.121 GACBO [default INFO] Compiled 1680 contracts (45023245 bytes of Wasm) in 289ms real time, 1399ms CPU time
2026-03-03T14:58:12.523 GACBO [Overlay INFO] Binding to endpoint 0.0.0.0:11625
2026-03-03T14:58:12.530 GACBO [History INFO] Downloading history archive state: .well-known/stellar-history.json
2026-03-03T14:58:13.042 GACBO [History INFO] Downloading history archive state: .well-known/stellar-history.json
2026-03-03T14:58:13.583 GACBO [History INFO] Downloading history archive state: .well-known/stellar-history.json
2026-03-03T14:58:14.110 GACBO [History INFO] Archive information: [name: sdf_testnet_1, server: stellar-core 25.2.0.rc2 (bb195c49dda329d8e0a16433fb34338420084edc), currentLedger: 1310015]
2026-03-03T14:58:14.110 GACBO [History INFO] Archive information: [name: sdf_testnet_2, server: stellar-core 25.2.0.rc2 (bb195c49dda329d8e0a16433fb34338420084edc), currentLedger: 1310015]
2026-03-03T14:58:14.110 GACBO [History INFO] Archive information: [name: sdf_testnet_3, server: stellar-core 25.2.0.rc2 (bb195c49dda329d8e0a16433fb34338420084edc), currentLedger: 1310015]
2026-03-03T14:58:15.160 GACBO [Overlay INFO] Authenticated to 3.85.105.105:11625
2026-03-03T14:58:15.161 GACBO [Overlay INFO] Authenticated to 13.223.55.158:11625
2026-03-03T14:58:15.200 GACBO [Overlay INFO] Authenticated to 13.59.137.230:11725
2026-03-03T14:58:33.351 GACBO [Overlay INFO] Authenticated to 172.18.0.1:11625
2026-03-03T14:58:35.437 GACBO [Overlay INFO] Authenticated to 172.18.0.1:11625
2026-03-03T14:58:36.854 GACBO [Overlay INFO] Authenticated to 54.159.155.163:11625
2026-03-03T14:58:36.855 GACBO [Overlay INFO] Authenticated to 54.175.126.219:11625
2026-03-03T14:58:36.897 GACBO [Overlay INFO] Authenticated to 204.16.247.107:11625
2026-03-03T14:58:36.898 GACBO [Overlay INFO] Authenticated to 3.150.251.62:11725
2026-03-03T14:58:37.192 GACBO [Overlay INFO] Authenticated to 172.232.157.194:11725
2026-03-03T14:58:39.537 GACBO [Overlay INFO] Authenticated to 172.18.0.1:11725
2026-03-03T14:58:39.922 GACBO [Overlay INFO] Dropping peer 172.18.0.1:11625, reason error reading message header: End of file
2026-03-03T14:58:48.164 GACBO [Herder WARNING] Lost track of consensus
2026-03-03T14:58:48.164 GACBO [Herder WARNING] Out of sync context: {
   "queue" : null,
   "scp" : null,
   "you" : "GACBO"
}

2026-03-03T14:58:48.855 GACBO [Herder INFO] Quorum information for 1310045 : {"cost":0,"lag_ms":null}

2026-03-03T14:58:48.855 GACBO [Herder WARNING] Ledger took 38.958126163 seconds, SCP information:{"maybe_dead_nodes":[],"node":"GACBO","qset":{"agree":["sdf_testnet_3","sdf_testnet_1"],"cost":{"1310047":{"sdf_testnet_1":7128,"sdf_testnet_3":7128}},"delayed":null,"disagree":null,"fail_at":1,"fail_with":["sdf_testnet_3"],"hash":"59d361","lag_ms":null,"ledger":1310047,"missing":["sdf_testnet_2"],"phase":"EXTERNALIZE","value":{"t":2,"v":["sdf_testnet_2","sdf_testnet_3","sdf_testnet_1"]}}}

2026-03-03T14:58:48.856 GACBO [Ledger INFO] Got consensus: [seq=1310047, prev=622201, txs=6, ops=9, sv: [ SIGNED@sdf_testnet_1 txH: 934ad1, ct: 1772549928, upgrades: [ ] ]]
2026-03-03T14:58:48.856 GACBO [Ledger INFO] Close of ledger 1310047 buffered. mSyncingLedgers has 1 ledgers
2026-03-03T14:58:48.856 GACBO [History INFO] Waiting for trigger ledger: 1310047/1310081, ETA: 170s
2026-03-03T14:58:48.856 GACBO [Ledger INFO] Lost sync, local LCL is 1309900, network closed ledger 1310047
2026-03-03T14:58:48.856 GACBO [Ledger INFO] Changing state LM_BOOTING_STATE -> LM_CATCHING_UP_STATE
2026-03-03T14:58:48.856 GACBO [Herder INFO] Transitive closure of quorum has changed, re-analyzing.
2026-03-03T14:58:48.857 GACBO [SCP INFO] Calculating 4-node network quorum intersection
2026-03-03T14:58:48.857 GACBO [SCP INFO] Examining 3 node groups for intersection-criticality
2026-03-03T14:58:48.857 GACBO [SCP INFO] No intersection-critical groups found
2026-03-03T14:58:53.661 GACBO [Herder INFO] Quorum information for 1310046 : {"cost":0,"lag_ms":null}

2026-03-03T14:58:53.662 GACBO [Ledger INFO] Got consensus: [seq=1310048, prev=44551f, txs=6, ops=6, sv: [ SIGNED@sdf_testnet_3 txH: 4fdf79, ct: 1772549933, upgrades: [ ] ]]
2026-03-03T14:58:53.662 GACBO [Ledger INFO] Close of ledger 1310048 buffered. mSyncingLedgers has 2 ledgers
2026-03-03T14:58:53.662 GACBO [History INFO] Waiting for trigger ledger: 1310048/1310081, ETA: 165s
2026-03-03T14:58:58.595 GACBO [Herder INFO] Quorum information for 1310047 : {"agree":3,"cost":136992,"delayed":0,"disagree":0,"fail_at":2,"hash":"59d361","lag_ms":null,"ledger":1310047,"missing":0,"phase":"EXTERNALIZE"}

2026-03-03T14:58:58.595 GACBO [Ledger INFO] Got consensus: [seq=1310049, prev=dcceb7, txs=5, ops=9, sv: [ SIGNED@sdf_testnet_1 txH: 526b3f, ct: 1772549938, upgrades: [ ] ]]
2026-03-03T14:58:58.595 GACBO [Ledger INFO] Close of ledger 1310049 buffered. mSyncingLedgers has 3 ledgers
2026-03-03T14:58:58.595 GACBO [History INFO] Waiting for trigger ledger: 1310049/1310081, ETA: 160s
2026-03-03T14:59:03.532 GACBO [Herder INFO] Quorum information for 1310048 : {"agree":3,"cost":69656,"delayed":0,"disagree":0,"fail_at":2,"hash":"59d361","lag_ms":2,"ledger":1310048,"missing":0,"phase":"EXTERNALIZE"}

2026-03-03T14:59:03.533 GACBO [Ledger INFO] Got consensus: [seq=1310050, prev=cabe71, txs=6, ops=8, sv: [ SIGNED@sdf_testnet_2 txH: dc2db3, ct: 1772549943, upgrades: [ ] ]]
2026-03-03T14:59:03.533 GACBO [Ledger INFO] Close of ledger 1310050 buffered. mSyncingLedgers has 4 ledgers
2026-03-03T14:59:03.533 GACBO [History INFO] Waiting for trigger ledger: 1310050/1310081, ETA: 155s
2026-03-03T14:59:09.014 GACBO [Herder INFO] Quorum information for 1310049 : {"agree":3,"cost":59548,"delayed":0,"disagree":0,"fail_at":2,"hash":"59d361","lag_ms":2,"ledger":1310049,"missing":0,"phase":"EXTERNALIZE"}

2026-03-03T14:59:09.014 GACBO [Ledger INFO] Got consensus: [seq=1310051, prev=3b556e, txs=5, ops=6, sv: [ SIGNED@sdf_testnet_1 txH: db8167, ct: 1772549948, upgrades: [ ] ]]
2026-03-03T14:59:09.014 GACBO [Ledger INFO] Close of ledger 1310051 buffered. mSyncingLedgers has 5 ledgers
2026-03-03T14:59:09.014 GACBO [History INFO] Waiting for trigger ledger: 1310051/1310081, ETA: 150s
2026-03-03T14:59:13.946 GACBO [Herder INFO] Quorum information for 1310050 : {"agree":3,"cost":86604,"delayed":0,"disagree":0,"fail_at":2,"hash":"59d361","lag_ms":2,"ledger":1310050,"missing":0,"phase":"EXTERNALIZE"}

2026-03-03T14:59:13.947 GACBO [Ledger INFO] Got consensus: [seq=1310052, prev=2aa633, txs=3, ops=6, sv: [ SIGNED@sdf_testnet_3 txH: 9e624c, ct: 1772549953, upgrades: [ ] ]]
2026-03-03T14:59:13.947 GACBO [Ledger INFO] Close of ledger 1310052 buffered. mSyncingLedgers has 6 ledgers
2026-03-03T14:59:13.947 GACBO [History INFO] Waiting for trigger ledger: 1310052/1310081, ETA: 145s
2026-03-03T14:59:18.881 GACBO [Herder INFO] Quorum information for 1310051 : {"agree":3,"cost":60460,"delayed":0,"disagree":0,"fail_at":2,"hash":"59d361","lag_ms":2,"ledger":1310051,"missing":0,"phase":"EXTERNALIZE"}

2026-03-03T14:59:18.882 GACBO [Ledger INFO] Got consensus: [seq=1310053, prev=42d987, txs=2, ops=2, sv: [ SIGNED@sdf_testnet_2 txH: 95cdaf, ct: 1772549958, upgrades: [ ] ]]
2026-03-03T14:59:18.882 GACBO [Ledger INFO] Close of ledger 1310053 buffered. mSyncingLedgers has 7 ledgers
2026-03-03T14:59:18.882 GACBO [History INFO] Waiting for trigger ledger: 1310053/1310081, ETA: 140s
2026-03-03T14:59:23.802 GACBO [Herder INFO] Quorum information for 1310052 : {"agree":3,"cost":38800,"delayed":0,"disagree":0,"fail_at":2,"hash":"59d361","lag_ms":2,"ledger":1310052,"missing":0,"phase":"EXTERNALIZE"}

2026-03-03T14:59:23.802 GACBO [Ledger INFO] Got consensus: [seq=1310054, prev=78096b, txs=3, ops=3, sv: [ SIGNED@sdf_testnet_2 txH: c23df5, ct: 1772549963, upgrades: [ ] ]]
2026-03-03T14:59:23.802 GACBO [Ledger INFO] Close of ledger 1310054 buffered. mSyncingLedgers has 8 ledgers
2026-03-03T14:59:23.802 GACBO [History INFO] Waiting for trigger ledger: 1310054/1310081, ETA: 135s
2026-03-03T14:59:28.844 GACBO [Herder INFO] Quorum information for 1310053 : {"agree":3,"cost":26488,"delayed":0,"disagree":0,"fail_at":2,"hash":"59d361","lag_ms":2,"ledger":1310053,"missing":0,"phase":"EXTERNALIZE"}

2026-03-03T14:59:28.845 GACBO [Ledger INFO] Got consensus: [seq=1310055, prev=749875, txs=4, ops=6, sv: [ SIGNED@sdf_testnet_2 txH: 71d19c, ct: 1772549968, upgrades: [ ] ]]
2026-03-03T14:59:28.845 GACBO [Ledger INFO] Close of ledger 1310055 buffered. mSyncingLedgers has 9 ledgers
2026-03-03T14:59:28.845 GACBO [History INFO] Waiting for trigger ledger: 1310055/1310081, ETA: 130s
2026-03-03T14:59:33.832 GACBO [Herder INFO] Quorum information for 1310054 : {"agree":3,"cost":34468,"delayed":0,"disagree":0,"fail_at":2,"hash":"59d361","lag_ms":2,"ledger":1310054,"missing":0,"phase":"EXTERNALIZE"}

2026-03-03T14:59:33.833 GACBO [Ledger INFO] Got consensus: [seq=1310056, prev=b1bd6d, txs=2, ops=2, sv: [ SIGNED@sdf_testnet_2 txH: 73e538, ct: 1772549973, upgrades: [ ] ]]
2026-03-03T14:59:33.833 GACBO [Ledger INFO] Close of ledger 1310056 buffered. mSyncingLedgers has 10 ledgers
2026-03-03T14:59:33.833 GACBO [History INFO] Waiting for trigger ledger: 1310056/1310081, ETA: 125s
2026-03-03T14:59:38.191 GACBO [Overlay INFO] Peer 172.18.0.1:11625 dropped us, reason ERR_DATA (received corrupt XDR)
2026-03-03T14:59:38.794 GACBO [Herder INFO] Quorum information for 1310055 : {"agree":3,"cost":37128,"delayed":0,"disagree":0,"fail_at":2,"hash":"59d361","lag_ms":2,"ledger":1310055,"missing":0,"phase":"EXTERNALIZE"}

2026-03-03T14:59:38.796 GACBO [Ledger INFO] Got consensus: [seq=1310057, prev=6f884e, txs=5, ops=5, sv: [ SIGNED@sdf_testnet_3 txH: bb1ddd, ct: 1772549978, upgrades: [ ] ]]
2026-03-03T14:59:38.796 GACBO [Ledger INFO] Close of ledger 1310057 buffered. mSyncingLedgers has 11 ledgers
2026-03-03T14:59:38.796 GACBO [History INFO] Waiting for trigger ledger: 1310057/1310081, ETA: 120s
2026-03-03T14:59:43.746 GACBO [Herder INFO] Quorum information for 1310056 : {"agree":3,"cost":44044,"delayed":0,"disagree":0,"fail_at":2,"hash":"59d361","lag_ms":2,"ledger":1310056,"missing":0,"phase":"EXTERNALIZE"}

2026-03-03T14:59:43.748 GACBO [Ledger INFO] Got consensus: [seq=1310058, prev=212c60, txs=1, ops=1, sv: [ SIGNED@sdf_testnet_2 txH: 884655, ct: 1772549983, upgrades: [ ] ]]
2026-03-03T14:59:43.748 GACBO [Ledger INFO] Close of ledger 1310058 buffered. mSyncingLedgers has 12 ledgers
2026-03-03T14:59:43.748 GACBO [History INFO] Waiting for trigger ledger: 1310058/1310081, ETA: 115s
2026-03-03T14:59:48.691 GACBO [Herder INFO] Quorum information for 1310057 : {"agree":3,"cost":60384,"delayed":0,"disagree":0,"fail_at":2,"hash":"59d361","lag_ms":2,"ledger":1310057,"missing":0,"phase":"EXTERNALIZE"}

2026-03-03T14:59:48.692 GACBO [Ledger INFO] Got consensus: [seq=1310059, prev=91c532, txs=6, ops=6, sv: [ SIGNED@sdf_testnet_3 txH: b3a499, ct: 1772549988, upgrades: [ ] ]]
2026-03-03T14:59:48.692 GACBO [Ledger INFO] Close of ledger 1310059 buffered. mSyncingLedgers has 13 ledgers
2026-03-03T14:59:48.692 GACBO [History INFO] Waiting for trigger ledger: 1310059/1310081, ETA: 110s
2026-03-03T14:59:53.831 GACBO [Herder INFO] Quorum information for 1310058 : {"agree":3,"cost":17368,"delayed":0,"disagree":0,"fail_at":2,"hash":"59d361","lag_ms":2,"ledger":1310058,"missing":0,"phase":"EXTERNALIZE"}

2026-03-03T14:59:53.832 GACBO [Ledger INFO] Got consensus: [seq=1310060, prev=b0c196, txs=4, ops=5, sv: [ SIGNED@sdf_testnet_3 txH: f7c794, ct: 1772549993, upgrades: [ ] ]]
2026-03-03T14:59:53.832 GACBO [Ledger INFO] Close of ledger 1310060 buffered. mSyncingLedgers has 14 ledgers
2026-03-03T14:59:53.832 GACBO [History INFO] Waiting for trigger ledger: 1310060/1310081, ETA: 105s
2026-03-03T14:59:58.880 GACBO [Herder INFO] Quorum information for 1310059 : {"agree":3,"cost":42220,"delayed":0,"disagree":0,"fail_at":2,"hash":"59d361","lag_ms":2,"ledger":1310059,"missing":0,"phase":"EXTERNALIZE"}

2026-03-03T14:59:58.881 GACBO [Ledger INFO] Got consensus: [seq=1310061, prev=fb71da, txs=5, ops=6, sv: [ SIGNED@sdf_testnet_3 txH: 4d3a0c, ct: 1772549998, upgrades: [ ] ]]
2026-03-03T14:59:58.881 GACBO [Ledger INFO] Close of ledger 1310061 buffered. mSyncingLedgers has 15 ledgers
2026-03-03T14:59:58.881 GACBO [History INFO] Waiting for trigger ledger: 1310061/1310081, ETA: 100s
2026-03-03T15:00:03.870 GACBO [Herder INFO] Quorum information for 1310060 : {"agree":3,"cost":41232,"delayed":0,"disagree":0,"fail_at":2,"hash":"59d361","lag_ms":3,"ledger":1310060,"missing":0,"phase":"EXTERNALIZE"}

2026-03-03T15:00:03.871 GACBO [Ledger INFO] Got consensus: [seq=1310062, prev=b75b24, txs=9, ops=12, sv: [ SIGNED@sdf_testnet_2 txH: c3a74d, ct: 1772550003, upgrades: [ ] ]]
2026-03-03T15:00:03.871 GACBO [Ledger INFO] Close of ledger 1310062 buffered. mSyncingLedgers has 16 ledgers
2026-03-03T15:00:03.871 GACBO [History INFO] Waiting for trigger ledger: 1310062/1310081, ETA: 95s
2026-03-03T15:00:08.828 GACBO [Herder INFO] Quorum information for 1310061 : {"agree":3,"cost":62208,"delayed":0,"disagree":0,"fail_at":2,"hash":"59d361","lag_ms":3,"ledger":1310061,"missing":0,"phase":"EXTERNALIZE"}

2026-03-03T15:00:08.829 GACBO [Ledger INFO] Got consensus: [seq=1310063, prev=db76aa, txs=7, ops=10, sv: [ SIGNED@sdf_testnet_1 txH: 20c3bf, ct: 1772550008, upgrades: [ ] ]]
2026-03-03T15:00:08.829 GACBO [Ledger INFO] Close of ledger 1310063 buffered. mSyncingLedgers has 17 ledgers
2026-03-03T15:00:08.829 GACBO [History INFO] Waiting for trigger ledger: 1310063/1310081, ETA: 90s
2026-03-03T15:00:13.771 GACBO [Herder INFO] Quorum information for 1310062 : {"agree":3,"cost":73760,"delayed":0,"disagree":0,"fail_at":2,"hash":"59d361","lag_ms":3,"ledger":1310062,"missing":0,"phase":"EXTERNALIZE"}

2026-03-03T15:00:13.772 GACBO [Ledger INFO] Got consensus: [seq=1310064, prev=963c5a, txs=12, ops=16, sv: [ SIGNED@sdf_testnet_3 txH: acc4ad, ct: 1772550013, upgrades: [ ] ]]
2026-03-03T15:00:13.772 GACBO [Ledger INFO] Close of ledger 1310064 buffered. mSyncingLedgers has 18 ledgers
2026-03-03T15:00:13.772 GACBO [History INFO] Waiting for trigger ledger: 1310064/1310081, ETA: 85s
2026-03-03T15:00:18.713 GACBO [Herder INFO] Quorum information for 1310063 : {"agree":3,"cost":75052,"delayed":0,"disagree":0,"fail_at":2,"hash":"59d361","lag_ms":3,"ledger":1310063,"missing":0,"phase":"EXTERNALIZE"}

2026-03-03T15:00:18.713 GACBO [Ledger INFO] Got consensus: [seq=1310065, prev=162861, txs=7, ops=8, sv: [ SIGNED@sdf_testnet_2 txH: 8b2bc2, ct: 1772550018, upgrades: [ ] ]]
2026-03-03T15:00:18.713 GACBO [Ledger INFO] Close of ledger 1310065 buffered. mSyncingLedgers has 19 ledgers
2026-03-03T15:00:18.713 GACBO [History INFO] Waiting for trigger ledger: 1310065/1310081, ETA: 80s
2026-03-03T15:00:23.870 GACBO [Herder INFO] Quorum information for 1310064 : {"agree":3,"cost":104388,"delayed":0,"disagree":0,"fail_at":2,"hash":"59d361","lag_ms":3,"ledger":1310064,"missing":0,"phase":"EXTERNALIZE"}

2026-03-03T15:00:23.871 GACBO [Ledger INFO] Got consensus: [seq=1310066, prev=02d861, txs=11, ops=13, sv: [ SIGNED@sdf_testnet_2 txH: e6b8dd, ct: 1772550023, upgrades: [ ] ]]
2026-03-03T15:00:23.871 GACBO [Ledger INFO] Close of ledger 1310066 buffered. mSyncingLedgers has 20 ledgers
2026-03-03T15:00:23.871 GACBO [History INFO] Waiting for trigger ledger: 1310066/1310081, ETA: 75s
2026-03-03T15:00:27.733 GACBO [Overlay INFO] Authenticated to 172.18.0.1:11625
2026-03-03T15:00:28.916 GACBO [Herder INFO] Quorum information for 1310065 : {"agree":3,"cost":52556,"delayed":0,"disagree":0,"fail_at":2,"hash":"59d361","lag_ms":3,"ledger":1310065,"missing":0,"phase":"EXTERNALIZE"}

2026-03-03T15:00:28.918 GACBO [SCP FATAL] Exception: Cannot commit transaction. database or disk is full
2026-03-03T15:00:28.918 GACBO [SCP FATAL] SCP context (GACBO): 
2026-03-03T15:00:28.920 GACBO [SCP FATAL] {
   "ballotProtocol" : {
      "ballot" : "(4294967295,[ SIGNED@sdf_testnet_3 txH: c9e414, ct: 1772550028, upgrades: [ ] ])",
      "heard" : false,
      "phase" : "EXTERNALIZE",
      "state" : "i: 1310067 | EXTERNALIZE | b: (4294967295,[ SIGNED@sdf_testnet_3 txH: c9e414, ct: 1772550028, upgrades: [ ] ]) | p: (4294967295,[ SIGNED@sdf_testnet_3 txH: c9e414, ct: 1772550028, upgrades: [ ] ]) | p': (<null_ballot>) | h: (4294967295,[ SIGNED@sdf_testnet_3 txH: c9e414, ct: 1772550028, upgrades: [ ] ]) | c: (1,[ SIGNED@sdf_testnet_3 txH: c9e414, ct: 1772550028, upgrades: [ ] ]) | M: 3"
   },
   "nomination" : {
      "roundnumber" : 0,
      "started" : false
   },
   "quorum_sets" : {
      "59d361" : {
         "t" : 2,
         "v" : [ "sdf_testnet_2", "sdf_testnet_3", "sdf_testnet_1" ]
      }
   },
   "statements" : [
      [
         1772550028,
         "{ENV@sdf_testnet_2 |  i: 1310067 | EXTERNALIZE | c: (1,[ SIGNED@sdf_testnet_3 txH: c9e414, ct: 1772550028, upgrades: [ ] ]) | h.n: 1 | (lastD): 59d361 }",
         false
      ],
      [
         1772550028,
         "{ENV@sdf_testnet_1 |  i: 1310067 | EXTERNALIZE | c: (1,[ SIGNED@sdf_testnet_3 txH: c9e414, ct: 1772550028, upgrades: [ ] ]) | h.n: 1 | (lastD): 59d361 }",
         false
      ],
      [
         1772550028,
         "{ENV@GACBO |  i: 1310067 | PREPARE | D: 59d361 | b: (0,[:empty:]) | p: (4294967295,[ SIGNED@sdf_testnet_3 txH: c9e414, ct: 1772550028, upgrades: [ ] ]) | p': (<null_ballot>) | c.n: 0 | h.n: 0 }",
         false
      ],
      [
         1772550028,
         "{ENV@GACBO |  i: 1310067 | PREPARE | D: 59d361 | b: (4294967295,[ SIGNED@sdf_testnet_3 txH: c9e414, ct: 1772550028, upgrades: [ ] ]) | p: (4294967295,[ SIGNED@sdf_testnet_3 txH: c9e414, ct: 1772550028, upgrades: [ ] ]) | p': (<null_ballot>) | c.n: 4294967295 | h.n: 4294967295 }",
         false
      ],
      [
         1772550028,
         "{ENV@GACBO |  i: 1310067 | CONFIRM | D: 59d361 | b: (4294967295,[ SIGNED@sdf_testnet_3 txH: c9e414, ct: 1772550028, upgrades: [ ] ]) | p.n: 4294967295 | c.n: 1 | h.n: 4294967295 }",
         false
      ],
      [
         1772550028,
         "{ENV@GACBO |  i: 1310067 | EXTERNALIZE | c: (1,[ SIGNED@sdf_testnet_3 txH: c9e414, ct: 1772550028, upgrades: [ ] ]) | h.n: 4294967295 | (lastD): 59d361 }",
         false
      ]
   ],
   "validated" : false
}

2026-03-03T15:00:28.922 GACBO [SCP FATAL] Exception processing SCP messages at 1310067, envelope: {ENV@GACBO |  i: 1310067 | CONFIRM | D: 59d361 | b: (4294967295,[ SIGNED@sdf_testnet_3 txH: c9e414, ct: 1772550028, upgrades: [ ] ]) | p.n: 4294967295 | c.n: 1 | h.n: 4294967295 }
2026-03-03T15:00:28.922 GACBO [SCP FATAL] Please report this bug along with this log file if this was not expected
2026-03-03T15:00:28.923 GACBO [SCP FATAL] Exception: Cannot commit transaction. database or disk is full
2026-03-03T15:00:28.923 GACBO [SCP FATAL] SCP context (GACBO): 
2026-03-03T15:00:28.924 GACBO [SCP FATAL] {
   "ballotProtocol" : {
      "ballot" : "(4294967295,[ SIGNED@sdf_testnet_3 txH: c9e414, ct: 1772550028, upgrades: [ ] ])",
      "heard" : false,
      "phase" : "EXTERNALIZE",
      "state" : "i: 1310067 | EXTERNALIZE | b: (4294967295,[ SIGNED@sdf_testnet_3 txH: c9e414, ct: 1772550028, upgrades: [ ] ]) | p: (4294967295,[ SIGNED@sdf_testnet_3 txH: c9e414, ct: 1772550028, upgrades: [ ] ]) | p': (<null_ballot>) | h: (4294967295,[ SIGNED@sdf_testnet_3 txH: c9e414, ct: 1772550028, upgrades: [ ] ]) | c: (1,[ SIGNED@sdf_testnet_3 txH: c9e414, ct: 1772550028, upgrades: [ ] ]) | M: 3"
   },
   "nomination" : {
      "roundnumber" : 0,
      "started" : false
   },
   "quorum_sets" : {
      "59d361" : {
         "t" : 2,
         "v" : [ "sdf_testnet_2", "sdf_testnet_3", "sdf_testnet_1" ]
      }
   },
   "statements" : [
      [
         1772550028,
         "{ENV@sdf_testnet_2 |  i: 1310067 | EXTERNALIZE | c: (1,[ SIGNED@sdf_testnet_3 txH: c9e414, ct: 1772550028, upgrades: [ ] ]) | h.n: 1 | (lastD): 59d361 }",
         false
      ],
      [
         1772550028,
         "{ENV@sdf_testnet_1 |  i: 1310067 | EXTERNALIZE | c: (1,[ SIGNED@sdf_testnet_3 txH: c9e414, ct: 1772550028, upgrades: [ ] ]) | h.n: 1 | (lastD): 59d361 }",
         false
      ],
      [
         1772550028,
         "{ENV@GACBO |  i: 1310067 | PREPARE | D: 59d361 | b: (0,[:empty:]) | p: (4294967295,[ SIGNED@sdf_testnet_3 txH: c9e414, ct: 1772550028, upgrades: [ ] ]) | p': (<null_ballot>) | c.n: 0 | h.n: 0 }",
         false
      ],
      [
         1772550028,
         "{ENV@GACBO |  i: 1310067 | PREPARE | D: 59d361 | b: (4294967295,[ SIGNED@sdf_testnet_3 txH: c9e414, ct: 1772550028, upgrades: [ ] ]) | p: (4294967295,[ SIGNED@sdf_testnet_3 txH: c9e414, ct: 1772550028, upgrades: [ ] ]) | p': (<null_ballot>) | c.n: 4294967295 | h.n: 4294967295 }",
         false
      ],
      [
         1772550028,
         "{ENV@GACBO |  i: 1310067 | CONFIRM | D: 59d361 | b: (4294967295,[ SIGNED@sdf_testnet_3 txH: c9e414, ct: 1772550028, upgrades: [ ] ]) | p.n: 4294967295 | c.n: 1 | h.n: 4294967295 }",
         false
      ],
      [
         1772550028,
         "{ENV@GACBO |  i: 1310067 | EXTERNALIZE | c: (1,[ SIGNED@sdf_testnet_3 txH: c9e414, ct: 1772550028, upgrades: [ ] ]) | h.n: 4294967295 | (lastD): 59d361 }",
         false
      ]
   ],
   "validated" : false
}

2026-03-03T15:00:28.924 GACBO [SCP FATAL] Exception processing SCP messages at 1310067, envelope: {ENV@GACBO |  i: 1310067 | PREPARE | D: 59d361 | b: (4294967295,[ SIGNED@sdf_testnet_3 txH: c9e414, ct: 1772550028, upgrades: [ ] ]) | p: (4294967295,[ SIGNED@sdf_testnet_3 txH: c9e414, ct: 1772550028, upgrades: [ ] ]) | p': (<null_ballot>) | c.n: 4294967295 | h.n: 4294967295 }
2026-03-03T15:00:28.925 GACBO [SCP FATAL] Please report this bug along with this log file if this was not expected
2026-03-03T15:00:28.925 GACBO [SCP FATAL] Exception: Cannot commit transaction. database or disk is full
2026-03-03T15:00:28.925 GACBO [SCP FATAL] SCP context (GACBO): 
2026-03-03T15:00:28.925 GACBO [SCP FATAL] {
   "ballotProtocol" : {
      "ballot" : "(4294967295,[ SIGNED@sdf_testnet_3 txH: c9e414, ct: 1772550028, upgrades: [ ] ])",
      "heard" : false,
      "phase" : "EXTERNALIZE",
      "state" : "i: 1310067 | EXTERNALIZE | b: (4294967295,[ SIGNED@sdf_testnet_3 txH: c9e414, ct: 1772550028, upgrades: [ ] ]) | p: (4294967295,[ SIGNED@sdf_testnet_3 txH: c9e414, ct: 1772550028, upgrades: [ ] ]) | p': (<null_ballot>) | h: (4294967295,[ SIGNED@sdf_testnet_3 txH: c9e414, ct: 1772550028, upgrades: [ ] ]) | c: (1,[ SIGNED@sdf_testnet_3 txH: c9e414, ct: 1772550028, upgrades: [ ] ]) | M: 3"
   },
   "nomination" : {
      "roundnumber" : 0,
      "started" : false
   },
   "quorum_sets" : {
      "59d361" : {
         "t" : 2,
         "v" : [ "sdf_testnet_2", "sdf_testnet_3", "sdf_testnet_1" ]
      }
   },
   "statements" : [
      [
         1772550028,
         "{ENV@sdf_testnet_2 |  i: 1310067 | EXTERNALIZE | c: (1,[ SIGNED@sdf_testnet_3 txH: c9e414, ct: 1772550028, upgrades: [ ] ]) | h.n: 1 | (lastD): 59d361 }",
         false
      ],
      [
         1772550028,
         "{ENV@sdf_testnet_1 |  i: 1310067 | EXTERNALIZE | c: (1,[ SIGNED@sdf_testnet_3 txH: c9e414, ct: 1772550028, upgrades: [ ] ]) | h.n: 1 | (lastD): 59d361 }",
         false
      ],
      [
         1772550028,
         "{ENV@GACBO |  i: 1310067 | PREPARE | D: 59d361 | b: (0,[:empty:]) | p: (4294967295,[ SIGNED@sdf_testnet_3 txH: c9e414, ct: 1772550028, upgrades: [ ] ]) | p': (<null_ballot>) | c.n: 0 | h.n: 0 }",
         false
      ],
      [
         1772550028,
         "{ENV@GACBO |  i: 1310067 | PREPARE | D: 59d361 | b: (4294967295,[ SIGNED@sdf_testnet_3 txH: c9e414, ct: 1772550028, upgrades: [ ] ]) | p: (4294967295,[ SIGNED@sdf_testnet_3 txH: c9e414, ct: 1772550028, upgrades: [ ] ]) | p': (<null_ballot>) | c.n: 4294967295 | h.n: 4294967295 }",
         false
      ],
      [
         1772550028,
         "{ENV@GACBO |  i: 1310067 | CONFIRM | D: 59d361 | b: (4294967295,[ SIGNED@sdf_testnet_3 txH: c9e414, ct: 1772550028, upgrades: [ ] ]) | p.n: 4294967295 | c.n: 1 | h.n: 4294967295 }",
         false
      ],
      [
         1772550028,
         "{ENV@GACBO |  i: 1310067 | EXTERNALIZE | c: (1,[ SIGNED@sdf_testnet_3 txH: c9e414, ct: 1772550028, upgrades: [ ] ]) | h.n: 4294967295 | (lastD): 59d361 }",
         false
      ]
   ],
   "validated" : false
}

2026-03-03T15:00:28.926 GACBO [SCP FATAL] Exception processing SCP messages at 1310067, envelope: {ENV@GACBO |  i: 1310067 | PREPARE | D: 59d361 | b: (0,[:empty:]) | p: (4294967295,[ SIGNED@sdf_testnet_3 txH: c9e414, ct: 1772550028, upgrades: [ ] ]) | p': (<null_ballot>) | c.n: 0 | h.n: 0 }
2026-03-03T15:00:28.926 GACBO [SCP FATAL] Please report this bug along with this log file if this was not expected
2026-03-03T15:00:28.926 GACBO [SCP FATAL] Exception: Cannot commit transaction. database or disk is full
2026-03-03T15:00:28.926 GACBO [SCP FATAL] SCP context (GACBO): 
2026-03-03T15:00:28.927 GACBO [SCP FATAL] {
   "ballotProtocol" : {
      "ballot" : "(4294967295,[ SIGNED@sdf_testnet_3 txH: c9e414, ct: 1772550028, upgrades: [ ] ])",
      "heard" : false,
      "phase" : "EXTERNALIZE",
      "state" : "i: 1310067 | EXTERNALIZE | b: (4294967295,[ SIGNED@sdf_testnet_3 txH: c9e414, ct: 1772550028, upgrades: [ ] ]) | p: (4294967295,[ SIGNED@sdf_testnet_3 txH: c9e414, ct: 1772550028, upgrades: [ ] ]) | p': (<null_ballot>) | h: (4294967295,[ SIGNED@sdf_testnet_3 txH: c9e414, ct: 1772550028, upgrades: [ ] ]) | c: (1,[ SIGNED@sdf_testnet_3 txH: c9e414, ct: 1772550028, upgrades: [ ] ]) | M: 3"
   },
   "nomination" : {
      "roundnumber" : 0,
      "started" : false
   },
   "quorum_sets" : {
      "59d361" : {
         "t" : 2,
         "v" : [ "sdf_testnet_2", "sdf_testnet_3", "sdf_testnet_1" ]
      }
   },
   "statements" : [
      [
         1772550028,
         "{ENV@sdf_testnet_2 |  i: 1310067 | EXTERNALIZE | c: (1,[ SIGNED@sdf_testnet_3 txH: c9e414, ct: 1772550028, upgrades: [ ] ]) | h.n: 1 | (lastD): 59d361 }",
         false
      ],
      [
         1772550028,
         "{ENV@sdf_testnet_1 |  i: 1310067 | EXTERNALIZE | c: (1,[ SIGNED@sdf_testnet_3 txH: c9e414, ct: 1772550028, upgrades: [ ] ]) | h.n: 1 | (lastD): 59d361 }",
         false
      ],
      [
         1772550028,
         "{ENV@GACBO |  i: 1310067 | PREPARE | D: 59d361 | b: (0,[:empty:]) | p: (4294967295,[ SIGNED@sdf_testnet_3 txH: c9e414, ct: 1772550028, upgrades: [ ] ]) | p': (<null_ballot>) | c.n: 0 | h.n: 0 }",
         false
      ],
      [
         1772550028,
         "{ENV@GACBO |  i: 1310067 | PREPARE | D: 59d361 | b: (4294967295,[ SIGNED@sdf_testnet_3 txH: c9e414, ct: 1772550028, upgrades: [ ] ]) | p: (4294967295,[ SIGNED@sdf_testnet_3 txH: c9e414, ct: 1772550028, upgrades: [ ] ]) | p': (<null_ballot>) | c.n: 4294967295 | h.n: 4294967295 }",
         false
      ],
      [
         1772550028,
         "{ENV@GACBO |  i: 1310067 | CONFIRM | D: 59d361 | b: (4294967295,[ SIGNED@sdf_testnet_3 txH: c9e414, ct: 1772550028, upgrades: [ ] ]) | p.n: 4294967295 | c.n: 1 | h.n: 4294967295 }",
         false
      ],
      [
         1772550028,
         "{ENV@GACBO |  i: 1310067 | EXTERNALIZE | c: (1,[ SIGNED@sdf_testnet_3 txH: c9e414, ct: 1772550028, upgrades: [ ] ]) | h.n: 4294967295 | (lastD): 59d361 }",
         false
      ]
   ],
   "validated" : false
}

2026-03-03T15:00:28.928 GACBO [SCP FATAL] Exception processing SCP messages at 1310067, envelope: {ENV@sdf_testnet_1 |  i: 1310067 | EXTERNALIZE | c: (1,[ SIGNED@sdf_testnet_3 txH: c9e414, ct: 1772550028, upgrades: [ ] ]) | h.n: 1 | (lastD): 59d361 }
2026-03-03T15:00:28.928 GACBO [SCP FATAL] Please report this bug along with this log file if this was not expected
