2026-03-03T14:18:20.850 GCMGK [default INFO] Starting stellar-core v25.1.1
2026-03-03T14:18:20.851 GCMGK [Database INFO] Connecting to: sqlite3:///opt/stellar/core/stellar.db
2026-03-03T14:18:20.858 GCMGK [SCP INFO] LocalNode::LocalNode@GCMGK qSet: 59d361
2026-03-03T14:18:20.859 GCMGK [Database INFO] DB schema is in current version
2026-03-03T14:18:20.859 GCMGK [default INFO] Listening on 0.0.0.0:11626 for HTTP requests
2026-03-03T14:18:20.859 GCMGK [Bucket INFO] BucketListDB enabled: pageSizeExponent: 14 indexCutOff: 20MB, persist indexes: true
2026-03-03T14:18:20.860 GCMGK [default INFO] Connection effective settings:
2026-03-03T14:18:20.860 GCMGK [default INFO] TARGET_PEER_CONNECTIONS: 8
2026-03-03T14:18:20.860 GCMGK [default INFO] MAX_ADDITIONAL_PEER_CONNECTIONS: 64
2026-03-03T14:18:20.860 GCMGK [default INFO] MAX_PENDING_CONNECTIONS: 500
2026-03-03T14:18:20.860 GCMGK [default INFO] MAX_OUTBOUND_PENDING_CONNECTIONS: 56
2026-03-03T14:18:20.860 GCMGK [default INFO] MAX_INBOUND_PENDING_CONNECTIONS: 444
2026-03-03T14:18:20.860 GCMGK [default INFO] BACKGROUND_OVERLAY_PROCESSING=true
2026-03-03T14:18:20.860 GCMGK [default INFO] PARALLEL_LEDGER_APPLY=true
2026-03-03T14:18:20.860 GCMGK [History INFO] Archive 'sdf_testnet_1' has 'get' command only, will not be written
2026-03-03T14:18:20.860 GCMGK [History INFO] Archive 'sdf_testnet_2' has 'get' command only, will not be written
2026-03-03T14:18:20.860 GCMGK [History INFO] Archive 'sdf_testnet_3' has 'get' command only, will not be written
2026-03-03T14:18:20.860 GCMGK [History WARNING] No writable archives configured, history will not be written.
2026-03-03T14:18:20.860 GCMGK [Ledger INFO] Starting up application
2026-03-03T14:18:20.860 GCMGK [Ledger INFO] Last closed ledger (LCL) hash is 9216afd4b3f152b0d03456fc5e8a6a758710facabcaa52a9f9918fc34d1dc14c
2026-03-03T14:18:20.861 GCMGK [Ledger INFO] Loaded LCL header from database: [seq=1309535, hash=9216af]
2026-03-03T14:18:20.861 GCMGK [default INFO] Establishing 10-entry connection pool to: sqlite3:///opt/stellar/core/stellar.db
2026-03-03T14:18:21.362 GCMGK [Ledger INFO] Assumed bucket-state for LCL: [seq=1309535, hash=9216af]
2026-03-03T14:18:21.363 GCMGK [default INFO] Launching 1 loading and 5 compiling background threads
2026-03-03T14:18:21.654 GCMGK [default INFO] Compiled 1675 contracts (44902995 bytes of Wasm) in 291ms real time, 1407ms CPU time
2026-03-03T14:18:23.880 GCMGK [Overlay INFO] Binding to endpoint 0.0.0.0:11625
2026-03-03T14:18:23.890 GCMGK [History INFO] Downloading history archive state: .well-known/stellar-history.json
2026-03-03T14:18:24.311 GCMGK [Process WARNING] process 3955 exited 23: curl -sf http://history.stellar.org/prd/core-testnet/core_testnet_001/.well-known/stellar-history.json -o buckets/tmp/history-da393014d71f8ec7/1e1d7b6dc7170708-stellar-history.json
2026-03-03T14:18:24.311 GCMGK [History WARNING] Could not download file: archive sdf_testnet_1 maybe missing file .well-known/stellar-history.json
2026-03-03T14:18:24.311 GCMGK [History ERROR] Could not download .well-known/stellar-history.json file: corrupt archive sdf_testnet_1
2026-03-03T14:18:24.311 GCMGK [History ERROR] Failed to obtain archive information: sdf_testnet_1
2026-03-03T14:18:26.152 GCMGK [Overlay ERROR] PeerManager::store error: sqlite3_statement_backend::loadOne: database or disk is full on 98.91.174.101:11625
2026-03-03T14:18:26.153 GCMGK [Overlay ERROR] PeerManager::store error: sqlite3_statement_backend::loadOne: database or disk is full on 44.204.146.210:11625
2026-03-03T14:18:26.154 GCMGK [Overlay ERROR] PeerManager::store error: sqlite3_statement_backend::loadOne: database or disk is full on 44.213.67.110:11625
2026-03-03T14:18:26.155 GCMGK [Overlay ERROR] PeerManager::store error: sqlite3_statement_backend::loadOne: database or disk is full on 44.213.67.110:11625
2026-03-03T14:18:26.157 GCMGK [Overlay ERROR] PeerManager::store error: sqlite3_statement_backend::loadOne: database or disk is full on 141.98.219.41:11625
2026-03-03T14:18:26.159 GCMGK [Overlay ERROR] PeerManager::store error: sqlite3_statement_backend::loadOne: database or disk is full on 3.150.251.62:11725
2026-03-03T14:18:26.161 GCMGK [Overlay ERROR] PeerManager::store error: sqlite3_statement_backend::loadOne: database or disk is full on 34.229.162.244:30020
2026-03-03T14:18:26.163 GCMGK [Overlay ERROR] PeerManager::store error: sqlite3_statement_backend::loadOne: database or disk is full on 45.55.48.58:11825
2026-03-03T14:18:26.165 GCMGK [Overlay ERROR] PeerManager::store error: sqlite3_statement_backend::loadOne: database or disk is full on 77.48.24.153:11625
2026-03-03T14:18:26.167 GCMGK [Overlay ERROR] PeerManager::store error: sqlite3_statement_backend::loadOne: database or disk is full on 34.241.153.42:30020
2026-03-03T14:18:26.170 GCMGK [Overlay ERROR] PeerManager::store error: sqlite3_statement_backend::loadOne: database or disk is full on 198.199.91.18:11625
2026-03-03T14:18:26.172 GCMGK [Overlay ERROR] PeerManager::store error: sqlite3_statement_backend::loadOne: database or disk is full on 65.109.19.49:11625
2026-03-03T14:18:26.174 GCMGK [Overlay ERROR] PeerManager::store error: sqlite3_statement_backend::loadOne: database or disk is full on 3.147.147.12:11725
2026-03-03T14:18:26.175 GCMGK [Overlay ERROR] PeerManager::store error: sqlite3_statement_backend::loadOne: database or disk is full on 40.160.64.57:11725
2026-03-03T14:18:26.176 GCMGK [Overlay ERROR] PeerManager::store error: sqlite3_statement_backend::loadOne: database or disk is full on 174.138.52.29:11625
2026-03-03T14:18:26.177 GCMGK [Overlay ERROR] PeerManager::store error: sqlite3_statement_backend::loadOne: database or disk is full on 198.244.200.76:11725
2026-03-03T14:18:26.178 GCMGK [Overlay ERROR] PeerManager::store error: sqlite3_statement_backend::loadOne: database or disk is full on 44.198.157.36:11625
2026-03-03T14:18:26.178 GCMGK [Overlay ERROR] PeerManager::store error: sqlite3_statement_backend::loadOne: database or disk is full on 52.91.130.193:30020
2026-03-03T14:18:26.179 GCMGK [Overlay ERROR] PeerManager::store error: sqlite3_statement_backend::loadOne: database or disk is full on 85.21.8.7:11625
2026-03-03T14:18:26.179 GCMGK [Overlay ERROR] PeerManager::store error: sqlite3_statement_backend::loadOne: database or disk is full on 188.245.186.123:11625
2026-03-03T14:18:26.180 GCMGK [Overlay ERROR] PeerManager::store error: sqlite3_statement_backend::loadOne: database or disk is full on 91.242.214.69:11625
2026-03-03T14:18:26.181 GCMGK [Overlay ERROR] PeerManager::store error: sqlite3_statement_backend::loadOne: database or disk is full on 54.163.22.184:30020
2026-03-03T14:18:26.182 GCMGK [Overlay ERROR] PeerManager::store error: sqlite3_statement_backend::loadOne: database or disk is full on 144.76.79.10:51770
2026-03-03T14:18:26.183 GCMGK [Overlay ERROR] PeerManager::store error: sqlite3_statement_backend::loadOne: database or disk is full on 200.129.247.42:11625
2026-03-03T14:18:26.183 GCMGK [Overlay ERROR] PeerManager::store error: sqlite3_statement_backend::loadOne: database or disk is full on 213.10.11.118:11625
2026-03-03T14:18:26.184 GCMGK [Overlay ERROR] PeerManager::store error: sqlite3_statement_backend::loadOne: database or disk is full on 200.129.247.110:11625
2026-03-03T14:18:26.185 GCMGK [Overlay ERROR] PeerManager::store error: sqlite3_statement_backend::loadOne: database or disk is full on 3.95.1.43:30400
2026-03-03T14:18:26.185 GCMGK [Overlay ERROR] PeerManager::store error: sqlite3_statement_backend::loadOne: database or disk is full on 200.129.247.55:11625
2026-03-03T14:18:26.186 GCMGK [Overlay ERROR] PeerManager::store error: sqlite3_statement_backend::loadOne: database or disk is full on 91.67.122.127:11625
2026-03-03T14:18:26.187 GCMGK [Overlay ERROR] PeerManager::store error: sqlite3_statement_backend::loadOne: database or disk is full on 18.212.206.26:30020
2026-03-03T14:18:26.189 GCMGK [Overlay ERROR] PeerManager::store error: sqlite3_statement_backend::loadOne: database or disk is full on 135.181.229.215:11628
2026-03-03T14:18:26.190 GCMGK [Overlay ERROR] PeerManager::store error: sqlite3_statement_backend::loadOne: database or disk is full on 3.238.32.131:30400
2026-03-03T14:18:26.191 GCMGK [Overlay ERROR] PeerManager::store error: sqlite3_statement_backend::loadOne: database or disk is full on 50.16.48.217:30020
2026-03-03T14:18:26.192 GCMGK [Overlay ERROR] PeerManager::store error: sqlite3_statement_backend::loadOne: database or disk is full on 77.48.24.203:11625
2026-03-03T14:18:26.193 GCMGK [Overlay ERROR] PeerManager::store error: sqlite3_statement_backend::loadOne: database or disk is full on 18.201.241.124:30020
2026-03-03T14:18:26.193 GCMGK [Overlay ERROR] PeerManager::store error: sqlite3_statement_backend::loadOne: database or disk is full on 198.199.88.228:11625
2026-03-03T14:18:26.194 GCMGK [Overlay ERROR] PeerManager::store error: sqlite3_statement_backend::loadOne: database or disk is full on 18.206.213.41:30020
2026-03-03T14:18:26.195 GCMGK [Overlay ERROR] PeerManager::store error: sqlite3_statement_backend::loadOne: database or disk is full on 3.238.52.233:30400
2026-03-03T14:18:26.195 GCMGK [Overlay ERROR] PeerManager::store error: sqlite3_statement_backend::loadOne: database or disk is full on 172.19.0.1:11625
2026-03-03T14:18:26.196 GCMGK [Overlay ERROR] PeerManager::store error: sqlite3_statement_backend::loadOne: database or disk is full on 200.129.247.82:11625
2026-03-03T14:18:26.197 GCMGK [Overlay ERROR] PeerManager::store error: sqlite3_statement_backend::loadOne: database or disk is full on 3.255.82.225:30020
2026-03-03T14:18:26.197 GCMGK [Overlay ERROR] PeerManager::store error: sqlite3_statement_backend::loadOne: database or disk is full on 200.129.247.139:11825
2026-03-03T14:18:26.198 GCMGK [Overlay ERROR] PeerManager::store error: sqlite3_statement_backend::loadOne: database or disk is full on 148.113.140.57:11625
2026-03-03T14:18:26.199 GCMGK [Overlay ERROR] PeerManager::store error: sqlite3_statement_backend::loadOne: database or disk is full on 13.217.88.18:11625
2026-03-03T14:18:26.200 GCMGK [Overlay ERROR] PeerManager::store error: sqlite3_statement_backend::loadOne: database or disk is full on 3.235.16.197:30020
2026-03-03T14:18:26.200 GCMGK [Overlay ERROR] PeerManager::store error: sqlite3_statement_backend::loadOne: database or disk is full on 185.255.131.210:11625
2026-03-03T14:18:26.201 GCMGK [Overlay ERROR] PeerManager::store error: sqlite3_statement_backend::loadOne: database or disk is full on 3.249.87.23:30020
2026-03-03T14:18:26.572 GCMGK [Overlay ERROR] PeerManager::store error: sqlite3_statement_backend::loadOne: database or disk is full on 44.213.67.110:11625
2026-03-03T14:18:26.573 GCMGK [Overlay INFO] Authenticated to 44.213.67.110:11625
2026-03-03T14:18:26.617 GCMGK [Overlay ERROR] PeerManager::store error: sqlite3_statement_backend::loadOne: database or disk is full on 141.98.219.41:11625
2026-03-03T14:18:26.617 GCMGK [Overlay INFO] Authenticated to 141.98.219.41:11625
2026-03-03T14:18:26.618 GCMGK [Overlay ERROR] PeerManager::store error: sqlite3_statement_backend::loadOne: database or disk is full on 3.150.251.62:11725
2026-03-03T14:18:26.619 GCMGK [Overlay INFO] Authenticated to 3.150.251.62:11725
2026-03-03T14:18:26.619 GCMGK [Overlay ERROR] PeerManager::store error: sqlite3_statement_backend::loadOne: database or disk is full on 35.184.26.179:11825
2026-03-03T14:18:26.620 GCMGK [Overlay ERROR] PeerManager::store error: sqlite3_statement_backend::loadOne: database or disk is full on 35.184.26.179:11725
2026-03-03T14:18:26.621 GCMGK [Overlay ERROR] PeerManager::store error: sqlite3_statement_backend::loadOne: database or disk is full on 40.160.27.250:11625
2026-03-03T14:18:26.622 GCMGK [Overlay ERROR] PeerManager::store error: sqlite3_statement_backend::loadOne: database or disk is full on 200.129.247.140:11625
2026-03-03T14:18:28.817 GCMGK [SCP FATAL] Exception: Cannot commit transaction. database or disk is full
2026-03-03T14:18:28.817 GCMGK [SCP FATAL] SCP context (GCMGK): 
2026-03-03T14:18:28.818 GCMGK [SCP FATAL] {
   "ballotProtocol" : {
      "ballot" : "(4294967295,[ SIGNED@sdf_testnet_1 txH: 852f70, ct: 1772547210, upgrades: [ ] ])",
      "heard" : false,
      "phase" : "EXTERNALIZE",
      "state" : "i: 1309504 | EXTERNALIZE | b: (4294967295,[ SIGNED@sdf_testnet_1 txH: 852f70, ct: 1772547210, upgrades: [ ] ]) | p: (4294967295,[ SIGNED@sdf_testnet_1 txH: 852f70, ct: 1772547210, upgrades: [ ] ]) | p': (<null_ballot>) | h: (4294967295,[ SIGNED@sdf_testnet_1 txH: 852f70, ct: 1772547210, upgrades: [ ] ]) | c: (1,[ SIGNED@sdf_testnet_1 txH: 852f70, ct: 1772547210, upgrades: [ ] ]) | M: 3"
   },
   "nomination" : {
      "roundnumber" : 0,
      "started" : false
   },
   "quorum_sets" : {
      "59d361" : {
         "t" : 2,
         "v" : [ "sdf_testnet_2", "sdf_testnet_3", "sdf_testnet_1" ]
      }
   },
   "statements" : [
      [
         1772547508,
         "{ENV@sdf_testnet_1 |  i: 1309504 | EXTERNALIZE | c: (1,[ SIGNED@sdf_testnet_1 txH: 852f70, ct: 1772547210, upgrades: [ ] ]) | h.n: 1 | (lastD): 59d361 }",
         false
      ],
      [
         1772547508,
         "{ENV@sdf_testnet_3 |  i: 1309504 | EXTERNALIZE | c: (1,[ SIGNED@sdf_testnet_1 txH: 852f70, ct: 1772547210, upgrades: [ ] ]) | h.n: 1 | (lastD): 59d361 }",
         false
      ],
      [
         1772547508,
         "{ENV@GCMGK |  i: 1309504 | PREPARE | D: 59d361 | b: (0,[:empty:]) | p: (4294967295,[ SIGNED@sdf_testnet_1 txH: 852f70, ct: 1772547210, upgrades: [ ] ]) | p': (<null_ballot>) | c.n: 0 | h.n: 0 }",
         false
      ],
      [
         1772547508,
         "{ENV@GCMGK |  i: 1309504 | PREPARE | D: 59d361 | b: (4294967295,[ SIGNED@sdf_testnet_1 txH: 852f70, ct: 1772547210, upgrades: [ ] ]) | p: (4294967295,[ SIGNED@sdf_testnet_1 txH: 852f70, ct: 1772547210, upgrades: [ ] ]) | p': (<null_ballot>) | c.n: 4294967295 | h.n: 4294967295 }",
         false
      ],
      [
         1772547508,
         "{ENV@GCMGK |  i: 1309504 | CONFIRM | D: 59d361 | b: (4294967295,[ SIGNED@sdf_testnet_1 txH: 852f70, ct: 1772547210, upgrades: [ ] ]) | p.n: 4294967295 | c.n: 1 | h.n: 4294967295 }",
         false
      ],
      [
         1772547508,
         "{ENV@GCMGK |  i: 1309504 | EXTERNALIZE | c: (1,[ SIGNED@sdf_testnet_1 txH: 852f70, ct: 1772547210, upgrades: [ ] ]) | h.n: 4294967295 | (lastD): 59d361 }",
         false
      ]
   ],
   "validated" : false
}

2026-03-03T14:18:28.818 GCMGK [SCP FATAL] Exception processing SCP messages at 1309504, envelope: {ENV@GCMGK |  i: 1309504 | CONFIRM | D: 59d361 | b: (4294967295,[ SIGNED@sdf_testnet_1 txH: 852f70, ct: 1772547210, upgrades: [ ] ]) | p.n: 4294967295 | c.n: 1 | h.n: 4294967295 }
2026-03-03T14:18:28.818 GCMGK [SCP FATAL] Please report this bug along with this log file if this was not expected
2026-03-03T14:18:28.818 GCMGK [SCP FATAL] Exception: Cannot commit transaction. database or disk is full
2026-03-03T14:18:28.818 GCMGK [SCP FATAL] SCP context (GCMGK): 
2026-03-03T14:18:28.818 GCMGK [SCP FATAL] {
   "ballotProtocol" : {
      "ballot" : "(4294967295,[ SIGNED@sdf_testnet_1 txH: 852f70, ct: 1772547210, upgrades: [ ] ])",
      "heard" : false,
      "phase" : "EXTERNALIZE",
      "state" : "i: 1309504 | EXTERNALIZE | b: (4294967295,[ SIGNED@sdf_testnet_1 txH: 852f70, ct: 1772547210, upgrades: [ ] ]) | p: (4294967295,[ SIGNED@sdf_testnet_1 txH: 852f70, ct: 1772547210, upgrades: [ ] ]) | p': (<null_ballot>) | h: (4294967295,[ SIGNED@sdf_testnet_1 txH: 852f70, ct: 1772547210, upgrades: [ ] ]) | c: (1,[ SIGNED@sdf_testnet_1 txH: 852f70, ct: 1772547210, upgrades: [ ] ]) | M: 3"
   },
   "nomination" : {
      "roundnumber" : 0,
      "started" : false
   },
   "quorum_sets" : {
      "59d361" : {
         "t" : 2,
         "v" : [ "sdf_testnet_2", "sdf_testnet_3", "sdf_testnet_1" ]
      }
   },
   "statements" : [
      [
         1772547508,
         "{ENV@sdf_testnet_1 |  i: 1309504 | EXTERNALIZE | c: (1,[ SIGNED@sdf_testnet_1 txH: 852f70, ct: 1772547210, upgrades: [ ] ]) | h.n: 1 | (lastD): 59d361 }",
         false
      ],
      [
         1772547508,
         "{ENV@sdf_testnet_3 |  i: 1309504 | EXTERNALIZE | c: (1,[ SIGNED@sdf_testnet_1 txH: 852f70, ct: 1772547210, upgrades: [ ] ]) | h.n: 1 | (lastD): 59d361 }",
         false
      ],
      [
         1772547508,
         "{ENV@GCMGK |  i: 1309504 | PREPARE | D: 59d361 | b: (0,[:empty:]) | p: (4294967295,[ SIGNED@sdf_testnet_1 txH: 852f70, ct: 1772547210, upgrades: [ ] ]) | p': (<null_ballot>) | c.n: 0 | h.n: 0 }",
         false
      ],
      [
         1772547508,
         "{ENV@GCMGK |  i: 1309504 | PREPARE | D: 59d361 | b: (4294967295,[ SIGNED@sdf_testnet_1 txH: 852f70, ct: 1772547210, upgrades: [ ] ]) | p: (4294967295,[ SIGNED@sdf_testnet_1 txH: 852f70, ct: 1772547210, upgrades: [ ] ]) | p': (<null_ballot>) | c.n: 4294967295 | h.n: 4294967295 }",
         false
      ],
      [
         1772547508,
         "{ENV@GCMGK |  i: 1309504 | CONFIRM | D: 59d361 | b: (4294967295,[ SIGNED@sdf_testnet_1 txH: 852f70, ct: 1772547210, upgrades: [ ] ]) | p.n: 4294967295 | c.n: 1 | h.n: 4294967295 }",
         false
      ],
      [
         1772547508,
         "{ENV@GCMGK |  i: 1309504 | EXTERNALIZE | c: (1,[ SIGNED@sdf_testnet_1 txH: 852f70, ct: 1772547210, upgrades: [ ] ]) | h.n: 4294967295 | (lastD): 59d361 }",
         false
      ]
   ],
   "validated" : false
}

2026-03-03T14:18:28.819 GCMGK [SCP FATAL] Exception processing SCP messages at 1309504, envelope: {ENV@GCMGK |  i: 1309504 | PREPARE | D: 59d361 | b: (4294967295,[ SIGNED@sdf_testnet_1 txH: 852f70, ct: 1772547210, upgrades: [ ] ]) | p: (4294967295,[ SIGNED@sdf_testnet_1 txH: 852f70, ct: 1772547210, upgrades: [ ] ]) | p': (<null_ballot>) | c.n: 4294967295 | h.n: 4294967295 }
2026-03-03T14:18:28.819 GCMGK [SCP FATAL] Please report this bug along with this log file if this was not expected
2026-03-03T14:18:28.819 GCMGK [SCP FATAL] Exception: Cannot commit transaction. database or disk is full
2026-03-03T14:18:28.819 GCMGK [SCP FATAL] SCP context (GCMGK): 
2026-03-03T14:18:28.819 GCMGK [SCP FATAL] {
   "ballotProtocol" : {
      "ballot" : "(4294967295,[ SIGNED@sdf_testnet_1 txH: 852f70, ct: 1772547210, upgrades: [ ] ])",
      "heard" : false,
      "phase" : "EXTERNALIZE",
      "state" : "i: 1309504 | EXTERNALIZE | b: (4294967295,[ SIGNED@sdf_testnet_1 txH: 852f70, ct: 1772547210, upgrades: [ ] ]) | p: (4294967295,[ SIGNED@sdf_testnet_1 txH: 852f70, ct: 1772547210, upgrades: [ ] ]) | p': (<null_ballot>) | h: (4294967295,[ SIGNED@sdf_testnet_1 txH: 852f70, ct: 1772547210, upgrades: [ ] ]) | c: (1,[ SIGNED@sdf_testnet_1 txH: 852f70, ct: 1772547210, upgrades: [ ] ]) | M: 3"
   },
   "nomination" : {
      "roundnumber" : 0,
      "started" : false
   },
   "quorum_sets" : {
      "59d361" : {
         "t" : 2,
         "v" : [ "sdf_testnet_2", "sdf_testnet_3", "sdf_testnet_1" ]
      }
   },
   "statements" : [
      [
         1772547508,
         "{ENV@sdf_testnet_1 |  i: 1309504 | EXTERNALIZE | c: (1,[ SIGNED@sdf_testnet_1 txH: 852f70, ct: 1772547210, upgrades: [ ] ]) | h.n: 1 | (lastD): 59d361 }",
         false
      ],
      [
         1772547508,
         "{ENV@sdf_testnet_3 |  i: 1309504 | EXTERNALIZE | c: (1,[ SIGNED@sdf_testnet_1 txH: 852f70, ct: 1772547210, upgrades: [ ] ]) | h.n: 1 | (lastD): 59d361 }",
         false
      ],
      [
         1772547508,
         "{ENV@GCMGK |  i: 1309504 | PREPARE | D: 59d361 | b: (0,[:empty:]) | p: (4294967295,[ SIGNED@sdf_testnet_1 txH: 852f70, ct: 1772547210, upgrades: [ ] ]) | p': (<null_ballot>) | c.n: 0 | h.n: 0 }",
         false
      ],
      [
         1772547508,
         "{ENV@GCMGK |  i: 1309504 | PREPARE | D: 59d361 | b: (4294967295,[ SIGNED@sdf_testnet_1 txH: 852f70, ct: 1772547210, upgrades: [ ] ]) | p: (4294967295,[ SIGNED@sdf_testnet_1 txH: 852f70, ct: 1772547210, upgrades: [ ] ]) | p': (<null_ballot>) | c.n: 4294967295 | h.n: 4294967295 }",
         false
      ],
      [
         1772547508,
         "{ENV@GCMGK |  i: 1309504 | CONFIRM | D: 59d361 | b: (4294967295,[ SIGNED@sdf_testnet_1 txH: 852f70, ct: 1772547210, upgrades: [ ] ]) | p.n: 4294967295 | c.n: 1 | h.n: 4294967295 }",
         false
      ],
      [
         1772547508,
         "{ENV@GCMGK |  i: 1309504 | EXTERNALIZE | c: (1,[ SIGNED@sdf_testnet_1 txH: 852f70, ct: 1772547210, upgrades: [ ] ]) | h.n: 4294967295 | (lastD): 59d361 }",
         false
      ]
   ],
   "validated" : false
}

2026-03-03T14:18:28.819 GCMGK [SCP FATAL] Exception processing SCP messages at 1309504, envelope: {ENV@GCMGK |  i: 1309504 | PREPARE | D: 59d361 | b: (0,[:empty:]) | p: (4294967295,[ SIGNED@sdf_testnet_1 txH: 852f70, ct: 1772547210, upgrades: [ ] ]) | p': (<null_ballot>) | c.n: 0 | h.n: 0 }
2026-03-03T14:18:28.819 GCMGK [SCP FATAL] Please report this bug along with this log file if this was not expected
2026-03-03T14:18:28.819 GCMGK [SCP FATAL] Exception: Cannot commit transaction. database or disk is full
2026-03-03T14:18:28.819 GCMGK [SCP FATAL] SCP context (GCMGK): 
2026-03-03T14:18:28.820 GCMGK [SCP FATAL] {
   "ballotProtocol" : {
      "ballot" : "(4294967295,[ SIGNED@sdf_testnet_1 txH: 852f70, ct: 1772547210, upgrades: [ ] ])",
      "heard" : false,
      "phase" : "EXTERNALIZE",
      "state" : "i: 1309504 | EXTERNALIZE | b: (4294967295,[ SIGNED@sdf_testnet_1 txH: 852f70, ct: 1772547210, upgrades: [ ] ]) | p: (4294967295,[ SIGNED@sdf_testnet_1 txH: 852f70, ct: 1772547210, upgrades: [ ] ]) | p': (<null_ballot>) | h: (4294967295,[ SIGNED@sdf_testnet_1 txH: 852f70, ct: 1772547210, upgrades: [ ] ]) | c: (1,[ SIGNED@sdf_testnet_1 txH: 852f70, ct: 1772547210, upgrades: [ ] ]) | M: 3"
   },
   "nomination" : {
      "roundnumber" : 0,
      "started" : false
   },
   "quorum_sets" : {
      "59d361" : {
         "t" : 2,
         "v" : [ "sdf_testnet_2", "sdf_testnet_3", "sdf_testnet_1" ]
      }
   },
   "statements" : [
      [
         1772547508,
         "{ENV@sdf_testnet_1 |  i: 1309504 | EXTERNALIZE | c: (1,[ SIGNED@sdf_testnet_1 txH: 852f70, ct: 1772547210, upgrades: [ ] ]) | h.n: 1 | (lastD): 59d361 }",
         false
      ],
      [
         1772547508,
         "{ENV@sdf_testnet_3 |  i: 1309504 | EXTERNALIZE | c: (1,[ SIGNED@sdf_testnet_1 txH: 852f70, ct: 1772547210, upgrades: [ ] ]) | h.n: 1 | (lastD): 59d361 }",
         false
      ],
      [
         1772547508,
         "{ENV@GCMGK |  i: 1309504 | PREPARE | D: 59d361 | b: (0,[:empty:]) | p: (4294967295,[ SIGNED@sdf_testnet_1 txH: 852f70, ct: 1772547210, upgrades: [ ] ]) | p': (<null_ballot>) | c.n: 0 | h.n: 0 }",
         false
      ],
      [
         1772547508,
         "{ENV@GCMGK |  i: 1309504 | PREPARE | D: 59d361 | b: (4294967295,[ SIGNED@sdf_testnet_1 txH: 852f70, ct: 1772547210, upgrades: [ ] ]) | p: (4294967295,[ SIGNED@sdf_testnet_1 txH: 852f70, ct: 1772547210, upgrades: [ ] ]) | p': (<null_ballot>) | c.n: 4294967295 | h.n: 4294967295 }",
         false
      ],
      [
         1772547508,
         "{ENV@GCMGK |  i: 1309504 | CONFIRM | D: 59d361 | b: (4294967295,[ SIGNED@sdf_testnet_1 txH: 852f70, ct: 1772547210, upgrades: [ ] ]) | p.n: 4294967295 | c.n: 1 | h.n: 4294967295 }",
         false
      ],
      [
         1772547508,
         "{ENV@GCMGK |  i: 1309504 | EXTERNALIZE | c: (1,[ SIGNED@sdf_testnet_1 txH: 852f70, ct: 1772547210, upgrades: [ ] ]) | h.n: 4294967295 | (lastD): 59d361 }",
         false
      ]
   ],
   "validated" : false
}

2026-03-03T14:18:28.820 GCMGK [SCP FATAL] Exception processing SCP messages at 1309504, envelope: {ENV@sdf_testnet_3 |  i: 1309504 | EXTERNALIZE | c: (1,[ SIGNED@sdf_testnet_1 txH: 852f70, ct: 1772547210, upgrades: [ ] ]) | h.n: 1 | (lastD): 59d361 }
2026-03-03T14:18:28.820 GCMGK [SCP FATAL] Please report this bug along with this log file if this was not expected
