2026-03-03T15:08:28.893 GBJLU [default INFO] Starting stellar-core v25.1.1
2026-03-03T15:08:28.894 GBJLU [Database INFO] Connecting to: sqlite3:///opt/stellar/core/stellar.db
2026-03-03T15:08:28.901 GBJLU [SCP INFO] LocalNode::LocalNode@GBJLU qSet: 59d361
2026-03-03T15:08:28.901 GBJLU [Database INFO] DB schema is in current version
2026-03-03T15:08:28.901 GBJLU [default INFO] Listening on 0.0.0.0:11626 for HTTP requests
2026-03-03T15:08:28.901 GBJLU [Bucket INFO] BucketListDB enabled: pageSizeExponent: 14 indexCutOff: 20MB, persist indexes: true
2026-03-03T15:08:28.902 GBJLU [default INFO] Connection effective settings:
2026-03-03T15:08:28.902 GBJLU [default INFO] TARGET_PEER_CONNECTIONS: 8
2026-03-03T15:08:28.902 GBJLU [default INFO] MAX_ADDITIONAL_PEER_CONNECTIONS: 64
2026-03-03T15:08:28.902 GBJLU [default INFO] MAX_PENDING_CONNECTIONS: 500
2026-03-03T15:08:28.902 GBJLU [default INFO] MAX_OUTBOUND_PENDING_CONNECTIONS: 56
2026-03-03T15:08:28.902 GBJLU [default INFO] MAX_INBOUND_PENDING_CONNECTIONS: 444
2026-03-03T15:08:28.902 GBJLU [default INFO] BACKGROUND_OVERLAY_PROCESSING=true
2026-03-03T15:08:28.902 GBJLU [default INFO] PARALLEL_LEDGER_APPLY=true
2026-03-03T15:08:28.902 GBJLU [History INFO] Archive 'sdf_testnet_1' has 'get' command only, will not be written
2026-03-03T15:08:28.902 GBJLU [History INFO] Archive 'sdf_testnet_2' has 'get' command only, will not be written
2026-03-03T15:08:28.902 GBJLU [History INFO] Archive 'sdf_testnet_3' has 'get' command only, will not be written
2026-03-03T15:08:28.902 GBJLU [History WARNING] No writable archives configured, history will not be written.
2026-03-03T15:08:28.902 GBJLU [Ledger INFO] Starting up application
2026-03-03T15:08:28.902 GBJLU [Ledger INFO] Last closed ledger (LCL) hash is bb5348e263dc812d4fc2ada832acadf77b38248092caeae806251a9d7fba4cbe
2026-03-03T15:08:28.902 GBJLU [Ledger INFO] Loaded LCL header from database: [seq=1310157, hash=bb5348]
2026-03-03T15:08:28.902 GBJLU [default INFO] Establishing 10-entry connection pool to: sqlite3:///opt/stellar/core/stellar.db
2026-03-03T15:08:29.371 GBJLU [Ledger INFO] Assumed bucket-state for LCL: [seq=1310157, hash=bb5348]
2026-03-03T15:08:29.371 GBJLU [default INFO] Launching 1 loading and 5 compiling background threads
2026-03-03T15:08:29.704 GBJLU [default INFO] Compiled 1684 contracts (45055210 bytes of Wasm) in 333ms real time, 1622ms CPU time
2026-03-03T15:08:31.599 GBJLU [Overlay INFO] Binding to endpoint 0.0.0.0:11625
2026-03-03T15:08:31.605 GBJLU [History INFO] Downloading history archive state: .well-known/stellar-history.json
2026-03-03T15:08:31.973 GBJLU [Process WARNING] process 2567 exited 23: curl -sf http://history.stellar.org/prd/core-testnet/core_testnet_001/.well-known/stellar-history.json -o buckets/tmp/history-bb436c7801421925/d28ae3c159b3d695-stellar-history.json
2026-03-03T15:08:31.973 GBJLU [History WARNING] Could not download file: archive sdf_testnet_1 maybe missing file .well-known/stellar-history.json
2026-03-03T15:08:31.973 GBJLU [History ERROR] Could not download .well-known/stellar-history.json file: corrupt archive sdf_testnet_1
2026-03-03T15:08:31.973 GBJLU [History ERROR] Failed to obtain archive information: sdf_testnet_1
2026-03-03T15:08:33.829 GBJLU [Overlay ERROR] PeerManager::store error: sqlite3_statement_backend::loadOne: database or disk is full on 98.91.174.101:11625
2026-03-03T15:08:33.830 GBJLU [Overlay ERROR] PeerManager::store error: sqlite3_statement_backend::loadOne: database or disk is full on 44.204.146.210:11625
2026-03-03T15:08:33.831 GBJLU [Overlay ERROR] PeerManager::store error: sqlite3_statement_backend::loadOne: database or disk is full on 44.213.67.110:11625
2026-03-03T15:08:33.832 GBJLU [Overlay ERROR] PeerManager::store error: sqlite3_statement_backend::loadOne: database or disk is full on 16.58.222.208:11725
2026-03-03T15:08:33.834 GBJLU [Overlay ERROR] PeerManager::store error: sqlite3_statement_backend::loadOne: database or disk is full on 204.16.247.83:11625
2026-03-03T15:08:33.835 GBJLU [Overlay ERROR] PeerManager::store error: sqlite3_statement_backend::loadOne: database or disk is full on 93.127.160.241:11625
2026-03-03T15:08:33.837 GBJLU [Overlay ERROR] PeerManager::store error: sqlite3_statement_backend::loadOne: database or disk is full on 3.255.82.225:30020
2026-03-03T15:08:33.838 GBJLU [Overlay ERROR] PeerManager::store error: sqlite3_statement_backend::loadOne: database or disk is full on 148.113.140.57:11625
2026-03-03T15:08:33.839 GBJLU [Overlay ERROR] PeerManager::store error: sqlite3_statement_backend::loadOne: database or disk is full on 198.199.88.228:11625
2026-03-03T15:08:33.840 GBJLU [Overlay ERROR] PeerManager::store error: sqlite3_statement_backend::loadOne: database or disk is full on 13.217.88.18:8009
2026-03-03T15:08:33.841 GBJLU [Overlay ERROR] PeerManager::store error: sqlite3_statement_backend::loadOne: database or disk is full on 34.245.167.15:30020
2026-03-03T15:08:33.842 GBJLU [Overlay ERROR] PeerManager::store error: sqlite3_statement_backend::loadOne: database or disk is full on 172.18.0.1:11625
2026-03-03T15:08:33.843 GBJLU [Overlay ERROR] PeerManager::store error: sqlite3_statement_backend::loadOne: database or disk is full on 174.138.52.29:11625
2026-03-03T15:08:33.844 GBJLU [Overlay ERROR] PeerManager::store error: sqlite3_statement_backend::loadOne: database or disk is full on 3.18.193.104:11725
2026-03-03T15:08:33.845 GBJLU [Overlay ERROR] PeerManager::store error: sqlite3_statement_backend::loadOne: database or disk is full on 172.18.0.1:11725
2026-03-03T15:08:33.846 GBJLU [Overlay ERROR] PeerManager::store error: sqlite3_statement_backend::loadOne: database or disk is full on 50.16.48.217:30020
2026-03-03T15:08:33.847 GBJLU [Overlay ERROR] PeerManager::store error: sqlite3_statement_backend::loadOne: database or disk is full on 54.163.22.184:30020
2026-03-03T15:08:33.847 GBJLU [Overlay ERROR] PeerManager::store error: sqlite3_statement_backend::loadOne: database or disk is full on 200.129.247.114:11625
2026-03-03T15:08:33.848 GBJLU [Overlay ERROR] PeerManager::store error: sqlite3_statement_backend::loadOne: database or disk is full on 3.238.52.233:30400
2026-03-03T15:08:33.848 GBJLU [Overlay ERROR] PeerManager::store error: sqlite3_statement_backend::loadOne: database or disk is full on 135.181.229.215:11628
2026-03-03T15:08:33.849 GBJLU [Overlay ERROR] PeerManager::store error: sqlite3_statement_backend::loadOne: database or disk is full on 54.90.248.176:30020
2026-03-03T15:08:34.276 GBJLU [Overlay ERROR] PeerManager::store error: sqlite3_statement_backend::loadOne: database or disk is full on 16.58.222.208:11725
2026-03-03T15:08:34.277 GBJLU [Overlay INFO] Authenticated to 16.58.222.208:11725
2026-03-03T15:08:34.278 GBJLU [Overlay ERROR] PeerManager::store error: sqlite3_statement_backend::loadOne: database or disk is full on 200.129.247.139:11825
2026-03-03T15:08:34.279 GBJLU [Overlay ERROR] PeerManager::store error: sqlite3_statement_backend::loadOne: database or disk is full on 204.16.247.83:11625
2026-03-03T15:08:34.280 GBJLU [Overlay INFO] Authenticated to 204.16.247.83:11625
2026-03-03T15:08:34.521 GBJLU [Overlay ERROR] PeerManager::store error: sqlite3_statement_backend::loadOne: database or disk is full on 93.127.160.241:11625
2026-03-03T15:08:34.521 GBJLU [Overlay INFO] Authenticated to 93.127.160.241:11625
2026-03-03T15:08:34.522 GBJLU [Overlay ERROR] PeerManager::store error: sqlite3_statement_backend::loadOne: database or disk is full on 200.129.247.139:11725
2026-03-03T15:08:34.571 GBJLU [SCP FATAL] Exception: Cannot commit transaction. database or disk is full
2026-03-03T15:08:34.572 GBJLU [SCP FATAL] SCP context (GBJLU): 
2026-03-03T15:08:34.572 GBJLU [SCP FATAL] {
   "ballotProtocol" : {
      "ballot" : "(4294967295,[ SIGNED@sdf_testnet_3 txH: ec67e8, ct: 1772550469, upgrades: [ ] ])",
      "heard" : false,
      "phase" : "EXTERNALIZE",
      "state" : "i: 1310155 | EXTERNALIZE | b: (4294967295,[ SIGNED@sdf_testnet_3 txH: ec67e8, ct: 1772550469, upgrades: [ ] ]) | p: (4294967295,[ SIGNED@sdf_testnet_3 txH: ec67e8, ct: 1772550469, upgrades: [ ] ]) | p': (<null_ballot>) | h: (4294967295,[ SIGNED@sdf_testnet_3 txH: ec67e8, ct: 1772550469, upgrades: [ ] ]) | c: (1,[ SIGNED@sdf_testnet_3 txH: ec67e8, ct: 1772550469, upgrades: [ ] ]) | M: 3"
   },
   "nomination" : {
      "roundnumber" : 0,
      "started" : false
   },
   "quorum_sets" : {
      "59d361" : {
         "t" : 2,
         "v" : [ "sdf_testnet_2", "sdf_testnet_3", "sdf_testnet_1" ]
      }
   },
   "statements" : [
      [
         1772550514,
         "{ENV@sdf_testnet_1 |  i: 1310155 | EXTERNALIZE | c: (1,[ SIGNED@sdf_testnet_3 txH: ec67e8, ct: 1772550469, upgrades: [ ] ]) | h.n: 1 | (lastD): 59d361 }",
         false
      ],
      [
         1772550514,
         "{ENV@sdf_testnet_3 |  i: 1310155 | EXTERNALIZE | c: (1,[ SIGNED@sdf_testnet_3 txH: ec67e8, ct: 1772550469, upgrades: [ ] ]) | h.n: 1 | (lastD): 59d361 }",
         false
      ],
      [
         1772550514,
         "{ENV@GBJLU |  i: 1310155 | PREPARE | D: 59d361 | b: (0,[:empty:]) | p: (4294967295,[ SIGNED@sdf_testnet_3 txH: ec67e8, ct: 1772550469, upgrades: [ ] ]) | p': (<null_ballot>) | c.n: 0 | h.n: 0 }",
         false
      ],
      [
         1772550514,
         "{ENV@GBJLU |  i: 1310155 | PREPARE | D: 59d361 | b: (4294967295,[ SIGNED@sdf_testnet_3 txH: ec67e8, ct: 1772550469, upgrades: [ ] ]) | p: (4294967295,[ SIGNED@sdf_testnet_3 txH: ec67e8, ct: 1772550469, upgrades: [ ] ]) | p': (<null_ballot>) | c.n: 4294967295 | h.n: 4294967295 }",
         false
      ],
      [
         1772550514,
         "{ENV@GBJLU |  i: 1310155 | CONFIRM | D: 59d361 | b: (4294967295,[ SIGNED@sdf_testnet_3 txH: ec67e8, ct: 1772550469, upgrades: [ ] ]) | p.n: 4294967295 | c.n: 1 | h.n: 4294967295 }",
         false
      ],
      [
         1772550514,
         "{ENV@GBJLU |  i: 1310155 | EXTERNALIZE | c: (1,[ SIGNED@sdf_testnet_3 txH: ec67e8, ct: 1772550469, upgrades: [ ] ]) | h.n: 4294967295 | (lastD): 59d361 }",
         false
      ]
   ],
   "validated" : false
}

2026-03-03T15:08:34.572 GBJLU [SCP FATAL] Exception processing SCP messages at 1310155, envelope: {ENV@GBJLU |  i: 1310155 | CONFIRM | D: 59d361 | b: (4294967295,[ SIGNED@sdf_testnet_3 txH: ec67e8, ct: 1772550469, upgrades: [ ] ]) | p.n: 4294967295 | c.n: 1 | h.n: 4294967295 }
2026-03-03T15:08:34.573 GBJLU [SCP FATAL] Please report this bug along with this log file if this was not expected
2026-03-03T15:08:34.573 GBJLU [SCP FATAL] Exception: Cannot commit transaction. database or disk is full
2026-03-03T15:08:34.573 GBJLU [SCP FATAL] SCP context (GBJLU): 
2026-03-03T15:08:34.573 GBJLU [SCP FATAL] {
   "ballotProtocol" : {
      "ballot" : "(4294967295,[ SIGNED@sdf_testnet_3 txH: ec67e8, ct: 1772550469, upgrades: [ ] ])",
      "heard" : false,
      "phase" : "EXTERNALIZE",
      "state" : "i: 1310155 | EXTERNALIZE | b: (4294967295,[ SIGNED@sdf_testnet_3 txH: ec67e8, ct: 1772550469, upgrades: [ ] ]) | p: (4294967295,[ SIGNED@sdf_testnet_3 txH: ec67e8, ct: 1772550469, upgrades: [ ] ]) | p': (<null_ballot>) | h: (4294967295,[ SIGNED@sdf_testnet_3 txH: ec67e8, ct: 1772550469, upgrades: [ ] ]) | c: (1,[ SIGNED@sdf_testnet_3 txH: ec67e8, ct: 1772550469, upgrades: [ ] ]) | M: 3"
   },
   "nomination" : {
      "roundnumber" : 0,
      "started" : false
   },
   "quorum_sets" : {
      "59d361" : {
         "t" : 2,
         "v" : [ "sdf_testnet_2", "sdf_testnet_3", "sdf_testnet_1" ]
      }
   },
   "statements" : [
      [
         1772550514,
         "{ENV@sdf_testnet_1 |  i: 1310155 | EXTERNALIZE | c: (1,[ SIGNED@sdf_testnet_3 txH: ec67e8, ct: 1772550469, upgrades: [ ] ]) | h.n: 1 | (lastD): 59d361 }",
         false
      ],
      [
         1772550514,
         "{ENV@sdf_testnet_3 |  i: 1310155 | EXTERNALIZE | c: (1,[ SIGNED@sdf_testnet_3 txH: ec67e8, ct: 1772550469, upgrades: [ ] ]) | h.n: 1 | (lastD): 59d361 }",
         false
      ],
      [
         1772550514,
         "{ENV@GBJLU |  i: 1310155 | PREPARE | D: 59d361 | b: (0,[:empty:]) | p: (4294967295,[ SIGNED@sdf_testnet_3 txH: ec67e8, ct: 1772550469, upgrades: [ ] ]) | p': (<null_ballot>) | c.n: 0 | h.n: 0 }",
         false
      ],
      [
         1772550514,
         "{ENV@GBJLU |  i: 1310155 | PREPARE | D: 59d361 | b: (4294967295,[ SIGNED@sdf_testnet_3 txH: ec67e8, ct: 1772550469, upgrades: [ ] ]) | p: (4294967295,[ SIGNED@sdf_testnet_3 txH: ec67e8, ct: 1772550469, upgrades: [ ] ]) | p': (<null_ballot>) | c.n: 4294967295 | h.n: 4294967295 }",
         false
      ],
      [
         1772550514,
         "{ENV@GBJLU |  i: 1310155 | CONFIRM | D: 59d361 | b: (4294967295,[ SIGNED@sdf_testnet_3 txH: ec67e8, ct: 1772550469, upgrades: [ ] ]) | p.n: 4294967295 | c.n: 1 | h.n: 4294967295 }",
         false
      ],
      [
         1772550514,
         "{ENV@GBJLU |  i: 1310155 | EXTERNALIZE | c: (1,[ SIGNED@sdf_testnet_3 txH: ec67e8, ct: 1772550469, upgrades: [ ] ]) | h.n: 4294967295 | (lastD): 59d361 }",
         false
      ]
   ],
   "validated" : false
}

2026-03-03T15:08:34.574 GBJLU [SCP FATAL] Exception processing SCP messages at 1310155, envelope: {ENV@GBJLU |  i: 1310155 | PREPARE | D: 59d361 | b: (4294967295,[ SIGNED@sdf_testnet_3 txH: ec67e8, ct: 1772550469, upgrades: [ ] ]) | p: (4294967295,[ SIGNED@sdf_testnet_3 txH: ec67e8, ct: 1772550469, upgrades: [ ] ]) | p': (<null_ballot>) | c.n: 4294967295 | h.n: 4294967295 }
2026-03-03T15:08:34.574 GBJLU [SCP FATAL] Please report this bug along with this log file if this was not expected
2026-03-03T15:08:34.574 GBJLU [SCP FATAL] Exception: Cannot commit transaction. database or disk is full
2026-03-03T15:08:34.574 GBJLU [SCP FATAL] SCP context (GBJLU): 
2026-03-03T15:08:34.574 GBJLU [SCP FATAL] {
   "ballotProtocol" : {
      "ballot" : "(4294967295,[ SIGNED@sdf_testnet_3 txH: ec67e8, ct: 1772550469, upgrades: [ ] ])",
      "heard" : false,
      "phase" : "EXTERNALIZE",
      "state" : "i: 1310155 | EXTERNALIZE | b: (4294967295,[ SIGNED@sdf_testnet_3 txH: ec67e8, ct: 1772550469, upgrades: [ ] ]) | p: (4294967295,[ SIGNED@sdf_testnet_3 txH: ec67e8, ct: 1772550469, upgrades: [ ] ]) | p': (<null_ballot>) | h: (4294967295,[ SIGNED@sdf_testnet_3 txH: ec67e8, ct: 1772550469, upgrades: [ ] ]) | c: (1,[ SIGNED@sdf_testnet_3 txH: ec67e8, ct: 1772550469, upgrades: [ ] ]) | M: 3"
   },
   "nomination" : {
      "roundnumber" : 0,
      "started" : false
   },
   "quorum_sets" : {
      "59d361" : {
         "t" : 2,
         "v" : [ "sdf_testnet_2", "sdf_testnet_3", "sdf_testnet_1" ]
      }
   },
   "statements" : [
      [
         1772550514,
         "{ENV@sdf_testnet_1 |  i: 1310155 | EXTERNALIZE | c: (1,[ SIGNED@sdf_testnet_3 txH: ec67e8, ct: 1772550469, upgrades: [ ] ]) | h.n: 1 | (lastD): 59d361 }",
         false
      ],
      [
         1772550514,
         "{ENV@sdf_testnet_3 |  i: 1310155 | EXTERNALIZE | c: (1,[ SIGNED@sdf_testnet_3 txH: ec67e8, ct: 1772550469, upgrades: [ ] ]) | h.n: 1 | (lastD): 59d361 }",
         false
      ],
      [
         1772550514,
         "{ENV@GBJLU |  i: 1310155 | PREPARE | D: 59d361 | b: (0,[:empty:]) | p: (4294967295,[ SIGNED@sdf_testnet_3 txH: ec67e8, ct: 1772550469, upgrades: [ ] ]) | p': (<null_ballot>) | c.n: 0 | h.n: 0 }",
         false
      ],
      [
         1772550514,
         "{ENV@GBJLU |  i: 1310155 | PREPARE | D: 59d361 | b: (4294967295,[ SIGNED@sdf_testnet_3 txH: ec67e8, ct: 1772550469, upgrades: [ ] ]) | p: (4294967295,[ SIGNED@sdf_testnet_3 txH: ec67e8, ct: 1772550469, upgrades: [ ] ]) | p': (<null_ballot>) | c.n: 4294967295 | h.n: 4294967295 }",
         false
      ],
      [
         1772550514,
         "{ENV@GBJLU |  i: 1310155 | CONFIRM | D: 59d361 | b: (4294967295,[ SIGNED@sdf_testnet_3 txH: ec67e8, ct: 1772550469, upgrades: [ ] ]) | p.n: 4294967295 | c.n: 1 | h.n: 4294967295 }",
         false
      ],
      [
         1772550514,
         "{ENV@GBJLU |  i: 1310155 | EXTERNALIZE | c: (1,[ SIGNED@sdf_testnet_3 txH: ec67e8, ct: 1772550469, upgrades: [ ] ]) | h.n: 4294967295 | (lastD): 59d361 }",
         false
      ]
   ],
   "validated" : false
}

2026-03-03T15:08:34.575 GBJLU [SCP FATAL] Exception processing SCP messages at 1310155, envelope: {ENV@GBJLU |  i: 1310155 | PREPARE | D: 59d361 | b: (0,[:empty:]) | p: (4294967295,[ SIGNED@sdf_testnet_3 txH: ec67e8, ct: 1772550469, upgrades: [ ] ]) | p': (<null_ballot>) | c.n: 0 | h.n: 0 }
2026-03-03T15:08:34.575 GBJLU [SCP FATAL] Please report this bug along with this log file if this was not expected
2026-03-03T15:08:34.575 GBJLU [SCP FATAL] Exception: Cannot commit transaction. database or disk is full
2026-03-03T15:08:34.575 GBJLU [SCP FATAL] SCP context (GBJLU): 
2026-03-03T15:08:34.575 GBJLU [SCP FATAL] {
   "ballotProtocol" : {
      "ballot" : "(4294967295,[ SIGNED@sdf_testnet_3 txH: ec67e8, ct: 1772550469, upgrades: [ ] ])",
      "heard" : false,
      "phase" : "EXTERNALIZE",
      "state" : "i: 1310155 | EXTERNALIZE | b: (4294967295,[ SIGNED@sdf_testnet_3 txH: ec67e8, ct: 1772550469, upgrades: [ ] ]) | p: (4294967295,[ SIGNED@sdf_testnet_3 txH: ec67e8, ct: 1772550469, upgrades: [ ] ]) | p': (<null_ballot>) | h: (4294967295,[ SIGNED@sdf_testnet_3 txH: ec67e8, ct: 1772550469, upgrades: [ ] ]) | c: (1,[ SIGNED@sdf_testnet_3 txH: ec67e8, ct: 1772550469, upgrades: [ ] ]) | M: 3"
   },
   "nomination" : {
      "roundnumber" : 0,
      "started" : false
   },
   "quorum_sets" : {
      "59d361" : {
         "t" : 2,
         "v" : [ "sdf_testnet_2", "sdf_testnet_3", "sdf_testnet_1" ]
      }
   },
   "statements" : [
      [
         1772550514,
         "{ENV@sdf_testnet_1 |  i: 1310155 | EXTERNALIZE | c: (1,[ SIGNED@sdf_testnet_3 txH: ec67e8, ct: 1772550469, upgrades: [ ] ]) | h.n: 1 | (lastD): 59d361 }",
         false
      ],
      [
         1772550514,
         "{ENV@sdf_testnet_3 |  i: 1310155 | EXTERNALIZE | c: (1,[ SIGNED@sdf_testnet_3 txH: ec67e8, ct: 1772550469, upgrades: [ ] ]) | h.n: 1 | (lastD): 59d361 }",
         false
      ],
      [
         1772550514,
         "{ENV@GBJLU |  i: 1310155 | PREPARE | D: 59d361 | b: (0,[:empty:]) | p: (4294967295,[ SIGNED@sdf_testnet_3 txH: ec67e8, ct: 1772550469, upgrades: [ ] ]) | p': (<null_ballot>) | c.n: 0 | h.n: 0 }",
         false
      ],
      [
         1772550514,
         "{ENV@GBJLU |  i: 1310155 | PREPARE | D: 59d361 | b: (4294967295,[ SIGNED@sdf_testnet_3 txH: ec67e8, ct: 1772550469, upgrades: [ ] ]) | p: (4294967295,[ SIGNED@sdf_testnet_3 txH: ec67e8, ct: 1772550469, upgrades: [ ] ]) | p': (<null_ballot>) | c.n: 4294967295 | h.n: 4294967295 }",
         false
      ],
      [
         1772550514,
         "{ENV@GBJLU |  i: 1310155 | CONFIRM | D: 59d361 | b: (4294967295,[ SIGNED@sdf_testnet_3 txH: ec67e8, ct: 1772550469, upgrades: [ ] ]) | p.n: 4294967295 | c.n: 1 | h.n: 4294967295 }",
         false
      ],
      [
         1772550514,
         "{ENV@GBJLU |  i: 1310155 | EXTERNALIZE | c: (1,[ SIGNED@sdf_testnet_3 txH: ec67e8, ct: 1772550469, upgrades: [ ] ]) | h.n: 4294967295 | (lastD): 59d361 }",
         false
      ]
   ],
   "validated" : false
}

2026-03-03T15:08:34.576 GBJLU [SCP FATAL] Exception processing SCP messages at 1310155, envelope: {ENV@sdf_testnet_3 |  i: 1310155 | EXTERNALIZE | c: (1,[ SIGNED@sdf_testnet_3 txH: ec67e8, ct: 1772550469, upgrades: [ ] ]) | h.n: 1 | (lastD): 59d361 }
2026-03-03T15:08:34.576 GBJLU [SCP FATAL] Please report this bug along with this log file if this was not expected
