2026-03-03T15:09:24.249 GCAH3 [default INFO] Starting stellar-core v25.1.1
2026-03-03T15:09:24.251 GCAH3 [Database INFO] Connecting to: sqlite3:///opt/stellar/core/stellar.db
2026-03-03T15:09:24.258 GCAH3 [SCP INFO] LocalNode::LocalNode@GCAH3 qSet: 59d361
2026-03-03T15:09:24.259 GCAH3 [Database INFO] DB schema is in current version
2026-03-03T15:09:24.259 GCAH3 [default INFO] Listening on 0.0.0.0:11626 for HTTP requests
2026-03-03T15:09:24.259 GCAH3 [Bucket INFO] BucketListDB enabled: pageSizeExponent: 14 indexCutOff: 20MB, persist indexes: true
2026-03-03T15:09:24.259 GCAH3 [default INFO] Connection effective settings:
2026-03-03T15:09:24.259 GCAH3 [default INFO] TARGET_PEER_CONNECTIONS: 8
2026-03-03T15:09:24.259 GCAH3 [default INFO] MAX_ADDITIONAL_PEER_CONNECTIONS: 64
2026-03-03T15:09:24.259 GCAH3 [default INFO] MAX_PENDING_CONNECTIONS: 500
2026-03-03T15:09:24.259 GCAH3 [default INFO] MAX_OUTBOUND_PENDING_CONNECTIONS: 56
2026-03-03T15:09:24.259 GCAH3 [default INFO] MAX_INBOUND_PENDING_CONNECTIONS: 444
2026-03-03T15:09:24.259 GCAH3 [default INFO] BACKGROUND_OVERLAY_PROCESSING=true
2026-03-03T15:09:24.259 GCAH3 [default INFO] PARALLEL_LEDGER_APPLY=true
2026-03-03T15:09:24.259 GCAH3 [History INFO] Archive 'sdf_testnet_1' has 'get' command only, will not be written
2026-03-03T15:09:24.259 GCAH3 [History INFO] Archive 'sdf_testnet_2' has 'get' command only, will not be written
2026-03-03T15:09:24.259 GCAH3 [History INFO] Archive 'sdf_testnet_3' has 'get' command only, will not be written
2026-03-03T15:09:24.259 GCAH3 [History WARNING] No writable archives configured, history will not be written.
2026-03-03T15:09:24.260 GCAH3 [Ledger INFO] Starting up application
2026-03-03T15:09:24.260 GCAH3 [Ledger INFO] Last closed ledger (LCL) hash is bb5348e263dc812d4fc2ada832acadf77b38248092caeae806251a9d7fba4cbe
2026-03-03T15:09:24.260 GCAH3 [Ledger INFO] Loaded LCL header from database: [seq=1310157, hash=bb5348]
2026-03-03T15:09:24.260 GCAH3 [default INFO] Establishing 10-entry connection pool to: sqlite3:///opt/stellar/core/stellar.db
2026-03-03T15:09:24.716 GCAH3 [Ledger INFO] Assumed bucket-state for LCL: [seq=1310157, hash=bb5348]
2026-03-03T15:09:24.716 GCAH3 [default INFO] Launching 1 loading and 5 compiling background threads
2026-03-03T15:09:24.975 GCAH3 [default INFO] Compiled 1684 contracts (45055210 bytes of Wasm) in 258ms real time, 1253ms CPU time
2026-03-03T15:09:27.242 GCAH3 [Overlay INFO] Binding to endpoint 0.0.0.0:11625
2026-03-03T15:09:27.248 GCAH3 [History INFO] Downloading history archive state: .well-known/stellar-history.json
2026-03-03T15:09:27.641 GCAH3 [Process WARNING] process 3234 exited 23: curl -sf http://history.stellar.org/prd/core-testnet/core_testnet_001/.well-known/stellar-history.json -o buckets/tmp/history-608bfe2ef3add6fc/4d8f53fd9e72e3f3-stellar-history.json
2026-03-03T15:09:27.641 GCAH3 [History WARNING] Could not download file: archive sdf_testnet_1 maybe missing file .well-known/stellar-history.json
2026-03-03T15:09:27.641 GCAH3 [History ERROR] Could not download .well-known/stellar-history.json file: corrupt archive sdf_testnet_1
2026-03-03T15:09:27.643 GCAH3 [History ERROR] Failed to obtain archive information: sdf_testnet_1
2026-03-03T15:09:29.559 GCAH3 [Overlay ERROR] PeerManager::store error: sqlite3_statement_backend::loadOne: database or disk is full on 98.91.174.101:11625
2026-03-03T15:09:29.560 GCAH3 [Overlay ERROR] PeerManager::store error: sqlite3_statement_backend::loadOne: database or disk is full on 44.204.146.210:11625
2026-03-03T15:09:29.560 GCAH3 [Overlay ERROR] PeerManager::store error: sqlite3_statement_backend::loadOne: database or disk is full on 44.213.67.110:11625
2026-03-03T15:09:29.561 GCAH3 [Overlay ERROR] PeerManager::store error: sqlite3_statement_backend::loadOne: database or disk is full on 141.98.219.41:11625
2026-03-03T15:09:29.562 GCAH3 [Overlay ERROR] PeerManager::store error: sqlite3_statement_backend::loadOne: database or disk is full on 44.204.146.210:11625
2026-03-03T15:09:29.563 GCAH3 [Overlay ERROR] PeerManager::store error: sqlite3_statement_backend::loadOne: database or disk is full on 3.148.60.154:11725
2026-03-03T15:09:29.564 GCAH3 [Overlay ERROR] PeerManager::store error: sqlite3_statement_backend::loadOne: database or disk is full on 3.147.147.12:11725
2026-03-03T15:09:29.565 GCAH3 [Overlay ERROR] PeerManager::store error: sqlite3_statement_backend::loadOne: database or disk is full on 3.238.52.233:30400
2026-03-03T15:09:29.565 GCAH3 [Overlay ERROR] PeerManager::store error: sqlite3_statement_backend::loadOne: database or disk is full on 148.113.140.57:11625
2026-03-03T15:09:29.566 GCAH3 [Overlay ERROR] PeerManager::store error: sqlite3_statement_backend::loadOne: database or disk is full on 50.16.48.217:30020
2026-03-03T15:09:29.566 GCAH3 [Overlay ERROR] PeerManager::store error: sqlite3_statement_backend::loadOne: database or disk is full on 54.174.219.130:30400
2026-03-03T15:09:29.567 GCAH3 [Overlay ERROR] PeerManager::store error: sqlite3_statement_backend::loadOne: database or disk is full on 3.95.1.43:30400
2026-03-03T15:09:29.567 GCAH3 [Overlay ERROR] PeerManager::store error: sqlite3_statement_backend::loadOne: database or disk is full on 54.90.248.176:30020
2026-03-03T15:09:29.569 GCAH3 [Overlay ERROR] PeerManager::store error: sqlite3_statement_backend::loadOne: database or disk is full on 172.18.0.1:11725
2026-03-03T15:09:29.570 GCAH3 [Overlay ERROR] PeerManager::store error: sqlite3_statement_backend::loadOne: database or disk is full on 172.18.0.1:11625
2026-03-03T15:09:29.571 GCAH3 [Overlay ERROR] PeerManager::store error: sqlite3_statement_backend::loadOne: database or disk is full on 18.189.252.66:11725
2026-03-03T15:09:29.572 GCAH3 [Overlay ERROR] PeerManager::store error: sqlite3_statement_backend::loadOne: database or disk is full on 185.255.131.210:11625
2026-03-03T15:09:29.572 GCAH3 [Overlay ERROR] PeerManager::store error: sqlite3_statement_backend::loadOne: database or disk is full on 65.109.51.179:11625
2026-03-03T15:09:29.573 GCAH3 [Overlay ERROR] PeerManager::store error: sqlite3_statement_backend::loadOne: database or disk is full on 200.129.247.138:11625
2026-03-03T15:09:29.573 GCAH3 [Overlay ERROR] PeerManager::store error: sqlite3_statement_backend::loadOne: database or disk is full on 18.201.51.16:30020
2026-03-03T15:09:29.574 GCAH3 [Overlay ERROR] PeerManager::store error: sqlite3_statement_backend::loadOne: database or disk is full on 200.129.247.145:11625
2026-03-03T15:09:29.574 GCAH3 [Overlay ERROR] PeerManager::store error: sqlite3_statement_backend::loadOne: database or disk is full on 3.134.225.19:11725
2026-03-03T15:09:29.575 GCAH3 [Overlay ERROR] PeerManager::store error: sqlite3_statement_backend::loadOne: database or disk is full on 198.199.88.228:11625
2026-03-03T15:09:29.576 GCAH3 [Overlay ERROR] PeerManager::store error: sqlite3_statement_backend::loadOne: database or disk is full on 3.255.82.225:30020
2026-03-03T15:09:29.577 GCAH3 [Overlay ERROR] PeerManager::store error: sqlite3_statement_backend::loadOne: database or disk is full on 200.129.247.114:11625
2026-03-03T15:09:29.578 GCAH3 [Overlay ERROR] PeerManager::store error: sqlite3_statement_backend::loadOne: database or disk is full on 91.67.122.127:11625
2026-03-03T15:09:29.579 GCAH3 [Overlay ERROR] PeerManager::store error: sqlite3_statement_backend::loadOne: database or disk is full on 200.129.247.110:11625
2026-03-03T15:09:29.579 GCAH3 [Overlay ERROR] PeerManager::store error: sqlite3_statement_backend::loadOne: database or disk is full on 18.206.213.41:30020
2026-03-03T15:09:29.580 GCAH3 [Overlay ERROR] PeerManager::store error: sqlite3_statement_backend::loadOne: database or disk is full on 3.18.193.104:11725
2026-03-03T15:09:29.581 GCAH3 [Overlay ERROR] PeerManager::store error: sqlite3_statement_backend::loadOne: database or disk is full on 3.150.21.71:11725
2026-03-03T15:09:29.582 GCAH3 [Overlay ERROR] PeerManager::store error: sqlite3_statement_backend::loadOne: database or disk is full on 34.245.167.15:30020
2026-03-03T15:09:29.583 GCAH3 [Overlay ERROR] PeerManager::store error: sqlite3_statement_backend::loadOne: database or disk is full on 34.229.139.142:30020
2026-03-03T15:09:29.584 GCAH3 [Overlay ERROR] PeerManager::store error: sqlite3_statement_backend::loadOne: database or disk is full on 13.217.88.18:8009
2026-03-03T15:09:29.585 GCAH3 [Overlay ERROR] PeerManager::store error: sqlite3_statement_backend::loadOne: database or disk is full on 54.163.22.184:30020
2026-03-03T15:09:29.586 GCAH3 [Overlay ERROR] PeerManager::store error: sqlite3_statement_backend::loadOne: database or disk is full on 174.138.52.29:11625
2026-03-03T15:09:29.587 GCAH3 [Overlay ERROR] PeerManager::store error: sqlite3_statement_backend::loadOne: database or disk is full on 135.181.229.215:11628
2026-03-03T15:09:30.006 GCAH3 [Overlay ERROR] PeerManager::store error: sqlite3_statement_backend::loadOne: database or disk is full on 44.204.146.210:11625
2026-03-03T15:09:30.007 GCAH3 [Overlay INFO] Authenticated to 44.204.146.210:11625
2026-03-03T15:09:30.051 GCAH3 [Overlay ERROR] PeerManager::store error: sqlite3_statement_backend::loadOne: database or disk is full on 141.98.219.41:11625
2026-03-03T15:09:30.051 GCAH3 [Overlay INFO] Authenticated to 141.98.219.41:11625
2026-03-03T15:09:30.053 GCAH3 [Overlay ERROR] PeerManager::store error: sqlite3_statement_backend::loadOne: database or disk is full on 3.148.60.154:11725
2026-03-03T15:09:30.053 GCAH3 [Overlay INFO] Authenticated to 3.148.60.154:11725
2026-03-03T15:09:30.054 GCAH3 [Overlay ERROR] PeerManager::store error: sqlite3_statement_backend::loadOne: database or disk is full on 200.129.247.139:11825
2026-03-03T15:09:30.055 GCAH3 [Overlay ERROR] PeerManager::store error: sqlite3_statement_backend::loadOne: database or disk is full on 200.129.247.139:11725
2026-03-03T15:09:30.055 GCAH3 [Overlay ERROR] PeerManager::store error: sqlite3_statement_backend::loadOne: database or disk is full on 77.48.24.203:11625
2026-03-03T15:09:32.297 GCAH3 [SCP FATAL] Exception: Cannot commit transaction. database or disk is full
2026-03-03T15:09:32.298 GCAH3 [SCP FATAL] SCP context (GCAH3): 
2026-03-03T15:09:32.299 GCAH3 [SCP FATAL] {
   "ballotProtocol" : {
      "ballot" : "(4294967295,[ SIGNED@sdf_testnet_2 txH: e4eb65, ct: 1772550414, upgrades: [ ] ])",
      "heard" : false,
      "phase" : "EXTERNALIZE",
      "state" : "i: 1310144 | EXTERNALIZE | b: (4294967295,[ SIGNED@sdf_testnet_2 txH: e4eb65, ct: 1772550414, upgrades: [ ] ]) | p: (4294967295,[ SIGNED@sdf_testnet_2 txH: e4eb65, ct: 1772550414, upgrades: [ ] ]) | p': (<null_ballot>) | h: (4294967295,[ SIGNED@sdf_testnet_2 txH: e4eb65, ct: 1772550414, upgrades: [ ] ]) | c: (1,[ SIGNED@sdf_testnet_2 txH: e4eb65, ct: 1772550414, upgrades: [ ] ]) | M: 3"
   },
   "nomination" : {
      "roundnumber" : 0,
      "started" : false
   },
   "quorum_sets" : {
      "59d361" : {
         "t" : 2,
         "v" : [ "sdf_testnet_2", "sdf_testnet_3", "sdf_testnet_1" ]
      }
   },
   "statements" : [
      [
         1772550572,
         "{ENV@sdf_testnet_1 |  i: 1310144 | EXTERNALIZE | c: (1,[ SIGNED@sdf_testnet_2 txH: e4eb65, ct: 1772550414, upgrades: [ ] ]) | h.n: 1 | (lastD): 59d361 }",
         false
      ],
      [
         1772550572,
         "{ENV@sdf_testnet_3 |  i: 1310144 | EXTERNALIZE | c: (1,[ SIGNED@sdf_testnet_2 txH: e4eb65, ct: 1772550414, upgrades: [ ] ]) | h.n: 1 | (lastD): 59d361 }",
         false
      ],
      [
         1772550572,
         "{ENV@GCAH3 |  i: 1310144 | PREPARE | D: 59d361 | b: (0,[:empty:]) | p: (4294967295,[ SIGNED@sdf_testnet_2 txH: e4eb65, ct: 1772550414, upgrades: [ ] ]) | p': (<null_ballot>) | c.n: 0 | h.n: 0 }",
         false
      ],
      [
         1772550572,
         "{ENV@GCAH3 |  i: 1310144 | PREPARE | D: 59d361 | b: (4294967295,[ SIGNED@sdf_testnet_2 txH: e4eb65, ct: 1772550414, upgrades: [ ] ]) | p: (4294967295,[ SIGNED@sdf_testnet_2 txH: e4eb65, ct: 1772550414, upgrades: [ ] ]) | p': (<null_ballot>) | c.n: 4294967295 | h.n: 4294967295 }",
         false
      ],
      [
         1772550572,
         "{ENV@GCAH3 |  i: 1310144 | CONFIRM | D: 59d361 | b: (4294967295,[ SIGNED@sdf_testnet_2 txH: e4eb65, ct: 1772550414, upgrades: [ ] ]) | p.n: 4294967295 | c.n: 1 | h.n: 4294967295 }",
         false
      ],
      [
         1772550572,
         "{ENV@GCAH3 |  i: 1310144 | EXTERNALIZE | c: (1,[ SIGNED@sdf_testnet_2 txH: e4eb65, ct: 1772550414, upgrades: [ ] ]) | h.n: 4294967295 | (lastD): 59d361 }",
         false
      ]
   ],
   "validated" : false
}

2026-03-03T15:09:32.300 GCAH3 [SCP FATAL] Exception processing SCP messages at 1310144, envelope: {ENV@GCAH3 |  i: 1310144 | CONFIRM | D: 59d361 | b: (4294967295,[ SIGNED@sdf_testnet_2 txH: e4eb65, ct: 1772550414, upgrades: [ ] ]) | p.n: 4294967295 | c.n: 1 | h.n: 4294967295 }
2026-03-03T15:09:32.301 GCAH3 [SCP FATAL] Please report this bug along with this log file if this was not expected
2026-03-03T15:09:32.301 GCAH3 [SCP FATAL] Exception: Cannot commit transaction. database or disk is full
2026-03-03T15:09:32.301 GCAH3 [SCP FATAL] SCP context (GCAH3): 
2026-03-03T15:09:32.302 GCAH3 [SCP FATAL] {
   "ballotProtocol" : {
      "ballot" : "(4294967295,[ SIGNED@sdf_testnet_2 txH: e4eb65, ct: 1772550414, upgrades: [ ] ])",
      "heard" : false,
      "phase" : "EXTERNALIZE",
      "state" : "i: 1310144 | EXTERNALIZE | b: (4294967295,[ SIGNED@sdf_testnet_2 txH: e4eb65, ct: 1772550414, upgrades: [ ] ]) | p: (4294967295,[ SIGNED@sdf_testnet_2 txH: e4eb65, ct: 1772550414, upgrades: [ ] ]) | p': (<null_ballot>) | h: (4294967295,[ SIGNED@sdf_testnet_2 txH: e4eb65, ct: 1772550414, upgrades: [ ] ]) | c: (1,[ SIGNED@sdf_testnet_2 txH: e4eb65, ct: 1772550414, upgrades: [ ] ]) | M: 3"
   },
   "nomination" : {
      "roundnumber" : 0,
      "started" : false
   },
   "quorum_sets" : {
      "59d361" : {
         "t" : 2,
         "v" : [ "sdf_testnet_2", "sdf_testnet_3", "sdf_testnet_1" ]
      }
   },
   "statements" : [
      [
         1772550572,
         "{ENV@sdf_testnet_1 |  i: 1310144 | EXTERNALIZE | c: (1,[ SIGNED@sdf_testnet_2 txH: e4eb65, ct: 1772550414, upgrades: [ ] ]) | h.n: 1 | (lastD): 59d361 }",
         false
      ],
      [
         1772550572,
         "{ENV@sdf_testnet_3 |  i: 1310144 | EXTERNALIZE | c: (1,[ SIGNED@sdf_testnet_2 txH: e4eb65, ct: 1772550414, upgrades: [ ] ]) | h.n: 1 | (lastD): 59d361 }",
         false
      ],
      [
         1772550572,
         "{ENV@GCAH3 |  i: 1310144 | PREPARE | D: 59d361 | b: (0,[:empty:]) | p: (4294967295,[ SIGNED@sdf_testnet_2 txH: e4eb65, ct: 1772550414, upgrades: [ ] ]) | p': (<null_ballot>) | c.n: 0 | h.n: 0 }",
         false
      ],
      [
         1772550572,
         "{ENV@GCAH3 |  i: 1310144 | PREPARE | D: 59d361 | b: (4294967295,[ SIGNED@sdf_testnet_2 txH: e4eb65, ct: 1772550414, upgrades: [ ] ]) | p: (4294967295,[ SIGNED@sdf_testnet_2 txH: e4eb65, ct: 1772550414, upgrades: [ ] ]) | p': (<null_ballot>) | c.n: 4294967295 | h.n: 4294967295 }",
         false
      ],
      [
         1772550572,
         "{ENV@GCAH3 |  i: 1310144 | CONFIRM | D: 59d361 | b: (4294967295,[ SIGNED@sdf_testnet_2 txH: e4eb65, ct: 1772550414, upgrades: [ ] ]) | p.n: 4294967295 | c.n: 1 | h.n: 4294967295 }",
         false
      ],
      [
         1772550572,
         "{ENV@GCAH3 |  i: 1310144 | EXTERNALIZE | c: (1,[ SIGNED@sdf_testnet_2 txH: e4eb65, ct: 1772550414, upgrades: [ ] ]) | h.n: 4294967295 | (lastD): 59d361 }",
         false
      ]
   ],
   "validated" : false
}

2026-03-03T15:09:32.304 GCAH3 [SCP FATAL] Exception processing SCP messages at 1310144, envelope: {ENV@GCAH3 |  i: 1310144 | PREPARE | D: 59d361 | b: (4294967295,[ SIGNED@sdf_testnet_2 txH: e4eb65, ct: 1772550414, upgrades: [ ] ]) | p: (4294967295,[ SIGNED@sdf_testnet_2 txH: e4eb65, ct: 1772550414, upgrades: [ ] ]) | p': (<null_ballot>) | c.n: 4294967295 | h.n: 4294967295 }
2026-03-03T15:09:32.304 GCAH3 [SCP FATAL] Please report this bug along with this log file if this was not expected
2026-03-03T15:09:32.305 GCAH3 [SCP FATAL] Exception: Cannot commit transaction. database or disk is full
2026-03-03T15:09:32.305 GCAH3 [SCP FATAL] SCP context (GCAH3): 
2026-03-03T15:09:32.306 GCAH3 [SCP FATAL] {
   "ballotProtocol" : {
      "ballot" : "(4294967295,[ SIGNED@sdf_testnet_2 txH: e4eb65, ct: 1772550414, upgrades: [ ] ])",
      "heard" : false,
      "phase" : "EXTERNALIZE",
      "state" : "i: 1310144 | EXTERNALIZE | b: (4294967295,[ SIGNED@sdf_testnet_2 txH: e4eb65, ct: 1772550414, upgrades: [ ] ]) | p: (4294967295,[ SIGNED@sdf_testnet_2 txH: e4eb65, ct: 1772550414, upgrades: [ ] ]) | p': (<null_ballot>) | h: (4294967295,[ SIGNED@sdf_testnet_2 txH: e4eb65, ct: 1772550414, upgrades: [ ] ]) | c: (1,[ SIGNED@sdf_testnet_2 txH: e4eb65, ct: 1772550414, upgrades: [ ] ]) | M: 3"
   },
   "nomination" : {
      "roundnumber" : 0,
      "started" : false
   },
   "quorum_sets" : {
      "59d361" : {
         "t" : 2,
         "v" : [ "sdf_testnet_2", "sdf_testnet_3", "sdf_testnet_1" ]
      }
   },
   "statements" : [
      [
         1772550572,
         "{ENV@sdf_testnet_1 |  i: 1310144 | EXTERNALIZE | c: (1,[ SIGNED@sdf_testnet_2 txH: e4eb65, ct: 1772550414, upgrades: [ ] ]) | h.n: 1 | (lastD): 59d361 }",
         false
      ],
      [
         1772550572,
         "{ENV@sdf_testnet_3 |  i: 1310144 | EXTERNALIZE | c: (1,[ SIGNED@sdf_testnet_2 txH: e4eb65, ct: 1772550414, upgrades: [ ] ]) | h.n: 1 | (lastD): 59d361 }",
         false
      ],
      [
         1772550572,
         "{ENV@GCAH3 |  i: 1310144 | PREPARE | D: 59d361 | b: (0,[:empty:]) | p: (4294967295,[ SIGNED@sdf_testnet_2 txH: e4eb65, ct: 1772550414, upgrades: [ ] ]) | p': (<null_ballot>) | c.n: 0 | h.n: 0 }",
         false
      ],
      [
         1772550572,
         "{ENV@GCAH3 |  i: 1310144 | PREPARE | D: 59d361 | b: (4294967295,[ SIGNED@sdf_testnet_2 txH: e4eb65, ct: 1772550414, upgrades: [ ] ]) | p: (4294967295,[ SIGNED@sdf_testnet_2 txH: e4eb65, ct: 1772550414, upgrades: [ ] ]) | p': (<null_ballot>) | c.n: 4294967295 | h.n: 4294967295 }",
         false
      ],
      [
         1772550572,
         "{ENV@GCAH3 |  i: 1310144 | CONFIRM | D: 59d361 | b: (4294967295,[ SIGNED@sdf_testnet_2 txH: e4eb65, ct: 1772550414, upgrades: [ ] ]) | p.n: 4294967295 | c.n: 1 | h.n: 4294967295 }",
         false
      ],
      [
         1772550572,
         "{ENV@GCAH3 |  i: 1310144 | EXTERNALIZE | c: (1,[ SIGNED@sdf_testnet_2 txH: e4eb65, ct: 1772550414, upgrades: [ ] ]) | h.n: 4294967295 | (lastD): 59d361 }",
         false
      ]
   ],
   "validated" : false
}

2026-03-03T15:09:32.306 GCAH3 [SCP FATAL] Exception processing SCP messages at 1310144, envelope: {ENV@GCAH3 |  i: 1310144 | PREPARE | D: 59d361 | b: (0,[:empty:]) | p: (4294967295,[ SIGNED@sdf_testnet_2 txH: e4eb65, ct: 1772550414, upgrades: [ ] ]) | p': (<null_ballot>) | c.n: 0 | h.n: 0 }
2026-03-03T15:09:32.306 GCAH3 [SCP FATAL] Please report this bug along with this log file if this was not expected
2026-03-03T15:09:32.307 GCAH3 [SCP FATAL] Exception: Cannot commit transaction. database or disk is full
2026-03-03T15:09:32.307 GCAH3 [SCP FATAL] SCP context (GCAH3): 
2026-03-03T15:09:32.307 GCAH3 [SCP FATAL] {
   "ballotProtocol" : {
      "ballot" : "(4294967295,[ SIGNED@sdf_testnet_2 txH: e4eb65, ct: 1772550414, upgrades: [ ] ])",
      "heard" : false,
      "phase" : "EXTERNALIZE",
      "state" : "i: 1310144 | EXTERNALIZE | b: (4294967295,[ SIGNED@sdf_testnet_2 txH: e4eb65, ct: 1772550414, upgrades: [ ] ]) | p: (4294967295,[ SIGNED@sdf_testnet_2 txH: e4eb65, ct: 1772550414, upgrades: [ ] ]) | p': (<null_ballot>) | h: (4294967295,[ SIGNED@sdf_testnet_2 txH: e4eb65, ct: 1772550414, upgrades: [ ] ]) | c: (1,[ SIGNED@sdf_testnet_2 txH: e4eb65, ct: 1772550414, upgrades: [ ] ]) | M: 3"
   },
   "nomination" : {
      "roundnumber" : 0,
      "started" : false
   },
   "quorum_sets" : {
      "59d361" : {
         "t" : 2,
         "v" : [ "sdf_testnet_2", "sdf_testnet_3", "sdf_testnet_1" ]
      }
   },
   "statements" : [
      [
         1772550572,
         "{ENV@sdf_testnet_1 |  i: 1310144 | EXTERNALIZE | c: (1,[ SIGNED@sdf_testnet_2 txH: e4eb65, ct: 1772550414, upgrades: [ ] ]) | h.n: 1 | (lastD): 59d361 }",
         false
      ],
      [
         1772550572,
         "{ENV@sdf_testnet_3 |  i: 1310144 | EXTERNALIZE | c: (1,[ SIGNED@sdf_testnet_2 txH: e4eb65, ct: 1772550414, upgrades: [ ] ]) | h.n: 1 | (lastD): 59d361 }",
         false
      ],
      [
         1772550572,
         "{ENV@GCAH3 |  i: 1310144 | PREPARE | D: 59d361 | b: (0,[:empty:]) | p: (4294967295,[ SIGNED@sdf_testnet_2 txH: e4eb65, ct: 1772550414, upgrades: [ ] ]) | p': (<null_ballot>) | c.n: 0 | h.n: 0 }",
         false
      ],
      [
         1772550572,
         "{ENV@GCAH3 |  i: 1310144 | PREPARE | D: 59d361 | b: (4294967295,[ SIGNED@sdf_testnet_2 txH: e4eb65, ct: 1772550414, upgrades: [ ] ]) | p: (4294967295,[ SIGNED@sdf_testnet_2 txH: e4eb65, ct: 1772550414, upgrades: [ ] ]) | p': (<null_ballot>) | c.n: 4294967295 | h.n: 4294967295 }",
         false
      ],
      [
         1772550572,
         "{ENV@GCAH3 |  i: 1310144 | CONFIRM | D: 59d361 | b: (4294967295,[ SIGNED@sdf_testnet_2 txH: e4eb65, ct: 1772550414, upgrades: [ ] ]) | p.n: 4294967295 | c.n: 1 | h.n: 4294967295 }",
         false
      ],
      [
         1772550572,
         "{ENV@GCAH3 |  i: 1310144 | EXTERNALIZE | c: (1,[ SIGNED@sdf_testnet_2 txH: e4eb65, ct: 1772550414, upgrades: [ ] ]) | h.n: 4294967295 | (lastD): 59d361 }",
         false
      ]
   ],
   "validated" : false
}

2026-03-03T15:09:32.307 GCAH3 [SCP FATAL] Exception processing SCP messages at 1310144, envelope: {ENV@sdf_testnet_3 |  i: 1310144 | EXTERNALIZE | c: (1,[ SIGNED@sdf_testnet_2 txH: e4eb65, ct: 1772550414, upgrades: [ ] ]) | h.n: 1 | (lastD): 59d361 }
2026-03-03T15:09:32.307 GCAH3 [SCP FATAL] Please report this bug along with this log file if this was not expected
