2026-03-03T14:48:22.074 GAN7W [Database INFO] Connecting to: sqlite3:///opt/stellar/core/stellar.db
2026-03-03T14:48:22.086 GAN7W [SCP INFO] LocalNode::LocalNode@GAN7W qSet: 59d361
2026-03-03T14:48:22.089 GAN7W [default INFO] * 
2026-03-03T14:48:22.089 GAN7W [default INFO] * The database has been initialized
2026-03-03T14:48:22.089 GAN7W [default INFO] * 
2026-03-03T14:48:22.089 GAN7W [Database INFO] Misc: Applying DB schema upgrade to version 1
2026-03-03T14:48:22.089 GAN7W [Database INFO] Successfully copied 0 rows from table peers
2026-03-03T14:48:22.090 GAN7W [Database INFO] Successfully copied 0 rows from table ban
2026-03-03T14:48:22.090 GAN7W [Database INFO] Successfully copied 0 rows from table quoruminfo
2026-03-03T14:48:22.090 GAN7W [Database INFO] Successfully copied 0 rows from table scpquorums
2026-03-03T14:48:22.090 GAN7W [Database INFO] Successfully copied 0 rows from table scphistory
2026-03-03T14:48:22.090 GAN7W [Database INFO] Successfully copied 0 rows from table slotstate
2026-03-03T14:48:22.090 GAN7W [Database INFO] Main: Applying DB schema upgrade to version 26
2026-03-03T14:48:22.090 GAN7W [Database INFO] DB schema is in current version
2026-03-03T14:48:22.090 GAN7W [default INFO] Dropping offers
2026-03-03T14:48:22.091 GAN7W [default INFO] Successfully rebuilt ledger tables
2026-03-03T14:48:22.091 GAN7W [Ledger INFO] Established genesis ledger, closing
2026-03-03T14:48:22.091 GAN7W [Ledger INFO] Root account: GBRPYHIL2CI3FNQ4BXLFMNDLFJUNPU2HY3ZMFSHONUCEOASW7QC7OX2H
2026-03-03T14:48:22.091 GAN7W [Ledger INFO] Root account seed: SDHOAMBNLGCE2MV5ZKIVZAQD3VCLGP53P3OBSBI6UN5L5XZI5TKHFQL4
2026-03-03T14:48:22.092 GAN7W [Bucket INFO] BucketListDB enabled: pageSizeExponent: 14 indexCutOff: 20MB, persist indexes: true
2026-03-03T14:48:22.092 GAN7W [default INFO] Connection effective settings:
2026-03-03T14:48:22.092 GAN7W [default INFO] TARGET_PEER_CONNECTIONS: 8
2026-03-03T14:48:22.092 GAN7W [default INFO] MAX_ADDITIONAL_PEER_CONNECTIONS: 64
2026-03-03T14:48:22.092 GAN7W [default INFO] MAX_PENDING_CONNECTIONS: 500
2026-03-03T14:48:22.092 GAN7W [default INFO] MAX_OUTBOUND_PENDING_CONNECTIONS: 56
2026-03-03T14:48:22.092 GAN7W [default INFO] MAX_INBOUND_PENDING_CONNECTIONS: 444
2026-03-03T14:48:22.092 GAN7W [default INFO] BACKGROUND_OVERLAY_PROCESSING=true
2026-03-03T14:48:22.092 GAN7W [default INFO] PARALLEL_LEDGER_APPLY=true
2026-03-03T14:48:22.092 GAN7W [default INFO] *
2026-03-03T14:48:22.092 GAN7W [default INFO] * The next launch will catchup from the network afresh.
2026-03-03T14:48:22.092 GAN7W [default INFO] *
2026-03-03T14:48:22.092 GAN7W [default INFO] Application destructing
2026-03-03T14:48:22.092 GAN7W [default INFO] Joining worker thread
2026-03-03T14:48:22.092 GAN7W [default INFO] Joining worker thread
2026-03-03T14:48:22.092 GAN7W [default INFO] Joining worker thread
2026-03-03T14:48:22.092 GAN7W [default INFO] Joining worker thread
2026-03-03T14:48:22.092 GAN7W [default INFO] Joining worker thread
2026-03-03T14:48:22.092 GAN7W [default INFO] Joining worker thread
2026-03-03T14:48:22.092 GAN7W [default INFO] Joining worker thread
2026-03-03T14:48:22.093 GAN7W [default INFO] Joining worker thread
2026-03-03T14:48:22.093 GAN7W [default INFO] Joining worker thread
2026-03-03T14:48:22.093 GAN7W [default INFO] Joining worker thread
2026-03-03T14:48:22.093 GAN7W [default INFO] Joining overlay thread
2026-03-03T14:48:22.093 GAN7W [default INFO] Joining eviction thread
2026-03-03T14:48:22.093 GAN7W [default INFO] Joined all 12 threads
2026-03-03T14:48:22.093 GAN7W [default INFO] Application destroyed
