2026-03-03T14:16:46.509 GB7NN [default INFO] Starting stellar-core v25.1.1
2026-03-03T14:16:46.511 GB7NN [Database INFO] Connecting to: sqlite3:///opt/stellar/core/stellar.db
2026-03-03T14:16:46.519 GB7NN [SCP INFO] LocalNode::LocalNode@GB7NN qSet: 59d361
2026-03-03T14:16:46.519 GB7NN [Database INFO] DB schema is in current version
2026-03-03T14:16:46.519 GB7NN [default INFO] Listening on 0.0.0.0:11626 for HTTP requests
2026-03-03T14:16:46.519 GB7NN [Bucket INFO] BucketListDB enabled: pageSizeExponent: 14 indexCutOff: 20MB, persist indexes: true
2026-03-03T14:16:46.519 GB7NN [default INFO] Connection effective settings:
2026-03-03T14:16:46.519 GB7NN [default INFO] TARGET_PEER_CONNECTIONS: 8
2026-03-03T14:16:46.519 GB7NN [default INFO] MAX_ADDITIONAL_PEER_CONNECTIONS: 64
2026-03-03T14:16:46.519 GB7NN [default INFO] MAX_PENDING_CONNECTIONS: 500
2026-03-03T14:16:46.519 GB7NN [default INFO] MAX_OUTBOUND_PENDING_CONNECTIONS: 56
2026-03-03T14:16:46.519 GB7NN [default INFO] MAX_INBOUND_PENDING_CONNECTIONS: 444
2026-03-03T14:16:46.519 GB7NN [default INFO] BACKGROUND_OVERLAY_PROCESSING=true
2026-03-03T14:16:46.519 GB7NN [default INFO] PARALLEL_LEDGER_APPLY=true
2026-03-03T14:16:46.519 GB7NN [History INFO] Archive 'sdf_testnet_1' has 'get' command only, will not be written
2026-03-03T14:16:46.519 GB7NN [History INFO] Archive 'sdf_testnet_2' has 'get' command only, will not be written
2026-03-03T14:16:46.519 GB7NN [History INFO] Archive 'sdf_testnet_3' has 'get' command only, will not be written
2026-03-03T14:16:46.519 GB7NN [History WARNING] No writable archives configured, history will not be written.
2026-03-03T14:16:46.520 GB7NN [Ledger INFO] Starting up application
2026-03-03T14:16:46.520 GB7NN [Ledger INFO] Last closed ledger (LCL) hash is 9216afd4b3f152b0d03456fc5e8a6a758710facabcaa52a9f9918fc34d1dc14c
2026-03-03T14:16:46.520 GB7NN [Ledger INFO] Loaded LCL header from database: [seq=1309535, hash=9216af]
2026-03-03T14:16:46.520 GB7NN [default INFO] Establishing 10-entry connection pool to: sqlite3:///opt/stellar/core/stellar.db
2026-03-03T14:16:46.982 GB7NN [Ledger INFO] Assumed bucket-state for LCL: [seq=1309535, hash=9216af]
2026-03-03T14:16:46.983 GB7NN [default INFO] Launching 1 loading and 5 compiling background threads
2026-03-03T14:16:47.242 GB7NN [default INFO] Compiled 1675 contracts (44902995 bytes of Wasm) in 259ms real time, 1249ms CPU time
2026-03-03T14:16:49.240 GB7NN [Overlay INFO] Binding to endpoint 0.0.0.0:11625
2026-03-03T14:16:49.247 GB7NN [History INFO] Downloading history archive state: .well-known/stellar-history.json
2026-03-03T14:16:49.634 GB7NN [Process WARNING] process 3240 exited 23: curl -sf http://history.stellar.org/prd/core-testnet/core_testnet_001/.well-known/stellar-history.json -o buckets/tmp/history-e21aec80eb63241e/18d844ffb4f4ed60-stellar-history.json
2026-03-03T14:16:49.634 GB7NN [History WARNING] Could not download file: archive sdf_testnet_1 maybe missing file .well-known/stellar-history.json
2026-03-03T14:16:49.634 GB7NN [History ERROR] Could not download .well-known/stellar-history.json file: corrupt archive sdf_testnet_1
2026-03-03T14:16:49.636 GB7NN [History ERROR] Failed to obtain archive information: sdf_testnet_1
2026-03-03T14:16:51.528 GB7NN [Overlay ERROR] PeerManager::store error: sqlite3_statement_backend::loadOne: database or disk is full on 98.91.174.101:11625
2026-03-03T14:16:51.529 GB7NN [Overlay ERROR] PeerManager::store error: sqlite3_statement_backend::loadOne: database or disk is full on 44.204.146.210:11625
2026-03-03T14:16:51.529 GB7NN [Overlay ERROR] PeerManager::store error: sqlite3_statement_backend::loadOne: database or disk is full on 44.213.67.110:11625
2026-03-03T14:16:51.530 GB7NN [Overlay ERROR] PeerManager::store error: sqlite3_statement_backend::loadOne: database or disk is full on 93.127.160.241:11625
2026-03-03T14:16:51.531 GB7NN [Overlay ERROR] PeerManager::store error: sqlite3_statement_backend::loadOne: database or disk is full on 44.206.255.84:11625
2026-03-03T14:16:51.532 GB7NN [Overlay ERROR] PeerManager::store error: sqlite3_statement_backend::loadOne: database or disk is full on 44.213.67.110:11625
2026-03-03T14:16:51.534 GB7NN [Overlay ERROR] PeerManager::store error: sqlite3_statement_backend::loadOne: database or disk is full on 13.217.88.18:11625
2026-03-03T14:16:51.535 GB7NN [Overlay ERROR] PeerManager::store error: sqlite3_statement_backend::loadOne: database or disk is full on 148.113.140.57:11625
2026-03-03T14:16:51.537 GB7NN [Overlay ERROR] PeerManager::store error: sqlite3_statement_backend::loadOne: database or disk is full on 52.91.130.193:30020
2026-03-03T14:16:51.538 GB7NN [Overlay ERROR] PeerManager::store error: sqlite3_statement_backend::loadOne: database or disk is full on 3.255.82.225:30020
2026-03-03T14:16:51.539 GB7NN [Overlay ERROR] PeerManager::store error: sqlite3_statement_backend::loadOne: database or disk is full on 34.241.153.42:30020
2026-03-03T14:16:51.540 GB7NN [Overlay ERROR] PeerManager::store error: sqlite3_statement_backend::loadOne: database or disk is full on 3.249.87.23:30020
2026-03-03T14:16:51.542 GB7NN [Overlay ERROR] PeerManager::store error: sqlite3_statement_backend::loadOne: database or disk is full on 45.55.48.58:11825
2026-03-03T14:16:51.543 GB7NN [Overlay ERROR] PeerManager::store error: sqlite3_statement_backend::loadOne: database or disk is full on 174.138.52.29:11625
2026-03-03T14:16:51.543 GB7NN [Overlay ERROR] PeerManager::store error: sqlite3_statement_backend::loadOne: database or disk is full on 40.160.64.57:11725
2026-03-03T14:16:51.544 GB7NN [Overlay ERROR] PeerManager::store error: sqlite3_statement_backend::loadOne: database or disk is full on 213.10.11.118:11625
2026-03-03T14:16:51.545 GB7NN [Overlay ERROR] PeerManager::store error: sqlite3_statement_backend::loadOne: database or disk is full on 77.48.24.153:11625
2026-03-03T14:16:51.546 GB7NN [Overlay ERROR] PeerManager::store error: sqlite3_statement_backend::loadOne: database or disk is full on 54.163.22.184:30020
2026-03-03T14:16:51.546 GB7NN [Overlay ERROR] PeerManager::store error: sqlite3_statement_backend::loadOne: database or disk is full on 144.76.79.10:51770
2026-03-03T14:16:51.547 GB7NN [Overlay ERROR] PeerManager::store error: sqlite3_statement_backend::loadOne: database or disk is full on 135.181.229.215:11628
2026-03-03T14:16:51.548 GB7NN [Overlay ERROR] PeerManager::store error: sqlite3_statement_backend::loadOne: database or disk is full on 50.16.48.217:30020
2026-03-03T14:16:51.549 GB7NN [Overlay ERROR] PeerManager::store error: sqlite3_statement_backend::loadOne: database or disk is full on 34.229.162.244:30020
2026-03-03T14:16:51.550 GB7NN [Overlay ERROR] PeerManager::store error: sqlite3_statement_backend::loadOne: database or disk is full on 200.129.247.55:11625
2026-03-03T14:16:51.551 GB7NN [Overlay ERROR] PeerManager::store error: sqlite3_statement_backend::loadOne: database or disk is full on 44.198.157.36:11625
2026-03-03T14:16:51.551 GB7NN [Overlay ERROR] PeerManager::store error: sqlite3_statement_backend::loadOne: database or disk is full on 77.48.24.203:11625
2026-03-03T14:16:51.552 GB7NN [Overlay ERROR] PeerManager::store error: sqlite3_statement_backend::loadOne: database or disk is full on 65.109.19.49:11625
2026-03-03T14:16:51.953 GB7NN [Overlay ERROR] PeerManager::store error: sqlite3_statement_backend::loadOne: database or disk is full on 44.206.255.84:11625
2026-03-03T14:16:51.953 GB7NN [Overlay INFO] Authenticated to 44.206.255.84:11625
2026-03-03T14:16:51.954 GB7NN [Overlay ERROR] PeerManager::store error: sqlite3_statement_backend::loadOne: database or disk is full on 44.213.67.110:11625
2026-03-03T14:16:51.954 GB7NN [Overlay INFO] Authenticated to 44.213.67.110:11625
2026-03-03T14:16:52.232 GB7NN [Overlay ERROR] PeerManager::store error: sqlite3_statement_backend::loadOne: database or disk is full on 93.127.160.241:11625
2026-03-03T14:16:52.232 GB7NN [Overlay INFO] Authenticated to 93.127.160.241:11625
2026-03-03T14:16:52.235 GB7NN [Overlay ERROR] PeerManager::store error: sqlite3_statement_backend::loadOne: database or disk is full on 40.160.27.250:11625
2026-03-03T14:16:52.237 GB7NN [SCP FATAL] Exception: Cannot commit transaction. database or disk is full
2026-03-03T14:16:52.237 GB7NN [SCP FATAL] SCP context (GB7NN): 
2026-03-03T14:16:52.237 GB7NN [SCP FATAL] {
   "ballotProtocol" : {
      "ballot" : "(4294967295,[ SIGNED@sdf_testnet_2 txH: 667775, ct: 1772547355, upgrades: [ ] ])",
      "heard" : false,
      "phase" : "EXTERNALIZE",
      "state" : "i: 1309533 | EXTERNALIZE | b: (4294967295,[ SIGNED@sdf_testnet_2 txH: 667775, ct: 1772547355, upgrades: [ ] ]) | p: (4294967295,[ SIGNED@sdf_testnet_2 txH: 667775, ct: 1772547355, upgrades: [ ] ]) | p': (<null_ballot>) | h: (4294967295,[ SIGNED@sdf_testnet_2 txH: 667775, ct: 1772547355, upgrades: [ ] ]) | c: (1,[ SIGNED@sdf_testnet_2 txH: 667775, ct: 1772547355, upgrades: [ ] ]) | M: 3"
   },
   "nomination" : {
      "roundnumber" : 0,
      "started" : false
   },
   "quorum_sets" : {
      "59d361" : {
         "t" : 2,
         "v" : [ "sdf_testnet_2", "sdf_testnet_3", "sdf_testnet_1" ]
      }
   },
   "statements" : [
      [
         1772547412,
         "{ENV@sdf_testnet_1 |  i: 1309533 | EXTERNALIZE | c: (1,[ SIGNED@sdf_testnet_2 txH: 667775, ct: 1772547355, upgrades: [ ] ]) | h.n: 1 | (lastD): 59d361 }",
         false
      ],
      [
         1772547412,
         "{ENV@sdf_testnet_3 |  i: 1309533 | EXTERNALIZE | c: (1,[ SIGNED@sdf_testnet_2 txH: 667775, ct: 1772547355, upgrades: [ ] ]) | h.n: 1 | (lastD): 59d361 }",
         false
      ],
      [
         1772547412,
         "{ENV@GB7NN |  i: 1309533 | PREPARE | D: 59d361 | b: (0,[:empty:]) | p: (4294967295,[ SIGNED@sdf_testnet_2 txH: 667775, ct: 1772547355, upgrades: [ ] ]) | p': (<null_ballot>) | c.n: 0 | h.n: 0 }",
         false
      ],
      [
         1772547412,
         "{ENV@GB7NN |  i: 1309533 | PREPARE | D: 59d361 | b: (4294967295,[ SIGNED@sdf_testnet_2 txH: 667775, ct: 1772547355, upgrades: [ ] ]) | p: (4294967295,[ SIGNED@sdf_testnet_2 txH: 667775, ct: 1772547355, upgrades: [ ] ]) | p': (<null_ballot>) | c.n: 4294967295 | h.n: 4294967295 }",
         false
      ],
      [
         1772547412,
         "{ENV@GB7NN |  i: 1309533 | CONFIRM | D: 59d361 | b: (4294967295,[ SIGNED@sdf_testnet_2 txH: 667775, ct: 1772547355, upgrades: [ ] ]) | p.n: 4294967295 | c.n: 1 | h.n: 4294967295 }",
         false
      ],
      [
         1772547412,
         "{ENV@GB7NN |  i: 1309533 | EXTERNALIZE | c: (1,[ SIGNED@sdf_testnet_2 txH: 667775, ct: 1772547355, upgrades: [ ] ]) | h.n: 4294967295 | (lastD): 59d361 }",
         false
      ]
   ],
   "validated" : false
}

2026-03-03T14:16:52.238 GB7NN [SCP FATAL] Exception processing SCP messages at 1309533, envelope: {ENV@GB7NN |  i: 1309533 | CONFIRM | D: 59d361 | b: (4294967295,[ SIGNED@sdf_testnet_2 txH: 667775, ct: 1772547355, upgrades: [ ] ]) | p.n: 4294967295 | c.n: 1 | h.n: 4294967295 }
2026-03-03T14:16:52.239 GB7NN [SCP FATAL] Please report this bug along with this log file if this was not expected
2026-03-03T14:16:52.239 GB7NN [SCP FATAL] Exception: Cannot commit transaction. database or disk is full
2026-03-03T14:16:52.240 GB7NN [SCP FATAL] SCP context (GB7NN): 
2026-03-03T14:16:52.240 GB7NN [SCP FATAL] {
   "ballotProtocol" : {
      "ballot" : "(4294967295,[ SIGNED@sdf_testnet_2 txH: 667775, ct: 1772547355, upgrades: [ ] ])",
      "heard" : false,
      "phase" : "EXTERNALIZE",
      "state" : "i: 1309533 | EXTERNALIZE | b: (4294967295,[ SIGNED@sdf_testnet_2 txH: 667775, ct: 1772547355, upgrades: [ ] ]) | p: (4294967295,[ SIGNED@sdf_testnet_2 txH: 667775, ct: 1772547355, upgrades: [ ] ]) | p': (<null_ballot>) | h: (4294967295,[ SIGNED@sdf_testnet_2 txH: 667775, ct: 1772547355, upgrades: [ ] ]) | c: (1,[ SIGNED@sdf_testnet_2 txH: 667775, ct: 1772547355, upgrades: [ ] ]) | M: 3"
   },
   "nomination" : {
      "roundnumber" : 0,
      "started" : false
   },
   "quorum_sets" : {
      "59d361" : {
         "t" : 2,
         "v" : [ "sdf_testnet_2", "sdf_testnet_3", "sdf_testnet_1" ]
      }
   },
   "statements" : [
      [
         1772547412,
         "{ENV@sdf_testnet_1 |  i: 1309533 | EXTERNALIZE | c: (1,[ SIGNED@sdf_testnet_2 txH: 667775, ct: 1772547355, upgrades: [ ] ]) | h.n: 1 | (lastD): 59d361 }",
         false
      ],
      [
         1772547412,
         "{ENV@sdf_testnet_3 |  i: 1309533 | EXTERNALIZE | c: (1,[ SIGNED@sdf_testnet_2 txH: 667775, ct: 1772547355, upgrades: [ ] ]) | h.n: 1 | (lastD): 59d361 }",
         false
      ],
      [
         1772547412,
         "{ENV@GB7NN |  i: 1309533 | PREPARE | D: 59d361 | b: (0,[:empty:]) | p: (4294967295,[ SIGNED@sdf_testnet_2 txH: 667775, ct: 1772547355, upgrades: [ ] ]) | p': (<null_ballot>) | c.n: 0 | h.n: 0 }",
         false
      ],
      [
         1772547412,
         "{ENV@GB7NN |  i: 1309533 | PREPARE | D: 59d361 | b: (4294967295,[ SIGNED@sdf_testnet_2 txH: 667775, ct: 1772547355, upgrades: [ ] ]) | p: (4294967295,[ SIGNED@sdf_testnet_2 txH: 667775, ct: 1772547355, upgrades: [ ] ]) | p': (<null_ballot>) | c.n: 4294967295 | h.n: 4294967295 }",
         false
      ],
      [
         1772547412,
         "{ENV@GB7NN |  i: 1309533 | CONFIRM | D: 59d361 | b: (4294967295,[ SIGNED@sdf_testnet_2 txH: 667775, ct: 1772547355, upgrades: [ ] ]) | p.n: 4294967295 | c.n: 1 | h.n: 4294967295 }",
         false
      ],
      [
         1772547412,
         "{ENV@GB7NN |  i: 1309533 | EXTERNALIZE | c: (1,[ SIGNED@sdf_testnet_2 txH: 667775, ct: 1772547355, upgrades: [ ] ]) | h.n: 4294967295 | (lastD): 59d361 }",
         false
      ]
   ],
   "validated" : false
}

2026-03-03T14:16:52.242 GB7NN [SCP FATAL] Exception processing SCP messages at 1309533, envelope: {ENV@GB7NN |  i: 1309533 | PREPARE | D: 59d361 | b: (4294967295,[ SIGNED@sdf_testnet_2 txH: 667775, ct: 1772547355, upgrades: [ ] ]) | p: (4294967295,[ SIGNED@sdf_testnet_2 txH: 667775, ct: 1772547355, upgrades: [ ] ]) | p': (<null_ballot>) | c.n: 4294967295 | h.n: 4294967295 }
2026-03-03T14:16:52.242 GB7NN [SCP FATAL] Please report this bug along with this log file if this was not expected
2026-03-03T14:16:52.242 GB7NN [SCP FATAL] Exception: Cannot commit transaction. database or disk is full
2026-03-03T14:16:52.243 GB7NN [SCP FATAL] SCP context (GB7NN): 
2026-03-03T14:16:52.243 GB7NN [SCP FATAL] {
   "ballotProtocol" : {
      "ballot" : "(4294967295,[ SIGNED@sdf_testnet_2 txH: 667775, ct: 1772547355, upgrades: [ ] ])",
      "heard" : false,
      "phase" : "EXTERNALIZE",
      "state" : "i: 1309533 | EXTERNALIZE | b: (4294967295,[ SIGNED@sdf_testnet_2 txH: 667775, ct: 1772547355, upgrades: [ ] ]) | p: (4294967295,[ SIGNED@sdf_testnet_2 txH: 667775, ct: 1772547355, upgrades: [ ] ]) | p': (<null_ballot>) | h: (4294967295,[ SIGNED@sdf_testnet_2 txH: 667775, ct: 1772547355, upgrades: [ ] ]) | c: (1,[ SIGNED@sdf_testnet_2 txH: 667775, ct: 1772547355, upgrades: [ ] ]) | M: 3"
   },
   "nomination" : {
      "roundnumber" : 0,
      "started" : false
   },
   "quorum_sets" : {
      "59d361" : {
         "t" : 2,
         "v" : [ "sdf_testnet_2", "sdf_testnet_3", "sdf_testnet_1" ]
      }
   },
   "statements" : [
      [
         1772547412,
         "{ENV@sdf_testnet_1 |  i: 1309533 | EXTERNALIZE | c: (1,[ SIGNED@sdf_testnet_2 txH: 667775, ct: 1772547355, upgrades: [ ] ]) | h.n: 1 | (lastD): 59d361 }",
         false
      ],
      [
         1772547412,
         "{ENV@sdf_testnet_3 |  i: 1309533 | EXTERNALIZE | c: (1,[ SIGNED@sdf_testnet_2 txH: 667775, ct: 1772547355, upgrades: [ ] ]) | h.n: 1 | (lastD): 59d361 }",
         false
      ],
      [
         1772547412,
         "{ENV@GB7NN |  i: 1309533 | PREPARE | D: 59d361 | b: (0,[:empty:]) | p: (4294967295,[ SIGNED@sdf_testnet_2 txH: 667775, ct: 1772547355, upgrades: [ ] ]) | p': (<null_ballot>) | c.n: 0 | h.n: 0 }",
         false
      ],
      [
         1772547412,
         "{ENV@GB7NN |  i: 1309533 | PREPARE | D: 59d361 | b: (4294967295,[ SIGNED@sdf_testnet_2 txH: 667775, ct: 1772547355, upgrades: [ ] ]) | p: (4294967295,[ SIGNED@sdf_testnet_2 txH: 667775, ct: 1772547355, upgrades: [ ] ]) | p': (<null_ballot>) | c.n: 4294967295 | h.n: 4294967295 }",
         false
      ],
      [
         1772547412,
         "{ENV@GB7NN |  i: 1309533 | CONFIRM | D: 59d361 | b: (4294967295,[ SIGNED@sdf_testnet_2 txH: 667775, ct: 1772547355, upgrades: [ ] ]) | p.n: 4294967295 | c.n: 1 | h.n: 4294967295 }",
         false
      ],
      [
         1772547412,
         "{ENV@GB7NN |  i: 1309533 | EXTERNALIZE | c: (1,[ SIGNED@sdf_testnet_2 txH: 667775, ct: 1772547355, upgrades: [ ] ]) | h.n: 4294967295 | (lastD): 59d361 }",
         false
      ]
   ],
   "validated" : false
}

2026-03-03T14:16:52.245 GB7NN [SCP FATAL] Exception processing SCP messages at 1309533, envelope: {ENV@GB7NN |  i: 1309533 | PREPARE | D: 59d361 | b: (0,[:empty:]) | p: (4294967295,[ SIGNED@sdf_testnet_2 txH: 667775, ct: 1772547355, upgrades: [ ] ]) | p': (<null_ballot>) | c.n: 0 | h.n: 0 }
2026-03-03T14:16:52.245 GB7NN [SCP FATAL] Please report this bug along with this log file if this was not expected
2026-03-03T14:16:52.246 GB7NN [SCP FATAL] Exception: Cannot commit transaction. database or disk is full
2026-03-03T14:16:52.246 GB7NN [SCP FATAL] SCP context (GB7NN): 
2026-03-03T14:16:52.246 GB7NN [SCP FATAL] {
   "ballotProtocol" : {
      "ballot" : "(4294967295,[ SIGNED@sdf_testnet_2 txH: 667775, ct: 1772547355, upgrades: [ ] ])",
      "heard" : false,
      "phase" : "EXTERNALIZE",
      "state" : "i: 1309533 | EXTERNALIZE | b: (4294967295,[ SIGNED@sdf_testnet_2 txH: 667775, ct: 1772547355, upgrades: [ ] ]) | p: (4294967295,[ SIGNED@sdf_testnet_2 txH: 667775, ct: 1772547355, upgrades: [ ] ]) | p': (<null_ballot>) | h: (4294967295,[ SIGNED@sdf_testnet_2 txH: 667775, ct: 1772547355, upgrades: [ ] ]) | c: (1,[ SIGNED@sdf_testnet_2 txH: 667775, ct: 1772547355, upgrades: [ ] ]) | M: 3"
   },
   "nomination" : {
      "roundnumber" : 0,
      "started" : false
   },
   "quorum_sets" : {
      "59d361" : {
         "t" : 2,
         "v" : [ "sdf_testnet_2", "sdf_testnet_3", "sdf_testnet_1" ]
      }
   },
   "statements" : [
      [
         1772547412,
         "{ENV@sdf_testnet_1 |  i: 1309533 | EXTERNALIZE | c: (1,[ SIGNED@sdf_testnet_2 txH: 667775, ct: 1772547355, upgrades: [ ] ]) | h.n: 1 | (lastD): 59d361 }",
         false
      ],
      [
         1772547412,
         "{ENV@sdf_testnet_3 |  i: 1309533 | EXTERNALIZE | c: (1,[ SIGNED@sdf_testnet_2 txH: 667775, ct: 1772547355, upgrades: [ ] ]) | h.n: 1 | (lastD): 59d361 }",
         false
      ],
      [
         1772547412,
         "{ENV@GB7NN |  i: 1309533 | PREPARE | D: 59d361 | b: (0,[:empty:]) | p: (4294967295,[ SIGNED@sdf_testnet_2 txH: 667775, ct: 1772547355, upgrades: [ ] ]) | p': (<null_ballot>) | c.n: 0 | h.n: 0 }",
         false
      ],
      [
         1772547412,
         "{ENV@GB7NN |  i: 1309533 | PREPARE | D: 59d361 | b: (4294967295,[ SIGNED@sdf_testnet_2 txH: 667775, ct: 1772547355, upgrades: [ ] ]) | p: (4294967295,[ SIGNED@sdf_testnet_2 txH: 667775, ct: 1772547355, upgrades: [ ] ]) | p': (<null_ballot>) | c.n: 4294967295 | h.n: 4294967295 }",
         false
      ],
      [
         1772547412,
         "{ENV@GB7NN |  i: 1309533 | CONFIRM | D: 59d361 | b: (4294967295,[ SIGNED@sdf_testnet_2 txH: 667775, ct: 1772547355, upgrades: [ ] ]) | p.n: 4294967295 | c.n: 1 | h.n: 4294967295 }",
         false
      ],
      [
         1772547412,
         "{ENV@GB7NN |  i: 1309533 | EXTERNALIZE | c: (1,[ SIGNED@sdf_testnet_2 txH: 667775, ct: 1772547355, upgrades: [ ] ]) | h.n: 4294967295 | (lastD): 59d361 }",
         false
      ]
   ],
   "validated" : false
}

2026-03-03T14:16:52.247 GB7NN [SCP FATAL] Exception processing SCP messages at 1309533, envelope: {ENV@sdf_testnet_3 |  i: 1309533 | EXTERNALIZE | c: (1,[ SIGNED@sdf_testnet_2 txH: 667775, ct: 1772547355, upgrades: [ ] ]) | h.n: 1 | (lastD): 59d361 }
2026-03-03T14:16:52.247 GB7NN [SCP FATAL] Please report this bug along with this log file if this was not expected
