2026-03-03T14:16:40.135 GDTQW [default INFO] Starting stellar-core v25.1.1
2026-03-03T14:16:40.137 GDTQW [Database INFO] Connecting to: sqlite3:///opt/stellar/core/stellar.db
2026-03-03T14:16:40.145 GDTQW [SCP INFO] LocalNode::LocalNode@GDTQW qSet: 59d361
2026-03-03T14:16:40.145 GDTQW [Database INFO] DB schema is in current version
2026-03-03T14:16:40.146 GDTQW [default INFO] Listening on 0.0.0.0:11626 for HTTP requests
2026-03-03T14:16:40.146 GDTQW [Bucket INFO] BucketListDB enabled: pageSizeExponent: 14 indexCutOff: 20MB, persist indexes: true
2026-03-03T14:16:40.146 GDTQW [default INFO] Connection effective settings:
2026-03-03T14:16:40.146 GDTQW [default INFO] TARGET_PEER_CONNECTIONS: 8
2026-03-03T14:16:40.146 GDTQW [default INFO] MAX_ADDITIONAL_PEER_CONNECTIONS: 64
2026-03-03T14:16:40.146 GDTQW [default INFO] MAX_PENDING_CONNECTIONS: 500
2026-03-03T14:16:40.146 GDTQW [default INFO] MAX_OUTBOUND_PENDING_CONNECTIONS: 56
2026-03-03T14:16:40.146 GDTQW [default INFO] MAX_INBOUND_PENDING_CONNECTIONS: 444
2026-03-03T14:16:40.146 GDTQW [default INFO] BACKGROUND_OVERLAY_PROCESSING=true
2026-03-03T14:16:40.146 GDTQW [default INFO] PARALLEL_LEDGER_APPLY=true
2026-03-03T14:16:40.146 GDTQW [History INFO] Archive 'sdf_testnet_1' has 'get' command only, will not be written
2026-03-03T14:16:40.146 GDTQW [History INFO] Archive 'sdf_testnet_2' has 'get' command only, will not be written
2026-03-03T14:16:40.146 GDTQW [History INFO] Archive 'sdf_testnet_3' has 'get' command only, will not be written
2026-03-03T14:16:40.146 GDTQW [History WARNING] No writable archives configured, history will not be written.
2026-03-03T14:16:40.147 GDTQW [Ledger INFO] Starting up application
2026-03-03T14:16:40.147 GDTQW [Ledger INFO] Last closed ledger (LCL) hash is 9216afd4b3f152b0d03456fc5e8a6a758710facabcaa52a9f9918fc34d1dc14c
2026-03-03T14:16:40.147 GDTQW [Ledger INFO] Loaded LCL header from database: [seq=1309535, hash=9216af]
2026-03-03T14:16:40.147 GDTQW [default INFO] Establishing 10-entry connection pool to: sqlite3:///opt/stellar/core/stellar.db
2026-03-03T14:16:40.387 GDTQW [Ledger INFO] Assumed bucket-state for LCL: [seq=1309535, hash=9216af]
2026-03-03T14:16:40.388 GDTQW [default INFO] Launching 1 loading and 5 compiling background threads
2026-03-03T14:16:40.696 GDTQW [default INFO] Compiled 1675 contracts (44902995 bytes of Wasm) in 308ms real time, 1495ms CPU time
2026-03-03T14:16:42.972 GDTQW [Overlay INFO] Binding to endpoint 0.0.0.0:11625
2026-03-03T14:16:42.978 GDTQW [History INFO] Downloading history archive state: .well-known/stellar-history.json
2026-03-03T14:16:43.364 GDTQW [Process WARNING] process 3183 exited 23: curl -sf http://history.stellar.org/prd/core-testnet/core_testnet_001/.well-known/stellar-history.json -o buckets/tmp/history-6515e37e23ef0a35/b989fdf20b00cd97-stellar-history.json
2026-03-03T14:16:43.364 GDTQW [History WARNING] Could not download file: archive sdf_testnet_1 maybe missing file .well-known/stellar-history.json
2026-03-03T14:16:43.364 GDTQW [History ERROR] Could not download .well-known/stellar-history.json file: corrupt archive sdf_testnet_1
2026-03-03T14:16:43.365 GDTQW [History ERROR] Failed to obtain archive information: sdf_testnet_1
2026-03-03T14:16:45.233 GDTQW [Overlay ERROR] PeerManager::store error: sqlite3_statement_backend::loadOne: database or disk is full on 98.91.174.101:11625
2026-03-03T14:16:45.234 GDTQW [Overlay ERROR] PeerManager::store error: sqlite3_statement_backend::loadOne: database or disk is full on 44.204.146.210:11625
2026-03-03T14:16:45.234 GDTQW [Overlay ERROR] PeerManager::store error: sqlite3_statement_backend::loadOne: database or disk is full on 44.213.67.110:11625
2026-03-03T14:16:45.235 GDTQW [Overlay ERROR] PeerManager::store error: sqlite3_statement_backend::loadOne: database or disk is full on 34.243.92.125:30020
2026-03-03T14:16:45.236 GDTQW [Overlay ERROR] PeerManager::store error: sqlite3_statement_backend::loadOne: database or disk is full on 54.80.146.180:11625
2026-03-03T14:16:45.239 GDTQW [Overlay ERROR] PeerManager::store error: sqlite3_statement_backend::loadOne: database or disk is full on 13.59.137.230:11725
2026-03-03T14:16:45.241 GDTQW [Overlay ERROR] PeerManager::store error: sqlite3_statement_backend::loadOne: database or disk is full on 50.16.48.217:30020
2026-03-03T14:16:45.242 GDTQW [Overlay ERROR] PeerManager::store error: sqlite3_statement_backend::loadOne: database or disk is full on 213.10.11.118:11625
2026-03-03T14:16:45.243 GDTQW [Overlay ERROR] PeerManager::store error: sqlite3_statement_backend::loadOne: database or disk is full on 148.113.140.57:11625
2026-03-03T14:16:45.244 GDTQW [Overlay ERROR] PeerManager::store error: sqlite3_statement_backend::loadOne: database or disk is full on 77.48.24.203:11625
2026-03-03T14:16:45.246 GDTQW [Overlay ERROR] PeerManager::store error: sqlite3_statement_backend::loadOne: database or disk is full on 13.217.88.18:11625
2026-03-03T14:16:45.247 GDTQW [Overlay ERROR] PeerManager::store error: sqlite3_statement_backend::loadOne: database or disk is full on 45.55.48.58:11825
2026-03-03T14:16:45.248 GDTQW [Overlay ERROR] PeerManager::store error: sqlite3_statement_backend::loadOne: database or disk is full on 144.76.79.10:51770
2026-03-03T14:16:45.249 GDTQW [Overlay ERROR] PeerManager::store error: sqlite3_statement_backend::loadOne: database or disk is full on 77.48.24.153:11625
2026-03-03T14:16:45.249 GDTQW [Overlay ERROR] PeerManager::store error: sqlite3_statement_backend::loadOne: database or disk is full on 52.91.130.193:30020
2026-03-03T14:16:45.250 GDTQW [Overlay ERROR] PeerManager::store error: sqlite3_statement_backend::loadOne: database or disk is full on 34.229.162.244:30020
2026-03-03T14:16:45.250 GDTQW [Overlay ERROR] PeerManager::store error: sqlite3_statement_backend::loadOne: database or disk is full on 3.255.82.225:30020
2026-03-03T14:16:45.251 GDTQW [Overlay ERROR] PeerManager::store error: sqlite3_statement_backend::loadOne: database or disk is full on 3.249.87.23:30020
2026-03-03T14:16:45.251 GDTQW [Overlay ERROR] PeerManager::store error: sqlite3_statement_backend::loadOne: database or disk is full on 40.160.64.57:11725
2026-03-03T14:16:45.252 GDTQW [Overlay ERROR] PeerManager::store error: sqlite3_statement_backend::loadOne: database or disk is full on 34.241.153.42:30020
2026-03-03T14:16:45.253 GDTQW [Overlay ERROR] PeerManager::store error: sqlite3_statement_backend::loadOne: database or disk is full on 65.109.19.49:11625
2026-03-03T14:16:45.254 GDTQW [Overlay ERROR] PeerManager::store error: sqlite3_statement_backend::loadOne: database or disk is full on 200.129.247.55:11625
2026-03-03T14:16:45.255 GDTQW [Overlay ERROR] PeerManager::store error: sqlite3_statement_backend::loadOne: database or disk is full on 54.163.22.184:30020
2026-03-03T14:16:45.255 GDTQW [Overlay ERROR] PeerManager::store error: sqlite3_statement_backend::loadOne: database or disk is full on 44.198.157.36:11625
2026-03-03T14:16:45.256 GDTQW [Overlay ERROR] PeerManager::store error: sqlite3_statement_backend::loadOne: database or disk is full on 174.138.52.29:11625
2026-03-03T14:16:45.664 GDTQW [Overlay ERROR] PeerManager::store error: sqlite3_statement_backend::loadOne: database or disk is full on 54.80.146.180:11625
2026-03-03T14:16:45.664 GDTQW [Overlay INFO] Authenticated to 54.80.146.180:11625
2026-03-03T14:16:45.665 GDTQW [Overlay ERROR] PeerManager::store error: sqlite3_statement_backend::loadOne: database or disk is full on 54.236.21.197:30020
2026-03-03T14:16:45.665 GDTQW [Overlay ERROR] PeerManager::store error: sqlite3_statement_backend::loadOne: database or disk is full on 34.229.139.142:30020
2026-03-03T14:16:45.704 GDTQW [Overlay ERROR] PeerManager::store error: sqlite3_statement_backend::loadOne: database or disk is full on 13.59.137.230:11725
2026-03-03T14:16:45.705 GDTQW [Overlay INFO] Authenticated to 13.59.137.230:11725
2026-03-03T14:16:45.707 GDTQW [Overlay ERROR] PeerManager::store error: sqlite3_statement_backend::loadOne: database or disk is full on 35.184.26.179:11725
2026-03-03T14:16:45.707 GDTQW [Overlay ERROR] PeerManager::store error: sqlite3_statement_backend::loadOne: database or disk is full on 200.129.247.71:11825
2026-03-03T14:16:45.708 GDTQW [Overlay ERROR] PeerManager::store error: sqlite3_statement_backend::loadOne: database or disk is full on 88.81.123.90:11625
2026-03-03T14:16:45.708 GDTQW [Overlay ERROR] PeerManager::store error: sqlite3_statement_backend::loadOne: database or disk is full on 35.184.26.179:11825
2026-03-03T14:16:45.709 GDTQW [Overlay ERROR] PeerManager::store error: sqlite3_statement_backend::loadOne: database or disk is full on 200.129.247.55:11725
2026-03-03T14:16:45.709 GDTQW [Overlay ERROR] PeerManager::store error: sqlite3_statement_backend::loadOne: database or disk is full on 40.160.27.250:11625
2026-03-03T14:16:45.709 GDTQW [Overlay ERROR] PeerManager::store error: sqlite3_statement_backend::loadOne: database or disk is full on 173.56.217.231:11625
2026-03-03T14:16:45.950 GDTQW [SCP FATAL] Exception: Cannot commit transaction. database or disk is full
2026-03-03T14:16:45.950 GDTQW [SCP FATAL] SCP context (GDTQW): 
2026-03-03T14:16:45.951 GDTQW [SCP FATAL] {
   "ballotProtocol" : {
      "ballot" : "(4294967295,[ SIGNED@sdf_testnet_2 txH: 667775, ct: 1772547355, upgrades: [ ] ])",
      "heard" : false,
      "phase" : "EXTERNALIZE",
      "state" : "i: 1309533 | EXTERNALIZE | b: (4294967295,[ SIGNED@sdf_testnet_2 txH: 667775, ct: 1772547355, upgrades: [ ] ]) | p: (4294967295,[ SIGNED@sdf_testnet_2 txH: 667775, ct: 1772547355, upgrades: [ ] ]) | p': (<null_ballot>) | h: (4294967295,[ SIGNED@sdf_testnet_2 txH: 667775, ct: 1772547355, upgrades: [ ] ]) | c: (1,[ SIGNED@sdf_testnet_2 txH: 667775, ct: 1772547355, upgrades: [ ] ]) | M: 3"
   },
   "nomination" : {
      "roundnumber" : 0,
      "started" : false
   },
   "quorum_sets" : {
      "59d361" : {
         "t" : 2,
         "v" : [ "sdf_testnet_2", "sdf_testnet_3", "sdf_testnet_1" ]
      }
   },
   "statements" : [
      [
         1772547405,
         "{ENV@sdf_testnet_1 |  i: 1309533 | EXTERNALIZE | c: (1,[ SIGNED@sdf_testnet_2 txH: 667775, ct: 1772547355, upgrades: [ ] ]) | h.n: 1 | (lastD): 59d361 }",
         false
      ],
      [
         1772547405,
         "{ENV@sdf_testnet_3 |  i: 1309533 | EXTERNALIZE | c: (1,[ SIGNED@sdf_testnet_2 txH: 667775, ct: 1772547355, upgrades: [ ] ]) | h.n: 1 | (lastD): 59d361 }",
         false
      ],
      [
         1772547405,
         "{ENV@GDTQW |  i: 1309533 | PREPARE | D: 59d361 | b: (0,[:empty:]) | p: (4294967295,[ SIGNED@sdf_testnet_2 txH: 667775, ct: 1772547355, upgrades: [ ] ]) | p': (<null_ballot>) | c.n: 0 | h.n: 0 }",
         false
      ],
      [
         1772547405,
         "{ENV@GDTQW |  i: 1309533 | PREPARE | D: 59d361 | b: (4294967295,[ SIGNED@sdf_testnet_2 txH: 667775, ct: 1772547355, upgrades: [ ] ]) | p: (4294967295,[ SIGNED@sdf_testnet_2 txH: 667775, ct: 1772547355, upgrades: [ ] ]) | p': (<null_ballot>) | c.n: 4294967295 | h.n: 4294967295 }",
         false
      ],
      [
         1772547405,
         "{ENV@GDTQW |  i: 1309533 | CONFIRM | D: 59d361 | b: (4294967295,[ SIGNED@sdf_testnet_2 txH: 667775, ct: 1772547355, upgrades: [ ] ]) | p.n: 4294967295 | c.n: 1 | h.n: 4294967295 }",
         false
      ],
      [
         1772547405,
         "{ENV@GDTQW |  i: 1309533 | EXTERNALIZE | c: (1,[ SIGNED@sdf_testnet_2 txH: 667775, ct: 1772547355, upgrades: [ ] ]) | h.n: 4294967295 | (lastD): 59d361 }",
         false
      ]
   ],
   "validated" : false
}

2026-03-03T14:16:45.952 GDTQW [SCP FATAL] Exception processing SCP messages at 1309533, envelope: {ENV@GDTQW |  i: 1309533 | CONFIRM | D: 59d361 | b: (4294967295,[ SIGNED@sdf_testnet_2 txH: 667775, ct: 1772547355, upgrades: [ ] ]) | p.n: 4294967295 | c.n: 1 | h.n: 4294967295 }
2026-03-03T14:16:45.952 GDTQW [SCP FATAL] Please report this bug along with this log file if this was not expected
2026-03-03T14:16:45.952 GDTQW [SCP FATAL] Exception: Cannot commit transaction. database or disk is full
2026-03-03T14:16:45.952 GDTQW [SCP FATAL] SCP context (GDTQW): 
2026-03-03T14:16:45.953 GDTQW [SCP FATAL] {
   "ballotProtocol" : {
      "ballot" : "(4294967295,[ SIGNED@sdf_testnet_2 txH: 667775, ct: 1772547355, upgrades: [ ] ])",
      "heard" : false,
      "phase" : "EXTERNALIZE",
      "state" : "i: 1309533 | EXTERNALIZE | b: (4294967295,[ SIGNED@sdf_testnet_2 txH: 667775, ct: 1772547355, upgrades: [ ] ]) | p: (4294967295,[ SIGNED@sdf_testnet_2 txH: 667775, ct: 1772547355, upgrades: [ ] ]) | p': (<null_ballot>) | h: (4294967295,[ SIGNED@sdf_testnet_2 txH: 667775, ct: 1772547355, upgrades: [ ] ]) | c: (1,[ SIGNED@sdf_testnet_2 txH: 667775, ct: 1772547355, upgrades: [ ] ]) | M: 3"
   },
   "nomination" : {
      "roundnumber" : 0,
      "started" : false
   },
   "quorum_sets" : {
      "59d361" : {
         "t" : 2,
         "v" : [ "sdf_testnet_2", "sdf_testnet_3", "sdf_testnet_1" ]
      }
   },
   "statements" : [
      [
         1772547405,
         "{ENV@sdf_testnet_1 |  i: 1309533 | EXTERNALIZE | c: (1,[ SIGNED@sdf_testnet_2 txH: 667775, ct: 1772547355, upgrades: [ ] ]) | h.n: 1 | (lastD): 59d361 }",
         false
      ],
      [
         1772547405,
         "{ENV@sdf_testnet_3 |  i: 1309533 | EXTERNALIZE | c: (1,[ SIGNED@sdf_testnet_2 txH: 667775, ct: 1772547355, upgrades: [ ] ]) | h.n: 1 | (lastD): 59d361 }",
         false
      ],
      [
         1772547405,
         "{ENV@GDTQW |  i: 1309533 | PREPARE | D: 59d361 | b: (0,[:empty:]) | p: (4294967295,[ SIGNED@sdf_testnet_2 txH: 667775, ct: 1772547355, upgrades: [ ] ]) | p': (<null_ballot>) | c.n: 0 | h.n: 0 }",
         false
      ],
      [
         1772547405,
         "{ENV@GDTQW |  i: 1309533 | PREPARE | D: 59d361 | b: (4294967295,[ SIGNED@sdf_testnet_2 txH: 667775, ct: 1772547355, upgrades: [ ] ]) | p: (4294967295,[ SIGNED@sdf_testnet_2 txH: 667775, ct: 1772547355, upgrades: [ ] ]) | p': (<null_ballot>) | c.n: 4294967295 | h.n: 4294967295 }",
         false
      ],
      [
         1772547405,
         "{ENV@GDTQW |  i: 1309533 | CONFIRM | D: 59d361 | b: (4294967295,[ SIGNED@sdf_testnet_2 txH: 667775, ct: 1772547355, upgrades: [ ] ]) | p.n: 4294967295 | c.n: 1 | h.n: 4294967295 }",
         false
      ],
      [
         1772547405,
         "{ENV@GDTQW |  i: 1309533 | EXTERNALIZE | c: (1,[ SIGNED@sdf_testnet_2 txH: 667775, ct: 1772547355, upgrades: [ ] ]) | h.n: 4294967295 | (lastD): 59d361 }",
         false
      ]
   ],
   "validated" : false
}

2026-03-03T14:16:45.953 GDTQW [SCP FATAL] Exception processing SCP messages at 1309533, envelope: {ENV@GDTQW |  i: 1309533 | PREPARE | D: 59d361 | b: (4294967295,[ SIGNED@sdf_testnet_2 txH: 667775, ct: 1772547355, upgrades: [ ] ]) | p: (4294967295,[ SIGNED@sdf_testnet_2 txH: 667775, ct: 1772547355, upgrades: [ ] ]) | p': (<null_ballot>) | c.n: 4294967295 | h.n: 4294967295 }
2026-03-03T14:16:45.954 GDTQW [SCP FATAL] Please report this bug along with this log file if this was not expected
2026-03-03T14:16:45.954 GDTQW [SCP FATAL] Exception: Cannot commit transaction. database or disk is full
2026-03-03T14:16:45.954 GDTQW [SCP FATAL] SCP context (GDTQW): 
2026-03-03T14:16:45.954 GDTQW [SCP FATAL] {
   "ballotProtocol" : {
      "ballot" : "(4294967295,[ SIGNED@sdf_testnet_2 txH: 667775, ct: 1772547355, upgrades: [ ] ])",
      "heard" : false,
      "phase" : "EXTERNALIZE",
      "state" : "i: 1309533 | EXTERNALIZE | b: (4294967295,[ SIGNED@sdf_testnet_2 txH: 667775, ct: 1772547355, upgrades: [ ] ]) | p: (4294967295,[ SIGNED@sdf_testnet_2 txH: 667775, ct: 1772547355, upgrades: [ ] ]) | p': (<null_ballot>) | h: (4294967295,[ SIGNED@sdf_testnet_2 txH: 667775, ct: 1772547355, upgrades: [ ] ]) | c: (1,[ SIGNED@sdf_testnet_2 txH: 667775, ct: 1772547355, upgrades: [ ] ]) | M: 3"
   },
   "nomination" : {
      "roundnumber" : 0,
      "started" : false
   },
   "quorum_sets" : {
      "59d361" : {
         "t" : 2,
         "v" : [ "sdf_testnet_2", "sdf_testnet_3", "sdf_testnet_1" ]
      }
   },
   "statements" : [
      [
         1772547405,
         "{ENV@sdf_testnet_1 |  i: 1309533 | EXTERNALIZE | c: (1,[ SIGNED@sdf_testnet_2 txH: 667775, ct: 1772547355, upgrades: [ ] ]) | h.n: 1 | (lastD): 59d361 }",
         false
      ],
      [
         1772547405,
         "{ENV@sdf_testnet_3 |  i: 1309533 | EXTERNALIZE | c: (1,[ SIGNED@sdf_testnet_2 txH: 667775, ct: 1772547355, upgrades: [ ] ]) | h.n: 1 | (lastD): 59d361 }",
         false
      ],
      [
         1772547405,
         "{ENV@GDTQW |  i: 1309533 | PREPARE | D: 59d361 | b: (0,[:empty:]) | p: (4294967295,[ SIGNED@sdf_testnet_2 txH: 667775, ct: 1772547355, upgrades: [ ] ]) | p': (<null_ballot>) | c.n: 0 | h.n: 0 }",
         false
      ],
      [
         1772547405,
         "{ENV@GDTQW |  i: 1309533 | PREPARE | D: 59d361 | b: (4294967295,[ SIGNED@sdf_testnet_2 txH: 667775, ct: 1772547355, upgrades: [ ] ]) | p: (4294967295,[ SIGNED@sdf_testnet_2 txH: 667775, ct: 1772547355, upgrades: [ ] ]) | p': (<null_ballot>) | c.n: 4294967295 | h.n: 4294967295 }",
         false
      ],
      [
         1772547405,
         "{ENV@GDTQW |  i: 1309533 | CONFIRM | D: 59d361 | b: (4294967295,[ SIGNED@sdf_testnet_2 txH: 667775, ct: 1772547355, upgrades: [ ] ]) | p.n: 4294967295 | c.n: 1 | h.n: 4294967295 }",
         false
      ],
      [
         1772547405,
         "{ENV@GDTQW |  i: 1309533 | EXTERNALIZE | c: (1,[ SIGNED@sdf_testnet_2 txH: 667775, ct: 1772547355, upgrades: [ ] ]) | h.n: 4294967295 | (lastD): 59d361 }",
         false
      ]
   ],
   "validated" : false
}

2026-03-03T14:16:45.955 GDTQW [SCP FATAL] Exception processing SCP messages at 1309533, envelope: {ENV@GDTQW |  i: 1309533 | PREPARE | D: 59d361 | b: (0,[:empty:]) | p: (4294967295,[ SIGNED@sdf_testnet_2 txH: 667775, ct: 1772547355, upgrades: [ ] ]) | p': (<null_ballot>) | c.n: 0 | h.n: 0 }
2026-03-03T14:16:45.955 GDTQW [SCP FATAL] Please report this bug along with this log file if this was not expected
2026-03-03T14:16:45.955 GDTQW [SCP FATAL] Exception: Cannot commit transaction. database or disk is full
2026-03-03T14:16:45.955 GDTQW [SCP FATAL] SCP context (GDTQW): 
2026-03-03T14:16:45.956 GDTQW [SCP FATAL] {
   "ballotProtocol" : {
      "ballot" : "(4294967295,[ SIGNED@sdf_testnet_2 txH: 667775, ct: 1772547355, upgrades: [ ] ])",
      "heard" : false,
      "phase" : "EXTERNALIZE",
      "state" : "i: 1309533 | EXTERNALIZE | b: (4294967295,[ SIGNED@sdf_testnet_2 txH: 667775, ct: 1772547355, upgrades: [ ] ]) | p: (4294967295,[ SIGNED@sdf_testnet_2 txH: 667775, ct: 1772547355, upgrades: [ ] ]) | p': (<null_ballot>) | h: (4294967295,[ SIGNED@sdf_testnet_2 txH: 667775, ct: 1772547355, upgrades: [ ] ]) | c: (1,[ SIGNED@sdf_testnet_2 txH: 667775, ct: 1772547355, upgrades: [ ] ]) | M: 3"
   },
   "nomination" : {
      "roundnumber" : 0,
      "started" : false
   },
   "quorum_sets" : {
      "59d361" : {
         "t" : 2,
         "v" : [ "sdf_testnet_2", "sdf_testnet_3", "sdf_testnet_1" ]
      }
   },
   "statements" : [
      [
         1772547405,
         "{ENV@sdf_testnet_1 |  i: 1309533 | EXTERNALIZE | c: (1,[ SIGNED@sdf_testnet_2 txH: 667775, ct: 1772547355, upgrades: [ ] ]) | h.n: 1 | (lastD): 59d361 }",
         false
      ],
      [
         1772547405,
         "{ENV@sdf_testnet_3 |  i: 1309533 | EXTERNALIZE | c: (1,[ SIGNED@sdf_testnet_2 txH: 667775, ct: 1772547355, upgrades: [ ] ]) | h.n: 1 | (lastD): 59d361 }",
         false
      ],
      [
         1772547405,
         "{ENV@GDTQW |  i: 1309533 | PREPARE | D: 59d361 | b: (0,[:empty:]) | p: (4294967295,[ SIGNED@sdf_testnet_2 txH: 667775, ct: 1772547355, upgrades: [ ] ]) | p': (<null_ballot>) | c.n: 0 | h.n: 0 }",
         false
      ],
      [
         1772547405,
         "{ENV@GDTQW |  i: 1309533 | PREPARE | D: 59d361 | b: (4294967295,[ SIGNED@sdf_testnet_2 txH: 667775, ct: 1772547355, upgrades: [ ] ]) | p: (4294967295,[ SIGNED@sdf_testnet_2 txH: 667775, ct: 1772547355, upgrades: [ ] ]) | p': (<null_ballot>) | c.n: 4294967295 | h.n: 4294967295 }",
         false
      ],
      [
         1772547405,
         "{ENV@GDTQW |  i: 1309533 | CONFIRM | D: 59d361 | b: (4294967295,[ SIGNED@sdf_testnet_2 txH: 667775, ct: 1772547355, upgrades: [ ] ]) | p.n: 4294967295 | c.n: 1 | h.n: 4294967295 }",
         false
      ],
      [
         1772547405,
         "{ENV@GDTQW |  i: 1309533 | EXTERNALIZE | c: (1,[ SIGNED@sdf_testnet_2 txH: 667775, ct: 1772547355, upgrades: [ ] ]) | h.n: 4294967295 | (lastD): 59d361 }",
         false
      ]
   ],
   "validated" : false
}

2026-03-03T14:16:45.956 GDTQW [SCP FATAL] Exception processing SCP messages at 1309533, envelope: {ENV@sdf_testnet_3 |  i: 1309533 | EXTERNALIZE | c: (1,[ SIGNED@sdf_testnet_2 txH: 667775, ct: 1772547355, upgrades: [ ] ]) | h.n: 1 | (lastD): 59d361 }
2026-03-03T14:16:45.957 GDTQW [SCP FATAL] Please report this bug along with this log file if this was not expected
