2026-03-04T12:07:27.070 GBV6D [default INFO] Starting stellar-core v25.1.1
2026-03-04T12:07:27.071 GBV6D [Database INFO] Connecting to: sqlite3:///opt/stellar/core/stellar.db
2026-03-04T12:07:27.084 GBV6D [SCP INFO] LocalNode::LocalNode@GBV6D qSet: 59d361
2026-03-04T12:07:27.085 GBV6D [Database INFO] DB schema is in current version
2026-03-04T12:07:27.085 GBV6D [default INFO] Listening on 0.0.0.0:11626 for HTTP requests
2026-03-04T12:07:27.085 GBV6D [Bucket INFO] BucketListDB enabled: pageSizeExponent: 14 indexCutOff: 20MB, persist indexes: true
2026-03-04T12:07:27.085 GBV6D [default INFO] Connection effective settings:
2026-03-04T12:07:27.085 GBV6D [default INFO] TARGET_PEER_CONNECTIONS: 8
2026-03-04T12:07:27.085 GBV6D [default INFO] MAX_ADDITIONAL_PEER_CONNECTIONS: 64
2026-03-04T12:07:27.085 GBV6D [default INFO] MAX_PENDING_CONNECTIONS: 500
2026-03-04T12:07:27.085 GBV6D [default INFO] MAX_OUTBOUND_PENDING_CONNECTIONS: 56
2026-03-04T12:07:27.085 GBV6D [default INFO] MAX_INBOUND_PENDING_CONNECTIONS: 444
2026-03-04T12:07:27.085 GBV6D [default INFO] BACKGROUND_OVERLAY_PROCESSING=true
2026-03-04T12:07:27.085 GBV6D [default INFO] PARALLEL_LEDGER_APPLY=true
2026-03-04T12:07:27.085 GBV6D [History INFO] Archive 'sdf_testnet_1' has 'get' command only, will not be written
2026-03-04T12:07:27.085 GBV6D [History INFO] Archive 'sdf_testnet_2' has 'get' command only, will not be written
2026-03-04T12:07:27.085 GBV6D [History INFO] Archive 'sdf_testnet_3' has 'get' command only, will not be written
2026-03-04T12:07:27.085 GBV6D [History WARNING] No writable archives configured, history will not be written.
2026-03-04T12:07:27.085 GBV6D [Ledger INFO] Starting up application
2026-03-04T12:07:27.085 GBV6D [Ledger INFO] Last closed ledger (LCL) hash is 3717cc2d58717d0d8a5612cf97b9c2e7c04d1eeb1b77151a59687fae75e4aab6
2026-03-04T12:07:27.085 GBV6D [Ledger INFO] Loaded LCL header from database: [seq=1325251, hash=3717cc]
2026-03-04T12:07:27.085 GBV6D [default INFO] Establishing 10-entry connection pool to: sqlite3:///opt/stellar/core/stellar.db
2026-03-04T12:07:27.663 GBV6D [Ledger INFO] Assumed bucket-state for LCL: [seq=1325251, hash=3717cc]
2026-03-04T12:07:27.664 GBV6D [default INFO] Launching 1 loading and 5 compiling background threads
2026-03-04T12:07:27.890 GBV6D [default INFO] Compiled 1642 contracts (43833304 bytes of Wasm) in 226ms real time, 1090ms CPU time
2026-03-04T12:07:29.967 GBV6D [Overlay INFO] Binding to endpoint 0.0.0.0:11625
2026-03-04T12:07:29.973 GBV6D [History INFO] Downloading history archive state: .well-known/stellar-history.json
2026-03-04T12:07:30.353 GBV6D [History INFO] Downloading history archive state: .well-known/stellar-history.json
2026-03-04T12:07:30.807 GBV6D [History INFO] Downloading history archive state: .well-known/stellar-history.json
2026-03-04T12:07:31.177 GBV6D [Process WARNING] process 4840 exited 23: curl -sf http://history.stellar.org/prd/core-testnet/core_testnet_003/.well-known/stellar-history.json -o buckets/tmp/history-6167cb54b4043997/9ac908c8d0aca69f-stellar-history.json
2026-03-04T12:07:31.178 GBV6D [History WARNING] Could not download file: archive sdf_testnet_3 maybe missing file .well-known/stellar-history.json
2026-03-04T12:07:31.178 GBV6D [History ERROR] Could not download .well-known/stellar-history.json file: corrupt archive sdf_testnet_3
2026-03-04T12:07:31.178 GBV6D [History ERROR] Failed to obtain archive information: sdf_testnet_3
2026-03-04T12:07:32.261 GBV6D [Overlay ERROR] PeerManager::store error: sqlite3_statement_backend::loadOne: database or disk is full on 44.204.146.210:11625
2026-03-04T12:07:32.262 GBV6D [Overlay ERROR] PeerManager::store error: sqlite3_statement_backend::loadOne: database or disk is full on 44.213.67.110:11625
2026-03-04T12:07:32.262 GBV6D [Overlay ERROR] PeerManager::store error: sqlite3_statement_backend::loadOne: database or disk is full on 135.181.102.254:11625
2026-03-04T12:07:32.263 GBV6D [Overlay ERROR] PeerManager::store error: sqlite3_statement_backend::loadOne: database or disk is full on 65.21.2.102:11625
2026-03-04T12:07:32.264 GBV6D [Overlay ERROR] PeerManager::store error: sqlite3_statement_backend::loadOne: database or disk is full on 44.213.67.110:11625
2026-03-04T12:07:32.265 GBV6D [Overlay ERROR] PeerManager::store error: sqlite3_statement_backend::loadOne: database or disk is full on 173.244.202.69:11725
2026-03-04T12:07:32.266 GBV6D [Overlay ERROR] PeerManager::store error: sqlite3_statement_backend::loadOne: database or disk is full on 216.169.132.69:11625
2026-03-04T12:07:32.267 GBV6D [Overlay ERROR] PeerManager::store error: sqlite3_statement_backend::loadOne: database or disk is full on 172.18.0.1:11825
2026-03-04T12:07:32.268 GBV6D [Overlay ERROR] PeerManager::store error: sqlite3_statement_backend::loadOne: database or disk is full on 3.249.87.23:30020
2026-03-04T12:07:32.269 GBV6D [Overlay ERROR] PeerManager::store error: sqlite3_statement_backend::loadOne: database or disk is full on 24.252.206.200:11625
2026-03-04T12:07:32.270 GBV6D [Overlay ERROR] PeerManager::store error: sqlite3_statement_backend::loadOne: database or disk is full on 147.92.216.66:11825
2026-03-04T12:07:32.271 GBV6D [Overlay ERROR] PeerManager::store error: sqlite3_statement_backend::loadOne: database or disk is full on 200.129.247.110:11825
2026-03-04T12:07:32.271 GBV6D [Overlay ERROR] PeerManager::store error: sqlite3_statement_backend::loadOne: database or disk is full on 147.92.159.184:11725
2026-03-04T12:07:32.273 GBV6D [Overlay ERROR] PeerManager::store error: sqlite3_statement_backend::loadOne: database or disk is full on 35.175.229.79:30400
2026-03-04T12:07:32.274 GBV6D [Overlay ERROR] PeerManager::store error: sqlite3_statement_backend::loadOne: database or disk is full on 184.72.81.138:30020
2026-03-04T12:07:32.680 GBV6D [Overlay ERROR] PeerManager::store error: sqlite3_statement_backend::loadOne: database or disk is full on 44.213.67.110:11625
2026-03-04T12:07:32.681 GBV6D [Overlay INFO] Authenticated to 44.213.67.110:11625
2026-03-04T12:07:32.958 GBV6D [SCP FATAL] Exception: Cannot commit transaction. database or disk is full
2026-03-04T12:07:32.959 GBV6D [SCP FATAL] SCP context (GBV6D): 
2026-03-04T12:07:32.960 GBV6D [SCP FATAL] {
   "ballotProtocol" : {
      "ballot" : "(4294967295,[ SIGNED@sdf_testnet_1 txH: 61566c, ct: 1772626023, upgrades: [ ] ])",
      "heard" : false,
      "phase" : "EXTERNALIZE",
      "state" : "i: 1325249 | EXTERNALIZE | b: (4294967295,[ SIGNED@sdf_testnet_1 txH: 61566c, ct: 1772626023, upgrades: [ ] ]) | p: (4294967295,[ SIGNED@sdf_testnet_1 txH: 61566c, ct: 1772626023, upgrades: [ ] ]) | p': (<null_ballot>) | h: (4294967295,[ SIGNED@sdf_testnet_1 txH: 61566c, ct: 1772626023, upgrades: [ ] ]) | c: (1,[ SIGNED@sdf_testnet_1 txH: 61566c, ct: 1772626023, upgrades: [ ] ]) | M: 3"
   },
   "nomination" : {
      "roundnumber" : 0,
      "started" : false
   },
   "quorum_sets" : {
      "59d361" : {
         "t" : 2,
         "v" : [ "sdf_testnet_2", "sdf_testnet_3", "sdf_testnet_1" ]
      }
   },
   "statements" : [
      [
         1772626052,
         "{ENV@sdf_testnet_1 |  i: 1325249 | EXTERNALIZE | c: (1,[ SIGNED@sdf_testnet_1 txH: 61566c, ct: 1772626023, upgrades: [ ] ]) | h.n: 1 | (lastD): 59d361 }",
         false
      ],
      [
         1772626052,
         "{ENV@sdf_testnet_3 |  i: 1325249 | EXTERNALIZE | c: (1,[ SIGNED@sdf_testnet_1 txH: 61566c, ct: 1772626023, upgrades: [ ] ]) | h.n: 1 | (lastD): 59d361 }",
         false
      ],
      [
         1772626052,
         "{ENV@GBV6D |  i: 1325249 | PREPARE | D: 59d361 | b: (0,[:empty:]) | p: (4294967295,[ SIGNED@sdf_testnet_1 txH: 61566c, ct: 1772626023, upgrades: [ ] ]) | p': (<null_ballot>) | c.n: 0 | h.n: 0 }",
         false
      ],
      [
         1772626052,
         "{ENV@GBV6D |  i: 1325249 | PREPARE | D: 59d361 | b: (4294967295,[ SIGNED@sdf_testnet_1 txH: 61566c, ct: 1772626023, upgrades: [ ] ]) | p: (4294967295,[ SIGNED@sdf_testnet_1 txH: 61566c, ct: 1772626023, upgrades: [ ] ]) | p': (<null_ballot>) | c.n: 4294967295 | h.n: 4294967295 }",
         false
      ],
      [
         1772626052,
         "{ENV@GBV6D |  i: 1325249 | CONFIRM | D: 59d361 | b: (4294967295,[ SIGNED@sdf_testnet_1 txH: 61566c, ct: 1772626023, upgrades: [ ] ]) | p.n: 4294967295 | c.n: 1 | h.n: 4294967295 }",
         false
      ],
      [
         1772626052,
         "{ENV@GBV6D |  i: 1325249 | EXTERNALIZE | c: (1,[ SIGNED@sdf_testnet_1 txH: 61566c, ct: 1772626023, upgrades: [ ] ]) | h.n: 4294967295 | (lastD): 59d361 }",
         false
      ]
   ],
   "validated" : false
}

2026-03-04T12:07:32.961 GBV6D [SCP FATAL] Exception processing SCP messages at 1325249, envelope: {ENV@GBV6D |  i: 1325249 | CONFIRM | D: 59d361 | b: (4294967295,[ SIGNED@sdf_testnet_1 txH: 61566c, ct: 1772626023, upgrades: [ ] ]) | p.n: 4294967295 | c.n: 1 | h.n: 4294967295 }
2026-03-04T12:07:32.961 GBV6D [SCP FATAL] Please report this bug along with this log file if this was not expected
2026-03-04T12:07:32.961 GBV6D [SCP FATAL] Exception: Cannot commit transaction. database or disk is full
2026-03-04T12:07:32.961 GBV6D [SCP FATAL] SCP context (GBV6D): 
2026-03-04T12:07:32.962 GBV6D [SCP FATAL] {
   "ballotProtocol" : {
      "ballot" : "(4294967295,[ SIGNED@sdf_testnet_1 txH: 61566c, ct: 1772626023, upgrades: [ ] ])",
      "heard" : false,
      "phase" : "EXTERNALIZE",
      "state" : "i: 1325249 | EXTERNALIZE | b: (4294967295,[ SIGNED@sdf_testnet_1 txH: 61566c, ct: 1772626023, upgrades: [ ] ]) | p: (4294967295,[ SIGNED@sdf_testnet_1 txH: 61566c, ct: 1772626023, upgrades: [ ] ]) | p': (<null_ballot>) | h: (4294967295,[ SIGNED@sdf_testnet_1 txH: 61566c, ct: 1772626023, upgrades: [ ] ]) | c: (1,[ SIGNED@sdf_testnet_1 txH: 61566c, ct: 1772626023, upgrades: [ ] ]) | M: 3"
   },
   "nomination" : {
      "roundnumber" : 0,
      "started" : false
   },
   "quorum_sets" : {
      "59d361" : {
         "t" : 2,
         "v" : [ "sdf_testnet_2", "sdf_testnet_3", "sdf_testnet_1" ]
      }
   },
   "statements" : [
      [
         1772626052,
         "{ENV@sdf_testnet_1 |  i: 1325249 | EXTERNALIZE | c: (1,[ SIGNED@sdf_testnet_1 txH: 61566c, ct: 1772626023, upgrades: [ ] ]) | h.n: 1 | (lastD): 59d361 }",
         false
      ],
      [
         1772626052,
         "{ENV@sdf_testnet_3 |  i: 1325249 | EXTERNALIZE | c: (1,[ SIGNED@sdf_testnet_1 txH: 61566c, ct: 1772626023, upgrades: [ ] ]) | h.n: 1 | (lastD): 59d361 }",
         false
      ],
      [
         1772626052,
         "{ENV@GBV6D |  i: 1325249 | PREPARE | D: 59d361 | b: (0,[:empty:]) | p: (4294967295,[ SIGNED@sdf_testnet_1 txH: 61566c, ct: 1772626023, upgrades: [ ] ]) | p': (<null_ballot>) | c.n: 0 | h.n: 0 }",
         false
      ],
      [
         1772626052,
         "{ENV@GBV6D |  i: 1325249 | PREPARE | D: 59d361 | b: (4294967295,[ SIGNED@sdf_testnet_1 txH: 61566c, ct: 1772626023, upgrades: [ ] ]) | p: (4294967295,[ SIGNED@sdf_testnet_1 txH: 61566c, ct: 1772626023, upgrades: [ ] ]) | p': (<null_ballot>) | c.n: 4294967295 | h.n: 4294967295 }",
         false
      ],
      [
         1772626052,
         "{ENV@GBV6D |  i: 1325249 | CONFIRM | D: 59d361 | b: (4294967295,[ SIGNED@sdf_testnet_1 txH: 61566c, ct: 1772626023, upgrades: [ ] ]) | p.n: 4294967295 | c.n: 1 | h.n: 4294967295 }",
         false
      ],
      [
         1772626052,
         "{ENV@GBV6D |  i: 1325249 | EXTERNALIZE | c: (1,[ SIGNED@sdf_testnet_1 txH: 61566c, ct: 1772626023, upgrades: [ ] ]) | h.n: 4294967295 | (lastD): 59d361 }",
         false
      ]
   ],
   "validated" : false
}

2026-03-04T12:07:32.962 GBV6D [SCP FATAL] Exception processing SCP messages at 1325249, envelope: {ENV@GBV6D |  i: 1325249 | PREPARE | D: 59d361 | b: (4294967295,[ SIGNED@sdf_testnet_1 txH: 61566c, ct: 1772626023, upgrades: [ ] ]) | p: (4294967295,[ SIGNED@sdf_testnet_1 txH: 61566c, ct: 1772626023, upgrades: [ ] ]) | p': (<null_ballot>) | c.n: 4294967295 | h.n: 4294967295 }
2026-03-04T12:07:32.962 GBV6D [SCP FATAL] Please report this bug along with this log file if this was not expected
2026-03-04T12:07:32.962 GBV6D [SCP FATAL] Exception: Cannot commit transaction. database or disk is full
2026-03-04T12:07:32.963 GBV6D [SCP FATAL] SCP context (GBV6D): 
2026-03-04T12:07:32.963 GBV6D [SCP FATAL] {
   "ballotProtocol" : {
      "ballot" : "(4294967295,[ SIGNED@sdf_testnet_1 txH: 61566c, ct: 1772626023, upgrades: [ ] ])",
      "heard" : false,
      "phase" : "EXTERNALIZE",
      "state" : "i: 1325249 | EXTERNALIZE | b: (4294967295,[ SIGNED@sdf_testnet_1 txH: 61566c, ct: 1772626023, upgrades: [ ] ]) | p: (4294967295,[ SIGNED@sdf_testnet_1 txH: 61566c, ct: 1772626023, upgrades: [ ] ]) | p': (<null_ballot>) | h: (4294967295,[ SIGNED@sdf_testnet_1 txH: 61566c, ct: 1772626023, upgrades: [ ] ]) | c: (1,[ SIGNED@sdf_testnet_1 txH: 61566c, ct: 1772626023, upgrades: [ ] ]) | M: 3"
   },
   "nomination" : {
      "roundnumber" : 0,
      "started" : false
   },
   "quorum_sets" : {
      "59d361" : {
         "t" : 2,
         "v" : [ "sdf_testnet_2", "sdf_testnet_3", "sdf_testnet_1" ]
      }
   },
   "statements" : [
      [
         1772626052,
         "{ENV@sdf_testnet_1 |  i: 1325249 | EXTERNALIZE | c: (1,[ SIGNED@sdf_testnet_1 txH: 61566c, ct: 1772626023, upgrades: [ ] ]) | h.n: 1 | (lastD): 59d361 }",
         false
      ],
      [
         1772626052,
         "{ENV@sdf_testnet_3 |  i: 1325249 | EXTERNALIZE | c: (1,[ SIGNED@sdf_testnet_1 txH: 61566c, ct: 1772626023, upgrades: [ ] ]) | h.n: 1 | (lastD): 59d361 }",
         false
      ],
      [
         1772626052,
         "{ENV@GBV6D |  i: 1325249 | PREPARE | D: 59d361 | b: (0,[:empty:]) | p: (4294967295,[ SIGNED@sdf_testnet_1 txH: 61566c, ct: 1772626023, upgrades: [ ] ]) | p': (<null_ballot>) | c.n: 0 | h.n: 0 }",
         false
      ],
      [
         1772626052,
         "{ENV@GBV6D |  i: 1325249 | PREPARE | D: 59d361 | b: (4294967295,[ SIGNED@sdf_testnet_1 txH: 61566c, ct: 1772626023, upgrades: [ ] ]) | p: (4294967295,[ SIGNED@sdf_testnet_1 txH: 61566c, ct: 1772626023, upgrades: [ ] ]) | p': (<null_ballot>) | c.n: 4294967295 | h.n: 4294967295 }",
         false
      ],
      [
         1772626052,
         "{ENV@GBV6D |  i: 1325249 | CONFIRM | D: 59d361 | b: (4294967295,[ SIGNED@sdf_testnet_1 txH: 61566c, ct: 1772626023, upgrades: [ ] ]) | p.n: 4294967295 | c.n: 1 | h.n: 4294967295 }",
         false
      ],
      [
         1772626052,
         "{ENV@GBV6D |  i: 1325249 | EXTERNALIZE | c: (1,[ SIGNED@sdf_testnet_1 txH: 61566c, ct: 1772626023, upgrades: [ ] ]) | h.n: 4294967295 | (lastD): 59d361 }",
         false
      ]
   ],
   "validated" : false
}

2026-03-04T12:07:32.963 GBV6D [SCP FATAL] Exception processing SCP messages at 1325249, envelope: {ENV@GBV6D |  i: 1325249 | PREPARE | D: 59d361 | b: (0,[:empty:]) | p: (4294967295,[ SIGNED@sdf_testnet_1 txH: 61566c, ct: 1772626023, upgrades: [ ] ]) | p': (<null_ballot>) | c.n: 0 | h.n: 0 }
2026-03-04T12:07:32.963 GBV6D [SCP FATAL] Please report this bug along with this log file if this was not expected
2026-03-04T12:07:32.963 GBV6D [SCP FATAL] Exception: Cannot commit transaction. database or disk is full
2026-03-04T12:07:32.963 GBV6D [SCP FATAL] SCP context (GBV6D): 
2026-03-04T12:07:32.963 GBV6D [SCP FATAL] {
   "ballotProtocol" : {
      "ballot" : "(4294967295,[ SIGNED@sdf_testnet_1 txH: 61566c, ct: 1772626023, upgrades: [ ] ])",
      "heard" : false,
      "phase" : "EXTERNALIZE",
      "state" : "i: 1325249 | EXTERNALIZE | b: (4294967295,[ SIGNED@sdf_testnet_1 txH: 61566c, ct: 1772626023, upgrades: [ ] ]) | p: (4294967295,[ SIGNED@sdf_testnet_1 txH: 61566c, ct: 1772626023, upgrades: [ ] ]) | p': (<null_ballot>) | h: (4294967295,[ SIGNED@sdf_testnet_1 txH: 61566c, ct: 1772626023, upgrades: [ ] ]) | c: (1,[ SIGNED@sdf_testnet_1 txH: 61566c, ct: 1772626023, upgrades: [ ] ]) | M: 3"
   },
   "nomination" : {
      "roundnumber" : 0,
      "started" : false
   },
   "quorum_sets" : {
      "59d361" : {
         "t" : 2,
         "v" : [ "sdf_testnet_2", "sdf_testnet_3", "sdf_testnet_1" ]
      }
   },
   "statements" : [
      [
         1772626052,
         "{ENV@sdf_testnet_1 |  i: 1325249 | EXTERNALIZE | c: (1,[ SIGNED@sdf_testnet_1 txH: 61566c, ct: 1772626023, upgrades: [ ] ]) | h.n: 1 | (lastD): 59d361 }",
         false
      ],
      [
         1772626052,
         "{ENV@sdf_testnet_3 |  i: 1325249 | EXTERNALIZE | c: (1,[ SIGNED@sdf_testnet_1 txH: 61566c, ct: 1772626023, upgrades: [ ] ]) | h.n: 1 | (lastD): 59d361 }",
         false
      ],
      [
         1772626052,
         "{ENV@GBV6D |  i: 1325249 | PREPARE | D: 59d361 | b: (0,[:empty:]) | p: (4294967295,[ SIGNED@sdf_testnet_1 txH: 61566c, ct: 1772626023, upgrades: [ ] ]) | p': (<null_ballot>) | c.n: 0 | h.n: 0 }",
         false
      ],
      [
         1772626052,
         "{ENV@GBV6D |  i: 1325249 | PREPARE | D: 59d361 | b: (4294967295,[ SIGNED@sdf_testnet_1 txH: 61566c, ct: 1772626023, upgrades: [ ] ]) | p: (4294967295,[ SIGNED@sdf_testnet_1 txH: 61566c, ct: 1772626023, upgrades: [ ] ]) | p': (<null_ballot>) | c.n: 4294967295 | h.n: 4294967295 }",
         false
      ],
      [
         1772626052,
         "{ENV@GBV6D |  i: 1325249 | CONFIRM | D: 59d361 | b: (4294967295,[ SIGNED@sdf_testnet_1 txH: 61566c, ct: 1772626023, upgrades: [ ] ]) | p.n: 4294967295 | c.n: 1 | h.n: 4294967295 }",
         false
      ],
      [
         1772626052,
         "{ENV@GBV6D |  i: 1325249 | EXTERNALIZE | c: (1,[ SIGNED@sdf_testnet_1 txH: 61566c, ct: 1772626023, upgrades: [ ] ]) | h.n: 4294967295 | (lastD): 59d361 }",
         false
      ]
   ],
   "validated" : false
}

2026-03-04T12:07:32.964 GBV6D [SCP FATAL] Exception processing SCP messages at 1325249, envelope: {ENV@sdf_testnet_3 |  i: 1325249 | EXTERNALIZE | c: (1,[ SIGNED@sdf_testnet_1 txH: 61566c, ct: 1772626023, upgrades: [ ] ]) | h.n: 1 | (lastD): 59d361 }
2026-03-04T12:07:32.964 GBV6D [SCP FATAL] Please report this bug along with this log file if this was not expected
