2026-03-04T12:08:09.079 GA3M5 [default INFO] Starting stellar-core v25.1.1
2026-03-04T12:08:09.080 GA3M5 [Database INFO] Connecting to: sqlite3:///opt/stellar/core/stellar.db
2026-03-04T12:08:09.089 GA3M5 [SCP INFO] LocalNode::LocalNode@GA3M5 qSet: 59d361
2026-03-04T12:08:09.090 GA3M5 [Database INFO] DB schema is in current version
2026-03-04T12:08:09.090 GA3M5 [default INFO] Listening on 0.0.0.0:11626 for HTTP requests
2026-03-04T12:08:09.090 GA3M5 [Bucket INFO] BucketListDB enabled: pageSizeExponent: 14 indexCutOff: 20MB, persist indexes: true
2026-03-04T12:08:09.090 GA3M5 [default INFO] Connection effective settings:
2026-03-04T12:08:09.090 GA3M5 [default INFO] TARGET_PEER_CONNECTIONS: 8
2026-03-04T12:08:09.090 GA3M5 [default INFO] MAX_ADDITIONAL_PEER_CONNECTIONS: 64
2026-03-04T12:08:09.090 GA3M5 [default INFO] MAX_PENDING_CONNECTIONS: 500
2026-03-04T12:08:09.090 GA3M5 [default INFO] MAX_OUTBOUND_PENDING_CONNECTIONS: 56
2026-03-04T12:08:09.090 GA3M5 [default INFO] MAX_INBOUND_PENDING_CONNECTIONS: 444
2026-03-04T12:08:09.090 GA3M5 [default INFO] BACKGROUND_OVERLAY_PROCESSING=true
2026-03-04T12:08:09.090 GA3M5 [default INFO] PARALLEL_LEDGER_APPLY=true
2026-03-04T12:08:09.090 GA3M5 [History INFO] Archive 'sdf_testnet_1' has 'get' command only, will not be written
2026-03-04T12:08:09.090 GA3M5 [History INFO] Archive 'sdf_testnet_2' has 'get' command only, will not be written
2026-03-04T12:08:09.090 GA3M5 [History INFO] Archive 'sdf_testnet_3' has 'get' command only, will not be written
2026-03-04T12:08:09.090 GA3M5 [History WARNING] No writable archives configured, history will not be written.
2026-03-04T12:08:09.091 GA3M5 [Ledger INFO] Starting up application
2026-03-04T12:08:09.091 GA3M5 [Ledger INFO] Last closed ledger (LCL) hash is 3717cc2d58717d0d8a5612cf97b9c2e7c04d1eeb1b77151a59687fae75e4aab6
2026-03-04T12:08:09.091 GA3M5 [Ledger INFO] Loaded LCL header from database: [seq=1325251, hash=3717cc]
2026-03-04T12:08:09.091 GA3M5 [default INFO] Establishing 10-entry connection pool to: sqlite3:///opt/stellar/core/stellar.db
2026-03-04T12:08:09.571 GA3M5 [Ledger INFO] Assumed bucket-state for LCL: [seq=1325251, hash=3717cc]
2026-03-04T12:08:09.572 GA3M5 [default INFO] Launching 1 loading and 5 compiling background threads
2026-03-04T12:08:09.792 GA3M5 [default INFO] Compiled 1642 contracts (43833304 bytes of Wasm) in 219ms real time, 1060ms CPU time
2026-03-04T12:08:11.673 GA3M5 [Overlay INFO] Binding to endpoint 0.0.0.0:11625
2026-03-04T12:08:11.678 GA3M5 [History INFO] Downloading history archive state: .well-known/stellar-history.json
2026-03-04T12:08:12.060 GA3M5 [Process WARNING] process 5212 exited 23: curl -sf http://history.stellar.org/prd/core-testnet/core_testnet_001/.well-known/stellar-history.json -o buckets/tmp/history-35cd3c84eed98374/01a57e4e5027b837-stellar-history.json
2026-03-04T12:08:12.060 GA3M5 [History WARNING] Could not download file: archive sdf_testnet_1 maybe missing file .well-known/stellar-history.json
2026-03-04T12:08:12.060 GA3M5 [History ERROR] Could not download .well-known/stellar-history.json file: corrupt archive sdf_testnet_1
2026-03-04T12:08:12.061 GA3M5 [History ERROR] Failed to obtain archive information: sdf_testnet_1
2026-03-04T12:08:13.932 GA3M5 [Overlay ERROR] PeerManager::store error: sqlite3_statement_backend::loadOne: database or disk is full on 44.204.146.210:11625
2026-03-04T12:08:13.933 GA3M5 [Overlay ERROR] PeerManager::store error: sqlite3_statement_backend::loadOne: database or disk is full on 44.213.67.110:11625
2026-03-04T12:08:13.934 GA3M5 [Overlay ERROR] PeerManager::store error: sqlite3_statement_backend::loadOne: database or disk is full on 64.23.228.195:11625
2026-03-04T12:08:13.935 GA3M5 [Overlay ERROR] PeerManager::store error: sqlite3_statement_backend::loadOne: database or disk is full on 135.181.102.254:11625
2026-03-04T12:08:13.936 GA3M5 [Overlay ERROR] PeerManager::store error: sqlite3_statement_backend::loadOne: database or disk is full on 44.206.255.84:11625
2026-03-04T12:08:13.937 GA3M5 [Overlay ERROR] PeerManager::store error: sqlite3_statement_backend::loadOne: database or disk is full on 198.199.88.228:11625
2026-03-04T12:08:13.938 GA3M5 [Overlay ERROR] PeerManager::store error: sqlite3_statement_backend::loadOne: database or disk is full on 147.92.216.66:11825
2026-03-04T12:08:13.939 GA3M5 [Overlay ERROR] PeerManager::store error: sqlite3_statement_backend::loadOne: database or disk is full on 184.72.81.138:30020
2026-03-04T12:08:13.941 GA3M5 [Overlay ERROR] PeerManager::store error: sqlite3_statement_backend::loadOne: database or disk is full on 35.175.229.79:30400
2026-03-04T12:08:13.941 GA3M5 [Overlay ERROR] PeerManager::store error: sqlite3_statement_backend::loadOne: database or disk is full on 54.236.21.197:30020
2026-03-04T12:08:13.942 GA3M5 [Overlay ERROR] PeerManager::store error: sqlite3_statement_backend::loadOne: database or disk is full on 147.92.159.184:11725
2026-03-04T12:08:13.942 GA3M5 [Overlay ERROR] PeerManager::store error: sqlite3_statement_backend::loadOne: database or disk is full on 173.244.202.69:11725
2026-03-04T12:08:13.943 GA3M5 [Overlay ERROR] PeerManager::store error: sqlite3_statement_backend::loadOne: database or disk is full on 216.169.132.69:11625
2026-03-04T12:08:13.944 GA3M5 [Overlay ERROR] PeerManager::store error: sqlite3_statement_backend::loadOne: database or disk is full on 34.229.162.244:30020
2026-03-04T12:08:13.944 GA3M5 [Overlay ERROR] PeerManager::store error: sqlite3_statement_backend::loadOne: database or disk is full on 18.201.241.124:30020
2026-03-04T12:08:13.945 GA3M5 [Overlay ERROR] PeerManager::store error: sqlite3_statement_backend::loadOne: database or disk is full on 24.252.206.200:11625
2026-03-04T12:08:13.945 GA3M5 [Overlay ERROR] PeerManager::store error: sqlite3_statement_backend::loadOne: database or disk is full on 3.249.87.23:30020
2026-03-04T12:08:13.946 GA3M5 [Overlay ERROR] PeerManager::store error: sqlite3_statement_backend::loadOne: database or disk is full on 200.129.247.110:11825
2026-03-04T12:08:13.947 GA3M5 [Overlay ERROR] PeerManager::store error: sqlite3_statement_backend::loadOne: database or disk is full on 174.138.52.29:11625
2026-03-04T12:08:13.947 GA3M5 [Overlay ERROR] PeerManager::store error: sqlite3_statement_backend::loadOne: database or disk is full on 172.18.0.1:11825
2026-03-04T12:08:14.351 GA3M5 [Overlay ERROR] PeerManager::store error: sqlite3_statement_backend::loadOne: database or disk is full on 44.206.255.84:11625
2026-03-04T12:08:14.351 GA3M5 [Overlay INFO] Authenticated to 44.206.255.84:11625
2026-03-04T12:08:14.497 GA3M5 [Overlay ERROR] PeerManager::store error: sqlite3_statement_backend::loadOne: database or disk is full on 64.23.228.195:11625
2026-03-04T12:08:14.497 GA3M5 [Overlay INFO] Authenticated to 64.23.228.195:11625
2026-03-04T12:08:14.498 GA3M5 [Overlay ERROR] PeerManager::store error: sqlite3_statement_backend::loadOne: database or disk is full on 147.92.216.66:11625
2026-03-04T12:08:14.498 GA3M5 [Overlay ERROR] PeerManager::store error: sqlite3_statement_backend::loadOne: database or disk is full on 216.169.132.69:11825
2026-03-04T12:08:14.629 GA3M5 [Herder INFO] Quorum information for 1325250 : {"cost":0,"lag_ms":null}

2026-03-04T12:08:14.629 GA3M5 [SCP FATAL] Exception: Cannot commit transaction. database or disk is full
2026-03-04T12:08:14.630 GA3M5 [SCP FATAL] SCP context (GA3M5): 
2026-03-04T12:08:14.630 GA3M5 [SCP FATAL] {
   "ballotProtocol" : {
      "ballot" : "(4294967295,[ SIGNED@sdf_testnet_1 txH: 76bc5b, ct: 1772626038, upgrades: [ ] ])",
      "heard" : false,
      "phase" : "EXTERNALIZE",
      "state" : "i: 1325252 | EXTERNALIZE | b: (4294967295,[ SIGNED@sdf_testnet_1 txH: 76bc5b, ct: 1772626038, upgrades: [ ] ]) | p: (4294967295,[ SIGNED@sdf_testnet_1 txH: 76bc5b, ct: 1772626038, upgrades: [ ] ]) | p': (<null_ballot>) | h: (4294967295,[ SIGNED@sdf_testnet_1 txH: 76bc5b, ct: 1772626038, upgrades: [ ] ]) | c: (1,[ SIGNED@sdf_testnet_1 txH: 76bc5b, ct: 1772626038, upgrades: [ ] ]) | M: 3"
   },
   "nomination" : {
      "roundnumber" : 0,
      "started" : false
   },
   "quorum_sets" : {
      "59d361" : {
         "t" : 2,
         "v" : [ "sdf_testnet_2", "sdf_testnet_3", "sdf_testnet_1" ]
      }
   },
   "statements" : [
      [
         1772626094,
         "{ENV@sdf_testnet_1 |  i: 1325252 | EXTERNALIZE | c: (1,[ SIGNED@sdf_testnet_1 txH: 76bc5b, ct: 1772626038, upgrades: [ ] ]) | h.n: 1 | (lastD): 59d361 }",
         false
      ],
      [
         1772626094,
         "{ENV@sdf_testnet_3 |  i: 1325252 | EXTERNALIZE | c: (1,[ SIGNED@sdf_testnet_1 txH: 76bc5b, ct: 1772626038, upgrades: [ ] ]) | h.n: 1 | (lastD): 59d361 }",
         false
      ],
      [
         1772626094,
         "{ENV@GA3M5 |  i: 1325252 | PREPARE | D: 59d361 | b: (0,[:empty:]) | p: (4294967295,[ SIGNED@sdf_testnet_1 txH: 76bc5b, ct: 1772626038, upgrades: [ ] ]) | p': (<null_ballot>) | c.n: 0 | h.n: 0 }",
         false
      ],
      [
         1772626094,
         "{ENV@GA3M5 |  i: 1325252 | PREPARE | D: 59d361 | b: (4294967295,[ SIGNED@sdf_testnet_1 txH: 76bc5b, ct: 1772626038, upgrades: [ ] ]) | p: (4294967295,[ SIGNED@sdf_testnet_1 txH: 76bc5b, ct: 1772626038, upgrades: [ ] ]) | p': (<null_ballot>) | c.n: 4294967295 | h.n: 4294967295 }",
         false
      ],
      [
         1772626094,
         "{ENV@GA3M5 |  i: 1325252 | CONFIRM | D: 59d361 | b: (4294967295,[ SIGNED@sdf_testnet_1 txH: 76bc5b, ct: 1772626038, upgrades: [ ] ]) | p.n: 4294967295 | c.n: 1 | h.n: 4294967295 }",
         false
      ],
      [
         1772626094,
         "{ENV@GA3M5 |  i: 1325252 | EXTERNALIZE | c: (1,[ SIGNED@sdf_testnet_1 txH: 76bc5b, ct: 1772626038, upgrades: [ ] ]) | h.n: 4294967295 | (lastD): 59d361 }",
         false
      ]
   ],
   "validated" : false
}

2026-03-04T12:08:14.630 GA3M5 [SCP FATAL] Exception processing SCP messages at 1325252, envelope: {ENV@GA3M5 |  i: 1325252 | CONFIRM | D: 59d361 | b: (4294967295,[ SIGNED@sdf_testnet_1 txH: 76bc5b, ct: 1772626038, upgrades: [ ] ]) | p.n: 4294967295 | c.n: 1 | h.n: 4294967295 }
2026-03-04T12:08:14.631 GA3M5 [SCP FATAL] Please report this bug along with this log file if this was not expected
2026-03-04T12:08:14.631 GA3M5 [SCP FATAL] Exception: Cannot commit transaction. database or disk is full
2026-03-04T12:08:14.631 GA3M5 [SCP FATAL] SCP context (GA3M5): 
2026-03-04T12:08:14.631 GA3M5 [SCP FATAL] {
   "ballotProtocol" : {
      "ballot" : "(4294967295,[ SIGNED@sdf_testnet_1 txH: 76bc5b, ct: 1772626038, upgrades: [ ] ])",
      "heard" : false,
      "phase" : "EXTERNALIZE",
      "state" : "i: 1325252 | EXTERNALIZE | b: (4294967295,[ SIGNED@sdf_testnet_1 txH: 76bc5b, ct: 1772626038, upgrades: [ ] ]) | p: (4294967295,[ SIGNED@sdf_testnet_1 txH: 76bc5b, ct: 1772626038, upgrades: [ ] ]) | p': (<null_ballot>) | h: (4294967295,[ SIGNED@sdf_testnet_1 txH: 76bc5b, ct: 1772626038, upgrades: [ ] ]) | c: (1,[ SIGNED@sdf_testnet_1 txH: 76bc5b, ct: 1772626038, upgrades: [ ] ]) | M: 3"
   },
   "nomination" : {
      "roundnumber" : 0,
      "started" : false
   },
   "quorum_sets" : {
      "59d361" : {
         "t" : 2,
         "v" : [ "sdf_testnet_2", "sdf_testnet_3", "sdf_testnet_1" ]
      }
   },
   "statements" : [
      [
         1772626094,
         "{ENV@sdf_testnet_1 |  i: 1325252 | EXTERNALIZE | c: (1,[ SIGNED@sdf_testnet_1 txH: 76bc5b, ct: 1772626038, upgrades: [ ] ]) | h.n: 1 | (lastD): 59d361 }",
         false
      ],
      [
         1772626094,
         "{ENV@sdf_testnet_3 |  i: 1325252 | EXTERNALIZE | c: (1,[ SIGNED@sdf_testnet_1 txH: 76bc5b, ct: 1772626038, upgrades: [ ] ]) | h.n: 1 | (lastD): 59d361 }",
         false
      ],
      [
         1772626094,
         "{ENV@GA3M5 |  i: 1325252 | PREPARE | D: 59d361 | b: (0,[:empty:]) | p: (4294967295,[ SIGNED@sdf_testnet_1 txH: 76bc5b, ct: 1772626038, upgrades: [ ] ]) | p': (<null_ballot>) | c.n: 0 | h.n: 0 }",
         false
      ],
      [
         1772626094,
         "{ENV@GA3M5 |  i: 1325252 | PREPARE | D: 59d361 | b: (4294967295,[ SIGNED@sdf_testnet_1 txH: 76bc5b, ct: 1772626038, upgrades: [ ] ]) | p: (4294967295,[ SIGNED@sdf_testnet_1 txH: 76bc5b, ct: 1772626038, upgrades: [ ] ]) | p': (<null_ballot>) | c.n: 4294967295 | h.n: 4294967295 }",
         false
      ],
      [
         1772626094,
         "{ENV@GA3M5 |  i: 1325252 | CONFIRM | D: 59d361 | b: (4294967295,[ SIGNED@sdf_testnet_1 txH: 76bc5b, ct: 1772626038, upgrades: [ ] ]) | p.n: 4294967295 | c.n: 1 | h.n: 4294967295 }",
         false
      ],
      [
         1772626094,
         "{ENV@GA3M5 |  i: 1325252 | EXTERNALIZE | c: (1,[ SIGNED@sdf_testnet_1 txH: 76bc5b, ct: 1772626038, upgrades: [ ] ]) | h.n: 4294967295 | (lastD): 59d361 }",
         false
      ]
   ],
   "validated" : false
}

2026-03-04T12:08:14.631 GA3M5 [SCP FATAL] Exception processing SCP messages at 1325252, envelope: {ENV@GA3M5 |  i: 1325252 | PREPARE | D: 59d361 | b: (4294967295,[ SIGNED@sdf_testnet_1 txH: 76bc5b, ct: 1772626038, upgrades: [ ] ]) | p: (4294967295,[ SIGNED@sdf_testnet_1 txH: 76bc5b, ct: 1772626038, upgrades: [ ] ]) | p': (<null_ballot>) | c.n: 4294967295 | h.n: 4294967295 }
2026-03-04T12:08:14.632 GA3M5 [SCP FATAL] Please report this bug along with this log file if this was not expected
2026-03-04T12:08:14.632 GA3M5 [SCP FATAL] Exception: Cannot commit transaction. database or disk is full
2026-03-04T12:08:14.632 GA3M5 [SCP FATAL] SCP context (GA3M5): 
2026-03-04T12:08:14.632 GA3M5 [SCP FATAL] {
   "ballotProtocol" : {
      "ballot" : "(4294967295,[ SIGNED@sdf_testnet_1 txH: 76bc5b, ct: 1772626038, upgrades: [ ] ])",
      "heard" : false,
      "phase" : "EXTERNALIZE",
      "state" : "i: 1325252 | EXTERNALIZE | b: (4294967295,[ SIGNED@sdf_testnet_1 txH: 76bc5b, ct: 1772626038, upgrades: [ ] ]) | p: (4294967295,[ SIGNED@sdf_testnet_1 txH: 76bc5b, ct: 1772626038, upgrades: [ ] ]) | p': (<null_ballot>) | h: (4294967295,[ SIGNED@sdf_testnet_1 txH: 76bc5b, ct: 1772626038, upgrades: [ ] ]) | c: (1,[ SIGNED@sdf_testnet_1 txH: 76bc5b, ct: 1772626038, upgrades: [ ] ]) | M: 3"
   },
   "nomination" : {
      "roundnumber" : 0,
      "started" : false
   },
   "quorum_sets" : {
      "59d361" : {
         "t" : 2,
         "v" : [ "sdf_testnet_2", "sdf_testnet_3", "sdf_testnet_1" ]
      }
   },
   "statements" : [
      [
         1772626094,
         "{ENV@sdf_testnet_1 |  i: 1325252 | EXTERNALIZE | c: (1,[ SIGNED@sdf_testnet_1 txH: 76bc5b, ct: 1772626038, upgrades: [ ] ]) | h.n: 1 | (lastD): 59d361 }",
         false
      ],
      [
         1772626094,
         "{ENV@sdf_testnet_3 |  i: 1325252 | EXTERNALIZE | c: (1,[ SIGNED@sdf_testnet_1 txH: 76bc5b, ct: 1772626038, upgrades: [ ] ]) | h.n: 1 | (lastD): 59d361 }",
         false
      ],
      [
         1772626094,
         "{ENV@GA3M5 |  i: 1325252 | PREPARE | D: 59d361 | b: (0,[:empty:]) | p: (4294967295,[ SIGNED@sdf_testnet_1 txH: 76bc5b, ct: 1772626038, upgrades: [ ] ]) | p': (<null_ballot>) | c.n: 0 | h.n: 0 }",
         false
      ],
      [
         1772626094,
         "{ENV@GA3M5 |  i: 1325252 | PREPARE | D: 59d361 | b: (4294967295,[ SIGNED@sdf_testnet_1 txH: 76bc5b, ct: 1772626038, upgrades: [ ] ]) | p: (4294967295,[ SIGNED@sdf_testnet_1 txH: 76bc5b, ct: 1772626038, upgrades: [ ] ]) | p': (<null_ballot>) | c.n: 4294967295 | h.n: 4294967295 }",
         false
      ],
      [
         1772626094,
         "{ENV@GA3M5 |  i: 1325252 | CONFIRM | D: 59d361 | b: (4294967295,[ SIGNED@sdf_testnet_1 txH: 76bc5b, ct: 1772626038, upgrades: [ ] ]) | p.n: 4294967295 | c.n: 1 | h.n: 4294967295 }",
         false
      ],
      [
         1772626094,
         "{ENV@GA3M5 |  i: 1325252 | EXTERNALIZE | c: (1,[ SIGNED@sdf_testnet_1 txH: 76bc5b, ct: 1772626038, upgrades: [ ] ]) | h.n: 4294967295 | (lastD): 59d361 }",
         false
      ]
   ],
   "validated" : false
}

2026-03-04T12:08:14.632 GA3M5 [SCP FATAL] Exception processing SCP messages at 1325252, envelope: {ENV@GA3M5 |  i: 1325252 | PREPARE | D: 59d361 | b: (0,[:empty:]) | p: (4294967295,[ SIGNED@sdf_testnet_1 txH: 76bc5b, ct: 1772626038, upgrades: [ ] ]) | p': (<null_ballot>) | c.n: 0 | h.n: 0 }
2026-03-04T12:08:14.632 GA3M5 [SCP FATAL] Please report this bug along with this log file if this was not expected
2026-03-04T12:08:14.632 GA3M5 [SCP FATAL] Exception: Cannot commit transaction. database or disk is full
2026-03-04T12:08:14.632 GA3M5 [SCP FATAL] SCP context (GA3M5): 
2026-03-04T12:08:14.633 GA3M5 [SCP FATAL] {
   "ballotProtocol" : {
      "ballot" : "(4294967295,[ SIGNED@sdf_testnet_1 txH: 76bc5b, ct: 1772626038, upgrades: [ ] ])",
      "heard" : false,
      "phase" : "EXTERNALIZE",
      "state" : "i: 1325252 | EXTERNALIZE | b: (4294967295,[ SIGNED@sdf_testnet_1 txH: 76bc5b, ct: 1772626038, upgrades: [ ] ]) | p: (4294967295,[ SIGNED@sdf_testnet_1 txH: 76bc5b, ct: 1772626038, upgrades: [ ] ]) | p': (<null_ballot>) | h: (4294967295,[ SIGNED@sdf_testnet_1 txH: 76bc5b, ct: 1772626038, upgrades: [ ] ]) | c: (1,[ SIGNED@sdf_testnet_1 txH: 76bc5b, ct: 1772626038, upgrades: [ ] ]) | M: 3"
   },
   "nomination" : {
      "roundnumber" : 0,
      "started" : false
   },
   "quorum_sets" : {
      "59d361" : {
         "t" : 2,
         "v" : [ "sdf_testnet_2", "sdf_testnet_3", "sdf_testnet_1" ]
      }
   },
   "statements" : [
      [
         1772626094,
         "{ENV@sdf_testnet_1 |  i: 1325252 | EXTERNALIZE | c: (1,[ SIGNED@sdf_testnet_1 txH: 76bc5b, ct: 1772626038, upgrades: [ ] ]) | h.n: 1 | (lastD): 59d361 }",
         false
      ],
      [
         1772626094,
         "{ENV@sdf_testnet_3 |  i: 1325252 | EXTERNALIZE | c: (1,[ SIGNED@sdf_testnet_1 txH: 76bc5b, ct: 1772626038, upgrades: [ ] ]) | h.n: 1 | (lastD): 59d361 }",
         false
      ],
      [
         1772626094,
         "{ENV@GA3M5 |  i: 1325252 | PREPARE | D: 59d361 | b: (0,[:empty:]) | p: (4294967295,[ SIGNED@sdf_testnet_1 txH: 76bc5b, ct: 1772626038, upgrades: [ ] ]) | p': (<null_ballot>) | c.n: 0 | h.n: 0 }",
         false
      ],
      [
         1772626094,
         "{ENV@GA3M5 |  i: 1325252 | PREPARE | D: 59d361 | b: (4294967295,[ SIGNED@sdf_testnet_1 txH: 76bc5b, ct: 1772626038, upgrades: [ ] ]) | p: (4294967295,[ SIGNED@sdf_testnet_1 txH: 76bc5b, ct: 1772626038, upgrades: [ ] ]) | p': (<null_ballot>) | c.n: 4294967295 | h.n: 4294967295 }",
         false
      ],
      [
         1772626094,
         "{ENV@GA3M5 |  i: 1325252 | CONFIRM | D: 59d361 | b: (4294967295,[ SIGNED@sdf_testnet_1 txH: 76bc5b, ct: 1772626038, upgrades: [ ] ]) | p.n: 4294967295 | c.n: 1 | h.n: 4294967295 }",
         false
      ],
      [
         1772626094,
         "{ENV@GA3M5 |  i: 1325252 | EXTERNALIZE | c: (1,[ SIGNED@sdf_testnet_1 txH: 76bc5b, ct: 1772626038, upgrades: [ ] ]) | h.n: 4294967295 | (lastD): 59d361 }",
         false
      ]
   ],
   "validated" : false
}

2026-03-04T12:08:14.633 GA3M5 [SCP FATAL] Exception processing SCP messages at 1325252, envelope: {ENV@sdf_testnet_3 |  i: 1325252 | EXTERNALIZE | c: (1,[ SIGNED@sdf_testnet_1 txH: 76bc5b, ct: 1772626038, upgrades: [ ] ]) | h.n: 1 | (lastD): 59d361 }
2026-03-04T12:08:14.633 GA3M5 [SCP FATAL] Please report this bug along with this log file if this was not expected
