2026-03-03T15:11:03.681 GDFMV [default INFO] Starting stellar-core v25.1.1
2026-03-03T15:11:03.683 GDFMV [Database INFO] Connecting to: sqlite3:///opt/stellar/core/stellar.db
2026-03-03T15:11:03.689 GDFMV [SCP INFO] LocalNode::LocalNode@GDFMV qSet: 59d361
2026-03-03T15:11:03.690 GDFMV [Database INFO] DB schema is in current version
2026-03-03T15:11:03.690 GDFMV [default INFO] Listening on 0.0.0.0:11626 for HTTP requests
2026-03-03T15:11:03.690 GDFMV [Bucket INFO] BucketListDB enabled: pageSizeExponent: 14 indexCutOff: 20MB, persist indexes: true
2026-03-03T15:11:03.690 GDFMV [default INFO] Connection effective settings:
2026-03-03T15:11:03.690 GDFMV [default INFO] TARGET_PEER_CONNECTIONS: 8
2026-03-03T15:11:03.690 GDFMV [default INFO] MAX_ADDITIONAL_PEER_CONNECTIONS: 64
2026-03-03T15:11:03.690 GDFMV [default INFO] MAX_PENDING_CONNECTIONS: 500
2026-03-03T15:11:03.690 GDFMV [default INFO] MAX_OUTBOUND_PENDING_CONNECTIONS: 56
2026-03-03T15:11:03.690 GDFMV [default INFO] MAX_INBOUND_PENDING_CONNECTIONS: 444
2026-03-03T15:11:03.690 GDFMV [default INFO] BACKGROUND_OVERLAY_PROCESSING=true
2026-03-03T15:11:03.690 GDFMV [default INFO] PARALLEL_LEDGER_APPLY=true
2026-03-03T15:11:03.690 GDFMV [History INFO] Archive 'sdf_testnet_1' has 'get' command only, will not be written
2026-03-03T15:11:03.690 GDFMV [History INFO] Archive 'sdf_testnet_2' has 'get' command only, will not be written
2026-03-03T15:11:03.690 GDFMV [History INFO] Archive 'sdf_testnet_3' has 'get' command only, will not be written
2026-03-03T15:11:03.690 GDFMV [History WARNING] No writable archives configured, history will not be written.
2026-03-03T15:11:03.690 GDFMV [Ledger INFO] Starting up application
2026-03-03T15:11:03.691 GDFMV [Ledger INFO] Last closed ledger (LCL) hash is bb5348e263dc812d4fc2ada832acadf77b38248092caeae806251a9d7fba4cbe
2026-03-03T15:11:03.691 GDFMV [Ledger INFO] Loaded LCL header from database: [seq=1310157, hash=bb5348]
2026-03-03T15:11:03.691 GDFMV [default INFO] Establishing 10-entry connection pool to: sqlite3:///opt/stellar/core/stellar.db
2026-03-03T15:11:04.151 GDFMV [Ledger INFO] Assumed bucket-state for LCL: [seq=1310157, hash=bb5348]
2026-03-03T15:11:04.152 GDFMV [default INFO] Launching 1 loading and 5 compiling background threads
2026-03-03T15:11:04.416 GDFMV [default INFO] Compiled 1684 contracts (45055210 bytes of Wasm) in 263ms real time, 1266ms CPU time
2026-03-03T15:11:06.549 GDFMV [Overlay INFO] Binding to endpoint 0.0.0.0:11625
2026-03-03T15:11:06.559 GDFMV [History INFO] Downloading history archive state: .well-known/stellar-history.json
2026-03-03T15:11:06.956 GDFMV [Process WARNING] process 4384 exited 23: curl -sf http://history.stellar.org/prd/core-testnet/core_testnet_001/.well-known/stellar-history.json -o buckets/tmp/history-dc3be542634fa2e2/3d4ef6933976cdc3-stellar-history.json
2026-03-03T15:11:06.957 GDFMV [History WARNING] Could not download file: archive sdf_testnet_1 maybe missing file .well-known/stellar-history.json
2026-03-03T15:11:06.957 GDFMV [History ERROR] Could not download .well-known/stellar-history.json file: corrupt archive sdf_testnet_1
2026-03-03T15:11:06.958 GDFMV [History ERROR] Failed to obtain archive information: sdf_testnet_1
2026-03-03T15:11:08.865 GDFMV [Overlay ERROR] PeerManager::store error: sqlite3_statement_backend::loadOne: database or disk is full on 98.91.174.101:11625
2026-03-03T15:11:08.865 GDFMV [Overlay ERROR] PeerManager::store error: sqlite3_statement_backend::loadOne: database or disk is full on 44.204.146.210:11625
2026-03-03T15:11:08.866 GDFMV [Overlay ERROR] PeerManager::store error: sqlite3_statement_backend::loadOne: database or disk is full on 44.213.67.110:11625
2026-03-03T15:11:08.867 GDFMV [Overlay ERROR] PeerManager::store error: sqlite3_statement_backend::loadOne: database or disk is full on 54.175.126.219:11625
2026-03-03T15:11:08.868 GDFMV [Overlay ERROR] PeerManager::store error: sqlite3_statement_backend::loadOne: database or disk is full on 74.118.139.126:11625
2026-03-03T15:11:08.868 GDFMV [Overlay ERROR] PeerManager::store error: sqlite3_statement_backend::loadOne: database or disk is full on 200.129.247.71:11625
2026-03-03T15:11:08.869 GDFMV [Overlay ERROR] PeerManager::store error: sqlite3_statement_backend::loadOne: database or disk is full on 18.206.213.41:30020
2026-03-03T15:11:08.870 GDFMV [Overlay ERROR] PeerManager::store error: sqlite3_statement_backend::loadOne: database or disk is full on 3.238.110.19:30400
2026-03-03T15:11:08.871 GDFMV [Overlay ERROR] PeerManager::store error: sqlite3_statement_backend::loadOne: database or disk is full on 35.175.229.79:30400
2026-03-03T15:11:08.871 GDFMV [Overlay ERROR] PeerManager::store error: sqlite3_statement_backend::loadOne: database or disk is full on 34.229.162.244:30020
2026-03-03T15:11:08.872 GDFMV [Overlay ERROR] PeerManager::store error: sqlite3_statement_backend::loadOne: database or disk is full on 200.129.247.110:11625
2026-03-03T15:11:08.873 GDFMV [Overlay ERROR] PeerManager::store error: sqlite3_statement_backend::loadOne: database or disk is full on 54.174.219.130:30400
2026-03-03T15:11:08.874 GDFMV [Overlay ERROR] PeerManager::store error: sqlite3_statement_backend::loadOne: database or disk is full on 200.129.247.138:11625
2026-03-03T15:11:08.874 GDFMV [Overlay ERROR] PeerManager::store error: sqlite3_statement_backend::loadOne: database or disk is full on 3.255.82.225:30020
2026-03-03T15:11:08.875 GDFMV [Overlay ERROR] PeerManager::store error: sqlite3_statement_backend::loadOne: database or disk is full on 172.18.0.1:11625
2026-03-03T15:11:08.876 GDFMV [Overlay ERROR] PeerManager::store error: sqlite3_statement_backend::loadOne: database or disk is full on 3.134.225.19:11725
2026-03-03T15:11:08.876 GDFMV [Overlay ERROR] PeerManager::store error: sqlite3_statement_backend::loadOne: database or disk is full on 200.129.247.102:11625
2026-03-03T15:11:08.877 GDFMV [Overlay ERROR] PeerManager::store error: sqlite3_statement_backend::loadOne: database or disk is full on 52.91.130.193:30020
2026-03-03T15:11:08.877 GDFMV [Overlay ERROR] PeerManager::store error: sqlite3_statement_backend::loadOne: database or disk is full on 172.18.0.1:11725
2026-03-03T15:11:08.878 GDFMV [Overlay ERROR] PeerManager::store error: sqlite3_statement_backend::loadOne: database or disk is full on 65.109.51.179:11625
2026-03-03T15:11:08.879 GDFMV [Overlay ERROR] PeerManager::store error: sqlite3_statement_backend::loadOne: database or disk is full on 3.150.21.71:11725
2026-03-03T15:11:08.879 GDFMV [Overlay ERROR] PeerManager::store error: sqlite3_statement_backend::loadOne: database or disk is full on 3.238.52.233:30400
2026-03-03T15:11:08.880 GDFMV [Overlay ERROR] PeerManager::store error: sqlite3_statement_backend::loadOne: database or disk is full on 64.23.179.161:11625
2026-03-03T15:11:08.881 GDFMV [Overlay ERROR] PeerManager::store error: sqlite3_statement_backend::loadOne: database or disk is full on 34.241.153.42:30020
2026-03-03T15:11:08.882 GDFMV [Overlay ERROR] PeerManager::store error: sqlite3_statement_backend::loadOne: database or disk is full on 18.201.51.16:30020
2026-03-03T15:11:08.883 GDFMV [Overlay ERROR] PeerManager::store error: sqlite3_statement_backend::loadOne: database or disk is full on 200.129.247.42:11625
2026-03-03T15:11:08.883 GDFMV [Overlay ERROR] PeerManager::store error: sqlite3_statement_backend::loadOne: database or disk is full on 185.255.131.210:11625
2026-03-03T15:11:08.884 GDFMV [Overlay ERROR] PeerManager::store error: sqlite3_statement_backend::loadOne: database or disk is full on 54.90.248.176:30020
2026-03-03T15:11:08.885 GDFMV [Overlay ERROR] PeerManager::store error: sqlite3_statement_backend::loadOne: database or disk is full on 18.201.241.124:30020
2026-03-03T15:11:08.886 GDFMV [Overlay ERROR] PeerManager::store error: sqlite3_statement_backend::loadOne: database or disk is full on 18.189.252.66:11725
2026-03-03T15:11:08.887 GDFMV [Overlay ERROR] PeerManager::store error: sqlite3_statement_backend::loadOne: database or disk is full on 174.138.52.29:11625
2026-03-03T15:11:08.888 GDFMV [Overlay ERROR] PeerManager::store error: sqlite3_statement_backend::loadOne: database or disk is full on 34.229.139.142:30020
2026-03-03T15:11:08.889 GDFMV [Overlay ERROR] PeerManager::store error: sqlite3_statement_backend::loadOne: database or disk is full on 18.212.206.26:30020
2026-03-03T15:11:08.889 GDFMV [Overlay ERROR] PeerManager::store error: sqlite3_statement_backend::loadOne: database or disk is full on 135.181.229.215:11628
2026-03-03T15:11:08.890 GDFMV [Overlay ERROR] PeerManager::store error: sqlite3_statement_backend::loadOne: database or disk is full on 198.199.88.228:11625
2026-03-03T15:11:08.891 GDFMV [Overlay ERROR] PeerManager::store error: sqlite3_statement_backend::loadOne: database or disk is full on 91.67.122.127:11625
2026-03-03T15:11:08.892 GDFMV [Overlay ERROR] PeerManager::store error: sqlite3_statement_backend::loadOne: database or disk is full on 198.199.91.18:11625
2026-03-03T15:11:08.893 GDFMV [Overlay ERROR] PeerManager::store error: sqlite3_statement_backend::loadOne: database or disk is full on 34.245.167.15:30020
2026-03-03T15:11:08.893 GDFMV [Overlay ERROR] PeerManager::store error: sqlite3_statement_backend::loadOne: database or disk is full on 200.129.247.82:11625
2026-03-03T15:11:08.894 GDFMV [Overlay ERROR] PeerManager::store error: sqlite3_statement_backend::loadOne: database or disk is full on 13.217.88.18:8009
2026-03-03T15:11:08.895 GDFMV [Overlay ERROR] PeerManager::store error: sqlite3_statement_backend::loadOne: database or disk is full on 54.163.22.184:30020
2026-03-03T15:11:08.896 GDFMV [Overlay ERROR] PeerManager::store error: sqlite3_statement_backend::loadOne: database or disk is full on 3.238.32.131:30400
2026-03-03T15:11:08.897 GDFMV [Overlay ERROR] PeerManager::store error: sqlite3_statement_backend::loadOne: database or disk is full on 3.18.193.104:11725
2026-03-03T15:11:08.898 GDFMV [Overlay ERROR] PeerManager::store error: sqlite3_statement_backend::loadOne: database or disk is full on 3.147.147.12:11725
2026-03-03T15:11:08.898 GDFMV [Overlay ERROR] PeerManager::store error: sqlite3_statement_backend::loadOne: database or disk is full on 148.113.140.57:11625
2026-03-03T15:11:08.899 GDFMV [Overlay ERROR] PeerManager::store error: sqlite3_statement_backend::loadOne: database or disk is full on 200.129.247.114:11625
2026-03-03T15:11:08.900 GDFMV [Overlay ERROR] PeerManager::store error: sqlite3_statement_backend::loadOne: database or disk is full on 50.16.48.217:30020
2026-03-03T15:11:08.901 GDFMV [Overlay ERROR] PeerManager::store error: sqlite3_statement_backend::loadOne: database or disk is full on 3.95.1.43:30400
2026-03-03T15:11:08.902 GDFMV [Overlay ERROR] PeerManager::store error: sqlite3_statement_backend::loadOne: database or disk is full on 200.129.247.145:11625
2026-03-03T15:11:09.308 GDFMV [Overlay ERROR] PeerManager::store error: sqlite3_statement_backend::loadOne: database or disk is full on 54.175.126.219:11625
2026-03-03T15:11:09.308 GDFMV [Overlay INFO] Authenticated to 54.175.126.219:11625
2026-03-03T15:11:09.309 GDFMV [Overlay ERROR] PeerManager::store error: sqlite3_statement_backend::loadOne: database or disk is full on 34.227.52.150:30020
2026-03-03T15:11:09.605 GDFMV [Overlay ERROR] PeerManager::store error: sqlite3_statement_backend::loadOne: database or disk is full on 74.118.139.126:11625
2026-03-03T15:11:09.605 GDFMV [Overlay INFO] Authenticated to 74.118.139.126:11625
2026-03-03T15:11:11.575 GDFMV [SCP FATAL] Exception: Cannot commit transaction. database or disk is full
2026-03-03T15:11:11.575 GDFMV [SCP FATAL] SCP context (GDFMV): 
2026-03-03T15:11:11.575 GDFMV [SCP FATAL] {
   "ballotProtocol" : {
      "ballot" : "(4294967295,[ SIGNED@sdf_testnet_2 txH: e4eb65, ct: 1772550414, upgrades: [ ] ])",
      "heard" : false,
      "phase" : "EXTERNALIZE",
      "state" : "i: 1310144 | EXTERNALIZE | b: (4294967295,[ SIGNED@sdf_testnet_2 txH: e4eb65, ct: 1772550414, upgrades: [ ] ]) | p: (4294967295,[ SIGNED@sdf_testnet_2 txH: e4eb65, ct: 1772550414, upgrades: [ ] ]) | p': (<null_ballot>) | h: (4294967295,[ SIGNED@sdf_testnet_2 txH: e4eb65, ct: 1772550414, upgrades: [ ] ]) | c: (1,[ SIGNED@sdf_testnet_2 txH: e4eb65, ct: 1772550414, upgrades: [ ] ]) | M: 3"
   },
   "nomination" : {
      "roundnumber" : 0,
      "started" : false
   },
   "quorum_sets" : {
      "59d361" : {
         "t" : 2,
         "v" : [ "sdf_testnet_2", "sdf_testnet_3", "sdf_testnet_1" ]
      }
   },
   "statements" : [
      [
         1772550671,
         "{ENV@sdf_testnet_1 |  i: 1310144 | EXTERNALIZE | c: (1,[ SIGNED@sdf_testnet_2 txH: e4eb65, ct: 1772550414, upgrades: [ ] ]) | h.n: 1 | (lastD): 59d361 }",
         false
      ],
      [
         1772550671,
         "{ENV@sdf_testnet_3 |  i: 1310144 | EXTERNALIZE | c: (1,[ SIGNED@sdf_testnet_2 txH: e4eb65, ct: 1772550414, upgrades: [ ] ]) | h.n: 1 | (lastD): 59d361 }",
         false
      ],
      [
         1772550671,
         "{ENV@GDFMV |  i: 1310144 | PREPARE | D: 59d361 | b: (0,[:empty:]) | p: (4294967295,[ SIGNED@sdf_testnet_2 txH: e4eb65, ct: 1772550414, upgrades: [ ] ]) | p': (<null_ballot>) | c.n: 0 | h.n: 0 }",
         false
      ],
      [
         1772550671,
         "{ENV@GDFMV |  i: 1310144 | PREPARE | D: 59d361 | b: (4294967295,[ SIGNED@sdf_testnet_2 txH: e4eb65, ct: 1772550414, upgrades: [ ] ]) | p: (4294967295,[ SIGNED@sdf_testnet_2 txH: e4eb65, ct: 1772550414, upgrades: [ ] ]) | p': (<null_ballot>) | c.n: 4294967295 | h.n: 4294967295 }",
         false
      ],
      [
         1772550671,
         "{ENV@GDFMV |  i: 1310144 | CONFIRM | D: 59d361 | b: (4294967295,[ SIGNED@sdf_testnet_2 txH: e4eb65, ct: 1772550414, upgrades: [ ] ]) | p.n: 4294967295 | c.n: 1 | h.n: 4294967295 }",
         false
      ],
      [
         1772550671,
         "{ENV@GDFMV |  i: 1310144 | EXTERNALIZE | c: (1,[ SIGNED@sdf_testnet_2 txH: e4eb65, ct: 1772550414, upgrades: [ ] ]) | h.n: 4294967295 | (lastD): 59d361 }",
         false
      ]
   ],
   "validated" : false
}

2026-03-03T15:11:11.576 GDFMV [SCP FATAL] Exception processing SCP messages at 1310144, envelope: {ENV@GDFMV |  i: 1310144 | CONFIRM | D: 59d361 | b: (4294967295,[ SIGNED@sdf_testnet_2 txH: e4eb65, ct: 1772550414, upgrades: [ ] ]) | p.n: 4294967295 | c.n: 1 | h.n: 4294967295 }
2026-03-03T15:11:11.576 GDFMV [SCP FATAL] Please report this bug along with this log file if this was not expected
2026-03-03T15:11:11.576 GDFMV [SCP FATAL] Exception: Cannot commit transaction. database or disk is full
2026-03-03T15:11:11.576 GDFMV [SCP FATAL] SCP context (GDFMV): 
2026-03-03T15:11:11.577 GDFMV [SCP FATAL] {
   "ballotProtocol" : {
      "ballot" : "(4294967295,[ SIGNED@sdf_testnet_2 txH: e4eb65, ct: 1772550414, upgrades: [ ] ])",
      "heard" : false,
      "phase" : "EXTERNALIZE",
      "state" : "i: 1310144 | EXTERNALIZE | b: (4294967295,[ SIGNED@sdf_testnet_2 txH: e4eb65, ct: 1772550414, upgrades: [ ] ]) | p: (4294967295,[ SIGNED@sdf_testnet_2 txH: e4eb65, ct: 1772550414, upgrades: [ ] ]) | p': (<null_ballot>) | h: (4294967295,[ SIGNED@sdf_testnet_2 txH: e4eb65, ct: 1772550414, upgrades: [ ] ]) | c: (1,[ SIGNED@sdf_testnet_2 txH: e4eb65, ct: 1772550414, upgrades: [ ] ]) | M: 3"
   },
   "nomination" : {
      "roundnumber" : 0,
      "started" : false
   },
   "quorum_sets" : {
      "59d361" : {
         "t" : 2,
         "v" : [ "sdf_testnet_2", "sdf_testnet_3", "sdf_testnet_1" ]
      }
   },
   "statements" : [
      [
         1772550671,
         "{ENV@sdf_testnet_1 |  i: 1310144 | EXTERNALIZE | c: (1,[ SIGNED@sdf_testnet_2 txH: e4eb65, ct: 1772550414, upgrades: [ ] ]) | h.n: 1 | (lastD): 59d361 }",
         false
      ],
      [
         1772550671,
         "{ENV@sdf_testnet_3 |  i: 1310144 | EXTERNALIZE | c: (1,[ SIGNED@sdf_testnet_2 txH: e4eb65, ct: 1772550414, upgrades: [ ] ]) | h.n: 1 | (lastD): 59d361 }",
         false
      ],
      [
         1772550671,
         "{ENV@GDFMV |  i: 1310144 | PREPARE | D: 59d361 | b: (0,[:empty:]) | p: (4294967295,[ SIGNED@sdf_testnet_2 txH: e4eb65, ct: 1772550414, upgrades: [ ] ]) | p': (<null_ballot>) | c.n: 0 | h.n: 0 }",
         false
      ],
      [
         1772550671,
         "{ENV@GDFMV |  i: 1310144 | PREPARE | D: 59d361 | b: (4294967295,[ SIGNED@sdf_testnet_2 txH: e4eb65, ct: 1772550414, upgrades: [ ] ]) | p: (4294967295,[ SIGNED@sdf_testnet_2 txH: e4eb65, ct: 1772550414, upgrades: [ ] ]) | p': (<null_ballot>) | c.n: 4294967295 | h.n: 4294967295 }",
         false
      ],
      [
         1772550671,
         "{ENV@GDFMV |  i: 1310144 | CONFIRM | D: 59d361 | b: (4294967295,[ SIGNED@sdf_testnet_2 txH: e4eb65, ct: 1772550414, upgrades: [ ] ]) | p.n: 4294967295 | c.n: 1 | h.n: 4294967295 }",
         false
      ],
      [
         1772550671,
         "{ENV@GDFMV |  i: 1310144 | EXTERNALIZE | c: (1,[ SIGNED@sdf_testnet_2 txH: e4eb65, ct: 1772550414, upgrades: [ ] ]) | h.n: 4294967295 | (lastD): 59d361 }",
         false
      ]
   ],
   "validated" : false
}

2026-03-03T15:11:11.578 GDFMV [SCP FATAL] Exception processing SCP messages at 1310144, envelope: {ENV@GDFMV |  i: 1310144 | PREPARE | D: 59d361 | b: (4294967295,[ SIGNED@sdf_testnet_2 txH: e4eb65, ct: 1772550414, upgrades: [ ] ]) | p: (4294967295,[ SIGNED@sdf_testnet_2 txH: e4eb65, ct: 1772550414, upgrades: [ ] ]) | p': (<null_ballot>) | c.n: 4294967295 | h.n: 4294967295 }
2026-03-03T15:11:11.578 GDFMV [SCP FATAL] Please report this bug along with this log file if this was not expected
2026-03-03T15:11:11.578 GDFMV [SCP FATAL] Exception: Cannot commit transaction. database or disk is full
2026-03-03T15:11:11.578 GDFMV [SCP FATAL] SCP context (GDFMV): 
2026-03-03T15:11:11.579 GDFMV [SCP FATAL] {
   "ballotProtocol" : {
      "ballot" : "(4294967295,[ SIGNED@sdf_testnet_2 txH: e4eb65, ct: 1772550414, upgrades: [ ] ])",
      "heard" : false,
      "phase" : "EXTERNALIZE",
      "state" : "i: 1310144 | EXTERNALIZE | b: (4294967295,[ SIGNED@sdf_testnet_2 txH: e4eb65, ct: 1772550414, upgrades: [ ] ]) | p: (4294967295,[ SIGNED@sdf_testnet_2 txH: e4eb65, ct: 1772550414, upgrades: [ ] ]) | p': (<null_ballot>) | h: (4294967295,[ SIGNED@sdf_testnet_2 txH: e4eb65, ct: 1772550414, upgrades: [ ] ]) | c: (1,[ SIGNED@sdf_testnet_2 txH: e4eb65, ct: 1772550414, upgrades: [ ] ]) | M: 3"
   },
   "nomination" : {
      "roundnumber" : 0,
      "started" : false
   },
   "quorum_sets" : {
      "59d361" : {
         "t" : 2,
         "v" : [ "sdf_testnet_2", "sdf_testnet_3", "sdf_testnet_1" ]
      }
   },
   "statements" : [
      [
         1772550671,
         "{ENV@sdf_testnet_1 |  i: 1310144 | EXTERNALIZE | c: (1,[ SIGNED@sdf_testnet_2 txH: e4eb65, ct: 1772550414, upgrades: [ ] ]) | h.n: 1 | (lastD): 59d361 }",
         false
      ],
      [
         1772550671,
         "{ENV@sdf_testnet_3 |  i: 1310144 | EXTERNALIZE | c: (1,[ SIGNED@sdf_testnet_2 txH: e4eb65, ct: 1772550414, upgrades: [ ] ]) | h.n: 1 | (lastD): 59d361 }",
         false
      ],
      [
         1772550671,
         "{ENV@GDFMV |  i: 1310144 | PREPARE | D: 59d361 | b: (0,[:empty:]) | p: (4294967295,[ SIGNED@sdf_testnet_2 txH: e4eb65, ct: 1772550414, upgrades: [ ] ]) | p': (<null_ballot>) | c.n: 0 | h.n: 0 }",
         false
      ],
      [
         1772550671,
         "{ENV@GDFMV |  i: 1310144 | PREPARE | D: 59d361 | b: (4294967295,[ SIGNED@sdf_testnet_2 txH: e4eb65, ct: 1772550414, upgrades: [ ] ]) | p: (4294967295,[ SIGNED@sdf_testnet_2 txH: e4eb65, ct: 1772550414, upgrades: [ ] ]) | p': (<null_ballot>) | c.n: 4294967295 | h.n: 4294967295 }",
         false
      ],
      [
         1772550671,
         "{ENV@GDFMV |  i: 1310144 | CONFIRM | D: 59d361 | b: (4294967295,[ SIGNED@sdf_testnet_2 txH: e4eb65, ct: 1772550414, upgrades: [ ] ]) | p.n: 4294967295 | c.n: 1 | h.n: 4294967295 }",
         false
      ],
      [
         1772550671,
         "{ENV@GDFMV |  i: 1310144 | EXTERNALIZE | c: (1,[ SIGNED@sdf_testnet_2 txH: e4eb65, ct: 1772550414, upgrades: [ ] ]) | h.n: 4294967295 | (lastD): 59d361 }",
         false
      ]
   ],
   "validated" : false
}

2026-03-03T15:11:11.579 GDFMV [SCP FATAL] Exception processing SCP messages at 1310144, envelope: {ENV@GDFMV |  i: 1310144 | PREPARE | D: 59d361 | b: (0,[:empty:]) | p: (4294967295,[ SIGNED@sdf_testnet_2 txH: e4eb65, ct: 1772550414, upgrades: [ ] ]) | p': (<null_ballot>) | c.n: 0 | h.n: 0 }
2026-03-03T15:11:11.579 GDFMV [SCP FATAL] Please report this bug along with this log file if this was not expected
2026-03-03T15:11:11.579 GDFMV [SCP FATAL] Exception: Cannot commit transaction. database or disk is full
2026-03-03T15:11:11.580 GDFMV [SCP FATAL] SCP context (GDFMV): 
2026-03-03T15:11:11.580 GDFMV [SCP FATAL] {
   "ballotProtocol" : {
      "ballot" : "(4294967295,[ SIGNED@sdf_testnet_2 txH: e4eb65, ct: 1772550414, upgrades: [ ] ])",
      "heard" : false,
      "phase" : "EXTERNALIZE",
      "state" : "i: 1310144 | EXTERNALIZE | b: (4294967295,[ SIGNED@sdf_testnet_2 txH: e4eb65, ct: 1772550414, upgrades: [ ] ]) | p: (4294967295,[ SIGNED@sdf_testnet_2 txH: e4eb65, ct: 1772550414, upgrades: [ ] ]) | p': (<null_ballot>) | h: (4294967295,[ SIGNED@sdf_testnet_2 txH: e4eb65, ct: 1772550414, upgrades: [ ] ]) | c: (1,[ SIGNED@sdf_testnet_2 txH: e4eb65, ct: 1772550414, upgrades: [ ] ]) | M: 3"
   },
   "nomination" : {
      "roundnumber" : 0,
      "started" : false
   },
   "quorum_sets" : {
      "59d361" : {
         "t" : 2,
         "v" : [ "sdf_testnet_2", "sdf_testnet_3", "sdf_testnet_1" ]
      }
   },
   "statements" : [
      [
         1772550671,
         "{ENV@sdf_testnet_1 |  i: 1310144 | EXTERNALIZE | c: (1,[ SIGNED@sdf_testnet_2 txH: e4eb65, ct: 1772550414, upgrades: [ ] ]) | h.n: 1 | (lastD): 59d361 }",
         false
      ],
      [
         1772550671,
         "{ENV@sdf_testnet_3 |  i: 1310144 | EXTERNALIZE | c: (1,[ SIGNED@sdf_testnet_2 txH: e4eb65, ct: 1772550414, upgrades: [ ] ]) | h.n: 1 | (lastD): 59d361 }",
         false
      ],
      [
         1772550671,
         "{ENV@GDFMV |  i: 1310144 | PREPARE | D: 59d361 | b: (0,[:empty:]) | p: (4294967295,[ SIGNED@sdf_testnet_2 txH: e4eb65, ct: 1772550414, upgrades: [ ] ]) | p': (<null_ballot>) | c.n: 0 | h.n: 0 }",
         false
      ],
      [
         1772550671,
         "{ENV@GDFMV |  i: 1310144 | PREPARE | D: 59d361 | b: (4294967295,[ SIGNED@sdf_testnet_2 txH: e4eb65, ct: 1772550414, upgrades: [ ] ]) | p: (4294967295,[ SIGNED@sdf_testnet_2 txH: e4eb65, ct: 1772550414, upgrades: [ ] ]) | p': (<null_ballot>) | c.n: 4294967295 | h.n: 4294967295 }",
         false
      ],
      [
         1772550671,
         "{ENV@GDFMV |  i: 1310144 | CONFIRM | D: 59d361 | b: (4294967295,[ SIGNED@sdf_testnet_2 txH: e4eb65, ct: 1772550414, upgrades: [ ] ]) | p.n: 4294967295 | c.n: 1 | h.n: 4294967295 }",
         false
      ],
      [
         1772550671,
         "{ENV@GDFMV |  i: 1310144 | EXTERNALIZE | c: (1,[ SIGNED@sdf_testnet_2 txH: e4eb65, ct: 1772550414, upgrades: [ ] ]) | h.n: 4294967295 | (lastD): 59d361 }",
         false
      ]
   ],
   "validated" : false
}

2026-03-03T15:11:11.580 GDFMV [SCP FATAL] Exception processing SCP messages at 1310144, envelope: {ENV@sdf_testnet_3 |  i: 1310144 | EXTERNALIZE | c: (1,[ SIGNED@sdf_testnet_2 txH: e4eb65, ct: 1772550414, upgrades: [ ] ]) | h.n: 1 | (lastD): 59d361 }
2026-03-03T15:11:11.580 GDFMV [SCP FATAL] Please report this bug along with this log file if this was not expected
