2026-03-03T14:17:05.855 GAYBY [default INFO] Starting stellar-core v25.1.1
2026-03-03T14:17:05.856 GAYBY [Database INFO] Connecting to: sqlite3:///opt/stellar/core/stellar.db
2026-03-03T14:17:05.863 GAYBY [SCP INFO] LocalNode::LocalNode@GAYBY qSet: 59d361
2026-03-03T14:17:05.863 GAYBY [Database INFO] DB schema is in current version
2026-03-03T14:17:05.863 GAYBY [default INFO] Listening on 0.0.0.0:11626 for HTTP requests
2026-03-03T14:17:05.863 GAYBY [Bucket INFO] BucketListDB enabled: pageSizeExponent: 14 indexCutOff: 20MB, persist indexes: true
2026-03-03T14:17:05.864 GAYBY [default INFO] Connection effective settings:
2026-03-03T14:17:05.864 GAYBY [default INFO] TARGET_PEER_CONNECTIONS: 8
2026-03-03T14:17:05.864 GAYBY [default INFO] MAX_ADDITIONAL_PEER_CONNECTIONS: 64
2026-03-03T14:17:05.864 GAYBY [default INFO] MAX_PENDING_CONNECTIONS: 500
2026-03-03T14:17:05.864 GAYBY [default INFO] MAX_OUTBOUND_PENDING_CONNECTIONS: 56
2026-03-03T14:17:05.864 GAYBY [default INFO] MAX_INBOUND_PENDING_CONNECTIONS: 444
2026-03-03T14:17:05.864 GAYBY [default INFO] BACKGROUND_OVERLAY_PROCESSING=true
2026-03-03T14:17:05.865 GAYBY [default INFO] PARALLEL_LEDGER_APPLY=true
2026-03-03T14:17:05.865 GAYBY [History INFO] Archive 'sdf_testnet_1' has 'get' command only, will not be written
2026-03-03T14:17:05.865 GAYBY [History INFO] Archive 'sdf_testnet_2' has 'get' command only, will not be written
2026-03-03T14:17:05.865 GAYBY [History INFO] Archive 'sdf_testnet_3' has 'get' command only, will not be written
2026-03-03T14:17:05.865 GAYBY [History WARNING] No writable archives configured, history will not be written.
2026-03-03T14:17:05.865 GAYBY [Ledger INFO] Starting up application
2026-03-03T14:17:05.865 GAYBY [Ledger INFO] Last closed ledger (LCL) hash is 9216afd4b3f152b0d03456fc5e8a6a758710facabcaa52a9f9918fc34d1dc14c
2026-03-03T14:17:05.865 GAYBY [Ledger INFO] Loaded LCL header from database: [seq=1309535, hash=9216af]
2026-03-03T14:17:05.865 GAYBY [default INFO] Establishing 10-entry connection pool to: sqlite3:///opt/stellar/core/stellar.db
2026-03-03T14:17:06.359 GAYBY [Ledger INFO] Assumed bucket-state for LCL: [seq=1309535, hash=9216af]
2026-03-03T14:17:06.359 GAYBY [default INFO] Launching 1 loading and 5 compiling background threads
2026-03-03T14:17:06.634 GAYBY [default INFO] Compiled 1675 contracts (44902995 bytes of Wasm) in 274ms real time, 1327ms CPU time
2026-03-03T14:17:08.600 GAYBY [Overlay INFO] Binding to endpoint 0.0.0.0:11625
2026-03-03T14:17:08.606 GAYBY [History INFO] Downloading history archive state: .well-known/stellar-history.json
2026-03-03T14:17:08.981 GAYBY [Process WARNING] process 3396 exited 23: curl -sf http://history.stellar.org/prd/core-testnet/core_testnet_001/.well-known/stellar-history.json -o buckets/tmp/history-e95b93da00b71502/a3225a6b7dbf89d2-stellar-history.json
2026-03-03T14:17:08.981 GAYBY [History WARNING] Could not download file: archive sdf_testnet_1 maybe missing file .well-known/stellar-history.json
2026-03-03T14:17:08.981 GAYBY [History ERROR] Could not download .well-known/stellar-history.json file: corrupt archive sdf_testnet_1
2026-03-03T14:17:08.985 GAYBY [History ERROR] Failed to obtain archive information: sdf_testnet_1
2026-03-03T14:17:10.626 GAYBY [Overlay ERROR] PeerManager::store error: sqlite3_statement_backend::loadOne: database or disk is full on 98.91.174.101:11625
2026-03-03T14:17:10.627 GAYBY [Overlay ERROR] PeerManager::store error: sqlite3_statement_backend::loadOne: database or disk is full on 44.204.146.210:11625
2026-03-03T14:17:10.628 GAYBY [Overlay ERROR] PeerManager::store error: sqlite3_statement_backend::loadOne: database or disk is full on 44.213.67.110:11625
2026-03-03T14:17:10.630 GAYBY [Overlay ERROR] PeerManager::store error: sqlite3_statement_backend::loadOne: database or disk is full on 16.58.222.208:11725
2026-03-03T14:17:10.631 GAYBY [Overlay ERROR] PeerManager::store error: sqlite3_statement_backend::loadOne: database or disk is full on 98.91.174.101:11625
2026-03-03T14:17:10.632 GAYBY [Overlay ERROR] PeerManager::store error: sqlite3_statement_backend::loadOne: database or disk is full on 63.35.223.172:30020
2026-03-03T14:17:10.634 GAYBY [Overlay ERROR] PeerManager::store error: sqlite3_statement_backend::loadOne: database or disk is full on 52.91.130.193:30020
2026-03-03T14:17:10.635 GAYBY [Overlay ERROR] PeerManager::store error: sqlite3_statement_backend::loadOne: database or disk is full on 77.48.24.203:11625
2026-03-03T14:17:10.637 GAYBY [Overlay ERROR] PeerManager::store error: sqlite3_statement_backend::loadOne: database or disk is full on 34.241.153.42:30020
2026-03-03T14:17:10.638 GAYBY [Overlay ERROR] PeerManager::store error: sqlite3_statement_backend::loadOne: database or disk is full on 54.163.22.184:30020
2026-03-03T14:17:10.639 GAYBY [Overlay ERROR] PeerManager::store error: sqlite3_statement_backend::loadOne: database or disk is full on 40.160.64.57:11725
2026-03-03T14:17:10.641 GAYBY [Overlay ERROR] PeerManager::store error: sqlite3_statement_backend::loadOne: database or disk is full on 77.48.24.153:11625
2026-03-03T14:17:10.642 GAYBY [Overlay ERROR] PeerManager::store error: sqlite3_statement_backend::loadOne: database or disk is full on 3.249.87.23:30020
2026-03-03T14:17:10.643 GAYBY [Overlay ERROR] PeerManager::store error: sqlite3_statement_backend::loadOne: database or disk is full on 213.10.11.118:11625
2026-03-03T14:17:10.643 GAYBY [Overlay ERROR] PeerManager::store error: sqlite3_statement_backend::loadOne: database or disk is full on 34.229.162.244:30020
2026-03-03T14:17:10.644 GAYBY [Overlay ERROR] PeerManager::store error: sqlite3_statement_backend::loadOne: database or disk is full on 135.181.229.215:11628
2026-03-03T14:17:10.645 GAYBY [Overlay ERROR] PeerManager::store error: sqlite3_statement_backend::loadOne: database or disk is full on 65.109.19.49:11625
2026-03-03T14:17:10.646 GAYBY [Overlay ERROR] PeerManager::store error: sqlite3_statement_backend::loadOne: database or disk is full on 148.113.140.57:11625
2026-03-03T14:17:10.648 GAYBY [Overlay ERROR] PeerManager::store error: sqlite3_statement_backend::loadOne: database or disk is full on 50.16.48.217:30020
2026-03-03T14:17:10.649 GAYBY [Overlay ERROR] PeerManager::store error: sqlite3_statement_backend::loadOne: database or disk is full on 144.76.79.10:51770
2026-03-03T14:17:10.650 GAYBY [Overlay ERROR] PeerManager::store error: sqlite3_statement_backend::loadOne: database or disk is full on 13.217.88.18:11625
2026-03-03T14:17:10.651 GAYBY [Overlay ERROR] PeerManager::store error: sqlite3_statement_backend::loadOne: database or disk is full on 198.199.91.18:11625
2026-03-03T14:17:10.652 GAYBY [Overlay ERROR] PeerManager::store error: sqlite3_statement_backend::loadOne: database or disk is full on 45.55.48.58:11825
2026-03-03T14:17:10.653 GAYBY [Overlay ERROR] PeerManager::store error: sqlite3_statement_backend::loadOne: database or disk is full on 18.206.213.41:30020
2026-03-03T14:17:10.654 GAYBY [Overlay ERROR] PeerManager::store error: sqlite3_statement_backend::loadOne: database or disk is full on 174.138.52.29:11625
2026-03-03T14:17:10.655 GAYBY [Overlay ERROR] PeerManager::store error: sqlite3_statement_backend::loadOne: database or disk is full on 3.255.82.225:30020
2026-03-03T14:17:10.655 GAYBY [Overlay ERROR] PeerManager::store error: sqlite3_statement_backend::loadOne: database or disk is full on 3.95.1.43:30400
2026-03-03T14:17:10.656 GAYBY [Overlay ERROR] PeerManager::store error: sqlite3_statement_backend::loadOne: database or disk is full on 3.238.32.131:30400
2026-03-03T14:17:10.657 GAYBY [Overlay ERROR] PeerManager::store error: sqlite3_statement_backend::loadOne: database or disk is full on 200.129.247.55:11625
2026-03-03T14:17:10.658 GAYBY [Overlay ERROR] PeerManager::store error: sqlite3_statement_backend::loadOne: database or disk is full on 44.198.157.36:11625
2026-03-03T14:17:11.049 GAYBY [Overlay ERROR] PeerManager::store error: sqlite3_statement_backend::loadOne: database or disk is full on 98.91.174.101:11625
2026-03-03T14:17:11.050 GAYBY [Overlay INFO] Authenticated to 98.91.174.101:11625
2026-03-03T14:17:11.086 GAYBY [Overlay ERROR] PeerManager::store error: sqlite3_statement_backend::loadOne: database or disk is full on 16.58.222.208:11725
2026-03-03T14:17:11.087 GAYBY [Overlay INFO] Authenticated to 16.58.222.208:11725
2026-03-03T14:17:11.320 GAYBY [Overlay ERROR] PeerManager::store error: sqlite3_statement_backend::loadOne: database or disk is full on 63.35.223.172:30020
2026-03-03T14:17:11.321 GAYBY [Overlay INFO] Authenticated to 63.35.223.172:30020
2026-03-03T14:17:13.112 GAYBY [Overlay INFO] Authenticated to 172.19.0.1:11625
2026-03-03T14:17:13.331 GAYBY [SCP FATAL] Exception: Cannot commit transaction. database or disk is full
2026-03-03T14:17:13.332 GAYBY [SCP FATAL] SCP context (GAYBY): 
2026-03-03T14:17:13.333 GAYBY [SCP FATAL] {
   "ballotProtocol" : {
      "ballot" : "(4294967295,[ SIGNED@sdf_testnet_1 txH: 852f70, ct: 1772547210, upgrades: [ ] ])",
      "heard" : false,
      "phase" : "EXTERNALIZE",
      "state" : "i: 1309504 | EXTERNALIZE | b: (4294967295,[ SIGNED@sdf_testnet_1 txH: 852f70, ct: 1772547210, upgrades: [ ] ]) | p: (4294967295,[ SIGNED@sdf_testnet_1 txH: 852f70, ct: 1772547210, upgrades: [ ] ]) | p': (<null_ballot>) | h: (4294967295,[ SIGNED@sdf_testnet_1 txH: 852f70, ct: 1772547210, upgrades: [ ] ]) | c: (1,[ SIGNED@sdf_testnet_1 txH: 852f70, ct: 1772547210, upgrades: [ ] ]) | M: 3"
   },
   "nomination" : {
      "roundnumber" : 0,
      "started" : false
   },
   "quorum_sets" : {
      "59d361" : {
         "t" : 2,
         "v" : [ "sdf_testnet_2", "sdf_testnet_3", "sdf_testnet_1" ]
      }
   },
   "statements" : [
      [
         1772547433,
         "{ENV@sdf_testnet_1 |  i: 1309504 | EXTERNALIZE | c: (1,[ SIGNED@sdf_testnet_1 txH: 852f70, ct: 1772547210, upgrades: [ ] ]) | h.n: 1 | (lastD): 59d361 }",
         false
      ],
      [
         1772547433,
         "{ENV@sdf_testnet_3 |  i: 1309504 | EXTERNALIZE | c: (1,[ SIGNED@sdf_testnet_1 txH: 852f70, ct: 1772547210, upgrades: [ ] ]) | h.n: 1 | (lastD): 59d361 }",
         false
      ],
      [
         1772547433,
         "{ENV@GAYBY |  i: 1309504 | PREPARE | D: 59d361 | b: (0,[:empty:]) | p: (4294967295,[ SIGNED@sdf_testnet_1 txH: 852f70, ct: 1772547210, upgrades: [ ] ]) | p': (<null_ballot>) | c.n: 0 | h.n: 0 }",
         false
      ],
      [
         1772547433,
         "{ENV@GAYBY |  i: 1309504 | PREPARE | D: 59d361 | b: (4294967295,[ SIGNED@sdf_testnet_1 txH: 852f70, ct: 1772547210, upgrades: [ ] ]) | p: (4294967295,[ SIGNED@sdf_testnet_1 txH: 852f70, ct: 1772547210, upgrades: [ ] ]) | p': (<null_ballot>) | c.n: 4294967295 | h.n: 4294967295 }",
         false
      ],
      [
         1772547433,
         "{ENV@GAYBY |  i: 1309504 | CONFIRM | D: 59d361 | b: (4294967295,[ SIGNED@sdf_testnet_1 txH: 852f70, ct: 1772547210, upgrades: [ ] ]) | p.n: 4294967295 | c.n: 1 | h.n: 4294967295 }",
         false
      ],
      [
         1772547433,
         "{ENV@GAYBY |  i: 1309504 | EXTERNALIZE | c: (1,[ SIGNED@sdf_testnet_1 txH: 852f70, ct: 1772547210, upgrades: [ ] ]) | h.n: 4294967295 | (lastD): 59d361 }",
         false
      ]
   ],
   "validated" : false
}

2026-03-03T14:17:13.333 GAYBY [SCP FATAL] Exception processing SCP messages at 1309504, envelope: {ENV@GAYBY |  i: 1309504 | CONFIRM | D: 59d361 | b: (4294967295,[ SIGNED@sdf_testnet_1 txH: 852f70, ct: 1772547210, upgrades: [ ] ]) | p.n: 4294967295 | c.n: 1 | h.n: 4294967295 }
2026-03-03T14:17:13.334 GAYBY [SCP FATAL] Please report this bug along with this log file if this was not expected
2026-03-03T14:17:13.334 GAYBY [SCP FATAL] Exception: Cannot commit transaction. database or disk is full
2026-03-03T14:17:13.334 GAYBY [SCP FATAL] SCP context (GAYBY): 
2026-03-03T14:17:13.335 GAYBY [SCP FATAL] {
   "ballotProtocol" : {
      "ballot" : "(4294967295,[ SIGNED@sdf_testnet_1 txH: 852f70, ct: 1772547210, upgrades: [ ] ])",
      "heard" : false,
      "phase" : "EXTERNALIZE",
      "state" : "i: 1309504 | EXTERNALIZE | b: (4294967295,[ SIGNED@sdf_testnet_1 txH: 852f70, ct: 1772547210, upgrades: [ ] ]) | p: (4294967295,[ SIGNED@sdf_testnet_1 txH: 852f70, ct: 1772547210, upgrades: [ ] ]) | p': (<null_ballot>) | h: (4294967295,[ SIGNED@sdf_testnet_1 txH: 852f70, ct: 1772547210, upgrades: [ ] ]) | c: (1,[ SIGNED@sdf_testnet_1 txH: 852f70, ct: 1772547210, upgrades: [ ] ]) | M: 3"
   },
   "nomination" : {
      "roundnumber" : 0,
      "started" : false
   },
   "quorum_sets" : {
      "59d361" : {
         "t" : 2,
         "v" : [ "sdf_testnet_2", "sdf_testnet_3", "sdf_testnet_1" ]
      }
   },
   "statements" : [
      [
         1772547433,
         "{ENV@sdf_testnet_1 |  i: 1309504 | EXTERNALIZE | c: (1,[ SIGNED@sdf_testnet_1 txH: 852f70, ct: 1772547210, upgrades: [ ] ]) | h.n: 1 | (lastD): 59d361 }",
         false
      ],
      [
         1772547433,
         "{ENV@sdf_testnet_3 |  i: 1309504 | EXTERNALIZE | c: (1,[ SIGNED@sdf_testnet_1 txH: 852f70, ct: 1772547210, upgrades: [ ] ]) | h.n: 1 | (lastD): 59d361 }",
         false
      ],
      [
         1772547433,
         "{ENV@GAYBY |  i: 1309504 | PREPARE | D: 59d361 | b: (0,[:empty:]) | p: (4294967295,[ SIGNED@sdf_testnet_1 txH: 852f70, ct: 1772547210, upgrades: [ ] ]) | p': (<null_ballot>) | c.n: 0 | h.n: 0 }",
         false
      ],
      [
         1772547433,
         "{ENV@GAYBY |  i: 1309504 | PREPARE | D: 59d361 | b: (4294967295,[ SIGNED@sdf_testnet_1 txH: 852f70, ct: 1772547210, upgrades: [ ] ]) | p: (4294967295,[ SIGNED@sdf_testnet_1 txH: 852f70, ct: 1772547210, upgrades: [ ] ]) | p': (<null_ballot>) | c.n: 4294967295 | h.n: 4294967295 }",
         false
      ],
      [
         1772547433,
         "{ENV@GAYBY |  i: 1309504 | CONFIRM | D: 59d361 | b: (4294967295,[ SIGNED@sdf_testnet_1 txH: 852f70, ct: 1772547210, upgrades: [ ] ]) | p.n: 4294967295 | c.n: 1 | h.n: 4294967295 }",
         false
      ],
      [
         1772547433,
         "{ENV@GAYBY |  i: 1309504 | EXTERNALIZE | c: (1,[ SIGNED@sdf_testnet_1 txH: 852f70, ct: 1772547210, upgrades: [ ] ]) | h.n: 4294967295 | (lastD): 59d361 }",
         false
      ]
   ],
   "validated" : false
}

2026-03-03T14:17:13.336 GAYBY [SCP FATAL] Exception processing SCP messages at 1309504, envelope: {ENV@GAYBY |  i: 1309504 | PREPARE | D: 59d361 | b: (4294967295,[ SIGNED@sdf_testnet_1 txH: 852f70, ct: 1772547210, upgrades: [ ] ]) | p: (4294967295,[ SIGNED@sdf_testnet_1 txH: 852f70, ct: 1772547210, upgrades: [ ] ]) | p': (<null_ballot>) | c.n: 4294967295 | h.n: 4294967295 }
2026-03-03T14:17:13.336 GAYBY [SCP FATAL] Please report this bug along with this log file if this was not expected
2026-03-03T14:17:13.337 GAYBY [SCP FATAL] Exception: Cannot commit transaction. database or disk is full
2026-03-03T14:17:13.337 GAYBY [SCP FATAL] SCP context (GAYBY): 
2026-03-03T14:17:13.337 GAYBY [SCP FATAL] {
   "ballotProtocol" : {
      "ballot" : "(4294967295,[ SIGNED@sdf_testnet_1 txH: 852f70, ct: 1772547210, upgrades: [ ] ])",
      "heard" : false,
      "phase" : "EXTERNALIZE",
      "state" : "i: 1309504 | EXTERNALIZE | b: (4294967295,[ SIGNED@sdf_testnet_1 txH: 852f70, ct: 1772547210, upgrades: [ ] ]) | p: (4294967295,[ SIGNED@sdf_testnet_1 txH: 852f70, ct: 1772547210, upgrades: [ ] ]) | p': (<null_ballot>) | h: (4294967295,[ SIGNED@sdf_testnet_1 txH: 852f70, ct: 1772547210, upgrades: [ ] ]) | c: (1,[ SIGNED@sdf_testnet_1 txH: 852f70, ct: 1772547210, upgrades: [ ] ]) | M: 3"
   },
   "nomination" : {
      "roundnumber" : 0,
      "started" : false
   },
   "quorum_sets" : {
      "59d361" : {
         "t" : 2,
         "v" : [ "sdf_testnet_2", "sdf_testnet_3", "sdf_testnet_1" ]
      }
   },
   "statements" : [
      [
         1772547433,
         "{ENV@sdf_testnet_1 |  i: 1309504 | EXTERNALIZE | c: (1,[ SIGNED@sdf_testnet_1 txH: 852f70, ct: 1772547210, upgrades: [ ] ]) | h.n: 1 | (lastD): 59d361 }",
         false
      ],
      [
         1772547433,
         "{ENV@sdf_testnet_3 |  i: 1309504 | EXTERNALIZE | c: (1,[ SIGNED@sdf_testnet_1 txH: 852f70, ct: 1772547210, upgrades: [ ] ]) | h.n: 1 | (lastD): 59d361 }",
         false
      ],
      [
         1772547433,
         "{ENV@GAYBY |  i: 1309504 | PREPARE | D: 59d361 | b: (0,[:empty:]) | p: (4294967295,[ SIGNED@sdf_testnet_1 txH: 852f70, ct: 1772547210, upgrades: [ ] ]) | p': (<null_ballot>) | c.n: 0 | h.n: 0 }",
         false
      ],
      [
         1772547433,
         "{ENV@GAYBY |  i: 1309504 | PREPARE | D: 59d361 | b: (4294967295,[ SIGNED@sdf_testnet_1 txH: 852f70, ct: 1772547210, upgrades: [ ] ]) | p: (4294967295,[ SIGNED@sdf_testnet_1 txH: 852f70, ct: 1772547210, upgrades: [ ] ]) | p': (<null_ballot>) | c.n: 4294967295 | h.n: 4294967295 }",
         false
      ],
      [
         1772547433,
         "{ENV@GAYBY |  i: 1309504 | CONFIRM | D: 59d361 | b: (4294967295,[ SIGNED@sdf_testnet_1 txH: 852f70, ct: 1772547210, upgrades: [ ] ]) | p.n: 4294967295 | c.n: 1 | h.n: 4294967295 }",
         false
      ],
      [
         1772547433,
         "{ENV@GAYBY |  i: 1309504 | EXTERNALIZE | c: (1,[ SIGNED@sdf_testnet_1 txH: 852f70, ct: 1772547210, upgrades: [ ] ]) | h.n: 4294967295 | (lastD): 59d361 }",
         false
      ]
   ],
   "validated" : false
}

2026-03-03T14:17:13.338 GAYBY [SCP FATAL] Exception processing SCP messages at 1309504, envelope: {ENV@GAYBY |  i: 1309504 | PREPARE | D: 59d361 | b: (0,[:empty:]) | p: (4294967295,[ SIGNED@sdf_testnet_1 txH: 852f70, ct: 1772547210, upgrades: [ ] ]) | p': (<null_ballot>) | c.n: 0 | h.n: 0 }
2026-03-03T14:17:13.338 GAYBY [SCP FATAL] Please report this bug along with this log file if this was not expected
2026-03-03T14:17:13.338 GAYBY [SCP FATAL] Exception: Cannot commit transaction. database or disk is full
2026-03-03T14:17:13.338 GAYBY [SCP FATAL] SCP context (GAYBY): 
2026-03-03T14:17:13.339 GAYBY [SCP FATAL] {
   "ballotProtocol" : {
      "ballot" : "(4294967295,[ SIGNED@sdf_testnet_1 txH: 852f70, ct: 1772547210, upgrades: [ ] ])",
      "heard" : false,
      "phase" : "EXTERNALIZE",
      "state" : "i: 1309504 | EXTERNALIZE | b: (4294967295,[ SIGNED@sdf_testnet_1 txH: 852f70, ct: 1772547210, upgrades: [ ] ]) | p: (4294967295,[ SIGNED@sdf_testnet_1 txH: 852f70, ct: 1772547210, upgrades: [ ] ]) | p': (<null_ballot>) | h: (4294967295,[ SIGNED@sdf_testnet_1 txH: 852f70, ct: 1772547210, upgrades: [ ] ]) | c: (1,[ SIGNED@sdf_testnet_1 txH: 852f70, ct: 1772547210, upgrades: [ ] ]) | M: 3"
   },
   "nomination" : {
      "roundnumber" : 0,
      "started" : false
   },
   "quorum_sets" : {
      "59d361" : {
         "t" : 2,
         "v" : [ "sdf_testnet_2", "sdf_testnet_3", "sdf_testnet_1" ]
      }
   },
   "statements" : [
      [
         1772547433,
         "{ENV@sdf_testnet_1 |  i: 1309504 | EXTERNALIZE | c: (1,[ SIGNED@sdf_testnet_1 txH: 852f70, ct: 1772547210, upgrades: [ ] ]) | h.n: 1 | (lastD): 59d361 }",
         false
      ],
      [
         1772547433,
         "{ENV@sdf_testnet_3 |  i: 1309504 | EXTERNALIZE | c: (1,[ SIGNED@sdf_testnet_1 txH: 852f70, ct: 1772547210, upgrades: [ ] ]) | h.n: 1 | (lastD): 59d361 }",
         false
      ],
      [
         1772547433,
         "{ENV@GAYBY |  i: 1309504 | PREPARE | D: 59d361 | b: (0,[:empty:]) | p: (4294967295,[ SIGNED@sdf_testnet_1 txH: 852f70, ct: 1772547210, upgrades: [ ] ]) | p': (<null_ballot>) | c.n: 0 | h.n: 0 }",
         false
      ],
      [
         1772547433,
         "{ENV@GAYBY |  i: 1309504 | PREPARE | D: 59d361 | b: (4294967295,[ SIGNED@sdf_testnet_1 txH: 852f70, ct: 1772547210, upgrades: [ ] ]) | p: (4294967295,[ SIGNED@sdf_testnet_1 txH: 852f70, ct: 1772547210, upgrades: [ ] ]) | p': (<null_ballot>) | c.n: 4294967295 | h.n: 4294967295 }",
         false
      ],
      [
         1772547433,
         "{ENV@GAYBY |  i: 1309504 | CONFIRM | D: 59d361 | b: (4294967295,[ SIGNED@sdf_testnet_1 txH: 852f70, ct: 1772547210, upgrades: [ ] ]) | p.n: 4294967295 | c.n: 1 | h.n: 4294967295 }",
         false
      ],
      [
         1772547433,
         "{ENV@GAYBY |  i: 1309504 | EXTERNALIZE | c: (1,[ SIGNED@sdf_testnet_1 txH: 852f70, ct: 1772547210, upgrades: [ ] ]) | h.n: 4294967295 | (lastD): 59d361 }",
         false
      ]
   ],
   "validated" : false
}

2026-03-03T14:17:13.339 GAYBY [SCP FATAL] Exception processing SCP messages at 1309504, envelope: {ENV@sdf_testnet_3 |  i: 1309504 | EXTERNALIZE | c: (1,[ SIGNED@sdf_testnet_1 txH: 852f70, ct: 1772547210, upgrades: [ ] ]) | h.n: 1 | (lastD): 59d361 }
2026-03-03T14:17:13.339 GAYBY [SCP FATAL] Please report this bug along with this log file if this was not expected
