2026-03-03T15:00:29.227 GAGSB [default INFO] Starting stellar-core v25.1.1
2026-03-03T15:00:29.230 GAGSB [Database INFO] Connecting to: sqlite3:///opt/stellar/core/stellar.db
2026-03-03T15:00:29.233 GAGSB [SCP INFO] LocalNode::LocalNode@GAGSB qSet: 59d361
2026-03-03T15:00:29.234 GAGSB [Database INFO] DB schema is in current version
2026-03-03T15:00:29.234 GAGSB [default INFO] Listening on 0.0.0.0:11626 for HTTP requests
2026-03-03T15:00:29.234 GAGSB [Bucket INFO] BucketListDB enabled: pageSizeExponent: 14 indexCutOff: 20MB, persist indexes: true
2026-03-03T15:00:29.234 GAGSB [default INFO] Connection effective settings:
2026-03-03T15:00:29.234 GAGSB [default INFO] TARGET_PEER_CONNECTIONS: 8
2026-03-03T15:00:29.234 GAGSB [default INFO] MAX_ADDITIONAL_PEER_CONNECTIONS: 64
2026-03-03T15:00:29.234 GAGSB [default INFO] MAX_PENDING_CONNECTIONS: 500
2026-03-03T15:00:29.234 GAGSB [default INFO] MAX_OUTBOUND_PENDING_CONNECTIONS: 56
2026-03-03T15:00:29.234 GAGSB [default INFO] MAX_INBOUND_PENDING_CONNECTIONS: 444
2026-03-03T15:00:29.234 GAGSB [default INFO] BACKGROUND_OVERLAY_PROCESSING=true
2026-03-03T15:00:29.234 GAGSB [default INFO] PARALLEL_LEDGER_APPLY=true
2026-03-03T15:00:29.234 GAGSB [History INFO] Archive 'sdf_testnet_1' has 'get' command only, will not be written
2026-03-03T15:00:29.234 GAGSB [History INFO] Archive 'sdf_testnet_2' has 'get' command only, will not be written
2026-03-03T15:00:29.234 GAGSB [History INFO] Archive 'sdf_testnet_3' has 'get' command only, will not be written
2026-03-03T15:00:29.234 GAGSB [History WARNING] No writable archives configured, history will not be written.
2026-03-03T15:00:29.235 GAGSB [Ledger INFO] Starting up application
2026-03-03T15:00:29.235 GAGSB [Ledger INFO] Last closed ledger (LCL) hash is c4430e0dc914a804d298b407ee291b9dbe97f361e28e9328bba0a315ff2f970c
2026-03-03T15:00:29.235 GAGSB [Ledger INFO] Loaded LCL header from database: [seq=1309900, hash=c4430e]
2026-03-03T15:00:29.235 GAGSB [default INFO] Establishing 10-entry connection pool to: sqlite3:///opt/stellar/core/stellar.db
2026-03-03T15:00:29.752 GAGSB [Bucket INFO] Restarted merge on BucketList level 1
2026-03-03T15:00:29.752 GAGSB [Ledger INFO] Assumed bucket-state for LCL: [seq=1309900, hash=c4430e]
2026-03-03T15:00:29.753 GAGSB [default INFO] Launching 1 loading and 5 compiling background threads
2026-03-03T15:00:30.025 GAGSB [default INFO] Compiled 1680 contracts (45023245 bytes of Wasm) in 272ms real time, 1312ms CPU time
2026-03-03T15:00:32.346 GAGSB [Overlay INFO] Binding to endpoint 0.0.0.0:11625
2026-03-03T15:00:32.351 GAGSB [History INFO] Downloading history archive state: .well-known/stellar-history.json
2026-03-03T15:00:32.848 GAGSB [Process WARNING] process 1817 exited 23: curl -sf http://history.stellar.org/prd/core-testnet/core_testnet_001/.well-known/stellar-history.json -o buckets/tmp/history-f653eef59e62f8a6/5b5aefc5d55b9060-stellar-history.json
2026-03-03T15:00:32.848 GAGSB [History WARNING] Could not download file: archive sdf_testnet_1 maybe missing file .well-known/stellar-history.json
2026-03-03T15:00:32.848 GAGSB [History ERROR] Could not download .well-known/stellar-history.json file: corrupt archive sdf_testnet_1
2026-03-03T15:00:32.849 GAGSB [History ERROR] Failed to obtain archive information: sdf_testnet_1
2026-03-03T15:00:34.596 GAGSB [Overlay ERROR] PeerManager::store error: sqlite3_statement_backend::loadOne: database or disk is full on 44.204.146.210:11625
2026-03-03T15:00:34.597 GAGSB [Overlay ERROR] PeerManager::store error: sqlite3_statement_backend::loadOne: database or disk is full on 44.213.67.110:11625
2026-03-03T15:00:34.597 GAGSB [Overlay ERROR] PeerManager::store error: sqlite3_statement_backend::loadOne: database or disk is full on 54.227.26.163:30020
2026-03-03T15:00:34.598 GAGSB [Overlay ERROR] PeerManager::store error: sqlite3_statement_backend::loadOne: database or disk is full on 54.175.126.219:11625
2026-03-03T15:00:34.599 GAGSB [Overlay ERROR] PeerManager::store error: sqlite3_statement_backend::loadOne: database or disk is full on 3.89.159.61:11625
2026-03-03T15:00:34.600 GAGSB [Overlay ERROR] PeerManager::store error: sqlite3_statement_backend::loadOne: database or disk is full on 3.249.87.23:30020
2026-03-03T15:00:35.001 GAGSB [Overlay ERROR] PeerManager::store error: sqlite3_statement_backend::loadOne: database or disk is full on 54.227.26.163:30020
2026-03-03T15:00:35.001 GAGSB [Overlay INFO] Authenticated to 54.227.26.163:30020
2026-03-03T15:00:35.003 GAGSB [Overlay ERROR] PeerManager::store error: sqlite3_statement_backend::loadOne: database or disk is full on 54.175.126.219:11625
2026-03-03T15:00:35.003 GAGSB [Overlay INFO] Authenticated to 54.175.126.219:11625
2026-03-03T15:00:35.004 GAGSB [Overlay ERROR] PeerManager::store error: sqlite3_statement_backend::loadOne: database or disk is full on 3.89.159.61:11625
2026-03-03T15:00:35.004 GAGSB [Overlay INFO] Authenticated to 3.89.159.61:11625
2026-03-03T15:00:40.602 GAGSB [Overlay ERROR] PeerManager::store error: sqlite3_statement_backend::loadOne: database or disk is full on 3.249.87.23:30020
2026-03-03T15:00:43.604 GAGSB [Overlay ERROR] PeerManager::store error: sqlite3_statement_backend::loadOne: database or disk is full on 3.238.52.233:30400
2026-03-03T15:00:43.606 GAGSB [Overlay ERROR] PeerManager::store error: sqlite3_statement_backend::loadOne: database or disk is full on 188.245.186.123:11625
2026-03-03T15:00:46.607 GAGSB [Overlay ERROR] PeerManager::store error: sqlite3_statement_backend::loadOne: database or disk is full on 3.249.87.23:30020
2026-03-03T15:00:49.609 GAGSB [Overlay ERROR] PeerManager::store error: sqlite3_statement_backend::loadOne: database or disk is full on 64.23.179.161:11625
2026-03-03T15:00:49.611 GAGSB [Overlay ERROR] PeerManager::store error: sqlite3_statement_backend::loadOne: database or disk is full on 3.238.52.233:30400
2026-03-03T15:00:49.612 GAGSB [Overlay ERROR] PeerManager::store error: sqlite3_statement_backend::loadOne: database or disk is full on 188.245.186.123:11625
2026-03-03T15:00:52.740 GAGSB [Overlay ERROR] PeerManager::store error: sqlite3_statement_backend::loadOne: database or disk is full on 3.249.87.23:30020
2026-03-03T15:00:52.741 GAGSB [Overlay ERROR] PeerManager::store error: sqlite3_statement_backend::loadOne: database or disk is full on 77.48.24.203:11625
2026-03-03T15:00:52.742 GAGSB [Overlay ERROR] PeerManager::store error: sqlite3_statement_backend::loadOne: database or disk is full on 64.23.179.161:11625
2026-03-03T15:00:55.147 GAGSB [Overlay INFO] Authenticated to 172.18.0.1:11625
2026-03-03T15:00:55.744 GAGSB [Overlay ERROR] PeerManager::store error: sqlite3_statement_backend::loadOne: database or disk is full on 172.232.157.194:11725
2026-03-03T15:00:55.745 GAGSB [Overlay ERROR] PeerManager::store error: sqlite3_statement_backend::loadOne: database or disk is full on 141.98.219.41:11625
2026-03-03T15:00:55.746 GAGSB [Overlay ERROR] PeerManager::store error: sqlite3_statement_backend::loadOne: database or disk is full on 204.16.247.83:11625
2026-03-03T15:00:55.748 GAGSB [Overlay ERROR] PeerManager::store error: sqlite3_statement_backend::loadOne: database or disk is full on 52.70.103.6:11625
2026-03-03T15:00:55.749 GAGSB [Overlay ERROR] PeerManager::store error: sqlite3_statement_backend::loadOne: database or disk is full on 54.159.155.163:11625
2026-03-03T15:00:55.750 GAGSB [Overlay ERROR] PeerManager::store error: sqlite3_statement_backend::loadOne: database or disk is full on 3.238.52.233:30400
2026-03-03T15:00:55.751 GAGSB [Overlay ERROR] PeerManager::store error: sqlite3_statement_backend::loadOne: database or disk is full on 64.23.179.161:11625
2026-03-03T15:00:55.752 GAGSB [Overlay ERROR] PeerManager::store error: sqlite3_statement_backend::loadOne: database or disk is full on 188.245.186.123:11625
2026-03-03T15:00:56.158 GAGSB [Overlay ERROR] PeerManager::store error: sqlite3_statement_backend::loadOne: database or disk is full on 54.159.155.163:11625
2026-03-03T15:00:56.158 GAGSB [Overlay INFO] Authenticated to 54.159.155.163:11625
2026-03-03T15:00:56.159 GAGSB [Overlay ERROR] PeerManager::store error: sqlite3_statement_backend::loadOne: database or disk is full on 52.70.103.6:11625
2026-03-03T15:00:56.159 GAGSB [Overlay INFO] Authenticated to 52.70.103.6:11625
2026-03-03T15:00:56.195 GAGSB [Overlay ERROR] PeerManager::store error: sqlite3_statement_backend::loadOne: database or disk is full on 141.98.219.41:11625
2026-03-03T15:00:56.195 GAGSB [Overlay INFO] Authenticated to 141.98.219.41:11625
2026-03-03T15:00:56.195 GAGSB [Overlay ERROR] PeerManager::store error: sqlite3_statement_backend::loadOne: database or disk is full on 200.129.247.140:11625
2026-03-03T15:00:56.196 GAGSB [Overlay ERROR] PeerManager::store error: sqlite3_statement_backend::loadOne: database or disk is full on 204.16.247.83:11625
2026-03-03T15:00:56.196 GAGSB [Overlay INFO] Authenticated to 204.16.247.83:11625
2026-03-03T15:00:56.505 GAGSB [Overlay ERROR] PeerManager::store error: sqlite3_statement_backend::loadOne: database or disk is full on 172.232.157.194:11725
2026-03-03T15:00:56.506 GAGSB [Overlay INFO] Authenticated to 172.232.157.194:11725
2026-03-03T15:00:58.754 GAGSB [Overlay ERROR] PeerManager::store error: sqlite3_statement_backend::loadOne: database or disk is full on 64.23.179.161:11625
2026-03-03T15:00:58.755 GAGSB [Overlay ERROR] PeerManager::store error: sqlite3_statement_backend::loadOne: database or disk is full on 77.48.24.203:11625
2026-03-03T15:00:58.756 GAGSB [Overlay ERROR] PeerManager::store error: sqlite3_statement_backend::loadOne: database or disk is full on 3.249.87.23:30020
2026-03-03T15:00:58.758 GAGSB [Overlay ERROR] PeerManager::store error: sqlite3_statement_backend::loadOne: database or disk is full on 40.160.27.250:11625
2026-03-03T15:01:01.760 GAGSB [Overlay ERROR] PeerManager::store error: sqlite3_statement_backend::loadOne: database or disk is full on 64.23.179.161:11625
2026-03-03T15:01:01.761 GAGSB [Overlay ERROR] PeerManager::store error: sqlite3_statement_backend::loadOne: database or disk is full on 3.238.52.233:30400
2026-03-03T15:01:01.763 GAGSB [Overlay ERROR] PeerManager::store error: sqlite3_statement_backend::loadOne: database or disk is full on 188.245.186.123:11625
2026-03-03T15:01:04.764 GAGSB [Overlay ERROR] PeerManager::store error: sqlite3_statement_backend::loadOne: database or disk is full on 45.55.48.58:11825
2026-03-03T15:01:04.766 GAGSB [Overlay ERROR] PeerManager::store error: sqlite3_statement_backend::loadOne: database or disk is full on 77.48.24.203:11625
2026-03-03T15:01:04.766 GAGSB [Overlay ERROR] PeerManager::store error: sqlite3_statement_backend::loadOne: database or disk is full on 64.23.179.161:11625
2026-03-03T15:01:04.768 GAGSB [Overlay ERROR] PeerManager::store error: sqlite3_statement_backend::loadOne: database or disk is full on 3.249.87.23:30020
2026-03-03T15:01:04.769 GAGSB [Overlay ERROR] PeerManager::store error: sqlite3_statement_backend::loadOne: database or disk is full on 40.160.27.250:11625
2026-03-03T15:01:07.472 GAGSB [Herder WARNING] Lost track of consensus
2026-03-03T15:01:07.472 GAGSB [Herder WARNING] Out of sync context: {
   "queue" : null,
   "scp" : null,
   "you" : "GAGSB"
}

2026-03-03T15:01:07.771 GAGSB [Overlay ERROR] PeerManager::store error: sqlite3_statement_backend::loadOne: database or disk is full on 64.23.179.161:11625
2026-03-03T15:01:07.773 GAGSB [Overlay ERROR] PeerManager::store error: sqlite3_statement_backend::loadOne: database or disk is full on 91.242.214.69:11625
2026-03-03T15:01:07.774 GAGSB [Overlay ERROR] PeerManager::store error: sqlite3_statement_backend::loadOne: database or disk is full on 160.155.38.109:11825
2026-03-03T15:01:07.775 GAGSB [Overlay ERROR] PeerManager::store error: sqlite3_statement_backend::loadOne: database or disk is full on 13.221.18.144:30020
2026-03-03T15:01:07.776 GAGSB [Overlay ERROR] PeerManager::store error: sqlite3_statement_backend::loadOne: database or disk is full on 3.238.52.233:30400
2026-03-03T15:01:07.778 GAGSB [Overlay ERROR] PeerManager::store error: sqlite3_statement_backend::loadOne: database or disk is full on 188.245.186.123:11625
2026-03-03T15:01:08.903 GAGSB [Herder INFO] Quorum information for 1310073 : {"cost":0,"lag_ms":null}

2026-03-03T15:01:08.903 GAGSB [Herder WARNING] Ledger took 39.543909809 seconds, SCP information:{"maybe_dead_nodes":[],"node":"GAGSB","qset":{"agree":["sdf_testnet_3","sdf_testnet_1"],"cost":{"1310075":{"sdf_testnet_1":2332,"sdf_testnet_3":2332}},"delayed":null,"disagree":null,"fail_at":1,"fail_with":["sdf_testnet_3"],"hash":"59d361","lag_ms":null,"ledger":1310075,"missing":["sdf_testnet_2"],"phase":"EXTERNALIZE","value":{"t":2,"v":["sdf_testnet_2","sdf_testnet_3","sdf_testnet_1"]}}}

2026-03-03T15:01:08.904 GAGSB [SCP FATAL] Exception: Cannot commit transaction. database or disk is full
2026-03-03T15:01:08.904 GAGSB [SCP FATAL] SCP context (GAGSB): 
2026-03-03T15:01:08.905 GAGSB [SCP FATAL] {
   "ballotProtocol" : {
      "ballot" : "(4294967295,[ SIGNED@sdf_testnet_1 txH: 7a97d7, ct: 1772550068, upgrades: [ ] ])",
      "heard" : false,
      "phase" : "EXTERNALIZE",
      "state" : "i: 1310075 | EXTERNALIZE | b: (4294967295,[ SIGNED@sdf_testnet_1 txH: 7a97d7, ct: 1772550068, upgrades: [ ] ]) | p: (4294967295,[ SIGNED@sdf_testnet_1 txH: 7a97d7, ct: 1772550068, upgrades: [ ] ]) | p': (<null_ballot>) | h: (4294967295,[ SIGNED@sdf_testnet_1 txH: 7a97d7, ct: 1772550068, upgrades: [ ] ]) | c: (1,[ SIGNED@sdf_testnet_1 txH: 7a97d7, ct: 1772550068, upgrades: [ ] ]) | M: 3"
   },
   "nomination" : {
      "roundnumber" : 0,
      "started" : false
   },
   "quorum_sets" : {
      "59d361" : {
         "t" : 2,
         "v" : [ "sdf_testnet_2", "sdf_testnet_3", "sdf_testnet_1" ]
      }
   },
   "statements" : [
      [
         1772550068,
         "{ENV@sdf_testnet_1 |  i: 1310075 | EXTERNALIZE | c: (1,[ SIGNED@sdf_testnet_1 txH: 7a97d7, ct: 1772550068, upgrades: [ ] ]) | h.n: 1 | (lastD): 59d361 }",
         false
      ],
      [
         1772550068,
         "{ENV@sdf_testnet_3 |  i: 1310075 | EXTERNALIZE | c: (1,[ SIGNED@sdf_testnet_1 txH: 7a97d7, ct: 1772550068, upgrades: [ ] ]) | h.n: 1 | (lastD): 59d361 }",
         false
      ],
      [
         1772550068,
         "{ENV@GAGSB |  i: 1310075 | PREPARE | D: 59d361 | b: (0,[:empty:]) | p: (4294967295,[ SIGNED@sdf_testnet_1 txH: 7a97d7, ct: 1772550068, upgrades: [ ] ]) | p': (<null_ballot>) | c.n: 0 | h.n: 0 }",
         false
      ],
      [
         1772550068,
         "{ENV@GAGSB |  i: 1310075 | PREPARE | D: 59d361 | b: (4294967295,[ SIGNED@sdf_testnet_1 txH: 7a97d7, ct: 1772550068, upgrades: [ ] ]) | p: (4294967295,[ SIGNED@sdf_testnet_1 txH: 7a97d7, ct: 1772550068, upgrades: [ ] ]) | p': (<null_ballot>) | c.n: 4294967295 | h.n: 4294967295 }",
         false
      ],
      [
         1772550068,
         "{ENV@GAGSB |  i: 1310075 | CONFIRM | D: 59d361 | b: (4294967295,[ SIGNED@sdf_testnet_1 txH: 7a97d7, ct: 1772550068, upgrades: [ ] ]) | p.n: 4294967295 | c.n: 1 | h.n: 4294967295 }",
         false
      ],
      [
         1772550068,
         "{ENV@GAGSB |  i: 1310075 | EXTERNALIZE | c: (1,[ SIGNED@sdf_testnet_1 txH: 7a97d7, ct: 1772550068, upgrades: [ ] ]) | h.n: 4294967295 | (lastD): 59d361 }",
         false
      ]
   ],
   "validated" : false
}

2026-03-03T15:01:08.906 GAGSB [SCP FATAL] Exception processing SCP messages at 1310075, envelope: {ENV@GAGSB |  i: 1310075 | CONFIRM | D: 59d361 | b: (4294967295,[ SIGNED@sdf_testnet_1 txH: 7a97d7, ct: 1772550068, upgrades: [ ] ]) | p.n: 4294967295 | c.n: 1 | h.n: 4294967295 }
2026-03-03T15:01:08.906 GAGSB [SCP FATAL] Please report this bug along with this log file if this was not expected
2026-03-03T15:01:08.906 GAGSB [SCP FATAL] Exception: Cannot commit transaction. database or disk is full
2026-03-03T15:01:08.907 GAGSB [SCP FATAL] SCP context (GAGSB): 
2026-03-03T15:01:08.907 GAGSB [SCP FATAL] {
   "ballotProtocol" : {
      "ballot" : "(4294967295,[ SIGNED@sdf_testnet_1 txH: 7a97d7, ct: 1772550068, upgrades: [ ] ])",
      "heard" : false,
      "phase" : "EXTERNALIZE",
      "state" : "i: 1310075 | EXTERNALIZE | b: (4294967295,[ SIGNED@sdf_testnet_1 txH: 7a97d7, ct: 1772550068, upgrades: [ ] ]) | p: (4294967295,[ SIGNED@sdf_testnet_1 txH: 7a97d7, ct: 1772550068, upgrades: [ ] ]) | p': (<null_ballot>) | h: (4294967295,[ SIGNED@sdf_testnet_1 txH: 7a97d7, ct: 1772550068, upgrades: [ ] ]) | c: (1,[ SIGNED@sdf_testnet_1 txH: 7a97d7, ct: 1772550068, upgrades: [ ] ]) | M: 3"
   },
   "nomination" : {
      "roundnumber" : 0,
      "started" : false
   },
   "quorum_sets" : {
      "59d361" : {
         "t" : 2,
         "v" : [ "sdf_testnet_2", "sdf_testnet_3", "sdf_testnet_1" ]
      }
   },
   "statements" : [
      [
         1772550068,
         "{ENV@sdf_testnet_1 |  i: 1310075 | EXTERNALIZE | c: (1,[ SIGNED@sdf_testnet_1 txH: 7a97d7, ct: 1772550068, upgrades: [ ] ]) | h.n: 1 | (lastD): 59d361 }",
         false
      ],
      [
         1772550068,
         "{ENV@sdf_testnet_3 |  i: 1310075 | EXTERNALIZE | c: (1,[ SIGNED@sdf_testnet_1 txH: 7a97d7, ct: 1772550068, upgrades: [ ] ]) | h.n: 1 | (lastD): 59d361 }",
         false
      ],
      [
         1772550068,
         "{ENV@GAGSB |  i: 1310075 | PREPARE | D: 59d361 | b: (0,[:empty:]) | p: (4294967295,[ SIGNED@sdf_testnet_1 txH: 7a97d7, ct: 1772550068, upgrades: [ ] ]) | p': (<null_ballot>) | c.n: 0 | h.n: 0 }",
         false
      ],
      [
         1772550068,
         "{ENV@GAGSB |  i: 1310075 | PREPARE | D: 59d361 | b: (4294967295,[ SIGNED@sdf_testnet_1 txH: 7a97d7, ct: 1772550068, upgrades: [ ] ]) | p: (4294967295,[ SIGNED@sdf_testnet_1 txH: 7a97d7, ct: 1772550068, upgrades: [ ] ]) | p': (<null_ballot>) | c.n: 4294967295 | h.n: 4294967295 }",
         false
      ],
      [
         1772550068,
         "{ENV@GAGSB |  i: 1310075 | CONFIRM | D: 59d361 | b: (4294967295,[ SIGNED@sdf_testnet_1 txH: 7a97d7, ct: 1772550068, upgrades: [ ] ]) | p.n: 4294967295 | c.n: 1 | h.n: 4294967295 }",
         false
      ],
      [
         1772550068,
         "{ENV@GAGSB |  i: 1310075 | EXTERNALIZE | c: (1,[ SIGNED@sdf_testnet_1 txH: 7a97d7, ct: 1772550068, upgrades: [ ] ]) | h.n: 4294967295 | (lastD): 59d361 }",
         false
      ]
   ],
   "validated" : false
}

2026-03-03T15:01:08.908 GAGSB [SCP FATAL] Exception processing SCP messages at 1310075, envelope: {ENV@GAGSB |  i: 1310075 | PREPARE | D: 59d361 | b: (4294967295,[ SIGNED@sdf_testnet_1 txH: 7a97d7, ct: 1772550068, upgrades: [ ] ]) | p: (4294967295,[ SIGNED@sdf_testnet_1 txH: 7a97d7, ct: 1772550068, upgrades: [ ] ]) | p': (<null_ballot>) | c.n: 4294967295 | h.n: 4294967295 }
2026-03-03T15:01:08.908 GAGSB [SCP FATAL] Please report this bug along with this log file if this was not expected
2026-03-03T15:01:08.908 GAGSB [SCP FATAL] Exception: Cannot commit transaction. database or disk is full
2026-03-03T15:01:08.908 GAGSB [SCP FATAL] SCP context (GAGSB): 
2026-03-03T15:01:08.909 GAGSB [SCP FATAL] {
   "ballotProtocol" : {
      "ballot" : "(4294967295,[ SIGNED@sdf_testnet_1 txH: 7a97d7, ct: 1772550068, upgrades: [ ] ])",
      "heard" : false,
      "phase" : "EXTERNALIZE",
      "state" : "i: 1310075 | EXTERNALIZE | b: (4294967295,[ SIGNED@sdf_testnet_1 txH: 7a97d7, ct: 1772550068, upgrades: [ ] ]) | p: (4294967295,[ SIGNED@sdf_testnet_1 txH: 7a97d7, ct: 1772550068, upgrades: [ ] ]) | p': (<null_ballot>) | h: (4294967295,[ SIGNED@sdf_testnet_1 txH: 7a97d7, ct: 1772550068, upgrades: [ ] ]) | c: (1,[ SIGNED@sdf_testnet_1 txH: 7a97d7, ct: 1772550068, upgrades: [ ] ]) | M: 3"
   },
   "nomination" : {
      "roundnumber" : 0,
      "started" : false
   },
   "quorum_sets" : {
      "59d361" : {
         "t" : 2,
         "v" : [ "sdf_testnet_2", "sdf_testnet_3", "sdf_testnet_1" ]
      }
   },
   "statements" : [
      [
         1772550068,
         "{ENV@sdf_testnet_1 |  i: 1310075 | EXTERNALIZE | c: (1,[ SIGNED@sdf_testnet_1 txH: 7a97d7, ct: 1772550068, upgrades: [ ] ]) | h.n: 1 | (lastD): 59d361 }",
         false
      ],
      [
         1772550068,
         "{ENV@sdf_testnet_3 |  i: 1310075 | EXTERNALIZE | c: (1,[ SIGNED@sdf_testnet_1 txH: 7a97d7, ct: 1772550068, upgrades: [ ] ]) | h.n: 1 | (lastD): 59d361 }",
         false
      ],
      [
         1772550068,
         "{ENV@GAGSB |  i: 1310075 | PREPARE | D: 59d361 | b: (0,[:empty:]) | p: (4294967295,[ SIGNED@sdf_testnet_1 txH: 7a97d7, ct: 1772550068, upgrades: [ ] ]) | p': (<null_ballot>) | c.n: 0 | h.n: 0 }",
         false
      ],
      [
         1772550068,
         "{ENV@GAGSB |  i: 1310075 | PREPARE | D: 59d361 | b: (4294967295,[ SIGNED@sdf_testnet_1 txH: 7a97d7, ct: 1772550068, upgrades: [ ] ]) | p: (4294967295,[ SIGNED@sdf_testnet_1 txH: 7a97d7, ct: 1772550068, upgrades: [ ] ]) | p': (<null_ballot>) | c.n: 4294967295 | h.n: 4294967295 }",
         false
      ],
      [
         1772550068,
         "{ENV@GAGSB |  i: 1310075 | CONFIRM | D: 59d361 | b: (4294967295,[ SIGNED@sdf_testnet_1 txH: 7a97d7, ct: 1772550068, upgrades: [ ] ]) | p.n: 4294967295 | c.n: 1 | h.n: 4294967295 }",
         false
      ],
      [
         1772550068,
         "{ENV@GAGSB |  i: 1310075 | EXTERNALIZE | c: (1,[ SIGNED@sdf_testnet_1 txH: 7a97d7, ct: 1772550068, upgrades: [ ] ]) | h.n: 4294967295 | (lastD): 59d361 }",
         false
      ]
   ],
   "validated" : false
}

2026-03-03T15:01:08.909 GAGSB [SCP FATAL] Exception processing SCP messages at 1310075, envelope: {ENV@GAGSB |  i: 1310075 | PREPARE | D: 59d361 | b: (0,[:empty:]) | p: (4294967295,[ SIGNED@sdf_testnet_1 txH: 7a97d7, ct: 1772550068, upgrades: [ ] ]) | p': (<null_ballot>) | c.n: 0 | h.n: 0 }
2026-03-03T15:01:08.909 GAGSB [SCP FATAL] Please report this bug along with this log file if this was not expected
2026-03-03T15:01:08.910 GAGSB [SCP FATAL] Exception: Cannot commit transaction. database or disk is full
2026-03-03T15:01:08.910 GAGSB [SCP FATAL] SCP context (GAGSB): 
2026-03-03T15:01:08.910 GAGSB [SCP FATAL] {
   "ballotProtocol" : {
      "ballot" : "(4294967295,[ SIGNED@sdf_testnet_1 txH: 7a97d7, ct: 1772550068, upgrades: [ ] ])",
      "heard" : false,
      "phase" : "EXTERNALIZE",
      "state" : "i: 1310075 | EXTERNALIZE | b: (4294967295,[ SIGNED@sdf_testnet_1 txH: 7a97d7, ct: 1772550068, upgrades: [ ] ]) | p: (4294967295,[ SIGNED@sdf_testnet_1 txH: 7a97d7, ct: 1772550068, upgrades: [ ] ]) | p': (<null_ballot>) | h: (4294967295,[ SIGNED@sdf_testnet_1 txH: 7a97d7, ct: 1772550068, upgrades: [ ] ]) | c: (1,[ SIGNED@sdf_testnet_1 txH: 7a97d7, ct: 1772550068, upgrades: [ ] ]) | M: 3"
   },
   "nomination" : {
      "roundnumber" : 0,
      "started" : false
   },
   "quorum_sets" : {
      "59d361" : {
         "t" : 2,
         "v" : [ "sdf_testnet_2", "sdf_testnet_3", "sdf_testnet_1" ]
      }
   },
   "statements" : [
      [
         1772550068,
         "{ENV@sdf_testnet_1 |  i: 1310075 | EXTERNALIZE | c: (1,[ SIGNED@sdf_testnet_1 txH: 7a97d7, ct: 1772550068, upgrades: [ ] ]) | h.n: 1 | (lastD): 59d361 }",
         false
      ],
      [
         1772550068,
         "{ENV@sdf_testnet_3 |  i: 1310075 | EXTERNALIZE | c: (1,[ SIGNED@sdf_testnet_1 txH: 7a97d7, ct: 1772550068, upgrades: [ ] ]) | h.n: 1 | (lastD): 59d361 }",
         false
      ],
      [
         1772550068,
         "{ENV@GAGSB |  i: 1310075 | PREPARE | D: 59d361 | b: (0,[:empty:]) | p: (4294967295,[ SIGNED@sdf_testnet_1 txH: 7a97d7, ct: 1772550068, upgrades: [ ] ]) | p': (<null_ballot>) | c.n: 0 | h.n: 0 }",
         false
      ],
      [
         1772550068,
         "{ENV@GAGSB |  i: 1310075 | PREPARE | D: 59d361 | b: (4294967295,[ SIGNED@sdf_testnet_1 txH: 7a97d7, ct: 1772550068, upgrades: [ ] ]) | p: (4294967295,[ SIGNED@sdf_testnet_1 txH: 7a97d7, ct: 1772550068, upgrades: [ ] ]) | p': (<null_ballot>) | c.n: 4294967295 | h.n: 4294967295 }",
         false
      ],
      [
         1772550068,
         "{ENV@GAGSB |  i: 1310075 | CONFIRM | D: 59d361 | b: (4294967295,[ SIGNED@sdf_testnet_1 txH: 7a97d7, ct: 1772550068, upgrades: [ ] ]) | p.n: 4294967295 | c.n: 1 | h.n: 4294967295 }",
         false
      ],
      [
         1772550068,
         "{ENV@GAGSB |  i: 1310075 | EXTERNALIZE | c: (1,[ SIGNED@sdf_testnet_1 txH: 7a97d7, ct: 1772550068, upgrades: [ ] ]) | h.n: 4294967295 | (lastD): 59d361 }",
         false
      ]
   ],
   "validated" : false
}

2026-03-03T15:01:08.911 GAGSB [SCP FATAL] Exception processing SCP messages at 1310075, envelope: {ENV@sdf_testnet_3 |  i: 1310075 | EXTERNALIZE | c: (1,[ SIGNED@sdf_testnet_1 txH: 7a97d7, ct: 1772550068, upgrades: [ ] ]) | h.n: 1 | (lastD): 59d361 }
2026-03-03T15:01:08.911 GAGSB [SCP FATAL] Please report this bug along with this log file if this was not expected
