2026-03-04T12:07:39.076 GD467 [default INFO] Starting stellar-core v25.1.1
2026-03-04T12:07:39.078 GD467 [Database INFO] Connecting to: sqlite3:///opt/stellar/core/stellar.db
2026-03-04T12:07:39.086 GD467 [SCP INFO] LocalNode::LocalNode@GD467 qSet: 59d361
2026-03-04T12:07:39.087 GD467 [Database INFO] DB schema is in current version
2026-03-04T12:07:39.087 GD467 [default INFO] Listening on 0.0.0.0:11626 for HTTP requests
2026-03-04T12:07:39.087 GD467 [Bucket INFO] BucketListDB enabled: pageSizeExponent: 14 indexCutOff: 20MB, persist indexes: true
2026-03-04T12:07:39.087 GD467 [default INFO] Connection effective settings:
2026-03-04T12:07:39.087 GD467 [default INFO] TARGET_PEER_CONNECTIONS: 8
2026-03-04T12:07:39.087 GD467 [default INFO] MAX_ADDITIONAL_PEER_CONNECTIONS: 64
2026-03-04T12:07:39.087 GD467 [default INFO] MAX_PENDING_CONNECTIONS: 500
2026-03-04T12:07:39.087 GD467 [default INFO] MAX_OUTBOUND_PENDING_CONNECTIONS: 56
2026-03-04T12:07:39.087 GD467 [default INFO] MAX_INBOUND_PENDING_CONNECTIONS: 444
2026-03-04T12:07:39.087 GD467 [default INFO] BACKGROUND_OVERLAY_PROCESSING=true
2026-03-04T12:07:39.087 GD467 [default INFO] PARALLEL_LEDGER_APPLY=true
2026-03-04T12:07:39.087 GD467 [History INFO] Archive 'sdf_testnet_1' has 'get' command only, will not be written
2026-03-04T12:07:39.087 GD467 [History INFO] Archive 'sdf_testnet_2' has 'get' command only, will not be written
2026-03-04T12:07:39.087 GD467 [History INFO] Archive 'sdf_testnet_3' has 'get' command only, will not be written
2026-03-04T12:07:39.087 GD467 [History WARNING] No writable archives configured, history will not be written.
2026-03-04T12:07:39.087 GD467 [Ledger INFO] Starting up application
2026-03-04T12:07:39.087 GD467 [Ledger INFO] Last closed ledger (LCL) hash is 3717cc2d58717d0d8a5612cf97b9c2e7c04d1eeb1b77151a59687fae75e4aab6
2026-03-04T12:07:39.088 GD467 [Ledger INFO] Loaded LCL header from database: [seq=1325251, hash=3717cc]
2026-03-04T12:07:39.088 GD467 [default INFO] Establishing 10-entry connection pool to: sqlite3:///opt/stellar/core/stellar.db
2026-03-04T12:07:39.589 GD467 [Ledger INFO] Assumed bucket-state for LCL: [seq=1325251, hash=3717cc]
2026-03-04T12:07:39.590 GD467 [default INFO] Launching 1 loading and 5 compiling background threads
2026-03-04T12:07:39.837 GD467 [default INFO] Compiled 1642 contracts (43833304 bytes of Wasm) in 247ms real time, 1194ms CPU time
2026-03-04T12:07:41.768 GD467 [Overlay INFO] Binding to endpoint 0.0.0.0:11625
2026-03-04T12:07:41.773 GD467 [History INFO] Downloading history archive state: .well-known/stellar-history.json
2026-03-04T12:07:42.174 GD467 [History INFO] Downloading history archive state: .well-known/stellar-history.json
2026-03-04T12:07:42.618 GD467 [History INFO] Downloading history archive state: .well-known/stellar-history.json
2026-03-04T12:07:42.985 GD467 [Process WARNING] process 4955 exited 23: curl -sf http://history.stellar.org/prd/core-testnet/core_testnet_003/.well-known/stellar-history.json -o buckets/tmp/history-20b75bb8dd5b8ba0/93e654adb3f58425-stellar-history.json
2026-03-04T12:07:42.985 GD467 [History WARNING] Could not download file: archive sdf_testnet_3 maybe missing file .well-known/stellar-history.json
2026-03-04T12:07:42.986 GD467 [History ERROR] Could not download .well-known/stellar-history.json file: corrupt archive sdf_testnet_3
2026-03-04T12:07:42.986 GD467 [History ERROR] Failed to obtain archive information: sdf_testnet_3
2026-03-04T12:07:44.016 GD467 [Overlay ERROR] PeerManager::store error: sqlite3_statement_backend::loadOne: database or disk is full on 98.91.174.101:11625
2026-03-04T12:07:44.017 GD467 [Overlay ERROR] PeerManager::store error: sqlite3_statement_backend::loadOne: database or disk is full on 44.204.146.210:11625
2026-03-04T12:07:44.018 GD467 [Overlay ERROR] PeerManager::store error: sqlite3_statement_backend::loadOne: database or disk is full on 44.213.67.110:11625
2026-03-04T12:07:44.019 GD467 [Overlay ERROR] PeerManager::store error: sqlite3_statement_backend::loadOne: database or disk is full on 135.181.102.254:11625
2026-03-04T12:07:44.020 GD467 [Overlay ERROR] PeerManager::store error: sqlite3_statement_backend::loadOne: database or disk is full on 200.129.247.119:11625
2026-03-04T12:07:44.022 GD467 [Overlay ERROR] PeerManager::store error: sqlite3_statement_backend::loadOne: database or disk is full on 204.16.247.107:11625
2026-03-04T12:07:44.024 GD467 [Overlay ERROR] PeerManager::store error: sqlite3_statement_backend::loadOne: database or disk is full on 34.229.162.244:30020
2026-03-04T12:07:44.025 GD467 [Overlay ERROR] PeerManager::store error: sqlite3_statement_backend::loadOne: database or disk is full on 173.244.202.69:11725
2026-03-04T12:07:44.026 GD467 [Overlay ERROR] PeerManager::store error: sqlite3_statement_backend::loadOne: database or disk is full on 184.72.81.138:30020
2026-03-04T12:07:44.027 GD467 [Overlay ERROR] PeerManager::store error: sqlite3_statement_backend::loadOne: database or disk is full on 172.18.0.1:11825
2026-03-04T12:07:44.028 GD467 [Overlay ERROR] PeerManager::store error: sqlite3_statement_backend::loadOne: database or disk is full on 147.92.159.184:11725
2026-03-04T12:07:44.030 GD467 [Overlay ERROR] PeerManager::store error: sqlite3_statement_backend::loadOne: database or disk is full on 3.249.87.23:30020
2026-03-04T12:07:44.030 GD467 [Overlay ERROR] PeerManager::store error: sqlite3_statement_backend::loadOne: database or disk is full on 216.169.132.69:11625
2026-03-04T12:07:44.031 GD467 [Overlay ERROR] PeerManager::store error: sqlite3_statement_backend::loadOne: database or disk is full on 200.129.247.110:11825
2026-03-04T12:07:44.032 GD467 [Overlay ERROR] PeerManager::store error: sqlite3_statement_backend::loadOne: database or disk is full on 24.252.206.200:11625
2026-03-04T12:07:44.033 GD467 [Overlay ERROR] PeerManager::store error: sqlite3_statement_backend::loadOne: database or disk is full on 35.175.229.79:30400
2026-03-04T12:07:44.034 GD467 [Overlay ERROR] PeerManager::store error: sqlite3_statement_backend::loadOne: database or disk is full on 147.92.216.66:11825
2026-03-04T12:07:44.484 GD467 [Overlay ERROR] PeerManager::store error: sqlite3_statement_backend::loadOne: database or disk is full on 204.16.247.107:11625
2026-03-04T12:07:44.485 GD467 [Overlay INFO] Authenticated to 204.16.247.107:11625
2026-03-04T12:07:44.752 GD467 [Overlay ERROR] PeerManager::store error: sqlite3_statement_backend::loadOne: database or disk is full on 135.181.102.254:11625
2026-03-04T12:07:44.753 GD467 [Overlay INFO] Authenticated to 135.181.102.254:11625
2026-03-04T12:07:44.755 GD467 [Overlay ERROR] PeerManager::store error: sqlite3_statement_backend::loadOne: database or disk is full on 172.190.177.191:11725
2026-03-04T12:07:44.755 GD467 [Overlay ERROR] PeerManager::store error: sqlite3_statement_backend::loadOne: database or disk is full on 146.190.222.143:30303
2026-03-04T12:07:44.756 GD467 [Overlay ERROR] PeerManager::store error: sqlite3_statement_backend::loadOne: database or disk is full on 35.85.40.104:11725
2026-03-04T12:07:44.757 GD467 [Overlay ERROR] PeerManager::store error: sqlite3_statement_backend::loadOne: database or disk is full on 13.217.88.18:11625
2026-03-04T12:07:44.757 GD467 [Overlay ERROR] PeerManager::store error: sqlite3_statement_backend::loadOne: database or disk is full on 34.34.50.206:57882
2026-03-04T12:07:44.758 GD467 [Overlay ERROR] PeerManager::store error: sqlite3_statement_backend::loadOne: database or disk is full on 54.85.229.39:11625
2026-03-04T12:07:44.759 GD467 [Overlay ERROR] PeerManager::store error: sqlite3_statement_backend::loadOne: database or disk is full on 18.237.217.239:11725
2026-03-04T12:07:44.793 GD467 [SCP FATAL] Exception: Cannot commit transaction. database or disk is full
2026-03-04T12:07:44.793 GD467 [SCP FATAL] SCP context (GD467): 
2026-03-04T12:07:44.793 GD467 [SCP FATAL] {
   "ballotProtocol" : {
      "ballot" : "(4294967295,[ SIGNED@sdf_testnet_1 txH: 61566c, ct: 1772626023, upgrades: [ ] ])",
      "heard" : false,
      "phase" : "EXTERNALIZE",
      "state" : "i: 1325249 | EXTERNALIZE | b: (4294967295,[ SIGNED@sdf_testnet_1 txH: 61566c, ct: 1772626023, upgrades: [ ] ]) | p: (4294967295,[ SIGNED@sdf_testnet_1 txH: 61566c, ct: 1772626023, upgrades: [ ] ]) | p': (<null_ballot>) | h: (4294967295,[ SIGNED@sdf_testnet_1 txH: 61566c, ct: 1772626023, upgrades: [ ] ]) | c: (1,[ SIGNED@sdf_testnet_1 txH: 61566c, ct: 1772626023, upgrades: [ ] ]) | M: 3"
   },
   "nomination" : {
      "roundnumber" : 0,
      "started" : false
   },
   "quorum_sets" : {
      "59d361" : {
         "t" : 2,
         "v" : [ "sdf_testnet_2", "sdf_testnet_3", "sdf_testnet_1" ]
      }
   },
   "statements" : [
      [
         1772626064,
         "{ENV@sdf_testnet_1 |  i: 1325249 | EXTERNALIZE | c: (1,[ SIGNED@sdf_testnet_1 txH: 61566c, ct: 1772626023, upgrades: [ ] ]) | h.n: 1 | (lastD): 59d361 }",
         false
      ],
      [
         1772626064,
         "{ENV@sdf_testnet_3 |  i: 1325249 | EXTERNALIZE | c: (1,[ SIGNED@sdf_testnet_1 txH: 61566c, ct: 1772626023, upgrades: [ ] ]) | h.n: 1 | (lastD): 59d361 }",
         false
      ],
      [
         1772626064,
         "{ENV@GD467 |  i: 1325249 | PREPARE | D: 59d361 | b: (0,[:empty:]) | p: (4294967295,[ SIGNED@sdf_testnet_1 txH: 61566c, ct: 1772626023, upgrades: [ ] ]) | p': (<null_ballot>) | c.n: 0 | h.n: 0 }",
         false
      ],
      [
         1772626064,
         "{ENV@GD467 |  i: 1325249 | PREPARE | D: 59d361 | b: (4294967295,[ SIGNED@sdf_testnet_1 txH: 61566c, ct: 1772626023, upgrades: [ ] ]) | p: (4294967295,[ SIGNED@sdf_testnet_1 txH: 61566c, ct: 1772626023, upgrades: [ ] ]) | p': (<null_ballot>) | c.n: 4294967295 | h.n: 4294967295 }",
         false
      ],
      [
         1772626064,
         "{ENV@GD467 |  i: 1325249 | CONFIRM | D: 59d361 | b: (4294967295,[ SIGNED@sdf_testnet_1 txH: 61566c, ct: 1772626023, upgrades: [ ] ]) | p.n: 4294967295 | c.n: 1 | h.n: 4294967295 }",
         false
      ],
      [
         1772626064,
         "{ENV@GD467 |  i: 1325249 | EXTERNALIZE | c: (1,[ SIGNED@sdf_testnet_1 txH: 61566c, ct: 1772626023, upgrades: [ ] ]) | h.n: 4294967295 | (lastD): 59d361 }",
         false
      ]
   ],
   "validated" : false
}

2026-03-04T12:07:44.794 GD467 [SCP FATAL] Exception processing SCP messages at 1325249, envelope: {ENV@GD467 |  i: 1325249 | CONFIRM | D: 59d361 | b: (4294967295,[ SIGNED@sdf_testnet_1 txH: 61566c, ct: 1772626023, upgrades: [ ] ]) | p.n: 4294967295 | c.n: 1 | h.n: 4294967295 }
2026-03-04T12:07:44.794 GD467 [SCP FATAL] Please report this bug along with this log file if this was not expected
2026-03-04T12:07:44.794 GD467 [SCP FATAL] Exception: Cannot commit transaction. database or disk is full
2026-03-04T12:07:44.795 GD467 [SCP FATAL] SCP context (GD467): 
2026-03-04T12:07:44.795 GD467 [SCP FATAL] {
   "ballotProtocol" : {
      "ballot" : "(4294967295,[ SIGNED@sdf_testnet_1 txH: 61566c, ct: 1772626023, upgrades: [ ] ])",
      "heard" : false,
      "phase" : "EXTERNALIZE",
      "state" : "i: 1325249 | EXTERNALIZE | b: (4294967295,[ SIGNED@sdf_testnet_1 txH: 61566c, ct: 1772626023, upgrades: [ ] ]) | p: (4294967295,[ SIGNED@sdf_testnet_1 txH: 61566c, ct: 1772626023, upgrades: [ ] ]) | p': (<null_ballot>) | h: (4294967295,[ SIGNED@sdf_testnet_1 txH: 61566c, ct: 1772626023, upgrades: [ ] ]) | c: (1,[ SIGNED@sdf_testnet_1 txH: 61566c, ct: 1772626023, upgrades: [ ] ]) | M: 3"
   },
   "nomination" : {
      "roundnumber" : 0,
      "started" : false
   },
   "quorum_sets" : {
      "59d361" : {
         "t" : 2,
         "v" : [ "sdf_testnet_2", "sdf_testnet_3", "sdf_testnet_1" ]
      }
   },
   "statements" : [
      [
         1772626064,
         "{ENV@sdf_testnet_1 |  i: 1325249 | EXTERNALIZE | c: (1,[ SIGNED@sdf_testnet_1 txH: 61566c, ct: 1772626023, upgrades: [ ] ]) | h.n: 1 | (lastD): 59d361 }",
         false
      ],
      [
         1772626064,
         "{ENV@sdf_testnet_3 |  i: 1325249 | EXTERNALIZE | c: (1,[ SIGNED@sdf_testnet_1 txH: 61566c, ct: 1772626023, upgrades: [ ] ]) | h.n: 1 | (lastD): 59d361 }",
         false
      ],
      [
         1772626064,
         "{ENV@GD467 |  i: 1325249 | PREPARE | D: 59d361 | b: (0,[:empty:]) | p: (4294967295,[ SIGNED@sdf_testnet_1 txH: 61566c, ct: 1772626023, upgrades: [ ] ]) | p': (<null_ballot>) | c.n: 0 | h.n: 0 }",
         false
      ],
      [
         1772626064,
         "{ENV@GD467 |  i: 1325249 | PREPARE | D: 59d361 | b: (4294967295,[ SIGNED@sdf_testnet_1 txH: 61566c, ct: 1772626023, upgrades: [ ] ]) | p: (4294967295,[ SIGNED@sdf_testnet_1 txH: 61566c, ct: 1772626023, upgrades: [ ] ]) | p': (<null_ballot>) | c.n: 4294967295 | h.n: 4294967295 }",
         false
      ],
      [
         1772626064,
         "{ENV@GD467 |  i: 1325249 | CONFIRM | D: 59d361 | b: (4294967295,[ SIGNED@sdf_testnet_1 txH: 61566c, ct: 1772626023, upgrades: [ ] ]) | p.n: 4294967295 | c.n: 1 | h.n: 4294967295 }",
         false
      ],
      [
         1772626064,
         "{ENV@GD467 |  i: 1325249 | EXTERNALIZE | c: (1,[ SIGNED@sdf_testnet_1 txH: 61566c, ct: 1772626023, upgrades: [ ] ]) | h.n: 4294967295 | (lastD): 59d361 }",
         false
      ]
   ],
   "validated" : false
}

2026-03-04T12:07:44.795 GD467 [SCP FATAL] Exception processing SCP messages at 1325249, envelope: {ENV@GD467 |  i: 1325249 | PREPARE | D: 59d361 | b: (4294967295,[ SIGNED@sdf_testnet_1 txH: 61566c, ct: 1772626023, upgrades: [ ] ]) | p: (4294967295,[ SIGNED@sdf_testnet_1 txH: 61566c, ct: 1772626023, upgrades: [ ] ]) | p': (<null_ballot>) | c.n: 4294967295 | h.n: 4294967295 }
2026-03-04T12:07:44.796 GD467 [SCP FATAL] Please report this bug along with this log file if this was not expected
2026-03-04T12:07:44.796 GD467 [SCP FATAL] Exception: Cannot commit transaction. database or disk is full
2026-03-04T12:07:44.796 GD467 [SCP FATAL] SCP context (GD467): 
2026-03-04T12:07:44.796 GD467 [SCP FATAL] {
   "ballotProtocol" : {
      "ballot" : "(4294967295,[ SIGNED@sdf_testnet_1 txH: 61566c, ct: 1772626023, upgrades: [ ] ])",
      "heard" : false,
      "phase" : "EXTERNALIZE",
      "state" : "i: 1325249 | EXTERNALIZE | b: (4294967295,[ SIGNED@sdf_testnet_1 txH: 61566c, ct: 1772626023, upgrades: [ ] ]) | p: (4294967295,[ SIGNED@sdf_testnet_1 txH: 61566c, ct: 1772626023, upgrades: [ ] ]) | p': (<null_ballot>) | h: (4294967295,[ SIGNED@sdf_testnet_1 txH: 61566c, ct: 1772626023, upgrades: [ ] ]) | c: (1,[ SIGNED@sdf_testnet_1 txH: 61566c, ct: 1772626023, upgrades: [ ] ]) | M: 3"
   },
   "nomination" : {
      "roundnumber" : 0,
      "started" : false
   },
   "quorum_sets" : {
      "59d361" : {
         "t" : 2,
         "v" : [ "sdf_testnet_2", "sdf_testnet_3", "sdf_testnet_1" ]
      }
   },
   "statements" : [
      [
         1772626064,
         "{ENV@sdf_testnet_1 |  i: 1325249 | EXTERNALIZE | c: (1,[ SIGNED@sdf_testnet_1 txH: 61566c, ct: 1772626023, upgrades: [ ] ]) | h.n: 1 | (lastD): 59d361 }",
         false
      ],
      [
         1772626064,
         "{ENV@sdf_testnet_3 |  i: 1325249 | EXTERNALIZE | c: (1,[ SIGNED@sdf_testnet_1 txH: 61566c, ct: 1772626023, upgrades: [ ] ]) | h.n: 1 | (lastD): 59d361 }",
         false
      ],
      [
         1772626064,
         "{ENV@GD467 |  i: 1325249 | PREPARE | D: 59d361 | b: (0,[:empty:]) | p: (4294967295,[ SIGNED@sdf_testnet_1 txH: 61566c, ct: 1772626023, upgrades: [ ] ]) | p': (<null_ballot>) | c.n: 0 | h.n: 0 }",
         false
      ],
      [
         1772626064,
         "{ENV@GD467 |  i: 1325249 | PREPARE | D: 59d361 | b: (4294967295,[ SIGNED@sdf_testnet_1 txH: 61566c, ct: 1772626023, upgrades: [ ] ]) | p: (4294967295,[ SIGNED@sdf_testnet_1 txH: 61566c, ct: 1772626023, upgrades: [ ] ]) | p': (<null_ballot>) | c.n: 4294967295 | h.n: 4294967295 }",
         false
      ],
      [
         1772626064,
         "{ENV@GD467 |  i: 1325249 | CONFIRM | D: 59d361 | b: (4294967295,[ SIGNED@sdf_testnet_1 txH: 61566c, ct: 1772626023, upgrades: [ ] ]) | p.n: 4294967295 | c.n: 1 | h.n: 4294967295 }",
         false
      ],
      [
         1772626064,
         "{ENV@GD467 |  i: 1325249 | EXTERNALIZE | c: (1,[ SIGNED@sdf_testnet_1 txH: 61566c, ct: 1772626023, upgrades: [ ] ]) | h.n: 4294967295 | (lastD): 59d361 }",
         false
      ]
   ],
   "validated" : false
}

2026-03-04T12:07:44.797 GD467 [SCP FATAL] Exception processing SCP messages at 1325249, envelope: {ENV@GD467 |  i: 1325249 | PREPARE | D: 59d361 | b: (0,[:empty:]) | p: (4294967295,[ SIGNED@sdf_testnet_1 txH: 61566c, ct: 1772626023, upgrades: [ ] ]) | p': (<null_ballot>) | c.n: 0 | h.n: 0 }
2026-03-04T12:07:44.797 GD467 [SCP FATAL] Please report this bug along with this log file if this was not expected
2026-03-04T12:07:44.797 GD467 [SCP FATAL] Exception: Cannot commit transaction. database or disk is full
2026-03-04T12:07:44.797 GD467 [SCP FATAL] SCP context (GD467): 
2026-03-04T12:07:44.798 GD467 [SCP FATAL] {
   "ballotProtocol" : {
      "ballot" : "(4294967295,[ SIGNED@sdf_testnet_1 txH: 61566c, ct: 1772626023, upgrades: [ ] ])",
      "heard" : false,
      "phase" : "EXTERNALIZE",
      "state" : "i: 1325249 | EXTERNALIZE | b: (4294967295,[ SIGNED@sdf_testnet_1 txH: 61566c, ct: 1772626023, upgrades: [ ] ]) | p: (4294967295,[ SIGNED@sdf_testnet_1 txH: 61566c, ct: 1772626023, upgrades: [ ] ]) | p': (<null_ballot>) | h: (4294967295,[ SIGNED@sdf_testnet_1 txH: 61566c, ct: 1772626023, upgrades: [ ] ]) | c: (1,[ SIGNED@sdf_testnet_1 txH: 61566c, ct: 1772626023, upgrades: [ ] ]) | M: 3"
   },
   "nomination" : {
      "roundnumber" : 0,
      "started" : false
   },
   "quorum_sets" : {
      "59d361" : {
         "t" : 2,
         "v" : [ "sdf_testnet_2", "sdf_testnet_3", "sdf_testnet_1" ]
      }
   },
   "statements" : [
      [
         1772626064,
         "{ENV@sdf_testnet_1 |  i: 1325249 | EXTERNALIZE | c: (1,[ SIGNED@sdf_testnet_1 txH: 61566c, ct: 1772626023, upgrades: [ ] ]) | h.n: 1 | (lastD): 59d361 }",
         false
      ],
      [
         1772626064,
         "{ENV@sdf_testnet_3 |  i: 1325249 | EXTERNALIZE | c: (1,[ SIGNED@sdf_testnet_1 txH: 61566c, ct: 1772626023, upgrades: [ ] ]) | h.n: 1 | (lastD): 59d361 }",
         false
      ],
      [
         1772626064,
         "{ENV@GD467 |  i: 1325249 | PREPARE | D: 59d361 | b: (0,[:empty:]) | p: (4294967295,[ SIGNED@sdf_testnet_1 txH: 61566c, ct: 1772626023, upgrades: [ ] ]) | p': (<null_ballot>) | c.n: 0 | h.n: 0 }",
         false
      ],
      [
         1772626064,
         "{ENV@GD467 |  i: 1325249 | PREPARE | D: 59d361 | b: (4294967295,[ SIGNED@sdf_testnet_1 txH: 61566c, ct: 1772626023, upgrades: [ ] ]) | p: (4294967295,[ SIGNED@sdf_testnet_1 txH: 61566c, ct: 1772626023, upgrades: [ ] ]) | p': (<null_ballot>) | c.n: 4294967295 | h.n: 4294967295 }",
         false
      ],
      [
         1772626064,
         "{ENV@GD467 |  i: 1325249 | CONFIRM | D: 59d361 | b: (4294967295,[ SIGNED@sdf_testnet_1 txH: 61566c, ct: 1772626023, upgrades: [ ] ]) | p.n: 4294967295 | c.n: 1 | h.n: 4294967295 }",
         false
      ],
      [
         1772626064,
         "{ENV@GD467 |  i: 1325249 | EXTERNALIZE | c: (1,[ SIGNED@sdf_testnet_1 txH: 61566c, ct: 1772626023, upgrades: [ ] ]) | h.n: 4294967295 | (lastD): 59d361 }",
         false
      ]
   ],
   "validated" : false
}

2026-03-04T12:07:44.798 GD467 [SCP FATAL] Exception processing SCP messages at 1325249, envelope: {ENV@sdf_testnet_3 |  i: 1325249 | EXTERNALIZE | c: (1,[ SIGNED@sdf_testnet_1 txH: 61566c, ct: 1772626023, upgrades: [ ] ]) | h.n: 1 | (lastD): 59d361 }
2026-03-04T12:07:44.798 GD467 [SCP FATAL] Please report this bug along with this log file if this was not expected
