2026-03-03T14:17:38.223 GBJZN [default INFO] Starting stellar-core v25.1.1
2026-03-03T14:17:38.225 GBJZN [Database INFO] Connecting to: sqlite3:///opt/stellar/core/stellar.db
2026-03-03T14:17:38.232 GBJZN [SCP INFO] LocalNode::LocalNode@GBJZN qSet: 59d361
2026-03-03T14:17:38.233 GBJZN [Database INFO] DB schema is in current version
2026-03-03T14:17:38.233 GBJZN [default INFO] Listening on 0.0.0.0:11626 for HTTP requests
2026-03-03T14:17:38.233 GBJZN [Bucket INFO] BucketListDB enabled: pageSizeExponent: 14 indexCutOff: 20MB, persist indexes: true
2026-03-03T14:17:38.233 GBJZN [default INFO] Connection effective settings:
2026-03-03T14:17:38.233 GBJZN [default INFO] TARGET_PEER_CONNECTIONS: 8
2026-03-03T14:17:38.233 GBJZN [default INFO] MAX_ADDITIONAL_PEER_CONNECTIONS: 64
2026-03-03T14:17:38.233 GBJZN [default INFO] MAX_PENDING_CONNECTIONS: 500
2026-03-03T14:17:38.233 GBJZN [default INFO] MAX_OUTBOUND_PENDING_CONNECTIONS: 56
2026-03-03T14:17:38.233 GBJZN [default INFO] MAX_INBOUND_PENDING_CONNECTIONS: 444
2026-03-03T14:17:38.233 GBJZN [default INFO] BACKGROUND_OVERLAY_PROCESSING=true
2026-03-03T14:17:38.233 GBJZN [default INFO] PARALLEL_LEDGER_APPLY=true
2026-03-03T14:17:38.233 GBJZN [History INFO] Archive 'sdf_testnet_1' has 'get' command only, will not be written
2026-03-03T14:17:38.233 GBJZN [History INFO] Archive 'sdf_testnet_2' has 'get' command only, will not be written
2026-03-03T14:17:38.233 GBJZN [History INFO] Archive 'sdf_testnet_3' has 'get' command only, will not be written
2026-03-03T14:17:38.233 GBJZN [History WARNING] No writable archives configured, history will not be written.
2026-03-03T14:17:38.234 GBJZN [Ledger INFO] Starting up application
2026-03-03T14:17:38.234 GBJZN [Ledger INFO] Last closed ledger (LCL) hash is 9216afd4b3f152b0d03456fc5e8a6a758710facabcaa52a9f9918fc34d1dc14c
2026-03-03T14:17:38.234 GBJZN [Ledger INFO] Loaded LCL header from database: [seq=1309535, hash=9216af]
2026-03-03T14:17:38.234 GBJZN [default INFO] Establishing 10-entry connection pool to: sqlite3:///opt/stellar/core/stellar.db
2026-03-03T14:17:38.784 GBJZN [Ledger INFO] Assumed bucket-state for LCL: [seq=1309535, hash=9216af]
2026-03-03T14:17:38.785 GBJZN [default INFO] Launching 1 loading and 5 compiling background threads
2026-03-03T14:17:39.069 GBJZN [default INFO] Compiled 1675 contracts (44902995 bytes of Wasm) in 283ms real time, 1371ms CPU time
2026-03-03T14:17:41.257 GBJZN [Overlay INFO] Binding to endpoint 0.0.0.0:11625
2026-03-03T14:17:41.265 GBJZN [History INFO] Downloading history archive state: .well-known/stellar-history.json
2026-03-03T14:17:41.655 GBJZN [Process WARNING] process 3640 exited 23: curl -sf http://history.stellar.org/prd/core-testnet/core_testnet_001/.well-known/stellar-history.json -o buckets/tmp/history-7b7d7eb4a761164e/89d681c6c2d8e058-stellar-history.json
2026-03-03T14:17:41.655 GBJZN [History WARNING] Could not download file: archive sdf_testnet_1 maybe missing file .well-known/stellar-history.json
2026-03-03T14:17:41.656 GBJZN [History ERROR] Could not download .well-known/stellar-history.json file: corrupt archive sdf_testnet_1
2026-03-03T14:17:41.657 GBJZN [History ERROR] Failed to obtain archive information: sdf_testnet_1
2026-03-03T14:17:43.523 GBJZN [Overlay ERROR] PeerManager::store error: sqlite3_statement_backend::loadOne: database or disk is full on 98.91.174.101:11625
2026-03-03T14:17:43.524 GBJZN [Overlay ERROR] PeerManager::store error: sqlite3_statement_backend::loadOne: database or disk is full on 44.204.146.210:11625
2026-03-03T14:17:43.524 GBJZN [Overlay ERROR] PeerManager::store error: sqlite3_statement_backend::loadOne: database or disk is full on 44.213.67.110:11625
2026-03-03T14:17:43.525 GBJZN [Overlay ERROR] PeerManager::store error: sqlite3_statement_backend::loadOne: database or disk is full on 54.159.155.163:11625
2026-03-03T14:17:43.526 GBJZN [Overlay ERROR] PeerManager::store error: sqlite3_statement_backend::loadOne: database or disk is full on 93.127.160.241:11625
2026-03-03T14:17:43.527 GBJZN [Overlay ERROR] PeerManager::store error: sqlite3_statement_backend::loadOne: database or disk is full on 18.189.174.103:11725
2026-03-03T14:17:43.528 GBJZN [Overlay ERROR] PeerManager::store error: sqlite3_statement_backend::loadOne: database or disk is full on 18.212.206.26:30020
2026-03-03T14:17:43.529 GBJZN [Overlay ERROR] PeerManager::store error: sqlite3_statement_backend::loadOne: database or disk is full on 85.21.8.7:11625
2026-03-03T14:17:43.531 GBJZN [Overlay ERROR] PeerManager::store error: sqlite3_statement_backend::loadOne: database or disk is full on 65.109.19.49:11625
2026-03-03T14:17:43.533 GBJZN [Overlay ERROR] PeerManager::store error: sqlite3_statement_backend::loadOne: database or disk is full on 198.199.88.228:11625
2026-03-03T14:17:43.534 GBJZN [Overlay ERROR] PeerManager::store error: sqlite3_statement_backend::loadOne: database or disk is full on 3.255.82.225:30020
2026-03-03T14:17:43.537 GBJZN [Overlay ERROR] PeerManager::store error: sqlite3_statement_backend::loadOne: database or disk is full on 54.163.22.184:30020
2026-03-03T14:17:43.539 GBJZN [Overlay ERROR] PeerManager::store error: sqlite3_statement_backend::loadOne: database or disk is full on 45.55.48.58:11825
2026-03-03T14:17:43.540 GBJZN [Overlay ERROR] PeerManager::store error: sqlite3_statement_backend::loadOne: database or disk is full on 148.113.140.57:11625
2026-03-03T14:17:43.542 GBJZN [Overlay ERROR] PeerManager::store error: sqlite3_statement_backend::loadOne: database or disk is full on 135.181.229.215:11628
2026-03-03T14:17:43.543 GBJZN [Overlay ERROR] PeerManager::store error: sqlite3_statement_backend::loadOne: database or disk is full on 52.91.130.193:30020
2026-03-03T14:17:43.544 GBJZN [Overlay ERROR] PeerManager::store error: sqlite3_statement_backend::loadOne: database or disk is full on 3.238.32.131:30400
2026-03-03T14:17:43.545 GBJZN [Overlay ERROR] PeerManager::store error: sqlite3_statement_backend::loadOne: database or disk is full on 18.201.241.124:30020
2026-03-03T14:17:43.546 GBJZN [Overlay ERROR] PeerManager::store error: sqlite3_statement_backend::loadOne: database or disk is full on 3.95.1.43:30400
2026-03-03T14:17:43.547 GBJZN [Overlay ERROR] PeerManager::store error: sqlite3_statement_backend::loadOne: database or disk is full on 3.249.87.23:30020
2026-03-03T14:17:43.549 GBJZN [Overlay ERROR] PeerManager::store error: sqlite3_statement_backend::loadOne: database or disk is full on 13.217.88.18:11625
2026-03-03T14:17:43.551 GBJZN [Overlay ERROR] PeerManager::store error: sqlite3_statement_backend::loadOne: database or disk is full on 77.48.24.153:11625
2026-03-03T14:17:43.552 GBJZN [Overlay ERROR] PeerManager::store error: sqlite3_statement_backend::loadOne: database or disk is full on 50.16.48.217:30020
2026-03-03T14:17:43.553 GBJZN [Overlay ERROR] PeerManager::store error: sqlite3_statement_backend::loadOne: database or disk is full on 144.76.79.10:51770
2026-03-03T14:17:43.553 GBJZN [Overlay ERROR] PeerManager::store error: sqlite3_statement_backend::loadOne: database or disk is full on 77.48.24.203:11625
2026-03-03T14:17:43.554 GBJZN [Overlay ERROR] PeerManager::store error: sqlite3_statement_backend::loadOne: database or disk is full on 3.235.16.197:30020
2026-03-03T14:17:43.555 GBJZN [Overlay ERROR] PeerManager::store error: sqlite3_statement_backend::loadOne: database or disk is full on 213.10.11.118:11625
2026-03-03T14:17:43.556 GBJZN [Overlay ERROR] PeerManager::store error: sqlite3_statement_backend::loadOne: database or disk is full on 198.199.91.18:11625
2026-03-03T14:17:43.557 GBJZN [Overlay ERROR] PeerManager::store error: sqlite3_statement_backend::loadOne: database or disk is full on 44.198.157.36:11625
2026-03-03T14:17:43.558 GBJZN [Overlay ERROR] PeerManager::store error: sqlite3_statement_backend::loadOne: database or disk is full on 200.129.247.139:11825
2026-03-03T14:17:43.558 GBJZN [Overlay ERROR] PeerManager::store error: sqlite3_statement_backend::loadOne: database or disk is full on 91.242.214.69:11625
2026-03-03T14:17:43.559 GBJZN [Overlay ERROR] PeerManager::store error: sqlite3_statement_backend::loadOne: database or disk is full on 34.229.162.244:30020
2026-03-03T14:17:43.560 GBJZN [Overlay ERROR] PeerManager::store error: sqlite3_statement_backend::loadOne: database or disk is full on 40.160.64.57:11725
2026-03-03T14:17:43.561 GBJZN [Overlay ERROR] PeerManager::store error: sqlite3_statement_backend::loadOne: database or disk is full on 200.129.247.82:11625
2026-03-03T14:17:43.562 GBJZN [Overlay ERROR] PeerManager::store error: sqlite3_statement_backend::loadOne: database or disk is full on 18.206.213.41:30020
2026-03-03T14:17:43.563 GBJZN [Overlay ERROR] PeerManager::store error: sqlite3_statement_backend::loadOne: database or disk is full on 91.67.122.127:11625
2026-03-03T14:17:43.564 GBJZN [Overlay ERROR] PeerManager::store error: sqlite3_statement_backend::loadOne: database or disk is full on 200.129.247.55:11625
2026-03-03T14:17:43.565 GBJZN [Overlay ERROR] PeerManager::store error: sqlite3_statement_backend::loadOne: database or disk is full on 34.241.153.42:30020
2026-03-03T14:17:43.566 GBJZN [Overlay ERROR] PeerManager::store error: sqlite3_statement_backend::loadOne: database or disk is full on 174.138.52.29:11625
2026-03-03T14:17:43.951 GBJZN [Overlay ERROR] PeerManager::store error: sqlite3_statement_backend::loadOne: database or disk is full on 54.159.155.163:11625
2026-03-03T14:17:43.951 GBJZN [Overlay INFO] Authenticated to 54.159.155.163:11625
2026-03-03T14:17:43.952 GBJZN [Overlay ERROR] PeerManager::store error: sqlite3_statement_backend::loadOne: database or disk is full on 34.245.167.15:30020
2026-03-03T14:17:43.995 GBJZN [Overlay ERROR] PeerManager::store error: sqlite3_statement_backend::loadOne: database or disk is full on 18.189.174.103:11725
2026-03-03T14:17:43.996 GBJZN [Overlay INFO] Authenticated to 18.189.174.103:11725
2026-03-03T14:17:43.997 GBJZN [Overlay ERROR] PeerManager::store error: sqlite3_statement_backend::loadOne: database or disk is full on 200.129.247.55:11825
2026-03-03T14:17:43.997 GBJZN [Overlay ERROR] PeerManager::store error: sqlite3_statement_backend::loadOne: database or disk is full on 173.56.217.231:11625
2026-03-03T14:17:43.998 GBJZN [Overlay ERROR] PeerManager::store error: sqlite3_statement_backend::loadOne: database or disk is full on 200.129.247.55:11725
2026-03-03T14:17:43.998 GBJZN [Overlay ERROR] PeerManager::store error: sqlite3_statement_backend::loadOne: database or disk is full on 200.129.247.71:11825
2026-03-03T14:17:44.243 GBJZN [Overlay ERROR] PeerManager::store error: sqlite3_statement_backend::loadOne: database or disk is full on 93.127.160.241:11625
2026-03-03T14:17:44.243 GBJZN [Overlay INFO] Authenticated to 93.127.160.241:11625
2026-03-03T14:17:44.244 GBJZN [Overlay ERROR] PeerManager::store error: sqlite3_statement_backend::loadOne: database or disk is full on 40.160.27.250:11625
2026-03-03T14:17:46.273 GBJZN [SCP FATAL] Exception: Cannot commit transaction. database or disk is full
2026-03-03T14:17:46.273 GBJZN [SCP FATAL] SCP context (GBJZN): 
2026-03-03T14:17:46.273 GBJZN [SCP FATAL] {
   "ballotProtocol" : {
      "ballot" : "(4294967295,[ SIGNED@sdf_testnet_1 txH: 852f70, ct: 1772547210, upgrades: [ ] ])",
      "heard" : false,
      "phase" : "EXTERNALIZE",
      "state" : "i: 1309504 | EXTERNALIZE | b: (4294967295,[ SIGNED@sdf_testnet_1 txH: 852f70, ct: 1772547210, upgrades: [ ] ]) | p: (4294967295,[ SIGNED@sdf_testnet_1 txH: 852f70, ct: 1772547210, upgrades: [ ] ]) | p': (<null_ballot>) | h: (4294967295,[ SIGNED@sdf_testnet_1 txH: 852f70, ct: 1772547210, upgrades: [ ] ]) | c: (1,[ SIGNED@sdf_testnet_1 txH: 852f70, ct: 1772547210, upgrades: [ ] ]) | M: 3"
   },
   "nomination" : {
      "roundnumber" : 0,
      "started" : false
   },
   "quorum_sets" : {
      "59d361" : {
         "t" : 2,
         "v" : [ "sdf_testnet_2", "sdf_testnet_3", "sdf_testnet_1" ]
      }
   },
   "statements" : [
      [
         1772547466,
         "{ENV@sdf_testnet_1 |  i: 1309504 | EXTERNALIZE | c: (1,[ SIGNED@sdf_testnet_1 txH: 852f70, ct: 1772547210, upgrades: [ ] ]) | h.n: 1 | (lastD): 59d361 }",
         false
      ],
      [
         1772547466,
         "{ENV@sdf_testnet_3 |  i: 1309504 | EXTERNALIZE | c: (1,[ SIGNED@sdf_testnet_1 txH: 852f70, ct: 1772547210, upgrades: [ ] ]) | h.n: 1 | (lastD): 59d361 }",
         false
      ],
      [
         1772547466,
         "{ENV@GBJZN |  i: 1309504 | PREPARE | D: 59d361 | b: (0,[:empty:]) | p: (4294967295,[ SIGNED@sdf_testnet_1 txH: 852f70, ct: 1772547210, upgrades: [ ] ]) | p': (<null_ballot>) | c.n: 0 | h.n: 0 }",
         false
      ],
      [
         1772547466,
         "{ENV@GBJZN |  i: 1309504 | PREPARE | D: 59d361 | b: (4294967295,[ SIGNED@sdf_testnet_1 txH: 852f70, ct: 1772547210, upgrades: [ ] ]) | p: (4294967295,[ SIGNED@sdf_testnet_1 txH: 852f70, ct: 1772547210, upgrades: [ ] ]) | p': (<null_ballot>) | c.n: 4294967295 | h.n: 4294967295 }",
         false
      ],
      [
         1772547466,
         "{ENV@GBJZN |  i: 1309504 | CONFIRM | D: 59d361 | b: (4294967295,[ SIGNED@sdf_testnet_1 txH: 852f70, ct: 1772547210, upgrades: [ ] ]) | p.n: 4294967295 | c.n: 1 | h.n: 4294967295 }",
         false
      ],
      [
         1772547466,
         "{ENV@GBJZN |  i: 1309504 | EXTERNALIZE | c: (1,[ SIGNED@sdf_testnet_1 txH: 852f70, ct: 1772547210, upgrades: [ ] ]) | h.n: 4294967295 | (lastD): 59d361 }",
         false
      ]
   ],
   "validated" : false
}

2026-03-03T14:17:46.273 GBJZN [SCP FATAL] Exception processing SCP messages at 1309504, envelope: {ENV@GBJZN |  i: 1309504 | CONFIRM | D: 59d361 | b: (4294967295,[ SIGNED@sdf_testnet_1 txH: 852f70, ct: 1772547210, upgrades: [ ] ]) | p.n: 4294967295 | c.n: 1 | h.n: 4294967295 }
2026-03-03T14:17:46.274 GBJZN [SCP FATAL] Please report this bug along with this log file if this was not expected
2026-03-03T14:17:46.274 GBJZN [SCP FATAL] Exception: Cannot commit transaction. database or disk is full
2026-03-03T14:17:46.274 GBJZN [SCP FATAL] SCP context (GBJZN): 
2026-03-03T14:17:46.274 GBJZN [SCP FATAL] {
   "ballotProtocol" : {
      "ballot" : "(4294967295,[ SIGNED@sdf_testnet_1 txH: 852f70, ct: 1772547210, upgrades: [ ] ])",
      "heard" : false,
      "phase" : "EXTERNALIZE",
      "state" : "i: 1309504 | EXTERNALIZE | b: (4294967295,[ SIGNED@sdf_testnet_1 txH: 852f70, ct: 1772547210, upgrades: [ ] ]) | p: (4294967295,[ SIGNED@sdf_testnet_1 txH: 852f70, ct: 1772547210, upgrades: [ ] ]) | p': (<null_ballot>) | h: (4294967295,[ SIGNED@sdf_testnet_1 txH: 852f70, ct: 1772547210, upgrades: [ ] ]) | c: (1,[ SIGNED@sdf_testnet_1 txH: 852f70, ct: 1772547210, upgrades: [ ] ]) | M: 3"
   },
   "nomination" : {
      "roundnumber" : 0,
      "started" : false
   },
   "quorum_sets" : {
      "59d361" : {
         "t" : 2,
         "v" : [ "sdf_testnet_2", "sdf_testnet_3", "sdf_testnet_1" ]
      }
   },
   "statements" : [
      [
         1772547466,
         "{ENV@sdf_testnet_1 |  i: 1309504 | EXTERNALIZE | c: (1,[ SIGNED@sdf_testnet_1 txH: 852f70, ct: 1772547210, upgrades: [ ] ]) | h.n: 1 | (lastD): 59d361 }",
         false
      ],
      [
         1772547466,
         "{ENV@sdf_testnet_3 |  i: 1309504 | EXTERNALIZE | c: (1,[ SIGNED@sdf_testnet_1 txH: 852f70, ct: 1772547210, upgrades: [ ] ]) | h.n: 1 | (lastD): 59d361 }",
         false
      ],
      [
         1772547466,
         "{ENV@GBJZN |  i: 1309504 | PREPARE | D: 59d361 | b: (0,[:empty:]) | p: (4294967295,[ SIGNED@sdf_testnet_1 txH: 852f70, ct: 1772547210, upgrades: [ ] ]) | p': (<null_ballot>) | c.n: 0 | h.n: 0 }",
         false
      ],
      [
         1772547466,
         "{ENV@GBJZN |  i: 1309504 | PREPARE | D: 59d361 | b: (4294967295,[ SIGNED@sdf_testnet_1 txH: 852f70, ct: 1772547210, upgrades: [ ] ]) | p: (4294967295,[ SIGNED@sdf_testnet_1 txH: 852f70, ct: 1772547210, upgrades: [ ] ]) | p': (<null_ballot>) | c.n: 4294967295 | h.n: 4294967295 }",
         false
      ],
      [
         1772547466,
         "{ENV@GBJZN |  i: 1309504 | CONFIRM | D: 59d361 | b: (4294967295,[ SIGNED@sdf_testnet_1 txH: 852f70, ct: 1772547210, upgrades: [ ] ]) | p.n: 4294967295 | c.n: 1 | h.n: 4294967295 }",
         false
      ],
      [
         1772547466,
         "{ENV@GBJZN |  i: 1309504 | EXTERNALIZE | c: (1,[ SIGNED@sdf_testnet_1 txH: 852f70, ct: 1772547210, upgrades: [ ] ]) | h.n: 4294967295 | (lastD): 59d361 }",
         false
      ]
   ],
   "validated" : false
}

2026-03-03T14:17:46.274 GBJZN [SCP FATAL] Exception processing SCP messages at 1309504, envelope: {ENV@GBJZN |  i: 1309504 | PREPARE | D: 59d361 | b: (4294967295,[ SIGNED@sdf_testnet_1 txH: 852f70, ct: 1772547210, upgrades: [ ] ]) | p: (4294967295,[ SIGNED@sdf_testnet_1 txH: 852f70, ct: 1772547210, upgrades: [ ] ]) | p': (<null_ballot>) | c.n: 4294967295 | h.n: 4294967295 }
2026-03-03T14:17:46.274 GBJZN [SCP FATAL] Please report this bug along with this log file if this was not expected
2026-03-03T14:17:46.274 GBJZN [SCP FATAL] Exception: Cannot commit transaction. database or disk is full
2026-03-03T14:17:46.274 GBJZN [SCP FATAL] SCP context (GBJZN): 
2026-03-03T14:17:46.275 GBJZN [SCP FATAL] {
   "ballotProtocol" : {
      "ballot" : "(4294967295,[ SIGNED@sdf_testnet_1 txH: 852f70, ct: 1772547210, upgrades: [ ] ])",
      "heard" : false,
      "phase" : "EXTERNALIZE",
      "state" : "i: 1309504 | EXTERNALIZE | b: (4294967295,[ SIGNED@sdf_testnet_1 txH: 852f70, ct: 1772547210, upgrades: [ ] ]) | p: (4294967295,[ SIGNED@sdf_testnet_1 txH: 852f70, ct: 1772547210, upgrades: [ ] ]) | p': (<null_ballot>) | h: (4294967295,[ SIGNED@sdf_testnet_1 txH: 852f70, ct: 1772547210, upgrades: [ ] ]) | c: (1,[ SIGNED@sdf_testnet_1 txH: 852f70, ct: 1772547210, upgrades: [ ] ]) | M: 3"
   },
   "nomination" : {
      "roundnumber" : 0,
      "started" : false
   },
   "quorum_sets" : {
      "59d361" : {
         "t" : 2,
         "v" : [ "sdf_testnet_2", "sdf_testnet_3", "sdf_testnet_1" ]
      }
   },
   "statements" : [
      [
         1772547466,
         "{ENV@sdf_testnet_1 |  i: 1309504 | EXTERNALIZE | c: (1,[ SIGNED@sdf_testnet_1 txH: 852f70, ct: 1772547210, upgrades: [ ] ]) | h.n: 1 | (lastD): 59d361 }",
         false
      ],
      [
         1772547466,
         "{ENV@sdf_testnet_3 |  i: 1309504 | EXTERNALIZE | c: (1,[ SIGNED@sdf_testnet_1 txH: 852f70, ct: 1772547210, upgrades: [ ] ]) | h.n: 1 | (lastD): 59d361 }",
         false
      ],
      [
         1772547466,
         "{ENV@GBJZN |  i: 1309504 | PREPARE | D: 59d361 | b: (0,[:empty:]) | p: (4294967295,[ SIGNED@sdf_testnet_1 txH: 852f70, ct: 1772547210, upgrades: [ ] ]) | p': (<null_ballot>) | c.n: 0 | h.n: 0 }",
         false
      ],
      [
         1772547466,
         "{ENV@GBJZN |  i: 1309504 | PREPARE | D: 59d361 | b: (4294967295,[ SIGNED@sdf_testnet_1 txH: 852f70, ct: 1772547210, upgrades: [ ] ]) | p: (4294967295,[ SIGNED@sdf_testnet_1 txH: 852f70, ct: 1772547210, upgrades: [ ] ]) | p': (<null_ballot>) | c.n: 4294967295 | h.n: 4294967295 }",
         false
      ],
      [
         1772547466,
         "{ENV@GBJZN |  i: 1309504 | CONFIRM | D: 59d361 | b: (4294967295,[ SIGNED@sdf_testnet_1 txH: 852f70, ct: 1772547210, upgrades: [ ] ]) | p.n: 4294967295 | c.n: 1 | h.n: 4294967295 }",
         false
      ],
      [
         1772547466,
         "{ENV@GBJZN |  i: 1309504 | EXTERNALIZE | c: (1,[ SIGNED@sdf_testnet_1 txH: 852f70, ct: 1772547210, upgrades: [ ] ]) | h.n: 4294967295 | (lastD): 59d361 }",
         false
      ]
   ],
   "validated" : false
}

2026-03-03T14:17:46.275 GBJZN [SCP FATAL] Exception processing SCP messages at 1309504, envelope: {ENV@GBJZN |  i: 1309504 | PREPARE | D: 59d361 | b: (0,[:empty:]) | p: (4294967295,[ SIGNED@sdf_testnet_1 txH: 852f70, ct: 1772547210, upgrades: [ ] ]) | p': (<null_ballot>) | c.n: 0 | h.n: 0 }
2026-03-03T14:17:46.275 GBJZN [SCP FATAL] Please report this bug along with this log file if this was not expected
2026-03-03T14:17:46.275 GBJZN [SCP FATAL] Exception: Cannot commit transaction. database or disk is full
2026-03-03T14:17:46.275 GBJZN [SCP FATAL] SCP context (GBJZN): 
2026-03-03T14:17:46.275 GBJZN [SCP FATAL] {
   "ballotProtocol" : {
      "ballot" : "(4294967295,[ SIGNED@sdf_testnet_1 txH: 852f70, ct: 1772547210, upgrades: [ ] ])",
      "heard" : false,
      "phase" : "EXTERNALIZE",
      "state" : "i: 1309504 | EXTERNALIZE | b: (4294967295,[ SIGNED@sdf_testnet_1 txH: 852f70, ct: 1772547210, upgrades: [ ] ]) | p: (4294967295,[ SIGNED@sdf_testnet_1 txH: 852f70, ct: 1772547210, upgrades: [ ] ]) | p': (<null_ballot>) | h: (4294967295,[ SIGNED@sdf_testnet_1 txH: 852f70, ct: 1772547210, upgrades: [ ] ]) | c: (1,[ SIGNED@sdf_testnet_1 txH: 852f70, ct: 1772547210, upgrades: [ ] ]) | M: 3"
   },
   "nomination" : {
      "roundnumber" : 0,
      "started" : false
   },
   "quorum_sets" : {
      "59d361" : {
         "t" : 2,
         "v" : [ "sdf_testnet_2", "sdf_testnet_3", "sdf_testnet_1" ]
      }
   },
   "statements" : [
      [
         1772547466,
         "{ENV@sdf_testnet_1 |  i: 1309504 | EXTERNALIZE | c: (1,[ SIGNED@sdf_testnet_1 txH: 852f70, ct: 1772547210, upgrades: [ ] ]) | h.n: 1 | (lastD): 59d361 }",
         false
      ],
      [
         1772547466,
         "{ENV@sdf_testnet_3 |  i: 1309504 | EXTERNALIZE | c: (1,[ SIGNED@sdf_testnet_1 txH: 852f70, ct: 1772547210, upgrades: [ ] ]) | h.n: 1 | (lastD): 59d361 }",
         false
      ],
      [
         1772547466,
         "{ENV@GBJZN |  i: 1309504 | PREPARE | D: 59d361 | b: (0,[:empty:]) | p: (4294967295,[ SIGNED@sdf_testnet_1 txH: 852f70, ct: 1772547210, upgrades: [ ] ]) | p': (<null_ballot>) | c.n: 0 | h.n: 0 }",
         false
      ],
      [
         1772547466,
         "{ENV@GBJZN |  i: 1309504 | PREPARE | D: 59d361 | b: (4294967295,[ SIGNED@sdf_testnet_1 txH: 852f70, ct: 1772547210, upgrades: [ ] ]) | p: (4294967295,[ SIGNED@sdf_testnet_1 txH: 852f70, ct: 1772547210, upgrades: [ ] ]) | p': (<null_ballot>) | c.n: 4294967295 | h.n: 4294967295 }",
         false
      ],
      [
         1772547466,
         "{ENV@GBJZN |  i: 1309504 | CONFIRM | D: 59d361 | b: (4294967295,[ SIGNED@sdf_testnet_1 txH: 852f70, ct: 1772547210, upgrades: [ ] ]) | p.n: 4294967295 | c.n: 1 | h.n: 4294967295 }",
         false
      ],
      [
         1772547466,
         "{ENV@GBJZN |  i: 1309504 | EXTERNALIZE | c: (1,[ SIGNED@sdf_testnet_1 txH: 852f70, ct: 1772547210, upgrades: [ ] ]) | h.n: 4294967295 | (lastD): 59d361 }",
         false
      ]
   ],
   "validated" : false
}

2026-03-03T14:17:46.275 GBJZN [SCP FATAL] Exception processing SCP messages at 1309504, envelope: {ENV@sdf_testnet_3 |  i: 1309504 | EXTERNALIZE | c: (1,[ SIGNED@sdf_testnet_1 txH: 852f70, ct: 1772547210, upgrades: [ ] ]) | h.n: 1 | (lastD): 59d361 }
2026-03-03T14:17:46.275 GBJZN [SCP FATAL] Please report this bug along with this log file if this was not expected
