2026-03-04T12:12:07.907 GBADQ [default INFO] Starting stellar-core v25.1.1
2026-03-04T12:12:07.908 GBADQ [Database INFO] Connecting to: sqlite3:///opt/stellar/core/stellar.db
2026-03-04T12:12:07.919 GBADQ [SCP INFO] LocalNode::LocalNode@GBADQ qSet: 59d361
2026-03-04T12:12:07.920 GBADQ [Database INFO] DB schema is in current version
2026-03-04T12:12:07.920 GBADQ [default INFO] Listening on 0.0.0.0:11626 for HTTP requests
2026-03-04T12:12:07.920 GBADQ [Bucket INFO] BucketListDB enabled: pageSizeExponent: 14 indexCutOff: 20MB, persist indexes: true
2026-03-04T12:12:07.921 GBADQ [default INFO] Connection effective settings:
2026-03-04T12:12:07.921 GBADQ [default INFO] TARGET_PEER_CONNECTIONS: 8
2026-03-04T12:12:07.921 GBADQ [default INFO] MAX_ADDITIONAL_PEER_CONNECTIONS: 64
2026-03-04T12:12:07.921 GBADQ [default INFO] MAX_PENDING_CONNECTIONS: 500
2026-03-04T12:12:07.921 GBADQ [default INFO] MAX_OUTBOUND_PENDING_CONNECTIONS: 56
2026-03-04T12:12:07.921 GBADQ [default INFO] MAX_INBOUND_PENDING_CONNECTIONS: 444
2026-03-04T12:12:07.921 GBADQ [default INFO] BACKGROUND_OVERLAY_PROCESSING=true
2026-03-04T12:12:07.922 GBADQ [default INFO] PARALLEL_LEDGER_APPLY=true
2026-03-04T12:12:07.922 GBADQ [History INFO] Archive 'sdf_testnet_1' has 'get' command only, will not be written
2026-03-04T12:12:07.922 GBADQ [History INFO] Archive 'sdf_testnet_2' has 'get' command only, will not be written
2026-03-04T12:12:07.922 GBADQ [History INFO] Archive 'sdf_testnet_3' has 'get' command only, will not be written
2026-03-04T12:12:07.922 GBADQ [History WARNING] No writable archives configured, history will not be written.
2026-03-04T12:12:07.922 GBADQ [Ledger INFO] Starting up application
2026-03-04T12:12:07.922 GBADQ [Ledger INFO] Last closed ledger (LCL) hash is 3717cc2d58717d0d8a5612cf97b9c2e7c04d1eeb1b77151a59687fae75e4aab6
2026-03-04T12:12:07.922 GBADQ [Ledger INFO] Loaded LCL header from database: [seq=1325251, hash=3717cc]
2026-03-04T12:12:07.922 GBADQ [default INFO] Establishing 10-entry connection pool to: sqlite3:///opt/stellar/core/stellar.db
2026-03-04T12:12:08.535 GBADQ [Ledger INFO] Assumed bucket-state for LCL: [seq=1325251, hash=3717cc]
2026-03-04T12:12:08.536 GBADQ [default INFO] Launching 1 loading and 5 compiling background threads
2026-03-04T12:12:08.824 GBADQ [default INFO] Compiled 1642 contracts (43833304 bytes of Wasm) in 287ms real time, 1390ms CPU time
2026-03-04T12:12:11.252 GBADQ [Overlay INFO] Binding to endpoint 0.0.0.0:11625
2026-03-04T12:12:11.258 GBADQ [History INFO] Downloading history archive state: .well-known/stellar-history.json
2026-03-04T12:12:11.666 GBADQ [Process WARNING] process 6972 exited 23: curl -sf http://history.stellar.org/prd/core-testnet/core_testnet_001/.well-known/stellar-history.json -o buckets/tmp/history-770dc130eeccc0f8/8f07c57c2d0795b9-stellar-history.json
2026-03-04T12:12:11.666 GBADQ [History WARNING] Could not download file: archive sdf_testnet_1 maybe missing file .well-known/stellar-history.json
2026-03-04T12:12:11.667 GBADQ [History ERROR] Could not download .well-known/stellar-history.json file: corrupt archive sdf_testnet_1
2026-03-04T12:12:11.668 GBADQ [History ERROR] Failed to obtain archive information: sdf_testnet_1
2026-03-04T12:12:13.505 GBADQ [Overlay ERROR] PeerManager::store error: sqlite3_statement_backend::loadOne: database or disk is full on 98.91.174.101:11625
2026-03-04T12:12:13.506 GBADQ [Overlay ERROR] PeerManager::store error: sqlite3_statement_backend::loadOne: database or disk is full on 44.204.146.210:11625
2026-03-04T12:12:13.507 GBADQ [Overlay ERROR] PeerManager::store error: sqlite3_statement_backend::loadOne: database or disk is full on 44.213.67.110:11625
2026-03-04T12:12:13.508 GBADQ [Overlay ERROR] PeerManager::store error: sqlite3_statement_backend::loadOne: database or disk is full on 3.21.151.231:11725
2026-03-04T12:12:13.509 GBADQ [Overlay ERROR] PeerManager::store error: sqlite3_statement_backend::loadOne: database or disk is full on 141.98.219.41:11625
2026-03-04T12:12:13.510 GBADQ [Overlay ERROR] PeerManager::store error: sqlite3_statement_backend::loadOne: database or disk is full on 44.203.24.1:30400
2026-03-04T12:12:13.513 GBADQ [Overlay ERROR] PeerManager::store error: sqlite3_statement_backend::loadOne: database or disk is full on 174.138.52.29:11625
2026-03-04T12:12:13.514 GBADQ [Overlay ERROR] PeerManager::store error: sqlite3_statement_backend::loadOne: database or disk is full on 200.129.247.69:11625
2026-03-04T12:12:13.516 GBADQ [Overlay ERROR] PeerManager::store error: sqlite3_statement_backend::loadOne: database or disk is full on 18.201.241.124:30020
2026-03-04T12:12:13.517 GBADQ [Overlay ERROR] PeerManager::store error: sqlite3_statement_backend::loadOne: database or disk is full on 184.72.81.138:30020
2026-03-04T12:12:13.519 GBADQ [Overlay ERROR] PeerManager::store error: sqlite3_statement_backend::loadOne: database or disk is full on 200.129.247.110:11825
2026-03-04T12:12:13.520 GBADQ [Overlay ERROR] PeerManager::store error: sqlite3_statement_backend::loadOne: database or disk is full on 54.236.21.197:30020
2026-03-04T12:12:13.522 GBADQ [Overlay ERROR] PeerManager::store error: sqlite3_statement_backend::loadOne: database or disk is full on 3.95.1.43:30400
2026-03-04T12:12:13.523 GBADQ [Overlay ERROR] PeerManager::store error: sqlite3_statement_backend::loadOne: database or disk is full on 148.113.140.57:11625
2026-03-04T12:12:13.524 GBADQ [Overlay ERROR] PeerManager::store error: sqlite3_statement_backend::loadOne: database or disk is full on 216.169.132.69:11625
2026-03-04T12:12:13.526 GBADQ [Overlay ERROR] PeerManager::store error: sqlite3_statement_backend::loadOne: database or disk is full on 216.169.132.56:11625
2026-03-04T12:12:13.527 GBADQ [Overlay ERROR] PeerManager::store error: sqlite3_statement_backend::loadOne: database or disk is full on 34.241.153.42:30020
2026-03-04T12:12:13.528 GBADQ [Overlay ERROR] PeerManager::store error: sqlite3_statement_backend::loadOne: database or disk is full on 198.199.88.228:11625
2026-03-04T12:12:13.529 GBADQ [Overlay ERROR] PeerManager::store error: sqlite3_statement_backend::loadOne: database or disk is full on 173.244.202.69:11725
2026-03-04T12:12:13.530 GBADQ [Overlay ERROR] PeerManager::store error: sqlite3_statement_backend::loadOne: database or disk is full on 3.134.225.19:11725
2026-03-04T12:12:13.530 GBADQ [Overlay ERROR] PeerManager::store error: sqlite3_statement_backend::loadOne: database or disk is full on 34.227.52.150:30020
2026-03-04T12:12:13.531 GBADQ [Overlay ERROR] PeerManager::store error: sqlite3_statement_backend::loadOne: database or disk is full on 3.238.52.233:30400
2026-03-04T12:12:13.532 GBADQ [Overlay ERROR] PeerManager::store error: sqlite3_statement_backend::loadOne: database or disk is full on 200.129.247.139:11625
2026-03-04T12:12:13.533 GBADQ [Overlay ERROR] PeerManager::store error: sqlite3_statement_backend::loadOne: database or disk is full on 172.18.0.1:11825
2026-03-04T12:12:13.534 GBADQ [Overlay ERROR] PeerManager::store error: sqlite3_statement_backend::loadOne: database or disk is full on 188.245.186.123:11625
2026-03-04T12:12:13.535 GBADQ [Overlay ERROR] PeerManager::store error: sqlite3_statement_backend::loadOne: database or disk is full on 200.129.247.145:11625
2026-03-04T12:12:13.536 GBADQ [Overlay ERROR] PeerManager::store error: sqlite3_statement_backend::loadOne: database or disk is full on 147.92.216.66:11825
2026-03-04T12:12:13.537 GBADQ [Overlay ERROR] PeerManager::store error: sqlite3_statement_backend::loadOne: database or disk is full on 24.252.206.200:11625
2026-03-04T12:12:13.538 GBADQ [Overlay ERROR] PeerManager::store error: sqlite3_statement_backend::loadOne: database or disk is full on 147.92.159.184:11725
2026-03-04T12:12:13.539 GBADQ [Overlay ERROR] PeerManager::store error: sqlite3_statement_backend::loadOne: database or disk is full on 3.255.82.225:30020
2026-03-04T12:12:13.540 GBADQ [Overlay ERROR] PeerManager::store error: sqlite3_statement_backend::loadOne: database or disk is full on 50.16.48.217:30020
2026-03-04T12:12:13.541 GBADQ [Overlay ERROR] PeerManager::store error: sqlite3_statement_backend::loadOne: database or disk is full on 160.155.38.109:11625
2026-03-04T12:12:13.542 GBADQ [Overlay ERROR] PeerManager::store error: sqlite3_statement_backend::loadOne: database or disk is full on 18.201.51.16:30020
2026-03-04T12:12:13.543 GBADQ [Overlay ERROR] PeerManager::store error: sqlite3_statement_backend::loadOne: database or disk is full on 35.175.229.79:30400
2026-03-04T12:12:13.544 GBADQ [Overlay ERROR] PeerManager::store error: sqlite3_statement_backend::loadOne: database or disk is full on 200.129.247.55:11625
2026-03-04T12:12:13.546 GBADQ [Overlay ERROR] PeerManager::store error: sqlite3_statement_backend::loadOne: database or disk is full on 3.249.87.23:30020
2026-03-04T12:12:13.547 GBADQ [Overlay ERROR] PeerManager::store error: sqlite3_statement_backend::loadOne: database or disk is full on 64.23.179.161:11625
2026-03-04T12:12:13.549 GBADQ [Overlay ERROR] PeerManager::store error: sqlite3_statement_backend::loadOne: database or disk is full on 3.150.21.71:11725
2026-03-04T12:12:13.550 GBADQ [Overlay ERROR] PeerManager::store error: sqlite3_statement_backend::loadOne: database or disk is full on 206.125.34.196:11725
2026-03-04T12:12:13.552 GBADQ [Overlay ERROR] PeerManager::store error: sqlite3_statement_backend::loadOne: database or disk is full on 34.229.162.244:30020
2026-03-04T12:12:13.553 GBADQ [Overlay ERROR] PeerManager::store error: sqlite3_statement_backend::loadOne: database or disk is full on 13.217.88.18:8009
2026-03-04T12:12:13.554 GBADQ [Overlay ERROR] PeerManager::store error: sqlite3_statement_backend::loadOne: database or disk is full on 54.163.22.184:30020
2026-03-04T12:12:13.555 GBADQ [Overlay ERROR] PeerManager::store error: sqlite3_statement_backend::loadOne: database or disk is full on 185.91.122.95:11725
2026-03-04T12:12:13.556 GBADQ [Overlay ERROR] PeerManager::store error: sqlite3_statement_backend::loadOne: database or disk is full on 91.67.122.127:11625
2026-03-04T12:12:13.557 GBADQ [Overlay ERROR] PeerManager::store error: sqlite3_statement_backend::loadOne: database or disk is full on 3.235.16.197:30020
2026-03-04T12:12:13.558 GBADQ [Overlay ERROR] PeerManager::store error: sqlite3_statement_backend::loadOne: database or disk is full on 200.129.247.42:11625
2026-03-04T12:12:13.558 GBADQ [Overlay ERROR] PeerManager::store error: sqlite3_statement_backend::loadOne: database or disk is full on 200.129.247.138:11625
2026-03-04T12:12:13.559 GBADQ [Overlay ERROR] PeerManager::store error: sqlite3_statement_backend::loadOne: database or disk is full on 91.242.214.69:11625
2026-03-04T12:12:13.561 GBADQ [Overlay ERROR] PeerManager::store error: sqlite3_statement_backend::loadOne: database or disk is full on 185.255.131.210:11625
2026-03-04T12:12:13.562 GBADQ [Overlay ERROR] PeerManager::store error: sqlite3_statement_backend::loadOne: database or disk is full on 52.91.130.193:30020
2026-03-04T12:12:13.934 GBADQ [Overlay ERROR] PeerManager::store error: sqlite3_statement_backend::loadOne: database or disk is full on 44.203.24.1:30400
2026-03-04T12:12:13.935 GBADQ [Overlay INFO] Authenticated to 44.203.24.1:30400
2026-03-04T12:12:13.967 GBADQ [Overlay ERROR] PeerManager::store error: sqlite3_statement_backend::loadOne: database or disk is full on 3.21.151.231:11725
2026-03-04T12:12:13.968 GBADQ [Overlay INFO] Authenticated to 3.21.151.231:11725
2026-03-04T12:12:13.968 GBADQ [Overlay ERROR] PeerManager::store error: sqlite3_statement_backend::loadOne: database or disk is full on 34.245.167.15:30020
2026-03-04T12:12:13.970 GBADQ [Overlay ERROR] PeerManager::store error: sqlite3_statement_backend::loadOne: database or disk is full on 141.98.219.41:11625
2026-03-04T12:12:13.970 GBADQ [Overlay INFO] Authenticated to 141.98.219.41:11625
2026-03-04T12:12:13.971 GBADQ [Overlay ERROR] PeerManager::store error: sqlite3_statement_backend::loadOne: database or disk is full on 18.206.213.41:30020
2026-03-04T12:12:16.214 GBADQ [SCP FATAL] Exception: Cannot commit transaction. database or disk is full
2026-03-04T12:12:16.215 GBADQ [SCP FATAL] SCP context (GBADQ): 
2026-03-04T12:12:16.216 GBADQ [SCP FATAL] {
   "ballotProtocol" : {
      "ballot" : "(4294967295,[ SIGNED@sdf_testnet_2 txH: d20f15, ct: 1772626018, upgrades: [ ] ])",
      "heard" : false,
      "phase" : "EXTERNALIZE",
      "state" : "i: 1325248 | EXTERNALIZE | b: (4294967295,[ SIGNED@sdf_testnet_2 txH: d20f15, ct: 1772626018, upgrades: [ ] ]) | p: (4294967295,[ SIGNED@sdf_testnet_2 txH: d20f15, ct: 1772626018, upgrades: [ ] ]) | p': (<null_ballot>) | h: (4294967295,[ SIGNED@sdf_testnet_2 txH: d20f15, ct: 1772626018, upgrades: [ ] ]) | c: (1,[ SIGNED@sdf_testnet_2 txH: d20f15, ct: 1772626018, upgrades: [ ] ]) | M: 3"
   },
   "nomination" : {
      "roundnumber" : 0,
      "started" : false
   },
   "quorum_sets" : {
      "59d361" : {
         "t" : 2,
         "v" : [ "sdf_testnet_2", "sdf_testnet_3", "sdf_testnet_1" ]
      }
   },
   "statements" : [
      [
         1772626336,
         "{ENV@sdf_testnet_1 |  i: 1325248 | EXTERNALIZE | c: (1,[ SIGNED@sdf_testnet_2 txH: d20f15, ct: 1772626018, upgrades: [ ] ]) | h.n: 1 | (lastD): 59d361 }",
         false
      ],
      [
         1772626336,
         "{ENV@sdf_testnet_3 |  i: 1325248 | EXTERNALIZE | c: (1,[ SIGNED@sdf_testnet_2 txH: d20f15, ct: 1772626018, upgrades: [ ] ]) | h.n: 1 | (lastD): 59d361 }",
         false
      ],
      [
         1772626336,
         "{ENV@GBADQ |  i: 1325248 | PREPARE | D: 59d361 | b: (0,[:empty:]) | p: (4294967295,[ SIGNED@sdf_testnet_2 txH: d20f15, ct: 1772626018, upgrades: [ ] ]) | p': (<null_ballot>) | c.n: 0 | h.n: 0 }",
         false
      ],
      [
         1772626336,
         "{ENV@GBADQ |  i: 1325248 | PREPARE | D: 59d361 | b: (4294967295,[ SIGNED@sdf_testnet_2 txH: d20f15, ct: 1772626018, upgrades: [ ] ]) | p: (4294967295,[ SIGNED@sdf_testnet_2 txH: d20f15, ct: 1772626018, upgrades: [ ] ]) | p': (<null_ballot>) | c.n: 4294967295 | h.n: 4294967295 }",
         false
      ],
      [
         1772626336,
         "{ENV@GBADQ |  i: 1325248 | CONFIRM | D: 59d361 | b: (4294967295,[ SIGNED@sdf_testnet_2 txH: d20f15, ct: 1772626018, upgrades: [ ] ]) | p.n: 4294967295 | c.n: 1 | h.n: 4294967295 }",
         false
      ],
      [
         1772626336,
         "{ENV@GBADQ |  i: 1325248 | EXTERNALIZE | c: (1,[ SIGNED@sdf_testnet_2 txH: d20f15, ct: 1772626018, upgrades: [ ] ]) | h.n: 4294967295 | (lastD): 59d361 }",
         false
      ]
   ],
   "validated" : false
}

2026-03-04T12:12:16.218 GBADQ [SCP FATAL] Exception processing SCP messages at 1325248, envelope: {ENV@GBADQ |  i: 1325248 | CONFIRM | D: 59d361 | b: (4294967295,[ SIGNED@sdf_testnet_2 txH: d20f15, ct: 1772626018, upgrades: [ ] ]) | p.n: 4294967295 | c.n: 1 | h.n: 4294967295 }
2026-03-04T12:12:16.219 GBADQ [SCP FATAL] Please report this bug along with this log file if this was not expected
2026-03-04T12:12:16.220 GBADQ [SCP FATAL] Exception: Cannot commit transaction. database or disk is full
2026-03-04T12:12:16.220 GBADQ [SCP FATAL] SCP context (GBADQ): 
2026-03-04T12:12:16.221 GBADQ [SCP FATAL] {
   "ballotProtocol" : {
      "ballot" : "(4294967295,[ SIGNED@sdf_testnet_2 txH: d20f15, ct: 1772626018, upgrades: [ ] ])",
      "heard" : false,
      "phase" : "EXTERNALIZE",
      "state" : "i: 1325248 | EXTERNALIZE | b: (4294967295,[ SIGNED@sdf_testnet_2 txH: d20f15, ct: 1772626018, upgrades: [ ] ]) | p: (4294967295,[ SIGNED@sdf_testnet_2 txH: d20f15, ct: 1772626018, upgrades: [ ] ]) | p': (<null_ballot>) | h: (4294967295,[ SIGNED@sdf_testnet_2 txH: d20f15, ct: 1772626018, upgrades: [ ] ]) | c: (1,[ SIGNED@sdf_testnet_2 txH: d20f15, ct: 1772626018, upgrades: [ ] ]) | M: 3"
   },
   "nomination" : {
      "roundnumber" : 0,
      "started" : false
   },
   "quorum_sets" : {
      "59d361" : {
         "t" : 2,
         "v" : [ "sdf_testnet_2", "sdf_testnet_3", "sdf_testnet_1" ]
      }
   },
   "statements" : [
      [
         1772626336,
         "{ENV@sdf_testnet_1 |  i: 1325248 | EXTERNALIZE | c: (1,[ SIGNED@sdf_testnet_2 txH: d20f15, ct: 1772626018, upgrades: [ ] ]) | h.n: 1 | (lastD): 59d361 }",
         false
      ],
      [
         1772626336,
         "{ENV@sdf_testnet_3 |  i: 1325248 | EXTERNALIZE | c: (1,[ SIGNED@sdf_testnet_2 txH: d20f15, ct: 1772626018, upgrades: [ ] ]) | h.n: 1 | (lastD): 59d361 }",
         false
      ],
      [
         1772626336,
         "{ENV@GBADQ |  i: 1325248 | PREPARE | D: 59d361 | b: (0,[:empty:]) | p: (4294967295,[ SIGNED@sdf_testnet_2 txH: d20f15, ct: 1772626018, upgrades: [ ] ]) | p': (<null_ballot>) | c.n: 0 | h.n: 0 }",
         false
      ],
      [
         1772626336,
         "{ENV@GBADQ |  i: 1325248 | PREPARE | D: 59d361 | b: (4294967295,[ SIGNED@sdf_testnet_2 txH: d20f15, ct: 1772626018, upgrades: [ ] ]) | p: (4294967295,[ SIGNED@sdf_testnet_2 txH: d20f15, ct: 1772626018, upgrades: [ ] ]) | p': (<null_ballot>) | c.n: 4294967295 | h.n: 4294967295 }",
         false
      ],
      [
         1772626336,
         "{ENV@GBADQ |  i: 1325248 | CONFIRM | D: 59d361 | b: (4294967295,[ SIGNED@sdf_testnet_2 txH: d20f15, ct: 1772626018, upgrades: [ ] ]) | p.n: 4294967295 | c.n: 1 | h.n: 4294967295 }",
         false
      ],
      [
         1772626336,
         "{ENV@GBADQ |  i: 1325248 | EXTERNALIZE | c: (1,[ SIGNED@sdf_testnet_2 txH: d20f15, ct: 1772626018, upgrades: [ ] ]) | h.n: 4294967295 | (lastD): 59d361 }",
         false
      ]
   ],
   "validated" : false
}

2026-03-04T12:12:16.223 GBADQ [SCP FATAL] Exception processing SCP messages at 1325248, envelope: {ENV@GBADQ |  i: 1325248 | PREPARE | D: 59d361 | b: (4294967295,[ SIGNED@sdf_testnet_2 txH: d20f15, ct: 1772626018, upgrades: [ ] ]) | p: (4294967295,[ SIGNED@sdf_testnet_2 txH: d20f15, ct: 1772626018, upgrades: [ ] ]) | p': (<null_ballot>) | c.n: 4294967295 | h.n: 4294967295 }
2026-03-04T12:12:16.223 GBADQ [SCP FATAL] Please report this bug along with this log file if this was not expected
2026-03-04T12:12:16.224 GBADQ [SCP FATAL] Exception: Cannot commit transaction. database or disk is full
2026-03-04T12:12:16.224 GBADQ [SCP FATAL] SCP context (GBADQ): 
2026-03-04T12:12:16.225 GBADQ [SCP FATAL] {
   "ballotProtocol" : {
      "ballot" : "(4294967295,[ SIGNED@sdf_testnet_2 txH: d20f15, ct: 1772626018, upgrades: [ ] ])",
      "heard" : false,
      "phase" : "EXTERNALIZE",
      "state" : "i: 1325248 | EXTERNALIZE | b: (4294967295,[ SIGNED@sdf_testnet_2 txH: d20f15, ct: 1772626018, upgrades: [ ] ]) | p: (4294967295,[ SIGNED@sdf_testnet_2 txH: d20f15, ct: 1772626018, upgrades: [ ] ]) | p': (<null_ballot>) | h: (4294967295,[ SIGNED@sdf_testnet_2 txH: d20f15, ct: 1772626018, upgrades: [ ] ]) | c: (1,[ SIGNED@sdf_testnet_2 txH: d20f15, ct: 1772626018, upgrades: [ ] ]) | M: 3"
   },
   "nomination" : {
      "roundnumber" : 0,
      "started" : false
   },
   "quorum_sets" : {
      "59d361" : {
         "t" : 2,
         "v" : [ "sdf_testnet_2", "sdf_testnet_3", "sdf_testnet_1" ]
      }
   },
   "statements" : [
      [
         1772626336,
         "{ENV@sdf_testnet_1 |  i: 1325248 | EXTERNALIZE | c: (1,[ SIGNED@sdf_testnet_2 txH: d20f15, ct: 1772626018, upgrades: [ ] ]) | h.n: 1 | (lastD): 59d361 }",
         false
      ],
      [
         1772626336,
         "{ENV@sdf_testnet_3 |  i: 1325248 | EXTERNALIZE | c: (1,[ SIGNED@sdf_testnet_2 txH: d20f15, ct: 1772626018, upgrades: [ ] ]) | h.n: 1 | (lastD): 59d361 }",
         false
      ],
      [
         1772626336,
         "{ENV@GBADQ |  i: 1325248 | PREPARE | D: 59d361 | b: (0,[:empty:]) | p: (4294967295,[ SIGNED@sdf_testnet_2 txH: d20f15, ct: 1772626018, upgrades: [ ] ]) | p': (<null_ballot>) | c.n: 0 | h.n: 0 }",
         false
      ],
      [
         1772626336,
         "{ENV@GBADQ |  i: 1325248 | PREPARE | D: 59d361 | b: (4294967295,[ SIGNED@sdf_testnet_2 txH: d20f15, ct: 1772626018, upgrades: [ ] ]) | p: (4294967295,[ SIGNED@sdf_testnet_2 txH: d20f15, ct: 1772626018, upgrades: [ ] ]) | p': (<null_ballot>) | c.n: 4294967295 | h.n: 4294967295 }",
         false
      ],
      [
         1772626336,
         "{ENV@GBADQ |  i: 1325248 | CONFIRM | D: 59d361 | b: (4294967295,[ SIGNED@sdf_testnet_2 txH: d20f15, ct: 1772626018, upgrades: [ ] ]) | p.n: 4294967295 | c.n: 1 | h.n: 4294967295 }",
         false
      ],
      [
         1772626336,
         "{ENV@GBADQ |  i: 1325248 | EXTERNALIZE | c: (1,[ SIGNED@sdf_testnet_2 txH: d20f15, ct: 1772626018, upgrades: [ ] ]) | h.n: 4294967295 | (lastD): 59d361 }",
         false
      ]
   ],
   "validated" : false
}

2026-03-04T12:12:16.226 GBADQ [SCP FATAL] Exception processing SCP messages at 1325248, envelope: {ENV@GBADQ |  i: 1325248 | PREPARE | D: 59d361 | b: (0,[:empty:]) | p: (4294967295,[ SIGNED@sdf_testnet_2 txH: d20f15, ct: 1772626018, upgrades: [ ] ]) | p': (<null_ballot>) | c.n: 0 | h.n: 0 }
2026-03-04T12:12:16.226 GBADQ [SCP FATAL] Please report this bug along with this log file if this was not expected
2026-03-04T12:12:16.226 GBADQ [SCP FATAL] Exception: Cannot commit transaction. database or disk is full
2026-03-04T12:12:16.226 GBADQ [SCP FATAL] SCP context (GBADQ): 
2026-03-04T12:12:16.227 GBADQ [SCP FATAL] {
   "ballotProtocol" : {
      "ballot" : "(4294967295,[ SIGNED@sdf_testnet_2 txH: d20f15, ct: 1772626018, upgrades: [ ] ])",
      "heard" : false,
      "phase" : "EXTERNALIZE",
      "state" : "i: 1325248 | EXTERNALIZE | b: (4294967295,[ SIGNED@sdf_testnet_2 txH: d20f15, ct: 1772626018, upgrades: [ ] ]) | p: (4294967295,[ SIGNED@sdf_testnet_2 txH: d20f15, ct: 1772626018, upgrades: [ ] ]) | p': (<null_ballot>) | h: (4294967295,[ SIGNED@sdf_testnet_2 txH: d20f15, ct: 1772626018, upgrades: [ ] ]) | c: (1,[ SIGNED@sdf_testnet_2 txH: d20f15, ct: 1772626018, upgrades: [ ] ]) | M: 3"
   },
   "nomination" : {
      "roundnumber" : 0,
      "started" : false
   },
   "quorum_sets" : {
      "59d361" : {
         "t" : 2,
         "v" : [ "sdf_testnet_2", "sdf_testnet_3", "sdf_testnet_1" ]
      }
   },
   "statements" : [
      [
         1772626336,
         "{ENV@sdf_testnet_1 |  i: 1325248 | EXTERNALIZE | c: (1,[ SIGNED@sdf_testnet_2 txH: d20f15, ct: 1772626018, upgrades: [ ] ]) | h.n: 1 | (lastD): 59d361 }",
         false
      ],
      [
         1772626336,
         "{ENV@sdf_testnet_3 |  i: 1325248 | EXTERNALIZE | c: (1,[ SIGNED@sdf_testnet_2 txH: d20f15, ct: 1772626018, upgrades: [ ] ]) | h.n: 1 | (lastD): 59d361 }",
         false
      ],
      [
         1772626336,
         "{ENV@GBADQ |  i: 1325248 | PREPARE | D: 59d361 | b: (0,[:empty:]) | p: (4294967295,[ SIGNED@sdf_testnet_2 txH: d20f15, ct: 1772626018, upgrades: [ ] ]) | p': (<null_ballot>) | c.n: 0 | h.n: 0 }",
         false
      ],
      [
         1772626336,
         "{ENV@GBADQ |  i: 1325248 | PREPARE | D: 59d361 | b: (4294967295,[ SIGNED@sdf_testnet_2 txH: d20f15, ct: 1772626018, upgrades: [ ] ]) | p: (4294967295,[ SIGNED@sdf_testnet_2 txH: d20f15, ct: 1772626018, upgrades: [ ] ]) | p': (<null_ballot>) | c.n: 4294967295 | h.n: 4294967295 }",
         false
      ],
      [
         1772626336,
         "{ENV@GBADQ |  i: 1325248 | CONFIRM | D: 59d361 | b: (4294967295,[ SIGNED@sdf_testnet_2 txH: d20f15, ct: 1772626018, upgrades: [ ] ]) | p.n: 4294967295 | c.n: 1 | h.n: 4294967295 }",
         false
      ],
      [
         1772626336,
         "{ENV@GBADQ |  i: 1325248 | EXTERNALIZE | c: (1,[ SIGNED@sdf_testnet_2 txH: d20f15, ct: 1772626018, upgrades: [ ] ]) | h.n: 4294967295 | (lastD): 59d361 }",
         false
      ]
   ],
   "validated" : false
}

2026-03-04T12:12:16.227 GBADQ [SCP FATAL] Exception processing SCP messages at 1325248, envelope: {ENV@sdf_testnet_3 |  i: 1325248 | EXTERNALIZE | c: (1,[ SIGNED@sdf_testnet_2 txH: d20f15, ct: 1772626018, upgrades: [ ] ]) | h.n: 1 | (lastD): 59d361 }
2026-03-04T12:12:16.227 GBADQ [SCP FATAL] Please report this bug along with this log file if this was not expected
