2026-03-03T15:08:34.897 GAANQ [default INFO] Starting stellar-core v25.1.1
2026-03-03T15:08:34.898 GAANQ [Database INFO] Connecting to: sqlite3:///opt/stellar/core/stellar.db
2026-03-03T15:08:34.906 GAANQ [SCP INFO] LocalNode::LocalNode@GAANQ qSet: 59d361
2026-03-03T15:08:34.906 GAANQ [Database INFO] DB schema is in current version
2026-03-03T15:08:34.906 GAANQ [default INFO] Listening on 0.0.0.0:11626 for HTTP requests
2026-03-03T15:08:34.906 GAANQ [Bucket INFO] BucketListDB enabled: pageSizeExponent: 14 indexCutOff: 20MB, persist indexes: true
2026-03-03T15:08:34.907 GAANQ [default INFO] Connection effective settings:
2026-03-03T15:08:34.907 GAANQ [default INFO] TARGET_PEER_CONNECTIONS: 8
2026-03-03T15:08:34.907 GAANQ [default INFO] MAX_ADDITIONAL_PEER_CONNECTIONS: 64
2026-03-03T15:08:34.907 GAANQ [default INFO] MAX_PENDING_CONNECTIONS: 500
2026-03-03T15:08:34.907 GAANQ [default INFO] MAX_OUTBOUND_PENDING_CONNECTIONS: 56
2026-03-03T15:08:34.907 GAANQ [default INFO] MAX_INBOUND_PENDING_CONNECTIONS: 444
2026-03-03T15:08:34.907 GAANQ [default INFO] BACKGROUND_OVERLAY_PROCESSING=true
2026-03-03T15:08:34.907 GAANQ [default INFO] PARALLEL_LEDGER_APPLY=true
2026-03-03T15:08:34.907 GAANQ [History INFO] Archive 'sdf_testnet_1' has 'get' command only, will not be written
2026-03-03T15:08:34.907 GAANQ [History INFO] Archive 'sdf_testnet_2' has 'get' command only, will not be written
2026-03-03T15:08:34.907 GAANQ [History INFO] Archive 'sdf_testnet_3' has 'get' command only, will not be written
2026-03-03T15:08:34.907 GAANQ [History WARNING] No writable archives configured, history will not be written.
2026-03-03T15:08:34.907 GAANQ [Ledger INFO] Starting up application
2026-03-03T15:08:34.907 GAANQ [Ledger INFO] Last closed ledger (LCL) hash is bb5348e263dc812d4fc2ada832acadf77b38248092caeae806251a9d7fba4cbe
2026-03-03T15:08:34.907 GAANQ [Ledger INFO] Loaded LCL header from database: [seq=1310157, hash=bb5348]
2026-03-03T15:08:34.907 GAANQ [default INFO] Establishing 10-entry connection pool to: sqlite3:///opt/stellar/core/stellar.db
2026-03-03T15:08:35.360 GAANQ [Ledger INFO] Assumed bucket-state for LCL: [seq=1310157, hash=bb5348]
2026-03-03T15:08:35.361 GAANQ [default INFO] Launching 1 loading and 5 compiling background threads
2026-03-03T15:08:35.587 GAANQ [default INFO] Compiled 1684 contracts (45055210 bytes of Wasm) in 226ms real time, 1093ms CPU time
2026-03-03T15:08:37.682 GAANQ [Overlay INFO] Binding to endpoint 0.0.0.0:11625
2026-03-03T15:08:37.688 GAANQ [History INFO] Downloading history archive state: .well-known/stellar-history.json
2026-03-03T15:08:38.067 GAANQ [Process WARNING] process 2645 exited 23: curl -sf http://history.stellar.org/prd/core-testnet/core_testnet_001/.well-known/stellar-history.json -o buckets/tmp/history-34338b45deffac9d/e07bec21972d79fd-stellar-history.json
2026-03-03T15:08:38.067 GAANQ [History WARNING] Could not download file: archive sdf_testnet_1 maybe missing file .well-known/stellar-history.json
2026-03-03T15:08:38.067 GAANQ [History ERROR] Could not download .well-known/stellar-history.json file: corrupt archive sdf_testnet_1
2026-03-03T15:08:38.069 GAANQ [History ERROR] Failed to obtain archive information: sdf_testnet_1
2026-03-03T15:08:39.909 GAANQ [Overlay ERROR] PeerManager::store error: sqlite3_statement_backend::loadOne: database or disk is full on 98.91.174.101:11625
2026-03-03T15:08:39.910 GAANQ [Overlay ERROR] PeerManager::store error: sqlite3_statement_backend::loadOne: database or disk is full on 44.204.146.210:11625
2026-03-03T15:08:39.911 GAANQ [Overlay ERROR] PeerManager::store error: sqlite3_statement_backend::loadOne: database or disk is full on 44.213.67.110:11625
2026-03-03T15:08:39.911 GAANQ [Overlay ERROR] PeerManager::store error: sqlite3_statement_backend::loadOne: database or disk is full on 200.129.247.71:11625
2026-03-03T15:08:39.912 GAANQ [Overlay ERROR] PeerManager::store error: sqlite3_statement_backend::loadOne: database or disk is full on 204.16.247.83:11625
2026-03-03T15:08:39.913 GAANQ [Overlay ERROR] PeerManager::store error: sqlite3_statement_backend::loadOne: database or disk is full on 93.127.160.241:11625
2026-03-03T15:08:39.914 GAANQ [Overlay ERROR] PeerManager::store error: sqlite3_statement_backend::loadOne: database or disk is full on 3.255.82.225:30020
2026-03-03T15:08:39.914 GAANQ [Overlay ERROR] PeerManager::store error: sqlite3_statement_backend::loadOne: database or disk is full on 3.238.52.233:30400
2026-03-03T15:08:39.915 GAANQ [Overlay ERROR] PeerManager::store error: sqlite3_statement_backend::loadOne: database or disk is full on 54.90.248.176:30020
2026-03-03T15:08:39.916 GAANQ [Overlay ERROR] PeerManager::store error: sqlite3_statement_backend::loadOne: database or disk is full on 174.138.52.29:11625
2026-03-03T15:08:39.916 GAANQ [Overlay ERROR] PeerManager::store error: sqlite3_statement_backend::loadOne: database or disk is full on 34.245.167.15:30020
2026-03-03T15:08:39.917 GAANQ [Overlay ERROR] PeerManager::store error: sqlite3_statement_backend::loadOne: database or disk is full on 172.18.0.1:11625
2026-03-03T15:08:39.918 GAANQ [Overlay ERROR] PeerManager::store error: sqlite3_statement_backend::loadOne: database or disk is full on 50.16.48.217:30020
2026-03-03T15:08:39.918 GAANQ [Overlay ERROR] PeerManager::store error: sqlite3_statement_backend::loadOne: database or disk is full on 18.189.252.66:11725
2026-03-03T15:08:39.919 GAANQ [Overlay ERROR] PeerManager::store error: sqlite3_statement_backend::loadOne: database or disk is full on 148.113.140.57:11625
2026-03-03T15:08:39.919 GAANQ [Overlay ERROR] PeerManager::store error: sqlite3_statement_backend::loadOne: database or disk is full on 200.129.247.114:11625
2026-03-03T15:08:39.920 GAANQ [Overlay ERROR] PeerManager::store error: sqlite3_statement_backend::loadOne: database or disk is full on 13.217.88.18:8009
2026-03-03T15:08:39.920 GAANQ [Overlay ERROR] PeerManager::store error: sqlite3_statement_backend::loadOne: database or disk is full on 172.18.0.1:11725
2026-03-03T15:08:39.921 GAANQ [Overlay ERROR] PeerManager::store error: sqlite3_statement_backend::loadOne: database or disk is full on 3.18.193.104:11725
2026-03-03T15:08:39.921 GAANQ [Overlay ERROR] PeerManager::store error: sqlite3_statement_backend::loadOne: database or disk is full on 198.199.88.228:11625
2026-03-03T15:08:39.922 GAANQ [Overlay ERROR] PeerManager::store error: sqlite3_statement_backend::loadOne: database or disk is full on 54.163.22.184:30020
2026-03-03T15:08:39.922 GAANQ [Overlay ERROR] PeerManager::store error: sqlite3_statement_backend::loadOne: database or disk is full on 135.181.229.215:11628
2026-03-03T15:08:40.355 GAANQ [Overlay ERROR] PeerManager::store error: sqlite3_statement_backend::loadOne: database or disk is full on 204.16.247.83:11625
2026-03-03T15:08:40.356 GAANQ [Overlay INFO] Authenticated to 204.16.247.83:11625
2026-03-03T15:08:40.587 GAANQ [Overlay ERROR] PeerManager::store error: sqlite3_statement_backend::loadOne: database or disk is full on 93.127.160.241:11625
2026-03-03T15:08:40.588 GAANQ [Overlay INFO] Authenticated to 93.127.160.241:11625
2026-03-03T15:08:40.590 GAANQ [Overlay ERROR] PeerManager::store error: sqlite3_statement_backend::loadOne: database or disk is full on 200.129.247.139:11725
2026-03-03T15:08:40.658 GAANQ [SCP FATAL] Exception: Cannot commit transaction. database or disk is full
2026-03-03T15:08:40.658 GAANQ [SCP FATAL] SCP context (GAANQ): 
2026-03-03T15:08:40.659 GAANQ [SCP FATAL] {
   "ballotProtocol" : {
      "ballot" : "(4294967295,[ SIGNED@sdf_testnet_3 txH: ec67e8, ct: 1772550469, upgrades: [ ] ])",
      "heard" : false,
      "phase" : "EXTERNALIZE",
      "state" : "i: 1310155 | EXTERNALIZE | b: (4294967295,[ SIGNED@sdf_testnet_3 txH: ec67e8, ct: 1772550469, upgrades: [ ] ]) | p: (4294967295,[ SIGNED@sdf_testnet_3 txH: ec67e8, ct: 1772550469, upgrades: [ ] ]) | p': (<null_ballot>) | h: (4294967295,[ SIGNED@sdf_testnet_3 txH: ec67e8, ct: 1772550469, upgrades: [ ] ]) | c: (1,[ SIGNED@sdf_testnet_3 txH: ec67e8, ct: 1772550469, upgrades: [ ] ]) | M: 3"
   },
   "nomination" : {
      "roundnumber" : 0,
      "started" : false
   },
   "quorum_sets" : {
      "59d361" : {
         "t" : 2,
         "v" : [ "sdf_testnet_2", "sdf_testnet_3", "sdf_testnet_1" ]
      }
   },
   "statements" : [
      [
         1772550520,
         "{ENV@sdf_testnet_1 |  i: 1310155 | EXTERNALIZE | c: (1,[ SIGNED@sdf_testnet_3 txH: ec67e8, ct: 1772550469, upgrades: [ ] ]) | h.n: 1 | (lastD): 59d361 }",
         false
      ],
      [
         1772550520,
         "{ENV@sdf_testnet_3 |  i: 1310155 | EXTERNALIZE | c: (1,[ SIGNED@sdf_testnet_3 txH: ec67e8, ct: 1772550469, upgrades: [ ] ]) | h.n: 1 | (lastD): 59d361 }",
         false
      ],
      [
         1772550520,
         "{ENV@GAANQ |  i: 1310155 | PREPARE | D: 59d361 | b: (0,[:empty:]) | p: (4294967295,[ SIGNED@sdf_testnet_3 txH: ec67e8, ct: 1772550469, upgrades: [ ] ]) | p': (<null_ballot>) | c.n: 0 | h.n: 0 }",
         false
      ],
      [
         1772550520,
         "{ENV@GAANQ |  i: 1310155 | PREPARE | D: 59d361 | b: (4294967295,[ SIGNED@sdf_testnet_3 txH: ec67e8, ct: 1772550469, upgrades: [ ] ]) | p: (4294967295,[ SIGNED@sdf_testnet_3 txH: ec67e8, ct: 1772550469, upgrades: [ ] ]) | p': (<null_ballot>) | c.n: 4294967295 | h.n: 4294967295 }",
         false
      ],
      [
         1772550520,
         "{ENV@GAANQ |  i: 1310155 | CONFIRM | D: 59d361 | b: (4294967295,[ SIGNED@sdf_testnet_3 txH: ec67e8, ct: 1772550469, upgrades: [ ] ]) | p.n: 4294967295 | c.n: 1 | h.n: 4294967295 }",
         false
      ],
      [
         1772550520,
         "{ENV@GAANQ |  i: 1310155 | EXTERNALIZE | c: (1,[ SIGNED@sdf_testnet_3 txH: ec67e8, ct: 1772550469, upgrades: [ ] ]) | h.n: 4294967295 | (lastD): 59d361 }",
         false
      ]
   ],
   "validated" : false
}

2026-03-03T15:08:40.659 GAANQ [SCP FATAL] Exception processing SCP messages at 1310155, envelope: {ENV@GAANQ |  i: 1310155 | CONFIRM | D: 59d361 | b: (4294967295,[ SIGNED@sdf_testnet_3 txH: ec67e8, ct: 1772550469, upgrades: [ ] ]) | p.n: 4294967295 | c.n: 1 | h.n: 4294967295 }
2026-03-03T15:08:40.660 GAANQ [SCP FATAL] Please report this bug along with this log file if this was not expected
2026-03-03T15:08:40.660 GAANQ [SCP FATAL] Exception: Cannot commit transaction. database or disk is full
2026-03-03T15:08:40.660 GAANQ [SCP FATAL] SCP context (GAANQ): 
2026-03-03T15:08:40.660 GAANQ [SCP FATAL] {
   "ballotProtocol" : {
      "ballot" : "(4294967295,[ SIGNED@sdf_testnet_3 txH: ec67e8, ct: 1772550469, upgrades: [ ] ])",
      "heard" : false,
      "phase" : "EXTERNALIZE",
      "state" : "i: 1310155 | EXTERNALIZE | b: (4294967295,[ SIGNED@sdf_testnet_3 txH: ec67e8, ct: 1772550469, upgrades: [ ] ]) | p: (4294967295,[ SIGNED@sdf_testnet_3 txH: ec67e8, ct: 1772550469, upgrades: [ ] ]) | p': (<null_ballot>) | h: (4294967295,[ SIGNED@sdf_testnet_3 txH: ec67e8, ct: 1772550469, upgrades: [ ] ]) | c: (1,[ SIGNED@sdf_testnet_3 txH: ec67e8, ct: 1772550469, upgrades: [ ] ]) | M: 3"
   },
   "nomination" : {
      "roundnumber" : 0,
      "started" : false
   },
   "quorum_sets" : {
      "59d361" : {
         "t" : 2,
         "v" : [ "sdf_testnet_2", "sdf_testnet_3", "sdf_testnet_1" ]
      }
   },
   "statements" : [
      [
         1772550520,
         "{ENV@sdf_testnet_1 |  i: 1310155 | EXTERNALIZE | c: (1,[ SIGNED@sdf_testnet_3 txH: ec67e8, ct: 1772550469, upgrades: [ ] ]) | h.n: 1 | (lastD): 59d361 }",
         false
      ],
      [
         1772550520,
         "{ENV@sdf_testnet_3 |  i: 1310155 | EXTERNALIZE | c: (1,[ SIGNED@sdf_testnet_3 txH: ec67e8, ct: 1772550469, upgrades: [ ] ]) | h.n: 1 | (lastD): 59d361 }",
         false
      ],
      [
         1772550520,
         "{ENV@GAANQ |  i: 1310155 | PREPARE | D: 59d361 | b: (0,[:empty:]) | p: (4294967295,[ SIGNED@sdf_testnet_3 txH: ec67e8, ct: 1772550469, upgrades: [ ] ]) | p': (<null_ballot>) | c.n: 0 | h.n: 0 }",
         false
      ],
      [
         1772550520,
         "{ENV@GAANQ |  i: 1310155 | PREPARE | D: 59d361 | b: (4294967295,[ SIGNED@sdf_testnet_3 txH: ec67e8, ct: 1772550469, upgrades: [ ] ]) | p: (4294967295,[ SIGNED@sdf_testnet_3 txH: ec67e8, ct: 1772550469, upgrades: [ ] ]) | p': (<null_ballot>) | c.n: 4294967295 | h.n: 4294967295 }",
         false
      ],
      [
         1772550520,
         "{ENV@GAANQ |  i: 1310155 | CONFIRM | D: 59d361 | b: (4294967295,[ SIGNED@sdf_testnet_3 txH: ec67e8, ct: 1772550469, upgrades: [ ] ]) | p.n: 4294967295 | c.n: 1 | h.n: 4294967295 }",
         false
      ],
      [
         1772550520,
         "{ENV@GAANQ |  i: 1310155 | EXTERNALIZE | c: (1,[ SIGNED@sdf_testnet_3 txH: ec67e8, ct: 1772550469, upgrades: [ ] ]) | h.n: 4294967295 | (lastD): 59d361 }",
         false
      ]
   ],
   "validated" : false
}

2026-03-03T15:08:40.660 GAANQ [SCP FATAL] Exception processing SCP messages at 1310155, envelope: {ENV@GAANQ |  i: 1310155 | PREPARE | D: 59d361 | b: (4294967295,[ SIGNED@sdf_testnet_3 txH: ec67e8, ct: 1772550469, upgrades: [ ] ]) | p: (4294967295,[ SIGNED@sdf_testnet_3 txH: ec67e8, ct: 1772550469, upgrades: [ ] ]) | p': (<null_ballot>) | c.n: 4294967295 | h.n: 4294967295 }
2026-03-03T15:08:40.661 GAANQ [SCP FATAL] Please report this bug along with this log file if this was not expected
2026-03-03T15:08:40.661 GAANQ [SCP FATAL] Exception: Cannot commit transaction. database or disk is full
2026-03-03T15:08:40.661 GAANQ [SCP FATAL] SCP context (GAANQ): 
2026-03-03T15:08:40.661 GAANQ [SCP FATAL] {
   "ballotProtocol" : {
      "ballot" : "(4294967295,[ SIGNED@sdf_testnet_3 txH: ec67e8, ct: 1772550469, upgrades: [ ] ])",
      "heard" : false,
      "phase" : "EXTERNALIZE",
      "state" : "i: 1310155 | EXTERNALIZE | b: (4294967295,[ SIGNED@sdf_testnet_3 txH: ec67e8, ct: 1772550469, upgrades: [ ] ]) | p: (4294967295,[ SIGNED@sdf_testnet_3 txH: ec67e8, ct: 1772550469, upgrades: [ ] ]) | p': (<null_ballot>) | h: (4294967295,[ SIGNED@sdf_testnet_3 txH: ec67e8, ct: 1772550469, upgrades: [ ] ]) | c: (1,[ SIGNED@sdf_testnet_3 txH: ec67e8, ct: 1772550469, upgrades: [ ] ]) | M: 3"
   },
   "nomination" : {
      "roundnumber" : 0,
      "started" : false
   },
   "quorum_sets" : {
      "59d361" : {
         "t" : 2,
         "v" : [ "sdf_testnet_2", "sdf_testnet_3", "sdf_testnet_1" ]
      }
   },
   "statements" : [
      [
         1772550520,
         "{ENV@sdf_testnet_1 |  i: 1310155 | EXTERNALIZE | c: (1,[ SIGNED@sdf_testnet_3 txH: ec67e8, ct: 1772550469, upgrades: [ ] ]) | h.n: 1 | (lastD): 59d361 }",
         false
      ],
      [
         1772550520,
         "{ENV@sdf_testnet_3 |  i: 1310155 | EXTERNALIZE | c: (1,[ SIGNED@sdf_testnet_3 txH: ec67e8, ct: 1772550469, upgrades: [ ] ]) | h.n: 1 | (lastD): 59d361 }",
         false
      ],
      [
         1772550520,
         "{ENV@GAANQ |  i: 1310155 | PREPARE | D: 59d361 | b: (0,[:empty:]) | p: (4294967295,[ SIGNED@sdf_testnet_3 txH: ec67e8, ct: 1772550469, upgrades: [ ] ]) | p': (<null_ballot>) | c.n: 0 | h.n: 0 }",
         false
      ],
      [
         1772550520,
         "{ENV@GAANQ |  i: 1310155 | PREPARE | D: 59d361 | b: (4294967295,[ SIGNED@sdf_testnet_3 txH: ec67e8, ct: 1772550469, upgrades: [ ] ]) | p: (4294967295,[ SIGNED@sdf_testnet_3 txH: ec67e8, ct: 1772550469, upgrades: [ ] ]) | p': (<null_ballot>) | c.n: 4294967295 | h.n: 4294967295 }",
         false
      ],
      [
         1772550520,
         "{ENV@GAANQ |  i: 1310155 | CONFIRM | D: 59d361 | b: (4294967295,[ SIGNED@sdf_testnet_3 txH: ec67e8, ct: 1772550469, upgrades: [ ] ]) | p.n: 4294967295 | c.n: 1 | h.n: 4294967295 }",
         false
      ],
      [
         1772550520,
         "{ENV@GAANQ |  i: 1310155 | EXTERNALIZE | c: (1,[ SIGNED@sdf_testnet_3 txH: ec67e8, ct: 1772550469, upgrades: [ ] ]) | h.n: 4294967295 | (lastD): 59d361 }",
         false
      ]
   ],
   "validated" : false
}

2026-03-03T15:08:40.662 GAANQ [SCP FATAL] Exception processing SCP messages at 1310155, envelope: {ENV@GAANQ |  i: 1310155 | PREPARE | D: 59d361 | b: (0,[:empty:]) | p: (4294967295,[ SIGNED@sdf_testnet_3 txH: ec67e8, ct: 1772550469, upgrades: [ ] ]) | p': (<null_ballot>) | c.n: 0 | h.n: 0 }
2026-03-03T15:08:40.662 GAANQ [SCP FATAL] Please report this bug along with this log file if this was not expected
2026-03-03T15:08:40.662 GAANQ [SCP FATAL] Exception: Cannot commit transaction. database or disk is full
2026-03-03T15:08:40.662 GAANQ [SCP FATAL] SCP context (GAANQ): 
2026-03-03T15:08:40.662 GAANQ [SCP FATAL] {
   "ballotProtocol" : {
      "ballot" : "(4294967295,[ SIGNED@sdf_testnet_3 txH: ec67e8, ct: 1772550469, upgrades: [ ] ])",
      "heard" : false,
      "phase" : "EXTERNALIZE",
      "state" : "i: 1310155 | EXTERNALIZE | b: (4294967295,[ SIGNED@sdf_testnet_3 txH: ec67e8, ct: 1772550469, upgrades: [ ] ]) | p: (4294967295,[ SIGNED@sdf_testnet_3 txH: ec67e8, ct: 1772550469, upgrades: [ ] ]) | p': (<null_ballot>) | h: (4294967295,[ SIGNED@sdf_testnet_3 txH: ec67e8, ct: 1772550469, upgrades: [ ] ]) | c: (1,[ SIGNED@sdf_testnet_3 txH: ec67e8, ct: 1772550469, upgrades: [ ] ]) | M: 3"
   },
   "nomination" : {
      "roundnumber" : 0,
      "started" : false
   },
   "quorum_sets" : {
      "59d361" : {
         "t" : 2,
         "v" : [ "sdf_testnet_2", "sdf_testnet_3", "sdf_testnet_1" ]
      }
   },
   "statements" : [
      [
         1772550520,
         "{ENV@sdf_testnet_1 |  i: 1310155 | EXTERNALIZE | c: (1,[ SIGNED@sdf_testnet_3 txH: ec67e8, ct: 1772550469, upgrades: [ ] ]) | h.n: 1 | (lastD): 59d361 }",
         false
      ],
      [
         1772550520,
         "{ENV@sdf_testnet_3 |  i: 1310155 | EXTERNALIZE | c: (1,[ SIGNED@sdf_testnet_3 txH: ec67e8, ct: 1772550469, upgrades: [ ] ]) | h.n: 1 | (lastD): 59d361 }",
         false
      ],
      [
         1772550520,
         "{ENV@GAANQ |  i: 1310155 | PREPARE | D: 59d361 | b: (0,[:empty:]) | p: (4294967295,[ SIGNED@sdf_testnet_3 txH: ec67e8, ct: 1772550469, upgrades: [ ] ]) | p': (<null_ballot>) | c.n: 0 | h.n: 0 }",
         false
      ],
      [
         1772550520,
         "{ENV@GAANQ |  i: 1310155 | PREPARE | D: 59d361 | b: (4294967295,[ SIGNED@sdf_testnet_3 txH: ec67e8, ct: 1772550469, upgrades: [ ] ]) | p: (4294967295,[ SIGNED@sdf_testnet_3 txH: ec67e8, ct: 1772550469, upgrades: [ ] ]) | p': (<null_ballot>) | c.n: 4294967295 | h.n: 4294967295 }",
         false
      ],
      [
         1772550520,
         "{ENV@GAANQ |  i: 1310155 | CONFIRM | D: 59d361 | b: (4294967295,[ SIGNED@sdf_testnet_3 txH: ec67e8, ct: 1772550469, upgrades: [ ] ]) | p.n: 4294967295 | c.n: 1 | h.n: 4294967295 }",
         false
      ],
      [
         1772550520,
         "{ENV@GAANQ |  i: 1310155 | EXTERNALIZE | c: (1,[ SIGNED@sdf_testnet_3 txH: ec67e8, ct: 1772550469, upgrades: [ ] ]) | h.n: 4294967295 | (lastD): 59d361 }",
         false
      ]
   ],
   "validated" : false
}

2026-03-03T15:08:40.663 GAANQ [SCP FATAL] Exception processing SCP messages at 1310155, envelope: {ENV@sdf_testnet_3 |  i: 1310155 | EXTERNALIZE | c: (1,[ SIGNED@sdf_testnet_3 txH: ec67e8, ct: 1772550469, upgrades: [ ] ]) | h.n: 1 | (lastD): 59d361 }
2026-03-03T15:08:40.663 GAANQ [SCP FATAL] Please report this bug along with this log file if this was not expected
