2026-03-04T12:08:03.083 GCC5J [default INFO] Starting stellar-core v25.1.1
2026-03-04T12:08:03.084 GCC5J [Database INFO] Connecting to: sqlite3:///opt/stellar/core/stellar.db
2026-03-04T12:08:03.094 GCC5J [SCP INFO] LocalNode::LocalNode@GCC5J qSet: 59d361
2026-03-04T12:08:03.094 GCC5J [Database INFO] DB schema is in current version
2026-03-04T12:08:03.094 GCC5J [default INFO] Listening on 0.0.0.0:11626 for HTTP requests
2026-03-04T12:08:03.094 GCC5J [Bucket INFO] BucketListDB enabled: pageSizeExponent: 14 indexCutOff: 20MB, persist indexes: true
2026-03-04T12:08:03.095 GCC5J [default INFO] Connection effective settings:
2026-03-04T12:08:03.095 GCC5J [default INFO] TARGET_PEER_CONNECTIONS: 8
2026-03-04T12:08:03.095 GCC5J [default INFO] MAX_ADDITIONAL_PEER_CONNECTIONS: 64
2026-03-04T12:08:03.095 GCC5J [default INFO] MAX_PENDING_CONNECTIONS: 500
2026-03-04T12:08:03.095 GCC5J [default INFO] MAX_OUTBOUND_PENDING_CONNECTIONS: 56
2026-03-04T12:08:03.095 GCC5J [default INFO] MAX_INBOUND_PENDING_CONNECTIONS: 444
2026-03-04T12:08:03.095 GCC5J [default INFO] BACKGROUND_OVERLAY_PROCESSING=true
2026-03-04T12:08:03.095 GCC5J [default INFO] PARALLEL_LEDGER_APPLY=true
2026-03-04T12:08:03.095 GCC5J [History INFO] Archive 'sdf_testnet_1' has 'get' command only, will not be written
2026-03-04T12:08:03.095 GCC5J [History INFO] Archive 'sdf_testnet_2' has 'get' command only, will not be written
2026-03-04T12:08:03.095 GCC5J [History INFO] Archive 'sdf_testnet_3' has 'get' command only, will not be written
2026-03-04T12:08:03.095 GCC5J [History WARNING] No writable archives configured, history will not be written.
2026-03-04T12:08:03.095 GCC5J [Ledger INFO] Starting up application
2026-03-04T12:08:03.095 GCC5J [Ledger INFO] Last closed ledger (LCL) hash is 3717cc2d58717d0d8a5612cf97b9c2e7c04d1eeb1b77151a59687fae75e4aab6
2026-03-04T12:08:03.095 GCC5J [Ledger INFO] Loaded LCL header from database: [seq=1325251, hash=3717cc]
2026-03-04T12:08:03.095 GCC5J [default INFO] Establishing 10-entry connection pool to: sqlite3:///opt/stellar/core/stellar.db
2026-03-04T12:08:03.594 GCC5J [Ledger INFO] Assumed bucket-state for LCL: [seq=1325251, hash=3717cc]
2026-03-04T12:08:03.594 GCC5J [default INFO] Launching 1 loading and 5 compiling background threads
2026-03-04T12:08:03.810 GCC5J [default INFO] Compiled 1642 contracts (43833304 bytes of Wasm) in 215ms real time, 1041ms CPU time
2026-03-04T12:08:05.717 GCC5J [Overlay INFO] Binding to endpoint 0.0.0.0:11625
2026-03-04T12:08:05.722 GCC5J [History INFO] Downloading history archive state: .well-known/stellar-history.json
2026-03-04T12:08:06.107 GCC5J [History INFO] Downloading history archive state: .well-known/stellar-history.json
2026-03-04T12:08:06.582 GCC5J [Process WARNING] process 5163 exited 23: curl -sf http://history.stellar.org/prd/core-testnet/core_testnet_002/.well-known/stellar-history.json -o buckets/tmp/history-b57644f5622735bf/698c5efa292c2100-stellar-history.json
2026-03-04T12:08:06.582 GCC5J [History WARNING] Could not download file: archive sdf_testnet_2 maybe missing file .well-known/stellar-history.json
2026-03-04T12:08:06.582 GCC5J [History ERROR] Could not download .well-known/stellar-history.json file: corrupt archive sdf_testnet_2
2026-03-04T12:08:06.582 GCC5J [History ERROR] Failed to obtain archive information: sdf_testnet_2
2026-03-04T12:08:07.969 GCC5J [Overlay ERROR] PeerManager::store error: sqlite3_statement_backend::loadOne: database or disk is full on 98.91.174.101:11625
2026-03-04T12:08:07.970 GCC5J [Overlay ERROR] PeerManager::store error: sqlite3_statement_backend::loadOne: database or disk is full on 44.204.146.210:11625
2026-03-04T12:08:07.971 GCC5J [Overlay ERROR] PeerManager::store error: sqlite3_statement_backend::loadOne: database or disk is full on 44.213.67.110:11625
2026-03-04T12:08:07.972 GCC5J [Overlay ERROR] PeerManager::store error: sqlite3_statement_backend::loadOne: database or disk is full on 18.220.162.149:11725
2026-03-04T12:08:07.973 GCC5J [Overlay ERROR] PeerManager::store error: sqlite3_statement_backend::loadOne: database or disk is full on 44.213.67.110:11625
2026-03-04T12:08:07.975 GCC5J [Overlay ERROR] PeerManager::store error: sqlite3_statement_backend::loadOne: database or disk is full on 54.159.155.163:11625
2026-03-04T12:08:07.976 GCC5J [Overlay ERROR] PeerManager::store error: sqlite3_statement_backend::loadOne: database or disk is full on 24.252.206.200:11625
2026-03-04T12:08:07.978 GCC5J [Overlay ERROR] PeerManager::store error: sqlite3_statement_backend::loadOne: database or disk is full on 3.249.87.23:30020
2026-03-04T12:08:07.978 GCC5J [Overlay ERROR] PeerManager::store error: sqlite3_statement_backend::loadOne: database or disk is full on 147.92.216.66:11825
2026-03-04T12:08:07.980 GCC5J [Overlay ERROR] PeerManager::store error: sqlite3_statement_backend::loadOne: database or disk is full on 216.169.132.69:11625
2026-03-04T12:08:07.981 GCC5J [Overlay ERROR] PeerManager::store error: sqlite3_statement_backend::loadOne: database or disk is full on 54.236.21.197:30020
2026-03-04T12:08:07.982 GCC5J [Overlay ERROR] PeerManager::store error: sqlite3_statement_backend::loadOne: database or disk is full on 200.129.247.110:11825
2026-03-04T12:08:07.983 GCC5J [Overlay ERROR] PeerManager::store error: sqlite3_statement_backend::loadOne: database or disk is full on 35.175.229.79:30400
2026-03-04T12:08:07.985 GCC5J [Overlay ERROR] PeerManager::store error: sqlite3_statement_backend::loadOne: database or disk is full on 34.229.162.244:30020
2026-03-04T12:08:07.986 GCC5J [Overlay ERROR] PeerManager::store error: sqlite3_statement_backend::loadOne: database or disk is full on 184.72.81.138:30020
2026-03-04T12:08:07.987 GCC5J [Overlay ERROR] PeerManager::store error: sqlite3_statement_backend::loadOne: database or disk is full on 147.92.159.184:11725
2026-03-04T12:08:07.988 GCC5J [Overlay ERROR] PeerManager::store error: sqlite3_statement_backend::loadOne: database or disk is full on 172.18.0.1:11825
2026-03-04T12:08:07.989 GCC5J [Overlay ERROR] PeerManager::store error: sqlite3_statement_backend::loadOne: database or disk is full on 198.199.88.228:11625
2026-03-04T12:08:07.989 GCC5J [Overlay ERROR] PeerManager::store error: sqlite3_statement_backend::loadOne: database or disk is full on 18.201.241.124:30020
2026-03-04T12:08:07.990 GCC5J [Overlay ERROR] PeerManager::store error: sqlite3_statement_backend::loadOne: database or disk is full on 173.244.202.69:11725
2026-03-04T12:08:07.990 GCC5J [Overlay ERROR] PeerManager::store error: sqlite3_statement_backend::loadOne: database or disk is full on 174.138.52.29:11625
2026-03-04T12:08:07.991 GCC5J [Overlay INFO] Authenticated to 172.18.0.1:11625
2026-03-04T12:08:08.389 GCC5J [Overlay ERROR] PeerManager::store error: sqlite3_statement_backend::loadOne: database or disk is full on 54.159.155.163:11625
2026-03-04T12:08:08.390 GCC5J [Overlay INFO] Authenticated to 54.159.155.163:11625
2026-03-04T12:08:08.390 GCC5J [Overlay ERROR] PeerManager::store error: sqlite3_statement_backend::loadOne: database or disk is full on 44.213.67.110:11625
2026-03-04T12:08:08.390 GCC5J [Overlay INFO] Authenticated to 44.213.67.110:11625
2026-03-04T12:08:08.391 GCC5J [Overlay ERROR] PeerManager::store error: sqlite3_statement_backend::loadOne: database or disk is full on 34.245.167.15:30020
2026-03-04T12:08:08.429 GCC5J [Overlay ERROR] PeerManager::store error: sqlite3_statement_backend::loadOne: database or disk is full on 18.220.162.149:11725
2026-03-04T12:08:08.430 GCC5J [Overlay INFO] Authenticated to 18.220.162.149:11725
2026-03-04T12:08:08.430 GCC5J [Overlay ERROR] PeerManager::store error: sqlite3_statement_backend::loadOne: database or disk is full on 13.221.18.144:30020
2026-03-04T12:08:08.431 GCC5J [Overlay ERROR] PeerManager::store error: sqlite3_statement_backend::loadOne: database or disk is full on 34.245.167.15:30020
2026-03-04T12:08:08.676 GCC5J [SCP FATAL] Exception: Cannot commit transaction. database or disk is full
2026-03-04T12:08:08.676 GCC5J [SCP FATAL] SCP context (GCC5J): 
2026-03-04T12:08:08.677 GCC5J [SCP FATAL] {
   "ballotProtocol" : {
      "ballot" : "(4294967295,[ SIGNED@sdf_testnet_2 txH: ccbef7, ct: 1772626028, upgrades: [ ] ])",
      "heard" : false,
      "phase" : "EXTERNALIZE",
      "state" : "i: 1325250 | EXTERNALIZE | b: (4294967295,[ SIGNED@sdf_testnet_2 txH: ccbef7, ct: 1772626028, upgrades: [ ] ]) | p: (4294967295,[ SIGNED@sdf_testnet_2 txH: ccbef7, ct: 1772626028, upgrades: [ ] ]) | p': (<null_ballot>) | h: (4294967295,[ SIGNED@sdf_testnet_2 txH: ccbef7, ct: 1772626028, upgrades: [ ] ]) | c: (1,[ SIGNED@sdf_testnet_2 txH: ccbef7, ct: 1772626028, upgrades: [ ] ]) | M: 3"
   },
   "nomination" : {
      "roundnumber" : 0,
      "started" : false
   },
   "quorum_sets" : {
      "59d361" : {
         "t" : 2,
         "v" : [ "sdf_testnet_2", "sdf_testnet_3", "sdf_testnet_1" ]
      }
   },
   "statements" : [
      [
         1772626088,
         "{ENV@sdf_testnet_1 |  i: 1325250 | EXTERNALIZE | c: (1,[ SIGNED@sdf_testnet_2 txH: ccbef7, ct: 1772626028, upgrades: [ ] ]) | h.n: 1 | (lastD): 59d361 }",
         false
      ],
      [
         1772626088,
         "{ENV@sdf_testnet_3 |  i: 1325250 | EXTERNALIZE | c: (1,[ SIGNED@sdf_testnet_2 txH: ccbef7, ct: 1772626028, upgrades: [ ] ]) | h.n: 1 | (lastD): 59d361 }",
         false
      ],
      [
         1772626088,
         "{ENV@GCC5J |  i: 1325250 | PREPARE | D: 59d361 | b: (0,[:empty:]) | p: (4294967295,[ SIGNED@sdf_testnet_2 txH: ccbef7, ct: 1772626028, upgrades: [ ] ]) | p': (<null_ballot>) | c.n: 0 | h.n: 0 }",
         false
      ],
      [
         1772626088,
         "{ENV@GCC5J |  i: 1325250 | PREPARE | D: 59d361 | b: (4294967295,[ SIGNED@sdf_testnet_2 txH: ccbef7, ct: 1772626028, upgrades: [ ] ]) | p: (4294967295,[ SIGNED@sdf_testnet_2 txH: ccbef7, ct: 1772626028, upgrades: [ ] ]) | p': (<null_ballot>) | c.n: 4294967295 | h.n: 4294967295 }",
         false
      ],
      [
         1772626088,
         "{ENV@GCC5J |  i: 1325250 | CONFIRM | D: 59d361 | b: (4294967295,[ SIGNED@sdf_testnet_2 txH: ccbef7, ct: 1772626028, upgrades: [ ] ]) | p.n: 4294967295 | c.n: 1 | h.n: 4294967295 }",
         false
      ],
      [
         1772626088,
         "{ENV@GCC5J |  i: 1325250 | EXTERNALIZE | c: (1,[ SIGNED@sdf_testnet_2 txH: ccbef7, ct: 1772626028, upgrades: [ ] ]) | h.n: 4294967295 | (lastD): 59d361 }",
         false
      ]
   ],
   "validated" : false
}

2026-03-04T12:08:08.677 GCC5J [SCP FATAL] Exception processing SCP messages at 1325250, envelope: {ENV@GCC5J |  i: 1325250 | CONFIRM | D: 59d361 | b: (4294967295,[ SIGNED@sdf_testnet_2 txH: ccbef7, ct: 1772626028, upgrades: [ ] ]) | p.n: 4294967295 | c.n: 1 | h.n: 4294967295 }
2026-03-04T12:08:08.677 GCC5J [SCP FATAL] Please report this bug along with this log file if this was not expected
2026-03-04T12:08:08.678 GCC5J [SCP FATAL] Exception: Cannot commit transaction. database or disk is full
2026-03-04T12:08:08.678 GCC5J [SCP FATAL] SCP context (GCC5J): 
2026-03-04T12:08:08.678 GCC5J [SCP FATAL] {
   "ballotProtocol" : {
      "ballot" : "(4294967295,[ SIGNED@sdf_testnet_2 txH: ccbef7, ct: 1772626028, upgrades: [ ] ])",
      "heard" : false,
      "phase" : "EXTERNALIZE",
      "state" : "i: 1325250 | EXTERNALIZE | b: (4294967295,[ SIGNED@sdf_testnet_2 txH: ccbef7, ct: 1772626028, upgrades: [ ] ]) | p: (4294967295,[ SIGNED@sdf_testnet_2 txH: ccbef7, ct: 1772626028, upgrades: [ ] ]) | p': (<null_ballot>) | h: (4294967295,[ SIGNED@sdf_testnet_2 txH: ccbef7, ct: 1772626028, upgrades: [ ] ]) | c: (1,[ SIGNED@sdf_testnet_2 txH: ccbef7, ct: 1772626028, upgrades: [ ] ]) | M: 3"
   },
   "nomination" : {
      "roundnumber" : 0,
      "started" : false
   },
   "quorum_sets" : {
      "59d361" : {
         "t" : 2,
         "v" : [ "sdf_testnet_2", "sdf_testnet_3", "sdf_testnet_1" ]
      }
   },
   "statements" : [
      [
         1772626088,
         "{ENV@sdf_testnet_1 |  i: 1325250 | EXTERNALIZE | c: (1,[ SIGNED@sdf_testnet_2 txH: ccbef7, ct: 1772626028, upgrades: [ ] ]) | h.n: 1 | (lastD): 59d361 }",
         false
      ],
      [
         1772626088,
         "{ENV@sdf_testnet_3 |  i: 1325250 | EXTERNALIZE | c: (1,[ SIGNED@sdf_testnet_2 txH: ccbef7, ct: 1772626028, upgrades: [ ] ]) | h.n: 1 | (lastD): 59d361 }",
         false
      ],
      [
         1772626088,
         "{ENV@GCC5J |  i: 1325250 | PREPARE | D: 59d361 | b: (0,[:empty:]) | p: (4294967295,[ SIGNED@sdf_testnet_2 txH: ccbef7, ct: 1772626028, upgrades: [ ] ]) | p': (<null_ballot>) | c.n: 0 | h.n: 0 }",
         false
      ],
      [
         1772626088,
         "{ENV@GCC5J |  i: 1325250 | PREPARE | D: 59d361 | b: (4294967295,[ SIGNED@sdf_testnet_2 txH: ccbef7, ct: 1772626028, upgrades: [ ] ]) | p: (4294967295,[ SIGNED@sdf_testnet_2 txH: ccbef7, ct: 1772626028, upgrades: [ ] ]) | p': (<null_ballot>) | c.n: 4294967295 | h.n: 4294967295 }",
         false
      ],
      [
         1772626088,
         "{ENV@GCC5J |  i: 1325250 | CONFIRM | D: 59d361 | b: (4294967295,[ SIGNED@sdf_testnet_2 txH: ccbef7, ct: 1772626028, upgrades: [ ] ]) | p.n: 4294967295 | c.n: 1 | h.n: 4294967295 }",
         false
      ],
      [
         1772626088,
         "{ENV@GCC5J |  i: 1325250 | EXTERNALIZE | c: (1,[ SIGNED@sdf_testnet_2 txH: ccbef7, ct: 1772626028, upgrades: [ ] ]) | h.n: 4294967295 | (lastD): 59d361 }",
         false
      ]
   ],
   "validated" : false
}

2026-03-04T12:08:08.678 GCC5J [SCP FATAL] Exception processing SCP messages at 1325250, envelope: {ENV@GCC5J |  i: 1325250 | PREPARE | D: 59d361 | b: (4294967295,[ SIGNED@sdf_testnet_2 txH: ccbef7, ct: 1772626028, upgrades: [ ] ]) | p: (4294967295,[ SIGNED@sdf_testnet_2 txH: ccbef7, ct: 1772626028, upgrades: [ ] ]) | p': (<null_ballot>) | c.n: 4294967295 | h.n: 4294967295 }
2026-03-04T12:08:08.678 GCC5J [SCP FATAL] Please report this bug along with this log file if this was not expected
2026-03-04T12:08:08.678 GCC5J [SCP FATAL] Exception: Cannot commit transaction. database or disk is full
2026-03-04T12:08:08.678 GCC5J [SCP FATAL] SCP context (GCC5J): 
2026-03-04T12:08:08.678 GCC5J [SCP FATAL] {
   "ballotProtocol" : {
      "ballot" : "(4294967295,[ SIGNED@sdf_testnet_2 txH: ccbef7, ct: 1772626028, upgrades: [ ] ])",
      "heard" : false,
      "phase" : "EXTERNALIZE",
      "state" : "i: 1325250 | EXTERNALIZE | b: (4294967295,[ SIGNED@sdf_testnet_2 txH: ccbef7, ct: 1772626028, upgrades: [ ] ]) | p: (4294967295,[ SIGNED@sdf_testnet_2 txH: ccbef7, ct: 1772626028, upgrades: [ ] ]) | p': (<null_ballot>) | h: (4294967295,[ SIGNED@sdf_testnet_2 txH: ccbef7, ct: 1772626028, upgrades: [ ] ]) | c: (1,[ SIGNED@sdf_testnet_2 txH: ccbef7, ct: 1772626028, upgrades: [ ] ]) | M: 3"
   },
   "nomination" : {
      "roundnumber" : 0,
      "started" : false
   },
   "quorum_sets" : {
      "59d361" : {
         "t" : 2,
         "v" : [ "sdf_testnet_2", "sdf_testnet_3", "sdf_testnet_1" ]
      }
   },
   "statements" : [
      [
         1772626088,
         "{ENV@sdf_testnet_1 |  i: 1325250 | EXTERNALIZE | c: (1,[ SIGNED@sdf_testnet_2 txH: ccbef7, ct: 1772626028, upgrades: [ ] ]) | h.n: 1 | (lastD): 59d361 }",
         false
      ],
      [
         1772626088,
         "{ENV@sdf_testnet_3 |  i: 1325250 | EXTERNALIZE | c: (1,[ SIGNED@sdf_testnet_2 txH: ccbef7, ct: 1772626028, upgrades: [ ] ]) | h.n: 1 | (lastD): 59d361 }",
         false
      ],
      [
         1772626088,
         "{ENV@GCC5J |  i: 1325250 | PREPARE | D: 59d361 | b: (0,[:empty:]) | p: (4294967295,[ SIGNED@sdf_testnet_2 txH: ccbef7, ct: 1772626028, upgrades: [ ] ]) | p': (<null_ballot>) | c.n: 0 | h.n: 0 }",
         false
      ],
      [
         1772626088,
         "{ENV@GCC5J |  i: 1325250 | PREPARE | D: 59d361 | b: (4294967295,[ SIGNED@sdf_testnet_2 txH: ccbef7, ct: 1772626028, upgrades: [ ] ]) | p: (4294967295,[ SIGNED@sdf_testnet_2 txH: ccbef7, ct: 1772626028, upgrades: [ ] ]) | p': (<null_ballot>) | c.n: 4294967295 | h.n: 4294967295 }",
         false
      ],
      [
         1772626088,
         "{ENV@GCC5J |  i: 1325250 | CONFIRM | D: 59d361 | b: (4294967295,[ SIGNED@sdf_testnet_2 txH: ccbef7, ct: 1772626028, upgrades: [ ] ]) | p.n: 4294967295 | c.n: 1 | h.n: 4294967295 }",
         false
      ],
      [
         1772626088,
         "{ENV@GCC5J |  i: 1325250 | EXTERNALIZE | c: (1,[ SIGNED@sdf_testnet_2 txH: ccbef7, ct: 1772626028, upgrades: [ ] ]) | h.n: 4294967295 | (lastD): 59d361 }",
         false
      ]
   ],
   "validated" : false
}

2026-03-04T12:08:08.679 GCC5J [SCP FATAL] Exception processing SCP messages at 1325250, envelope: {ENV@GCC5J |  i: 1325250 | PREPARE | D: 59d361 | b: (0,[:empty:]) | p: (4294967295,[ SIGNED@sdf_testnet_2 txH: ccbef7, ct: 1772626028, upgrades: [ ] ]) | p': (<null_ballot>) | c.n: 0 | h.n: 0 }
2026-03-04T12:08:08.679 GCC5J [SCP FATAL] Please report this bug along with this log file if this was not expected
2026-03-04T12:08:08.679 GCC5J [SCP FATAL] Exception: Cannot commit transaction. database or disk is full
2026-03-04T12:08:08.679 GCC5J [SCP FATAL] SCP context (GCC5J): 
2026-03-04T12:08:08.679 GCC5J [SCP FATAL] {
   "ballotProtocol" : {
      "ballot" : "(4294967295,[ SIGNED@sdf_testnet_2 txH: ccbef7, ct: 1772626028, upgrades: [ ] ])",
      "heard" : false,
      "phase" : "EXTERNALIZE",
      "state" : "i: 1325250 | EXTERNALIZE | b: (4294967295,[ SIGNED@sdf_testnet_2 txH: ccbef7, ct: 1772626028, upgrades: [ ] ]) | p: (4294967295,[ SIGNED@sdf_testnet_2 txH: ccbef7, ct: 1772626028, upgrades: [ ] ]) | p': (<null_ballot>) | h: (4294967295,[ SIGNED@sdf_testnet_2 txH: ccbef7, ct: 1772626028, upgrades: [ ] ]) | c: (1,[ SIGNED@sdf_testnet_2 txH: ccbef7, ct: 1772626028, upgrades: [ ] ]) | M: 3"
   },
   "nomination" : {
      "roundnumber" : 0,
      "started" : false
   },
   "quorum_sets" : {
      "59d361" : {
         "t" : 2,
         "v" : [ "sdf_testnet_2", "sdf_testnet_3", "sdf_testnet_1" ]
      }
   },
   "statements" : [
      [
         1772626088,
         "{ENV@sdf_testnet_1 |  i: 1325250 | EXTERNALIZE | c: (1,[ SIGNED@sdf_testnet_2 txH: ccbef7, ct: 1772626028, upgrades: [ ] ]) | h.n: 1 | (lastD): 59d361 }",
         false
      ],
      [
         1772626088,
         "{ENV@sdf_testnet_3 |  i: 1325250 | EXTERNALIZE | c: (1,[ SIGNED@sdf_testnet_2 txH: ccbef7, ct: 1772626028, upgrades: [ ] ]) | h.n: 1 | (lastD): 59d361 }",
         false
      ],
      [
         1772626088,
         "{ENV@GCC5J |  i: 1325250 | PREPARE | D: 59d361 | b: (0,[:empty:]) | p: (4294967295,[ SIGNED@sdf_testnet_2 txH: ccbef7, ct: 1772626028, upgrades: [ ] ]) | p': (<null_ballot>) | c.n: 0 | h.n: 0 }",
         false
      ],
      [
         1772626088,
         "{ENV@GCC5J |  i: 1325250 | PREPARE | D: 59d361 | b: (4294967295,[ SIGNED@sdf_testnet_2 txH: ccbef7, ct: 1772626028, upgrades: [ ] ]) | p: (4294967295,[ SIGNED@sdf_testnet_2 txH: ccbef7, ct: 1772626028, upgrades: [ ] ]) | p': (<null_ballot>) | c.n: 4294967295 | h.n: 4294967295 }",
         false
      ],
      [
         1772626088,
         "{ENV@GCC5J |  i: 1325250 | CONFIRM | D: 59d361 | b: (4294967295,[ SIGNED@sdf_testnet_2 txH: ccbef7, ct: 1772626028, upgrades: [ ] ]) | p.n: 4294967295 | c.n: 1 | h.n: 4294967295 }",
         false
      ],
      [
         1772626088,
         "{ENV@GCC5J |  i: 1325250 | EXTERNALIZE | c: (1,[ SIGNED@sdf_testnet_2 txH: ccbef7, ct: 1772626028, upgrades: [ ] ]) | h.n: 4294967295 | (lastD): 59d361 }",
         false
      ]
   ],
   "validated" : false
}

2026-03-04T12:08:08.679 GCC5J [SCP FATAL] Exception processing SCP messages at 1325250, envelope: {ENV@sdf_testnet_3 |  i: 1325250 | EXTERNALIZE | c: (1,[ SIGNED@sdf_testnet_2 txH: ccbef7, ct: 1772626028, upgrades: [ ] ]) | h.n: 1 | (lastD): 59d361 }
2026-03-04T12:08:08.679 GCC5J [SCP FATAL] Please report this bug along with this log file if this was not expected
