2026-03-03T14:16:00.808 GCWYQ [default INFO] Starting stellar-core v25.1.1
2026-03-03T14:16:00.811 GCWYQ [Database INFO] Connecting to: sqlite3:///opt/stellar/core/stellar.db
2026-03-03T14:16:00.837 GCWYQ [SCP INFO] LocalNode::LocalNode@GCWYQ qSet: 59d361
2026-03-03T14:16:00.837 GCWYQ [Database INFO] DB schema is in current version
2026-03-03T14:16:00.838 GCWYQ [default INFO] Listening on 0.0.0.0:11626 for HTTP requests
2026-03-03T14:16:00.838 GCWYQ [Bucket INFO] BucketListDB enabled: pageSizeExponent: 14 indexCutOff: 20MB, persist indexes: true
2026-03-03T14:16:00.838 GCWYQ [default INFO] Connection effective settings:
2026-03-03T14:16:00.838 GCWYQ [default INFO] TARGET_PEER_CONNECTIONS: 8
2026-03-03T14:16:00.838 GCWYQ [default INFO] MAX_ADDITIONAL_PEER_CONNECTIONS: 64
2026-03-03T14:16:00.838 GCWYQ [default INFO] MAX_PENDING_CONNECTIONS: 500
2026-03-03T14:16:00.838 GCWYQ [default INFO] MAX_OUTBOUND_PENDING_CONNECTIONS: 56
2026-03-03T14:16:00.838 GCWYQ [default INFO] MAX_INBOUND_PENDING_CONNECTIONS: 444
2026-03-03T14:16:00.838 GCWYQ [default INFO] BACKGROUND_OVERLAY_PROCESSING=true
2026-03-03T14:16:00.839 GCWYQ [default INFO] PARALLEL_LEDGER_APPLY=true
2026-03-03T14:16:00.839 GCWYQ [History INFO] Archive 'sdf_testnet_1' has 'get' command only, will not be written
2026-03-03T14:16:00.839 GCWYQ [History INFO] Archive 'sdf_testnet_2' has 'get' command only, will not be written
2026-03-03T14:16:00.839 GCWYQ [History INFO] Archive 'sdf_testnet_3' has 'get' command only, will not be written
2026-03-03T14:16:00.839 GCWYQ [History WARNING] No writable archives configured, history will not be written.
2026-03-03T14:16:00.839 GCWYQ [Ledger INFO] Starting up application
2026-03-03T14:16:00.839 GCWYQ [Ledger INFO] Last closed ledger (LCL) hash is 6b56dd28369e93e16b25639ff8c92eeed99d2ff1965288ee973cb5d18c7e8900
2026-03-03T14:16:00.839 GCWYQ [Ledger INFO] Loaded LCL header from database: [seq=1309533, hash=6b56dd]
2026-03-03T14:16:00.840 GCWYQ [default INFO] Establishing 10-entry connection pool to: sqlite3:///opt/stellar/core/stellar.db
2026-03-03T14:16:01.517 GCWYQ [Ledger INFO] Assumed bucket-state for LCL: [seq=1309533, hash=6b56dd]
2026-03-03T14:16:01.518 GCWYQ [default INFO] Launching 1 loading and 5 compiling background threads
2026-03-03T14:16:02.042 GCWYQ [default INFO] Compiled 1675 contracts (44902995 bytes of Wasm) in 524ms real time, 2570ms CPU time
2026-03-03T14:16:04.544 GCWYQ [Overlay INFO] Binding to endpoint 0.0.0.0:11625
2026-03-03T14:16:04.550 GCWYQ [History INFO] Downloading history archive state: .well-known/stellar-history.json
2026-03-03T14:16:05.121 GCWYQ [History INFO] Downloading history archive state: .well-known/stellar-history.json
2026-03-03T14:16:05.701 GCWYQ [History INFO] Downloading history archive state: .well-known/stellar-history.json
2026-03-03T14:16:06.203 GCWYQ [History INFO] Archive information: [name: sdf_testnet_1, server: stellar-core 25.2.0.rc2 (bb195c49dda329d8e0a16433fb34338420084edc), currentLedger: 1309503]
2026-03-03T14:16:06.203 GCWYQ [History INFO] Archive information: [name: sdf_testnet_2, server: stellar-core 25.2.0.rc2 (bb195c49dda329d8e0a16433fb34338420084edc), currentLedger: 1309503]
2026-03-03T14:16:06.203 GCWYQ [History INFO] Archive information: [name: sdf_testnet_3, server: stellar-core 25.2.0.rc2 (bb195c49dda329d8e0a16433fb34338420084edc), currentLedger: 1309503]
2026-03-03T14:16:07.250 GCWYQ [Overlay INFO] Authenticated to 44.213.67.110:11625
2026-03-03T14:16:07.281 GCWYQ [Overlay INFO] Authenticated to 204.16.247.107:11625
2026-03-03T14:16:07.532 GCWYQ [Ledger INFO] Got consensus: [seq=1309531, prev=e653ce, txs=8, ops=10, sv: [ SIGNED@sdf_testnet_2 txH: c7f073, ct: 1772547345, upgrades: [ ] ]]
2026-03-03T14:16:07.532 GCWYQ [Ledger INFO] Skipping close ledger: local state is 1309533, more recent than 1309531
2026-03-03T14:16:07.533 GCWYQ [Ledger INFO] Got consensus: [seq=1309532, prev=5674bd, txs=5, ops=5, sv: [ SIGNED@sdf_testnet_1 txH: 379739, ct: 1772547350, upgrades: [ ] ]]
2026-03-03T14:16:07.533 GCWYQ [Ledger INFO] Skipping close ledger: local state is 1309533, more recent than 1309532
2026-03-03T14:16:07.533 GCWYQ [Ledger INFO] Got consensus: [seq=1309533, prev=2ae8f6, txs=8, ops=10, sv: [ SIGNED@sdf_testnet_2 txH: 667775, ct: 1772547355, upgrades: [ ] ]]
2026-03-03T14:16:07.533 GCWYQ [Ledger INFO] Skipping close ledger: local state is 1309533, more recent than 1309533
2026-03-03T14:16:07.534 GCWYQ [Herder INFO] Quorum information for 1309532 : {"agree":3,"cost":13524,"delayed":0,"disagree":0,"fail_at":2,"hash":"59d361","lag_ms":null,"ledger":1309532,"missing":0,"phase":"EXTERNALIZE"}

2026-03-03T14:16:07.535 GCWYQ [Ledger INFO] Got consensus: [seq=1309534, prev=6b56dd, txs=3, ops=3, sv: [ SIGNED@sdf_testnet_3 txH: de7c98, ct: 1772547360, upgrades: [ ] ]]
2026-03-03T14:16:07.535 GCWYQ [Herder INFO] Transitive closure of quorum has changed, re-analyzing.
2026-03-03T14:16:07.535 GCWYQ [Herder INFO] Quorum information for 1309533 : {"agree":3,"cost":30036,"delayed":0,"disagree":0,"fail_at":2,"hash":"59d361","lag_ms":null,"ledger":1309533,"missing":0,"phase":"EXTERNALIZE"}

2026-03-03T14:16:07.535 GCWYQ [SCP INFO] Calculating 4-node network quorum intersection
2026-03-03T14:16:07.535 GCWYQ [SCP INFO] Examining 3 node groups for intersection-criticality
2026-03-03T14:16:07.535 GCWYQ [Tx INFO] applying ledger 1309534 (classic phase: 1 component(s): [{discounted txs:2, ops:2, base_fee:100}], soroban phase: 1 component(s): [{discounted txs:1, ops:1, base_fee:100}])
2026-03-03T14:16:07.536 GCWYQ [Ledger INFO] Got consensus: [seq=1309535, prev=2ec4fd, txs=6, ops=10, sv: [ SIGNED@sdf_testnet_2 txH: 3009b4, ct: 1772547365, upgrades: [ ] ]]
2026-03-03T14:16:07.536 GCWYQ [SCP INFO] No intersection-critical groups found
2026-03-03T14:16:07.544 GCWYQ [Tx INFO] applying ledger 1309535 (classic phase: 1 component(s): [{discounted txs:5, ops:9, base_fee:100}], soroban phase: 1 component(s): [{discounted txs:1, ops:1, base_fee:100}])
2026-03-03T14:16:07.544 GCWYQ [Ledger INFO] Ledger close complete: 1309534
2026-03-03T14:16:07.549 GCWYQ [Ledger INFO] Changing state LM_BOOTING_STATE -> LM_SYNCED_STATE
2026-03-03T14:16:07.549 GCWYQ [Ledger INFO] Ledger close complete: 1309535
2026-03-03T14:16:07.895 GCWYQ [Overlay INFO] Authenticated to 200.129.247.119:11625
2026-03-03T14:16:07.895 GCWYQ [Overlay ERROR] PeerManager::store error: sqlite3_statement_backend::loadOne: database or disk is full on 44.195.217.255:11625
2026-03-03T14:16:07.896 GCWYQ [Overlay ERROR] PeerManager::store error: sqlite3_statement_backend::loadOne: database or disk is full on 141.94.135.74:11625
2026-03-03T14:16:07.897 GCWYQ [Overlay ERROR] PeerManager::store error: sqlite3_statement_backend::loadOne: database or disk is full on 34.233.4.91:11625
2026-03-03T14:16:07.897 GCWYQ [Overlay ERROR] PeerManager::store error: sqlite3_statement_backend::loadOne: database or disk is full on 185.194.216.142:11625
2026-03-03T14:16:09.558 GCWYQ [SCP FATAL] Exception: Cannot commit transaction. database or disk is full
2026-03-03T14:16:09.559 GCWYQ [SCP FATAL] SCP context (GCWYQ): 
2026-03-03T14:16:09.560 GCWYQ [SCP FATAL] {
   "ballotProtocol" : {
      "ballot" : "(4294967295,[ SIGNED@sdf_testnet_1 txH: 852f70, ct: 1772547210, upgrades: [ ] ])",
      "heard" : false,
      "phase" : "EXTERNALIZE",
      "state" : "i: 1309504 | EXTERNALIZE | b: (4294967295,[ SIGNED@sdf_testnet_1 txH: 852f70, ct: 1772547210, upgrades: [ ] ]) | p: (4294967295,[ SIGNED@sdf_testnet_1 txH: 852f70, ct: 1772547210, upgrades: [ ] ]) | p': (<null_ballot>) | h: (4294967295,[ SIGNED@sdf_testnet_1 txH: 852f70, ct: 1772547210, upgrades: [ ] ]) | c: (1,[ SIGNED@sdf_testnet_1 txH: 852f70, ct: 1772547210, upgrades: [ ] ]) | M: 3"
   },
   "nomination" : {
      "roundnumber" : 0,
      "started" : false
   },
   "quorum_sets" : {
      "59d361" : {
         "t" : 2,
         "v" : [ "sdf_testnet_2", "sdf_testnet_3", "sdf_testnet_1" ]
      }
   },
   "statements" : [
      [
         1772547369,
         "{ENV@sdf_testnet_1 |  i: 1309504 | EXTERNALIZE | c: (1,[ SIGNED@sdf_testnet_1 txH: 852f70, ct: 1772547210, upgrades: [ ] ]) | h.n: 1 | (lastD): 59d361 }",
         false
      ],
      [
         1772547369,
         "{ENV@sdf_testnet_3 |  i: 1309504 | EXTERNALIZE | c: (1,[ SIGNED@sdf_testnet_1 txH: 852f70, ct: 1772547210, upgrades: [ ] ]) | h.n: 1 | (lastD): 59d361 }",
         false
      ],
      [
         1772547369,
         "{ENV@GCWYQ |  i: 1309504 | PREPARE | D: 59d361 | b: (0,[:empty:]) | p: (4294967295,[ SIGNED@sdf_testnet_1 txH: 852f70, ct: 1772547210, upgrades: [ ] ]) | p': (<null_ballot>) | c.n: 0 | h.n: 0 }",
         false
      ],
      [
         1772547369,
         "{ENV@GCWYQ |  i: 1309504 | PREPARE | D: 59d361 | b: (4294967295,[ SIGNED@sdf_testnet_1 txH: 852f70, ct: 1772547210, upgrades: [ ] ]) | p: (4294967295,[ SIGNED@sdf_testnet_1 txH: 852f70, ct: 1772547210, upgrades: [ ] ]) | p': (<null_ballot>) | c.n: 4294967295 | h.n: 4294967295 }",
         false
      ],
      [
         1772547369,
         "{ENV@GCWYQ |  i: 1309504 | CONFIRM | D: 59d361 | b: (4294967295,[ SIGNED@sdf_testnet_1 txH: 852f70, ct: 1772547210, upgrades: [ ] ]) | p.n: 4294967295 | c.n: 1 | h.n: 4294967295 }",
         false
      ],
      [
         1772547369,
         "{ENV@GCWYQ |  i: 1309504 | EXTERNALIZE | c: (1,[ SIGNED@sdf_testnet_1 txH: 852f70, ct: 1772547210, upgrades: [ ] ]) | h.n: 4294967295 | (lastD): 59d361 }",
         false
      ]
   ],
   "validated" : false
}

2026-03-03T14:16:09.561 GCWYQ [SCP FATAL] Exception processing SCP messages at 1309504, envelope: {ENV@GCWYQ |  i: 1309504 | CONFIRM | D: 59d361 | b: (4294967295,[ SIGNED@sdf_testnet_1 txH: 852f70, ct: 1772547210, upgrades: [ ] ]) | p.n: 4294967295 | c.n: 1 | h.n: 4294967295 }
2026-03-03T14:16:09.561 GCWYQ [SCP FATAL] Please report this bug along with this log file if this was not expected
2026-03-03T14:16:09.562 GCWYQ [SCP FATAL] Exception: Cannot commit transaction. database or disk is full
2026-03-03T14:16:09.562 GCWYQ [SCP FATAL] SCP context (GCWYQ): 
2026-03-03T14:16:09.562 GCWYQ [SCP FATAL] {
   "ballotProtocol" : {
      "ballot" : "(4294967295,[ SIGNED@sdf_testnet_1 txH: 852f70, ct: 1772547210, upgrades: [ ] ])",
      "heard" : false,
      "phase" : "EXTERNALIZE",
      "state" : "i: 1309504 | EXTERNALIZE | b: (4294967295,[ SIGNED@sdf_testnet_1 txH: 852f70, ct: 1772547210, upgrades: [ ] ]) | p: (4294967295,[ SIGNED@sdf_testnet_1 txH: 852f70, ct: 1772547210, upgrades: [ ] ]) | p': (<null_ballot>) | h: (4294967295,[ SIGNED@sdf_testnet_1 txH: 852f70, ct: 1772547210, upgrades: [ ] ]) | c: (1,[ SIGNED@sdf_testnet_1 txH: 852f70, ct: 1772547210, upgrades: [ ] ]) | M: 3"
   },
   "nomination" : {
      "roundnumber" : 0,
      "started" : false
   },
   "quorum_sets" : {
      "59d361" : {
         "t" : 2,
         "v" : [ "sdf_testnet_2", "sdf_testnet_3", "sdf_testnet_1" ]
      }
   },
   "statements" : [
      [
         1772547369,
         "{ENV@sdf_testnet_1 |  i: 1309504 | EXTERNALIZE | c: (1,[ SIGNED@sdf_testnet_1 txH: 852f70, ct: 1772547210, upgrades: [ ] ]) | h.n: 1 | (lastD): 59d361 }",
         false
      ],
      [
         1772547369,
         "{ENV@sdf_testnet_3 |  i: 1309504 | EXTERNALIZE | c: (1,[ SIGNED@sdf_testnet_1 txH: 852f70, ct: 1772547210, upgrades: [ ] ]) | h.n: 1 | (lastD): 59d361 }",
         false
      ],
      [
         1772547369,
         "{ENV@GCWYQ |  i: 1309504 | PREPARE | D: 59d361 | b: (0,[:empty:]) | p: (4294967295,[ SIGNED@sdf_testnet_1 txH: 852f70, ct: 1772547210, upgrades: [ ] ]) | p': (<null_ballot>) | c.n: 0 | h.n: 0 }",
         false
      ],
      [
         1772547369,
         "{ENV@GCWYQ |  i: 1309504 | PREPARE | D: 59d361 | b: (4294967295,[ SIGNED@sdf_testnet_1 txH: 852f70, ct: 1772547210, upgrades: [ ] ]) | p: (4294967295,[ SIGNED@sdf_testnet_1 txH: 852f70, ct: 1772547210, upgrades: [ ] ]) | p': (<null_ballot>) | c.n: 4294967295 | h.n: 4294967295 }",
         false
      ],
      [
         1772547369,
         "{ENV@GCWYQ |  i: 1309504 | CONFIRM | D: 59d361 | b: (4294967295,[ SIGNED@sdf_testnet_1 txH: 852f70, ct: 1772547210, upgrades: [ ] ]) | p.n: 4294967295 | c.n: 1 | h.n: 4294967295 }",
         false
      ],
      [
         1772547369,
         "{ENV@GCWYQ |  i: 1309504 | EXTERNALIZE | c: (1,[ SIGNED@sdf_testnet_1 txH: 852f70, ct: 1772547210, upgrades: [ ] ]) | h.n: 4294967295 | (lastD): 59d361 }",
         false
      ]
   ],
   "validated" : false
}

2026-03-03T14:16:09.563 GCWYQ [SCP FATAL] Exception processing SCP messages at 1309504, envelope: {ENV@GCWYQ |  i: 1309504 | PREPARE | D: 59d361 | b: (4294967295,[ SIGNED@sdf_testnet_1 txH: 852f70, ct: 1772547210, upgrades: [ ] ]) | p: (4294967295,[ SIGNED@sdf_testnet_1 txH: 852f70, ct: 1772547210, upgrades: [ ] ]) | p': (<null_ballot>) | c.n: 4294967295 | h.n: 4294967295 }
2026-03-03T14:16:09.563 GCWYQ [SCP FATAL] Please report this bug along with this log file if this was not expected
2026-03-03T14:16:09.564 GCWYQ [SCP FATAL] Exception: Cannot commit transaction. database or disk is full
2026-03-03T14:16:09.564 GCWYQ [SCP FATAL] SCP context (GCWYQ): 
2026-03-03T14:16:09.564 GCWYQ [SCP FATAL] {
   "ballotProtocol" : {
      "ballot" : "(4294967295,[ SIGNED@sdf_testnet_1 txH: 852f70, ct: 1772547210, upgrades: [ ] ])",
      "heard" : false,
      "phase" : "EXTERNALIZE",
      "state" : "i: 1309504 | EXTERNALIZE | b: (4294967295,[ SIGNED@sdf_testnet_1 txH: 852f70, ct: 1772547210, upgrades: [ ] ]) | p: (4294967295,[ SIGNED@sdf_testnet_1 txH: 852f70, ct: 1772547210, upgrades: [ ] ]) | p': (<null_ballot>) | h: (4294967295,[ SIGNED@sdf_testnet_1 txH: 852f70, ct: 1772547210, upgrades: [ ] ]) | c: (1,[ SIGNED@sdf_testnet_1 txH: 852f70, ct: 1772547210, upgrades: [ ] ]) | M: 3"
   },
   "nomination" : {
      "roundnumber" : 0,
      "started" : false
   },
   "quorum_sets" : {
      "59d361" : {
         "t" : 2,
         "v" : [ "sdf_testnet_2", "sdf_testnet_3", "sdf_testnet_1" ]
      }
   },
   "statements" : [
      [
         1772547369,
         "{ENV@sdf_testnet_1 |  i: 1309504 | EXTERNALIZE | c: (1,[ SIGNED@sdf_testnet_1 txH: 852f70, ct: 1772547210, upgrades: [ ] ]) | h.n: 1 | (lastD): 59d361 }",
         false
      ],
      [
         1772547369,
         "{ENV@sdf_testnet_3 |  i: 1309504 | EXTERNALIZE | c: (1,[ SIGNED@sdf_testnet_1 txH: 852f70, ct: 1772547210, upgrades: [ ] ]) | h.n: 1 | (lastD): 59d361 }",
         false
      ],
      [
         1772547369,
         "{ENV@GCWYQ |  i: 1309504 | PREPARE | D: 59d361 | b: (0,[:empty:]) | p: (4294967295,[ SIGNED@sdf_testnet_1 txH: 852f70, ct: 1772547210, upgrades: [ ] ]) | p': (<null_ballot>) | c.n: 0 | h.n: 0 }",
         false
      ],
      [
         1772547369,
         "{ENV@GCWYQ |  i: 1309504 | PREPARE | D: 59d361 | b: (4294967295,[ SIGNED@sdf_testnet_1 txH: 852f70, ct: 1772547210, upgrades: [ ] ]) | p: (4294967295,[ SIGNED@sdf_testnet_1 txH: 852f70, ct: 1772547210, upgrades: [ ] ]) | p': (<null_ballot>) | c.n: 4294967295 | h.n: 4294967295 }",
         false
      ],
      [
         1772547369,
         "{ENV@GCWYQ |  i: 1309504 | CONFIRM | D: 59d361 | b: (4294967295,[ SIGNED@sdf_testnet_1 txH: 852f70, ct: 1772547210, upgrades: [ ] ]) | p.n: 4294967295 | c.n: 1 | h.n: 4294967295 }",
         false
      ],
      [
         1772547369,
         "{ENV@GCWYQ |  i: 1309504 | EXTERNALIZE | c: (1,[ SIGNED@sdf_testnet_1 txH: 852f70, ct: 1772547210, upgrades: [ ] ]) | h.n: 4294967295 | (lastD): 59d361 }",
         false
      ]
   ],
   "validated" : false
}

2026-03-03T14:16:09.565 GCWYQ [SCP FATAL] Exception processing SCP messages at 1309504, envelope: {ENV@GCWYQ |  i: 1309504 | PREPARE | D: 59d361 | b: (0,[:empty:]) | p: (4294967295,[ SIGNED@sdf_testnet_1 txH: 852f70, ct: 1772547210, upgrades: [ ] ]) | p': (<null_ballot>) | c.n: 0 | h.n: 0 }
2026-03-03T14:16:09.565 GCWYQ [SCP FATAL] Please report this bug along with this log file if this was not expected
2026-03-03T14:16:09.565 GCWYQ [SCP FATAL] Exception: Cannot commit transaction. database or disk is full
2026-03-03T14:16:09.565 GCWYQ [SCP FATAL] SCP context (GCWYQ): 
2026-03-03T14:16:09.566 GCWYQ [SCP FATAL] {
   "ballotProtocol" : {
      "ballot" : "(4294967295,[ SIGNED@sdf_testnet_1 txH: 852f70, ct: 1772547210, upgrades: [ ] ])",
      "heard" : false,
      "phase" : "EXTERNALIZE",
      "state" : "i: 1309504 | EXTERNALIZE | b: (4294967295,[ SIGNED@sdf_testnet_1 txH: 852f70, ct: 1772547210, upgrades: [ ] ]) | p: (4294967295,[ SIGNED@sdf_testnet_1 txH: 852f70, ct: 1772547210, upgrades: [ ] ]) | p': (<null_ballot>) | h: (4294967295,[ SIGNED@sdf_testnet_1 txH: 852f70, ct: 1772547210, upgrades: [ ] ]) | c: (1,[ SIGNED@sdf_testnet_1 txH: 852f70, ct: 1772547210, upgrades: [ ] ]) | M: 3"
   },
   "nomination" : {
      "roundnumber" : 0,
      "started" : false
   },
   "quorum_sets" : {
      "59d361" : {
         "t" : 2,
         "v" : [ "sdf_testnet_2", "sdf_testnet_3", "sdf_testnet_1" ]
      }
   },
   "statements" : [
      [
         1772547369,
         "{ENV@sdf_testnet_1 |  i: 1309504 | EXTERNALIZE | c: (1,[ SIGNED@sdf_testnet_1 txH: 852f70, ct: 1772547210, upgrades: [ ] ]) | h.n: 1 | (lastD): 59d361 }",
         false
      ],
      [
         1772547369,
         "{ENV@sdf_testnet_3 |  i: 1309504 | EXTERNALIZE | c: (1,[ SIGNED@sdf_testnet_1 txH: 852f70, ct: 1772547210, upgrades: [ ] ]) | h.n: 1 | (lastD): 59d361 }",
         false
      ],
      [
         1772547369,
         "{ENV@GCWYQ |  i: 1309504 | PREPARE | D: 59d361 | b: (0,[:empty:]) | p: (4294967295,[ SIGNED@sdf_testnet_1 txH: 852f70, ct: 1772547210, upgrades: [ ] ]) | p': (<null_ballot>) | c.n: 0 | h.n: 0 }",
         false
      ],
      [
         1772547369,
         "{ENV@GCWYQ |  i: 1309504 | PREPARE | D: 59d361 | b: (4294967295,[ SIGNED@sdf_testnet_1 txH: 852f70, ct: 1772547210, upgrades: [ ] ]) | p: (4294967295,[ SIGNED@sdf_testnet_1 txH: 852f70, ct: 1772547210, upgrades: [ ] ]) | p': (<null_ballot>) | c.n: 4294967295 | h.n: 4294967295 }",
         false
      ],
      [
         1772547369,
         "{ENV@GCWYQ |  i: 1309504 | CONFIRM | D: 59d361 | b: (4294967295,[ SIGNED@sdf_testnet_1 txH: 852f70, ct: 1772547210, upgrades: [ ] ]) | p.n: 4294967295 | c.n: 1 | h.n: 4294967295 }",
         false
      ],
      [
         1772547369,
         "{ENV@GCWYQ |  i: 1309504 | EXTERNALIZE | c: (1,[ SIGNED@sdf_testnet_1 txH: 852f70, ct: 1772547210, upgrades: [ ] ]) | h.n: 4294967295 | (lastD): 59d361 }",
         false
      ]
   ],
   "validated" : false
}

2026-03-03T14:16:09.566 GCWYQ [SCP FATAL] Exception processing SCP messages at 1309504, envelope: {ENV@sdf_testnet_3 |  i: 1309504 | EXTERNALIZE | c: (1,[ SIGNED@sdf_testnet_1 txH: 852f70, ct: 1772547210, upgrades: [ ] ]) | h.n: 1 | (lastD): 59d361 }
2026-03-03T14:16:09.567 GCWYQ [SCP FATAL] Please report this bug along with this log file if this was not expected
