2026-03-04T12:07:20.056 GCWES [default INFO] Starting stellar-core v25.1.1
2026-03-04T12:07:20.057 GCWES [Database INFO] Connecting to: sqlite3:///opt/stellar/core/stellar.db
2026-03-04T12:07:20.085 GCWES [SCP INFO] LocalNode::LocalNode@GCWES qSet: 59d361
2026-03-04T12:07:20.086 GCWES [Database INFO] DB schema is in current version
2026-03-04T12:07:20.086 GCWES [default INFO] Listening on 0.0.0.0:11626 for HTTP requests
2026-03-04T12:07:20.086 GCWES [Bucket INFO] BucketListDB enabled: pageSizeExponent: 14 indexCutOff: 20MB, persist indexes: true
2026-03-04T12:07:20.086 GCWES [default INFO] Connection effective settings:
2026-03-04T12:07:20.086 GCWES [default INFO] TARGET_PEER_CONNECTIONS: 8
2026-03-04T12:07:20.086 GCWES [default INFO] MAX_ADDITIONAL_PEER_CONNECTIONS: 64
2026-03-04T12:07:20.086 GCWES [default INFO] MAX_PENDING_CONNECTIONS: 500
2026-03-04T12:07:20.086 GCWES [default INFO] MAX_OUTBOUND_PENDING_CONNECTIONS: 56
2026-03-04T12:07:20.086 GCWES [default INFO] MAX_INBOUND_PENDING_CONNECTIONS: 444
2026-03-04T12:07:20.086 GCWES [default INFO] BACKGROUND_OVERLAY_PROCESSING=true
2026-03-04T12:07:20.086 GCWES [default INFO] PARALLEL_LEDGER_APPLY=true
2026-03-04T12:07:20.086 GCWES [History INFO] Archive 'sdf_testnet_1' has 'get' command only, will not be written
2026-03-04T12:07:20.086 GCWES [History INFO] Archive 'sdf_testnet_2' has 'get' command only, will not be written
2026-03-04T12:07:20.086 GCWES [History INFO] Archive 'sdf_testnet_3' has 'get' command only, will not be written
2026-03-04T12:07:20.086 GCWES [History WARNING] No writable archives configured, history will not be written.
2026-03-04T12:07:20.086 GCWES [Ledger INFO] Starting up application
2026-03-04T12:07:20.086 GCWES [Ledger INFO] Last closed ledger (LCL) hash is 3717cc2d58717d0d8a5612cf97b9c2e7c04d1eeb1b77151a59687fae75e4aab6
2026-03-04T12:07:20.086 GCWES [Ledger INFO] Loaded LCL header from database: [seq=1325251, hash=3717cc]
2026-03-04T12:07:20.086 GCWES [default INFO] Establishing 10-entry connection pool to: sqlite3:///opt/stellar/core/stellar.db
2026-03-04T12:07:20.680 GCWES [Ledger INFO] Assumed bucket-state for LCL: [seq=1325251, hash=3717cc]
2026-03-04T12:07:20.681 GCWES [default INFO] Launching 1 loading and 5 compiling background threads
2026-03-04T12:07:20.957 GCWES [default INFO] Compiled 1642 contracts (43833304 bytes of Wasm) in 276ms real time, 1334ms CPU time
2026-03-04T12:07:22.981 GCWES [Overlay INFO] Binding to endpoint 0.0.0.0:11625
2026-03-04T12:07:22.987 GCWES [History INFO] Downloading history archive state: .well-known/stellar-history.json
2026-03-04T12:07:23.372 GCWES [History INFO] Downloading history archive state: .well-known/stellar-history.json
2026-03-04T12:07:23.837 GCWES [History INFO] Downloading history archive state: .well-known/stellar-history.json
2026-03-04T12:07:24.216 GCWES [History INFO] Archive information: [name: sdf_testnet_1, server: stellar-core 25.2.0.rc2 (bb195c49dda329d8e0a16433fb34338420084edc), currentLedger: 1325247]
2026-03-04T12:07:24.216 GCWES [History INFO] Archive information: [name: sdf_testnet_2, server: stellar-core 25.2.0.rc2 (bb195c49dda329d8e0a16433fb34338420084edc), currentLedger: 1325247]
2026-03-04T12:07:24.216 GCWES [History INFO] Archive information: [name: sdf_testnet_3, server: stellar-core 25.2.0.rc2 (bb195c49dda329d8e0a16433fb34338420084edc), currentLedger: 1325247]
2026-03-04T12:07:25.316 GCWES [Overlay ERROR] PeerManager::store error: sqlite3_statement_backend::loadOne: database or disk is full on 44.206.255.84:11625
2026-03-04T12:07:25.317 GCWES [Overlay ERROR] PeerManager::store error: sqlite3_statement_backend::loadOne: database or disk is full on 54.80.146.180:11625
2026-03-04T12:07:25.320 GCWES [Overlay ERROR] PeerManager::store error: sqlite3_statement_backend::loadOne: database or disk is full on 200.129.247.110:11825
2026-03-04T12:07:25.322 GCWES [Overlay ERROR] PeerManager::store error: sqlite3_statement_backend::loadOne: database or disk is full on 184.72.81.138:30020
2026-03-04T12:07:25.323 GCWES [Overlay ERROR] PeerManager::store error: sqlite3_statement_backend::loadOne: database or disk is full on 216.169.132.69:11625
2026-03-04T12:07:25.325 GCWES [Overlay ERROR] PeerManager::store error: sqlite3_statement_backend::loadOne: database or disk is full on 173.244.202.69:11725
2026-03-04T12:07:25.326 GCWES [Overlay ERROR] PeerManager::store error: sqlite3_statement_backend::loadOne: database or disk is full on 147.92.216.66:11825
2026-03-04T12:07:25.327 GCWES [Overlay ERROR] PeerManager::store error: sqlite3_statement_backend::loadOne: database or disk is full on 147.92.159.184:11725
2026-03-04T12:07:25.328 GCWES [Overlay ERROR] PeerManager::store error: sqlite3_statement_backend::loadOne: database or disk is full on 3.249.87.23:30020
2026-03-04T12:07:25.328 GCWES [Overlay ERROR] PeerManager::store error: sqlite3_statement_backend::loadOne: database or disk is full on 35.175.229.79:30400
2026-03-04T12:07:25.735 GCWES [Overlay ERROR] PeerManager::store error: sqlite3_statement_backend::loadOne: database or disk is full on 44.206.255.84:11625
2026-03-04T12:07:25.735 GCWES [Overlay INFO] Authenticated to 44.206.255.84:11625
2026-03-04T12:07:25.738 GCWES [Overlay ERROR] PeerManager::store error: sqlite3_statement_backend::loadOne: database or disk is full on 54.80.146.180:11625
2026-03-04T12:07:25.738 GCWES [Overlay INFO] Authenticated to 54.80.146.180:11625
2026-03-04T12:07:25.764 GCWES [Overlay ERROR] PeerManager::store error: sqlite3_statement_backend::loadOne: database or disk is full on 18.220.162.149:11725
2026-03-04T12:07:25.764 GCWES [Overlay INFO] Authenticated to 18.220.162.149:11725
2026-03-04T12:07:25.765 GCWES [Overlay ERROR] PeerManager::store error: sqlite3_statement_backend::loadOne: database or disk is full on 13.221.18.144:30020
2026-03-04T12:07:26.018 GCWES [SCP FATAL] Exception: Cannot commit transaction. database or disk is full
2026-03-04T12:07:26.019 GCWES [SCP FATAL] SCP context (GCWES): 
2026-03-04T12:07:26.020 GCWES [SCP FATAL] {
   "ballotProtocol" : {
      "ballot" : "(4294967295,[ SIGNED@sdf_testnet_1 txH: 61566c, ct: 1772626023, upgrades: [ ] ])",
      "heard" : false,
      "phase" : "EXTERNALIZE",
      "state" : "i: 1325249 | EXTERNALIZE | b: (4294967295,[ SIGNED@sdf_testnet_1 txH: 61566c, ct: 1772626023, upgrades: [ ] ]) | p: (4294967295,[ SIGNED@sdf_testnet_1 txH: 61566c, ct: 1772626023, upgrades: [ ] ]) | p': (<null_ballot>) | h: (4294967295,[ SIGNED@sdf_testnet_1 txH: 61566c, ct: 1772626023, upgrades: [ ] ]) | c: (1,[ SIGNED@sdf_testnet_1 txH: 61566c, ct: 1772626023, upgrades: [ ] ]) | M: 3"
   },
   "nomination" : {
      "roundnumber" : 0,
      "started" : false
   },
   "quorum_sets" : {
      "59d361" : {
         "t" : 2,
         "v" : [ "sdf_testnet_2", "sdf_testnet_3", "sdf_testnet_1" ]
      }
   },
   "statements" : [
      [
         1772626046,
         "{ENV@sdf_testnet_1 |  i: 1325249 | EXTERNALIZE | c: (1,[ SIGNED@sdf_testnet_1 txH: 61566c, ct: 1772626023, upgrades: [ ] ]) | h.n: 1 | (lastD): 59d361 }",
         false
      ],
      [
         1772626046,
         "{ENV@sdf_testnet_3 |  i: 1325249 | EXTERNALIZE | c: (1,[ SIGNED@sdf_testnet_1 txH: 61566c, ct: 1772626023, upgrades: [ ] ]) | h.n: 1 | (lastD): 59d361 }",
         false
      ],
      [
         1772626046,
         "{ENV@GCWES |  i: 1325249 | PREPARE | D: 59d361 | b: (0,[:empty:]) | p: (4294967295,[ SIGNED@sdf_testnet_1 txH: 61566c, ct: 1772626023, upgrades: [ ] ]) | p': (<null_ballot>) | c.n: 0 | h.n: 0 }",
         false
      ],
      [
         1772626046,
         "{ENV@GCWES |  i: 1325249 | PREPARE | D: 59d361 | b: (4294967295,[ SIGNED@sdf_testnet_1 txH: 61566c, ct: 1772626023, upgrades: [ ] ]) | p: (4294967295,[ SIGNED@sdf_testnet_1 txH: 61566c, ct: 1772626023, upgrades: [ ] ]) | p': (<null_ballot>) | c.n: 4294967295 | h.n: 4294967295 }",
         false
      ],
      [
         1772626046,
         "{ENV@GCWES |  i: 1325249 | CONFIRM | D: 59d361 | b: (4294967295,[ SIGNED@sdf_testnet_1 txH: 61566c, ct: 1772626023, upgrades: [ ] ]) | p.n: 4294967295 | c.n: 1 | h.n: 4294967295 }",
         false
      ],
      [
         1772626046,
         "{ENV@GCWES |  i: 1325249 | EXTERNALIZE | c: (1,[ SIGNED@sdf_testnet_1 txH: 61566c, ct: 1772626023, upgrades: [ ] ]) | h.n: 4294967295 | (lastD): 59d361 }",
         false
      ]
   ],
   "validated" : false
}

2026-03-04T12:07:26.021 GCWES [SCP FATAL] Exception processing SCP messages at 1325249, envelope: {ENV@GCWES |  i: 1325249 | CONFIRM | D: 59d361 | b: (4294967295,[ SIGNED@sdf_testnet_1 txH: 61566c, ct: 1772626023, upgrades: [ ] ]) | p.n: 4294967295 | c.n: 1 | h.n: 4294967295 }
2026-03-04T12:07:26.021 GCWES [SCP FATAL] Please report this bug along with this log file if this was not expected
2026-03-04T12:07:26.021 GCWES [SCP FATAL] Exception: Cannot commit transaction. database or disk is full
2026-03-04T12:07:26.022 GCWES [SCP FATAL] SCP context (GCWES): 
2026-03-04T12:07:26.022 GCWES [SCP FATAL] {
   "ballotProtocol" : {
      "ballot" : "(4294967295,[ SIGNED@sdf_testnet_1 txH: 61566c, ct: 1772626023, upgrades: [ ] ])",
      "heard" : false,
      "phase" : "EXTERNALIZE",
      "state" : "i: 1325249 | EXTERNALIZE | b: (4294967295,[ SIGNED@sdf_testnet_1 txH: 61566c, ct: 1772626023, upgrades: [ ] ]) | p: (4294967295,[ SIGNED@sdf_testnet_1 txH: 61566c, ct: 1772626023, upgrades: [ ] ]) | p': (<null_ballot>) | h: (4294967295,[ SIGNED@sdf_testnet_1 txH: 61566c, ct: 1772626023, upgrades: [ ] ]) | c: (1,[ SIGNED@sdf_testnet_1 txH: 61566c, ct: 1772626023, upgrades: [ ] ]) | M: 3"
   },
   "nomination" : {
      "roundnumber" : 0,
      "started" : false
   },
   "quorum_sets" : {
      "59d361" : {
         "t" : 2,
         "v" : [ "sdf_testnet_2", "sdf_testnet_3", "sdf_testnet_1" ]
      }
   },
   "statements" : [
      [
         1772626046,
         "{ENV@sdf_testnet_1 |  i: 1325249 | EXTERNALIZE | c: (1,[ SIGNED@sdf_testnet_1 txH: 61566c, ct: 1772626023, upgrades: [ ] ]) | h.n: 1 | (lastD): 59d361 }",
         false
      ],
      [
         1772626046,
         "{ENV@sdf_testnet_3 |  i: 1325249 | EXTERNALIZE | c: (1,[ SIGNED@sdf_testnet_1 txH: 61566c, ct: 1772626023, upgrades: [ ] ]) | h.n: 1 | (lastD): 59d361 }",
         false
      ],
      [
         1772626046,
         "{ENV@GCWES |  i: 1325249 | PREPARE | D: 59d361 | b: (0,[:empty:]) | p: (4294967295,[ SIGNED@sdf_testnet_1 txH: 61566c, ct: 1772626023, upgrades: [ ] ]) | p': (<null_ballot>) | c.n: 0 | h.n: 0 }",
         false
      ],
      [
         1772626046,
         "{ENV@GCWES |  i: 1325249 | PREPARE | D: 59d361 | b: (4294967295,[ SIGNED@sdf_testnet_1 txH: 61566c, ct: 1772626023, upgrades: [ ] ]) | p: (4294967295,[ SIGNED@sdf_testnet_1 txH: 61566c, ct: 1772626023, upgrades: [ ] ]) | p': (<null_ballot>) | c.n: 4294967295 | h.n: 4294967295 }",
         false
      ],
      [
         1772626046,
         "{ENV@GCWES |  i: 1325249 | CONFIRM | D: 59d361 | b: (4294967295,[ SIGNED@sdf_testnet_1 txH: 61566c, ct: 1772626023, upgrades: [ ] ]) | p.n: 4294967295 | c.n: 1 | h.n: 4294967295 }",
         false
      ],
      [
         1772626046,
         "{ENV@GCWES |  i: 1325249 | EXTERNALIZE | c: (1,[ SIGNED@sdf_testnet_1 txH: 61566c, ct: 1772626023, upgrades: [ ] ]) | h.n: 4294967295 | (lastD): 59d361 }",
         false
      ]
   ],
   "validated" : false
}

2026-03-04T12:07:26.022 GCWES [SCP FATAL] Exception processing SCP messages at 1325249, envelope: {ENV@GCWES |  i: 1325249 | PREPARE | D: 59d361 | b: (4294967295,[ SIGNED@sdf_testnet_1 txH: 61566c, ct: 1772626023, upgrades: [ ] ]) | p: (4294967295,[ SIGNED@sdf_testnet_1 txH: 61566c, ct: 1772626023, upgrades: [ ] ]) | p': (<null_ballot>) | c.n: 4294967295 | h.n: 4294967295 }
2026-03-04T12:07:26.023 GCWES [SCP FATAL] Please report this bug along with this log file if this was not expected
2026-03-04T12:07:26.023 GCWES [SCP FATAL] Exception: Cannot commit transaction. database or disk is full
2026-03-04T12:07:26.023 GCWES [SCP FATAL] SCP context (GCWES): 
2026-03-04T12:07:26.023 GCWES [SCP FATAL] {
   "ballotProtocol" : {
      "ballot" : "(4294967295,[ SIGNED@sdf_testnet_1 txH: 61566c, ct: 1772626023, upgrades: [ ] ])",
      "heard" : false,
      "phase" : "EXTERNALIZE",
      "state" : "i: 1325249 | EXTERNALIZE | b: (4294967295,[ SIGNED@sdf_testnet_1 txH: 61566c, ct: 1772626023, upgrades: [ ] ]) | p: (4294967295,[ SIGNED@sdf_testnet_1 txH: 61566c, ct: 1772626023, upgrades: [ ] ]) | p': (<null_ballot>) | h: (4294967295,[ SIGNED@sdf_testnet_1 txH: 61566c, ct: 1772626023, upgrades: [ ] ]) | c: (1,[ SIGNED@sdf_testnet_1 txH: 61566c, ct: 1772626023, upgrades: [ ] ]) | M: 3"
   },
   "nomination" : {
      "roundnumber" : 0,
      "started" : false
   },
   "quorum_sets" : {
      "59d361" : {
         "t" : 2,
         "v" : [ "sdf_testnet_2", "sdf_testnet_3", "sdf_testnet_1" ]
      }
   },
   "statements" : [
      [
         1772626046,
         "{ENV@sdf_testnet_1 |  i: 1325249 | EXTERNALIZE | c: (1,[ SIGNED@sdf_testnet_1 txH: 61566c, ct: 1772626023, upgrades: [ ] ]) | h.n: 1 | (lastD): 59d361 }",
         false
      ],
      [
         1772626046,
         "{ENV@sdf_testnet_3 |  i: 1325249 | EXTERNALIZE | c: (1,[ SIGNED@sdf_testnet_1 txH: 61566c, ct: 1772626023, upgrades: [ ] ]) | h.n: 1 | (lastD): 59d361 }",
         false
      ],
      [
         1772626046,
         "{ENV@GCWES |  i: 1325249 | PREPARE | D: 59d361 | b: (0,[:empty:]) | p: (4294967295,[ SIGNED@sdf_testnet_1 txH: 61566c, ct: 1772626023, upgrades: [ ] ]) | p': (<null_ballot>) | c.n: 0 | h.n: 0 }",
         false
      ],
      [
         1772626046,
         "{ENV@GCWES |  i: 1325249 | PREPARE | D: 59d361 | b: (4294967295,[ SIGNED@sdf_testnet_1 txH: 61566c, ct: 1772626023, upgrades: [ ] ]) | p: (4294967295,[ SIGNED@sdf_testnet_1 txH: 61566c, ct: 1772626023, upgrades: [ ] ]) | p': (<null_ballot>) | c.n: 4294967295 | h.n: 4294967295 }",
         false
      ],
      [
         1772626046,
         "{ENV@GCWES |  i: 1325249 | CONFIRM | D: 59d361 | b: (4294967295,[ SIGNED@sdf_testnet_1 txH: 61566c, ct: 1772626023, upgrades: [ ] ]) | p.n: 4294967295 | c.n: 1 | h.n: 4294967295 }",
         false
      ],
      [
         1772626046,
         "{ENV@GCWES |  i: 1325249 | EXTERNALIZE | c: (1,[ SIGNED@sdf_testnet_1 txH: 61566c, ct: 1772626023, upgrades: [ ] ]) | h.n: 4294967295 | (lastD): 59d361 }",
         false
      ]
   ],
   "validated" : false
}

2026-03-04T12:07:26.023 GCWES [SCP FATAL] Exception processing SCP messages at 1325249, envelope: {ENV@GCWES |  i: 1325249 | PREPARE | D: 59d361 | b: (0,[:empty:]) | p: (4294967295,[ SIGNED@sdf_testnet_1 txH: 61566c, ct: 1772626023, upgrades: [ ] ]) | p': (<null_ballot>) | c.n: 0 | h.n: 0 }
2026-03-04T12:07:26.024 GCWES [SCP FATAL] Please report this bug along with this log file if this was not expected
2026-03-04T12:07:26.024 GCWES [SCP FATAL] Exception: Cannot commit transaction. database or disk is full
2026-03-04T12:07:26.024 GCWES [SCP FATAL] SCP context (GCWES): 
2026-03-04T12:07:26.024 GCWES [SCP FATAL] {
   "ballotProtocol" : {
      "ballot" : "(4294967295,[ SIGNED@sdf_testnet_1 txH: 61566c, ct: 1772626023, upgrades: [ ] ])",
      "heard" : false,
      "phase" : "EXTERNALIZE",
      "state" : "i: 1325249 | EXTERNALIZE | b: (4294967295,[ SIGNED@sdf_testnet_1 txH: 61566c, ct: 1772626023, upgrades: [ ] ]) | p: (4294967295,[ SIGNED@sdf_testnet_1 txH: 61566c, ct: 1772626023, upgrades: [ ] ]) | p': (<null_ballot>) | h: (4294967295,[ SIGNED@sdf_testnet_1 txH: 61566c, ct: 1772626023, upgrades: [ ] ]) | c: (1,[ SIGNED@sdf_testnet_1 txH: 61566c, ct: 1772626023, upgrades: [ ] ]) | M: 3"
   },
   "nomination" : {
      "roundnumber" : 0,
      "started" : false
   },
   "quorum_sets" : {
      "59d361" : {
         "t" : 2,
         "v" : [ "sdf_testnet_2", "sdf_testnet_3", "sdf_testnet_1" ]
      }
   },
   "statements" : [
      [
         1772626046,
         "{ENV@sdf_testnet_1 |  i: 1325249 | EXTERNALIZE | c: (1,[ SIGNED@sdf_testnet_1 txH: 61566c, ct: 1772626023, upgrades: [ ] ]) | h.n: 1 | (lastD): 59d361 }",
         false
      ],
      [
         1772626046,
         "{ENV@sdf_testnet_3 |  i: 1325249 | EXTERNALIZE | c: (1,[ SIGNED@sdf_testnet_1 txH: 61566c, ct: 1772626023, upgrades: [ ] ]) | h.n: 1 | (lastD): 59d361 }",
         false
      ],
      [
         1772626046,
         "{ENV@GCWES |  i: 1325249 | PREPARE | D: 59d361 | b: (0,[:empty:]) | p: (4294967295,[ SIGNED@sdf_testnet_1 txH: 61566c, ct: 1772626023, upgrades: [ ] ]) | p': (<null_ballot>) | c.n: 0 | h.n: 0 }",
         false
      ],
      [
         1772626046,
         "{ENV@GCWES |  i: 1325249 | PREPARE | D: 59d361 | b: (4294967295,[ SIGNED@sdf_testnet_1 txH: 61566c, ct: 1772626023, upgrades: [ ] ]) | p: (4294967295,[ SIGNED@sdf_testnet_1 txH: 61566c, ct: 1772626023, upgrades: [ ] ]) | p': (<null_ballot>) | c.n: 4294967295 | h.n: 4294967295 }",
         false
      ],
      [
         1772626046,
         "{ENV@GCWES |  i: 1325249 | CONFIRM | D: 59d361 | b: (4294967295,[ SIGNED@sdf_testnet_1 txH: 61566c, ct: 1772626023, upgrades: [ ] ]) | p.n: 4294967295 | c.n: 1 | h.n: 4294967295 }",
         false
      ],
      [
         1772626046,
         "{ENV@GCWES |  i: 1325249 | EXTERNALIZE | c: (1,[ SIGNED@sdf_testnet_1 txH: 61566c, ct: 1772626023, upgrades: [ ] ]) | h.n: 4294967295 | (lastD): 59d361 }",
         false
      ]
   ],
   "validated" : false
}

2026-03-04T12:07:26.025 GCWES [SCP FATAL] Exception processing SCP messages at 1325249, envelope: {ENV@sdf_testnet_3 |  i: 1325249 | EXTERNALIZE | c: (1,[ SIGNED@sdf_testnet_1 txH: 61566c, ct: 1772626023, upgrades: [ ] ]) | h.n: 1 | (lastD): 59d361 }
2026-03-04T12:07:26.025 GCWES [SCP FATAL] Please report this bug along with this log file if this was not expected
