2026-03-03T15:08:40.918 GCAXF [default INFO] Starting stellar-core v25.1.1
2026-03-03T15:08:40.919 GCAXF [Database INFO] Connecting to: sqlite3:///opt/stellar/core/stellar.db
2026-03-03T15:08:40.926 GCAXF [SCP INFO] LocalNode::LocalNode@GCAXF qSet: 59d361
2026-03-03T15:08:40.926 GCAXF [Database INFO] DB schema is in current version
2026-03-03T15:08:40.926 GCAXF [default INFO] Listening on 0.0.0.0:11626 for HTTP requests
2026-03-03T15:08:40.926 GCAXF [Bucket INFO] BucketListDB enabled: pageSizeExponent: 14 indexCutOff: 20MB, persist indexes: true
2026-03-03T15:08:40.926 GCAXF [default INFO] Connection effective settings:
2026-03-03T15:08:40.926 GCAXF [default INFO] TARGET_PEER_CONNECTIONS: 8
2026-03-03T15:08:40.926 GCAXF [default INFO] MAX_ADDITIONAL_PEER_CONNECTIONS: 64
2026-03-03T15:08:40.926 GCAXF [default INFO] MAX_PENDING_CONNECTIONS: 500
2026-03-03T15:08:40.926 GCAXF [default INFO] MAX_OUTBOUND_PENDING_CONNECTIONS: 56
2026-03-03T15:08:40.926 GCAXF [default INFO] MAX_INBOUND_PENDING_CONNECTIONS: 444
2026-03-03T15:08:40.926 GCAXF [default INFO] BACKGROUND_OVERLAY_PROCESSING=true
2026-03-03T15:08:40.926 GCAXF [default INFO] PARALLEL_LEDGER_APPLY=true
2026-03-03T15:08:40.926 GCAXF [History INFO] Archive 'sdf_testnet_1' has 'get' command only, will not be written
2026-03-03T15:08:40.926 GCAXF [History INFO] Archive 'sdf_testnet_2' has 'get' command only, will not be written
2026-03-03T15:08:40.926 GCAXF [History INFO] Archive 'sdf_testnet_3' has 'get' command only, will not be written
2026-03-03T15:08:40.926 GCAXF [History WARNING] No writable archives configured, history will not be written.
2026-03-03T15:08:40.927 GCAXF [Ledger INFO] Starting up application
2026-03-03T15:08:40.927 GCAXF [Ledger INFO] Last closed ledger (LCL) hash is bb5348e263dc812d4fc2ada832acadf77b38248092caeae806251a9d7fba4cbe
2026-03-03T15:08:40.927 GCAXF [Ledger INFO] Loaded LCL header from database: [seq=1310157, hash=bb5348]
2026-03-03T15:08:40.927 GCAXF [default INFO] Establishing 10-entry connection pool to: sqlite3:///opt/stellar/core/stellar.db
2026-03-03T15:08:41.437 GCAXF [Ledger INFO] Assumed bucket-state for LCL: [seq=1310157, hash=bb5348]
2026-03-03T15:08:41.437 GCAXF [default INFO] Launching 1 loading and 5 compiling background threads
2026-03-03T15:08:41.697 GCAXF [default INFO] Compiled 1684 contracts (45055210 bytes of Wasm) in 259ms real time, 1251ms CPU time
2026-03-03T15:08:43.922 GCAXF [Overlay INFO] Binding to endpoint 0.0.0.0:11625
2026-03-03T15:08:43.931 GCAXF [History INFO] Downloading history archive state: .well-known/stellar-history.json
2026-03-03T15:08:44.294 GCAXF [Process WARNING] process 2726 exited 23: curl -sf http://history.stellar.org/prd/core-testnet/core_testnet_001/.well-known/stellar-history.json -o buckets/tmp/history-35f92228ea7162e7/a1e314be09615953-stellar-history.json
2026-03-03T15:08:44.294 GCAXF [History WARNING] Could not download file: archive sdf_testnet_1 maybe missing file .well-known/stellar-history.json
2026-03-03T15:08:44.295 GCAXF [History ERROR] Could not download .well-known/stellar-history.json file: corrupt archive sdf_testnet_1
2026-03-03T15:08:44.296 GCAXF [History ERROR] Failed to obtain archive information: sdf_testnet_1
2026-03-03T15:08:46.173 GCAXF [Overlay ERROR] PeerManager::store error: sqlite3_statement_backend::loadOne: database or disk is full on 98.91.174.101:11625
2026-03-03T15:08:46.174 GCAXF [Overlay ERROR] PeerManager::store error: sqlite3_statement_backend::loadOne: database or disk is full on 44.204.146.210:11625
2026-03-03T15:08:46.175 GCAXF [Overlay ERROR] PeerManager::store error: sqlite3_statement_backend::loadOne: database or disk is full on 44.213.67.110:11625
2026-03-03T15:08:46.176 GCAXF [Overlay ERROR] PeerManager::store error: sqlite3_statement_backend::loadOne: database or disk is full on 18.189.174.103:11725
2026-03-03T15:08:46.178 GCAXF [Overlay ERROR] PeerManager::store error: sqlite3_statement_backend::loadOne: database or disk is full on 64.23.228.195:11625
2026-03-03T15:08:46.180 GCAXF [Overlay ERROR] PeerManager::store error: sqlite3_statement_backend::loadOne: database or disk is full on 54.159.155.163:11625
2026-03-03T15:08:46.182 GCAXF [Overlay ERROR] PeerManager::store error: sqlite3_statement_backend::loadOne: database or disk is full on 200.129.247.138:11625
2026-03-03T15:08:46.183 GCAXF [Overlay ERROR] PeerManager::store error: sqlite3_statement_backend::loadOne: database or disk is full on 3.255.82.225:30020
2026-03-03T15:08:46.185 GCAXF [Overlay ERROR] PeerManager::store error: sqlite3_statement_backend::loadOne: database or disk is full on 13.217.88.18:8009
2026-03-03T15:08:46.186 GCAXF [Overlay ERROR] PeerManager::store error: sqlite3_statement_backend::loadOne: database or disk is full on 54.90.248.176:30020
2026-03-03T15:08:46.187 GCAXF [Overlay ERROR] PeerManager::store error: sqlite3_statement_backend::loadOne: database or disk is full on 172.18.0.1:11725
2026-03-03T15:08:46.188 GCAXF [Overlay ERROR] PeerManager::store error: sqlite3_statement_backend::loadOne: database or disk is full on 198.199.88.228:11625
2026-03-03T15:08:46.189 GCAXF [Overlay ERROR] PeerManager::store error: sqlite3_statement_backend::loadOne: database or disk is full on 50.16.48.217:30020
2026-03-03T15:08:46.190 GCAXF [Overlay ERROR] PeerManager::store error: sqlite3_statement_backend::loadOne: database or disk is full on 200.129.247.145:11625
2026-03-03T15:08:46.191 GCAXF [Overlay ERROR] PeerManager::store error: sqlite3_statement_backend::loadOne: database or disk is full on 3.134.225.19:11725
2026-03-03T15:08:46.191 GCAXF [Overlay ERROR] PeerManager::store error: sqlite3_statement_backend::loadOne: database or disk is full on 172.18.0.1:11625
2026-03-03T15:08:46.192 GCAXF [Overlay ERROR] PeerManager::store error: sqlite3_statement_backend::loadOne: database or disk is full on 54.163.22.184:30020
2026-03-03T15:08:46.193 GCAXF [Overlay ERROR] PeerManager::store error: sqlite3_statement_backend::loadOne: database or disk is full on 3.18.193.104:11725
2026-03-03T15:08:46.194 GCAXF [Overlay ERROR] PeerManager::store error: sqlite3_statement_backend::loadOne: database or disk is full on 135.181.229.215:11628
2026-03-03T15:08:46.194 GCAXF [Overlay ERROR] PeerManager::store error: sqlite3_statement_backend::loadOne: database or disk is full on 148.113.140.57:11625
2026-03-03T15:08:46.195 GCAXF [Overlay ERROR] PeerManager::store error: sqlite3_statement_backend::loadOne: database or disk is full on 200.129.247.110:11625
2026-03-03T15:08:46.195 GCAXF [Overlay ERROR] PeerManager::store error: sqlite3_statement_backend::loadOne: database or disk is full on 200.129.247.114:11625
2026-03-03T15:08:46.196 GCAXF [Overlay ERROR] PeerManager::store error: sqlite3_statement_backend::loadOne: database or disk is full on 3.238.52.233:30400
2026-03-03T15:08:46.197 GCAXF [Overlay ERROR] PeerManager::store error: sqlite3_statement_backend::loadOne: database or disk is full on 18.189.252.66:11725
2026-03-03T15:08:46.198 GCAXF [Overlay ERROR] PeerManager::store error: sqlite3_statement_backend::loadOne: database or disk is full on 174.138.52.29:11625
2026-03-03T15:08:46.198 GCAXF [Overlay ERROR] PeerManager::store error: sqlite3_statement_backend::loadOne: database or disk is full on 34.245.167.15:30020
2026-03-03T15:08:46.581 GCAXF [Overlay ERROR] PeerManager::store error: sqlite3_statement_backend::loadOne: database or disk is full on 54.159.155.163:11625
2026-03-03T15:08:46.581 GCAXF [Overlay INFO] Authenticated to 54.159.155.163:11625
2026-03-03T15:08:46.612 GCAXF [Overlay ERROR] PeerManager::store error: sqlite3_statement_backend::loadOne: database or disk is full on 18.189.174.103:11725
2026-03-03T15:08:46.612 GCAXF [Overlay INFO] Authenticated to 18.189.174.103:11725
2026-03-03T15:08:46.613 GCAXF [Overlay ERROR] PeerManager::store error: sqlite3_statement_backend::loadOne: database or disk is full on 173.56.217.231:11625
2026-03-03T15:08:46.613 GCAXF [Overlay ERROR] PeerManager::store error: sqlite3_statement_backend::loadOne: database or disk is full on 77.48.24.203:11625
2026-03-03T15:08:46.614 GCAXF [Overlay ERROR] PeerManager::store error: sqlite3_statement_backend::loadOne: database or disk is full on 200.129.247.71:11825
2026-03-03T15:08:46.614 GCAXF [Overlay ERROR] PeerManager::store error: sqlite3_statement_backend::loadOne: database or disk is full on 77.48.24.153:11625
2026-03-03T15:08:46.614 GCAXF [Overlay ERROR] PeerManager::store error: sqlite3_statement_backend::loadOne: database or disk is full on 44.198.157.36:11625
2026-03-03T15:08:46.614 GCAXF [Overlay ERROR] PeerManager::store error: sqlite3_statement_backend::loadOne: database or disk is full on 200.129.247.139:11725
2026-03-03T15:08:46.615 GCAXF [Overlay ERROR] PeerManager::store error: sqlite3_statement_backend::loadOne: database or disk is full on 200.129.247.55:11725
2026-03-03T15:08:46.741 GCAXF [Overlay ERROR] PeerManager::store error: sqlite3_statement_backend::loadOne: database or disk is full on 64.23.228.195:11625
2026-03-03T15:08:46.741 GCAXF [Overlay INFO] Authenticated to 64.23.228.195:11625
2026-03-03T15:08:46.742 GCAXF [Overlay ERROR] PeerManager::store error: sqlite3_statement_backend::loadOne: database or disk is full on 200.129.247.139:11825
2026-03-03T15:08:46.743 GCAXF [Overlay ERROR] PeerManager::store error: sqlite3_statement_backend::loadOne: database or disk is full on 40.160.27.250:11625
2026-03-03T15:08:46.852 GCAXF [SCP FATAL] Exception: Cannot commit transaction. database or disk is full
2026-03-03T15:08:46.853 GCAXF [SCP FATAL] SCP context (GCAXF): 
2026-03-03T15:08:46.853 GCAXF [SCP FATAL] {
   "ballotProtocol" : {
      "ballot" : "(4294967295,[ SIGNED@sdf_testnet_3 txH: ec67e8, ct: 1772550469, upgrades: [ ] ])",
      "heard" : false,
      "phase" : "EXTERNALIZE",
      "state" : "i: 1310155 | EXTERNALIZE | b: (4294967295,[ SIGNED@sdf_testnet_3 txH: ec67e8, ct: 1772550469, upgrades: [ ] ]) | p: (4294967295,[ SIGNED@sdf_testnet_3 txH: ec67e8, ct: 1772550469, upgrades: [ ] ]) | p': (<null_ballot>) | h: (4294967295,[ SIGNED@sdf_testnet_3 txH: ec67e8, ct: 1772550469, upgrades: [ ] ]) | c: (1,[ SIGNED@sdf_testnet_3 txH: ec67e8, ct: 1772550469, upgrades: [ ] ]) | M: 3"
   },
   "nomination" : {
      "roundnumber" : 0,
      "started" : false
   },
   "quorum_sets" : {
      "59d361" : {
         "t" : 2,
         "v" : [ "sdf_testnet_2", "sdf_testnet_3", "sdf_testnet_1" ]
      }
   },
   "statements" : [
      [
         1772550526,
         "{ENV@sdf_testnet_1 |  i: 1310155 | EXTERNALIZE | c: (1,[ SIGNED@sdf_testnet_3 txH: ec67e8, ct: 1772550469, upgrades: [ ] ]) | h.n: 1 | (lastD): 59d361 }",
         false
      ],
      [
         1772550526,
         "{ENV@sdf_testnet_3 |  i: 1310155 | EXTERNALIZE | c: (1,[ SIGNED@sdf_testnet_3 txH: ec67e8, ct: 1772550469, upgrades: [ ] ]) | h.n: 1 | (lastD): 59d361 }",
         false
      ],
      [
         1772550526,
         "{ENV@GCAXF |  i: 1310155 | PREPARE | D: 59d361 | b: (0,[:empty:]) | p: (4294967295,[ SIGNED@sdf_testnet_3 txH: ec67e8, ct: 1772550469, upgrades: [ ] ]) | p': (<null_ballot>) | c.n: 0 | h.n: 0 }",
         false
      ],
      [
         1772550526,
         "{ENV@GCAXF |  i: 1310155 | PREPARE | D: 59d361 | b: (4294967295,[ SIGNED@sdf_testnet_3 txH: ec67e8, ct: 1772550469, upgrades: [ ] ]) | p: (4294967295,[ SIGNED@sdf_testnet_3 txH: ec67e8, ct: 1772550469, upgrades: [ ] ]) | p': (<null_ballot>) | c.n: 4294967295 | h.n: 4294967295 }",
         false
      ],
      [
         1772550526,
         "{ENV@GCAXF |  i: 1310155 | CONFIRM | D: 59d361 | b: (4294967295,[ SIGNED@sdf_testnet_3 txH: ec67e8, ct: 1772550469, upgrades: [ ] ]) | p.n: 4294967295 | c.n: 1 | h.n: 4294967295 }",
         false
      ],
      [
         1772550526,
         "{ENV@GCAXF |  i: 1310155 | EXTERNALIZE | c: (1,[ SIGNED@sdf_testnet_3 txH: ec67e8, ct: 1772550469, upgrades: [ ] ]) | h.n: 4294967295 | (lastD): 59d361 }",
         false
      ]
   ],
   "validated" : false
}

2026-03-03T15:08:46.854 GCAXF [SCP FATAL] Exception processing SCP messages at 1310155, envelope: {ENV@GCAXF |  i: 1310155 | CONFIRM | D: 59d361 | b: (4294967295,[ SIGNED@sdf_testnet_3 txH: ec67e8, ct: 1772550469, upgrades: [ ] ]) | p.n: 4294967295 | c.n: 1 | h.n: 4294967295 }
2026-03-03T15:08:46.854 GCAXF [SCP FATAL] Please report this bug along with this log file if this was not expected
2026-03-03T15:08:46.855 GCAXF [SCP FATAL] Exception: Cannot commit transaction. database or disk is full
2026-03-03T15:08:46.855 GCAXF [SCP FATAL] SCP context (GCAXF): 
2026-03-03T15:08:46.855 GCAXF [SCP FATAL] {
   "ballotProtocol" : {
      "ballot" : "(4294967295,[ SIGNED@sdf_testnet_3 txH: ec67e8, ct: 1772550469, upgrades: [ ] ])",
      "heard" : false,
      "phase" : "EXTERNALIZE",
      "state" : "i: 1310155 | EXTERNALIZE | b: (4294967295,[ SIGNED@sdf_testnet_3 txH: ec67e8, ct: 1772550469, upgrades: [ ] ]) | p: (4294967295,[ SIGNED@sdf_testnet_3 txH: ec67e8, ct: 1772550469, upgrades: [ ] ]) | p': (<null_ballot>) | h: (4294967295,[ SIGNED@sdf_testnet_3 txH: ec67e8, ct: 1772550469, upgrades: [ ] ]) | c: (1,[ SIGNED@sdf_testnet_3 txH: ec67e8, ct: 1772550469, upgrades: [ ] ]) | M: 3"
   },
   "nomination" : {
      "roundnumber" : 0,
      "started" : false
   },
   "quorum_sets" : {
      "59d361" : {
         "t" : 2,
         "v" : [ "sdf_testnet_2", "sdf_testnet_3", "sdf_testnet_1" ]
      }
   },
   "statements" : [
      [
         1772550526,
         "{ENV@sdf_testnet_1 |  i: 1310155 | EXTERNALIZE | c: (1,[ SIGNED@sdf_testnet_3 txH: ec67e8, ct: 1772550469, upgrades: [ ] ]) | h.n: 1 | (lastD): 59d361 }",
         false
      ],
      [
         1772550526,
         "{ENV@sdf_testnet_3 |  i: 1310155 | EXTERNALIZE | c: (1,[ SIGNED@sdf_testnet_3 txH: ec67e8, ct: 1772550469, upgrades: [ ] ]) | h.n: 1 | (lastD): 59d361 }",
         false
      ],
      [
         1772550526,
         "{ENV@GCAXF |  i: 1310155 | PREPARE | D: 59d361 | b: (0,[:empty:]) | p: (4294967295,[ SIGNED@sdf_testnet_3 txH: ec67e8, ct: 1772550469, upgrades: [ ] ]) | p': (<null_ballot>) | c.n: 0 | h.n: 0 }",
         false
      ],
      [
         1772550526,
         "{ENV@GCAXF |  i: 1310155 | PREPARE | D: 59d361 | b: (4294967295,[ SIGNED@sdf_testnet_3 txH: ec67e8, ct: 1772550469, upgrades: [ ] ]) | p: (4294967295,[ SIGNED@sdf_testnet_3 txH: ec67e8, ct: 1772550469, upgrades: [ ] ]) | p': (<null_ballot>) | c.n: 4294967295 | h.n: 4294967295 }",
         false
      ],
      [
         1772550526,
         "{ENV@GCAXF |  i: 1310155 | CONFIRM | D: 59d361 | b: (4294967295,[ SIGNED@sdf_testnet_3 txH: ec67e8, ct: 1772550469, upgrades: [ ] ]) | p.n: 4294967295 | c.n: 1 | h.n: 4294967295 }",
         false
      ],
      [
         1772550526,
         "{ENV@GCAXF |  i: 1310155 | EXTERNALIZE | c: (1,[ SIGNED@sdf_testnet_3 txH: ec67e8, ct: 1772550469, upgrades: [ ] ]) | h.n: 4294967295 | (lastD): 59d361 }",
         false
      ]
   ],
   "validated" : false
}

2026-03-03T15:08:46.856 GCAXF [SCP FATAL] Exception processing SCP messages at 1310155, envelope: {ENV@GCAXF |  i: 1310155 | PREPARE | D: 59d361 | b: (4294967295,[ SIGNED@sdf_testnet_3 txH: ec67e8, ct: 1772550469, upgrades: [ ] ]) | p: (4294967295,[ SIGNED@sdf_testnet_3 txH: ec67e8, ct: 1772550469, upgrades: [ ] ]) | p': (<null_ballot>) | c.n: 4294967295 | h.n: 4294967295 }
2026-03-03T15:08:46.856 GCAXF [SCP FATAL] Please report this bug along with this log file if this was not expected
2026-03-03T15:08:46.856 GCAXF [SCP FATAL] Exception: Cannot commit transaction. database or disk is full
2026-03-03T15:08:46.857 GCAXF [SCP FATAL] SCP context (GCAXF): 
2026-03-03T15:08:46.857 GCAXF [SCP FATAL] {
   "ballotProtocol" : {
      "ballot" : "(4294967295,[ SIGNED@sdf_testnet_3 txH: ec67e8, ct: 1772550469, upgrades: [ ] ])",
      "heard" : false,
      "phase" : "EXTERNALIZE",
      "state" : "i: 1310155 | EXTERNALIZE | b: (4294967295,[ SIGNED@sdf_testnet_3 txH: ec67e8, ct: 1772550469, upgrades: [ ] ]) | p: (4294967295,[ SIGNED@sdf_testnet_3 txH: ec67e8, ct: 1772550469, upgrades: [ ] ]) | p': (<null_ballot>) | h: (4294967295,[ SIGNED@sdf_testnet_3 txH: ec67e8, ct: 1772550469, upgrades: [ ] ]) | c: (1,[ SIGNED@sdf_testnet_3 txH: ec67e8, ct: 1772550469, upgrades: [ ] ]) | M: 3"
   },
   "nomination" : {
      "roundnumber" : 0,
      "started" : false
   },
   "quorum_sets" : {
      "59d361" : {
         "t" : 2,
         "v" : [ "sdf_testnet_2", "sdf_testnet_3", "sdf_testnet_1" ]
      }
   },
   "statements" : [
      [
         1772550526,
         "{ENV@sdf_testnet_1 |  i: 1310155 | EXTERNALIZE | c: (1,[ SIGNED@sdf_testnet_3 txH: ec67e8, ct: 1772550469, upgrades: [ ] ]) | h.n: 1 | (lastD): 59d361 }",
         false
      ],
      [
         1772550526,
         "{ENV@sdf_testnet_3 |  i: 1310155 | EXTERNALIZE | c: (1,[ SIGNED@sdf_testnet_3 txH: ec67e8, ct: 1772550469, upgrades: [ ] ]) | h.n: 1 | (lastD): 59d361 }",
         false
      ],
      [
         1772550526,
         "{ENV@GCAXF |  i: 1310155 | PREPARE | D: 59d361 | b: (0,[:empty:]) | p: (4294967295,[ SIGNED@sdf_testnet_3 txH: ec67e8, ct: 1772550469, upgrades: [ ] ]) | p': (<null_ballot>) | c.n: 0 | h.n: 0 }",
         false
      ],
      [
         1772550526,
         "{ENV@GCAXF |  i: 1310155 | PREPARE | D: 59d361 | b: (4294967295,[ SIGNED@sdf_testnet_3 txH: ec67e8, ct: 1772550469, upgrades: [ ] ]) | p: (4294967295,[ SIGNED@sdf_testnet_3 txH: ec67e8, ct: 1772550469, upgrades: [ ] ]) | p': (<null_ballot>) | c.n: 4294967295 | h.n: 4294967295 }",
         false
      ],
      [
         1772550526,
         "{ENV@GCAXF |  i: 1310155 | CONFIRM | D: 59d361 | b: (4294967295,[ SIGNED@sdf_testnet_3 txH: ec67e8, ct: 1772550469, upgrades: [ ] ]) | p.n: 4294967295 | c.n: 1 | h.n: 4294967295 }",
         false
      ],
      [
         1772550526,
         "{ENV@GCAXF |  i: 1310155 | EXTERNALIZE | c: (1,[ SIGNED@sdf_testnet_3 txH: ec67e8, ct: 1772550469, upgrades: [ ] ]) | h.n: 4294967295 | (lastD): 59d361 }",
         false
      ]
   ],
   "validated" : false
}

2026-03-03T15:08:46.858 GCAXF [SCP FATAL] Exception processing SCP messages at 1310155, envelope: {ENV@GCAXF |  i: 1310155 | PREPARE | D: 59d361 | b: (0,[:empty:]) | p: (4294967295,[ SIGNED@sdf_testnet_3 txH: ec67e8, ct: 1772550469, upgrades: [ ] ]) | p': (<null_ballot>) | c.n: 0 | h.n: 0 }
2026-03-03T15:08:46.858 GCAXF [SCP FATAL] Please report this bug along with this log file if this was not expected
2026-03-03T15:08:46.858 GCAXF [SCP FATAL] Exception: Cannot commit transaction. database or disk is full
2026-03-03T15:08:46.859 GCAXF [SCP FATAL] SCP context (GCAXF): 
2026-03-03T15:08:46.859 GCAXF [SCP FATAL] {
   "ballotProtocol" : {
      "ballot" : "(4294967295,[ SIGNED@sdf_testnet_3 txH: ec67e8, ct: 1772550469, upgrades: [ ] ])",
      "heard" : false,
      "phase" : "EXTERNALIZE",
      "state" : "i: 1310155 | EXTERNALIZE | b: (4294967295,[ SIGNED@sdf_testnet_3 txH: ec67e8, ct: 1772550469, upgrades: [ ] ]) | p: (4294967295,[ SIGNED@sdf_testnet_3 txH: ec67e8, ct: 1772550469, upgrades: [ ] ]) | p': (<null_ballot>) | h: (4294967295,[ SIGNED@sdf_testnet_3 txH: ec67e8, ct: 1772550469, upgrades: [ ] ]) | c: (1,[ SIGNED@sdf_testnet_3 txH: ec67e8, ct: 1772550469, upgrades: [ ] ]) | M: 3"
   },
   "nomination" : {
      "roundnumber" : 0,
      "started" : false
   },
   "quorum_sets" : {
      "59d361" : {
         "t" : 2,
         "v" : [ "sdf_testnet_2", "sdf_testnet_3", "sdf_testnet_1" ]
      }
   },
   "statements" : [
      [
         1772550526,
         "{ENV@sdf_testnet_1 |  i: 1310155 | EXTERNALIZE | c: (1,[ SIGNED@sdf_testnet_3 txH: ec67e8, ct: 1772550469, upgrades: [ ] ]) | h.n: 1 | (lastD): 59d361 }",
         false
      ],
      [
         1772550526,
         "{ENV@sdf_testnet_3 |  i: 1310155 | EXTERNALIZE | c: (1,[ SIGNED@sdf_testnet_3 txH: ec67e8, ct: 1772550469, upgrades: [ ] ]) | h.n: 1 | (lastD): 59d361 }",
         false
      ],
      [
         1772550526,
         "{ENV@GCAXF |  i: 1310155 | PREPARE | D: 59d361 | b: (0,[:empty:]) | p: (4294967295,[ SIGNED@sdf_testnet_3 txH: ec67e8, ct: 1772550469, upgrades: [ ] ]) | p': (<null_ballot>) | c.n: 0 | h.n: 0 }",
         false
      ],
      [
         1772550526,
         "{ENV@GCAXF |  i: 1310155 | PREPARE | D: 59d361 | b: (4294967295,[ SIGNED@sdf_testnet_3 txH: ec67e8, ct: 1772550469, upgrades: [ ] ]) | p: (4294967295,[ SIGNED@sdf_testnet_3 txH: ec67e8, ct: 1772550469, upgrades: [ ] ]) | p': (<null_ballot>) | c.n: 4294967295 | h.n: 4294967295 }",
         false
      ],
      [
         1772550526,
         "{ENV@GCAXF |  i: 1310155 | CONFIRM | D: 59d361 | b: (4294967295,[ SIGNED@sdf_testnet_3 txH: ec67e8, ct: 1772550469, upgrades: [ ] ]) | p.n: 4294967295 | c.n: 1 | h.n: 4294967295 }",
         false
      ],
      [
         1772550526,
         "{ENV@GCAXF |  i: 1310155 | EXTERNALIZE | c: (1,[ SIGNED@sdf_testnet_3 txH: ec67e8, ct: 1772550469, upgrades: [ ] ]) | h.n: 4294967295 | (lastD): 59d361 }",
         false
      ]
   ],
   "validated" : false
}

2026-03-03T15:08:46.860 GCAXF [SCP FATAL] Exception processing SCP messages at 1310155, envelope: {ENV@sdf_testnet_3 |  i: 1310155 | EXTERNALIZE | c: (1,[ SIGNED@sdf_testnet_3 txH: ec67e8, ct: 1772550469, upgrades: [ ] ]) | h.n: 1 | (lastD): 59d361 }
2026-03-03T15:08:46.860 GCAXF [SCP FATAL] Please report this bug along with this log file if this was not expected
