2026-03-03T14:16:27.696 GA3KW [default INFO] Starting stellar-core v25.1.1
2026-03-03T14:16:27.697 GA3KW [Database INFO] Connecting to: sqlite3:///opt/stellar/core/stellar.db
2026-03-03T14:16:27.704 GA3KW [SCP INFO] LocalNode::LocalNode@GA3KW qSet: 59d361
2026-03-03T14:16:27.704 GA3KW [Database INFO] DB schema is in current version
2026-03-03T14:16:27.704 GA3KW [default INFO] Listening on 0.0.0.0:11626 for HTTP requests
2026-03-03T14:16:27.704 GA3KW [Bucket INFO] BucketListDB enabled: pageSizeExponent: 14 indexCutOff: 20MB, persist indexes: true
2026-03-03T14:16:27.704 GA3KW [default INFO] Connection effective settings:
2026-03-03T14:16:27.704 GA3KW [default INFO] TARGET_PEER_CONNECTIONS: 8
2026-03-03T14:16:27.704 GA3KW [default INFO] MAX_ADDITIONAL_PEER_CONNECTIONS: 64
2026-03-03T14:16:27.704 GA3KW [default INFO] MAX_PENDING_CONNECTIONS: 500
2026-03-03T14:16:27.704 GA3KW [default INFO] MAX_OUTBOUND_PENDING_CONNECTIONS: 56
2026-03-03T14:16:27.704 GA3KW [default INFO] MAX_INBOUND_PENDING_CONNECTIONS: 444
2026-03-03T14:16:27.704 GA3KW [default INFO] BACKGROUND_OVERLAY_PROCESSING=true
2026-03-03T14:16:27.704 GA3KW [default INFO] PARALLEL_LEDGER_APPLY=true
2026-03-03T14:16:27.704 GA3KW [History INFO] Archive 'sdf_testnet_1' has 'get' command only, will not be written
2026-03-03T14:16:27.704 GA3KW [History INFO] Archive 'sdf_testnet_2' has 'get' command only, will not be written
2026-03-03T14:16:27.704 GA3KW [History INFO] Archive 'sdf_testnet_3' has 'get' command only, will not be written
2026-03-03T14:16:27.704 GA3KW [History WARNING] No writable archives configured, history will not be written.
2026-03-03T14:16:27.704 GA3KW [Ledger INFO] Starting up application
2026-03-03T14:16:27.705 GA3KW [Ledger INFO] Last closed ledger (LCL) hash is 9216afd4b3f152b0d03456fc5e8a6a758710facabcaa52a9f9918fc34d1dc14c
2026-03-03T14:16:27.705 GA3KW [Ledger INFO] Loaded LCL header from database: [seq=1309535, hash=9216af]
2026-03-03T14:16:27.705 GA3KW [default INFO] Establishing 10-entry connection pool to: sqlite3:///opt/stellar/core/stellar.db
2026-03-03T14:16:28.120 GA3KW [Ledger INFO] Assumed bucket-state for LCL: [seq=1309535, hash=9216af]
2026-03-03T14:16:28.121 GA3KW [default INFO] Launching 1 loading and 5 compiling background threads
2026-03-03T14:16:28.416 GA3KW [default INFO] Compiled 1675 contracts (44902995 bytes of Wasm) in 294ms real time, 1423ms CPU time
2026-03-03T14:16:30.979 GA3KW [Overlay INFO] Binding to endpoint 0.0.0.0:11625
2026-03-03T14:16:30.986 GA3KW [History INFO] Downloading history archive state: .well-known/stellar-history.json
2026-03-03T14:16:31.366 GA3KW [Process WARNING] process 3073 exited 23: curl -sf http://history.stellar.org/prd/core-testnet/core_testnet_001/.well-known/stellar-history.json -o buckets/tmp/history-5dba06662b9779ae/4faed2b0e646700d-stellar-history.json
2026-03-03T14:16:31.366 GA3KW [History WARNING] Could not download file: archive sdf_testnet_1 maybe missing file .well-known/stellar-history.json
2026-03-03T14:16:31.366 GA3KW [History ERROR] Could not download .well-known/stellar-history.json file: corrupt archive sdf_testnet_1
2026-03-03T14:16:31.367 GA3KW [History ERROR] Failed to obtain archive information: sdf_testnet_1
2026-03-03T14:16:31.493 GA3KW [Overlay INFO] Authenticated to 172.19.0.1:11625
2026-03-03T14:16:33.248 GA3KW [Overlay ERROR] PeerManager::store error: sqlite3_statement_backend::loadOne: database or disk is full on 44.204.146.210:11625
2026-03-03T14:16:33.249 GA3KW [Overlay ERROR] PeerManager::store error: sqlite3_statement_backend::loadOne: database or disk is full on 44.213.67.110:11625
2026-03-03T14:16:33.250 GA3KW [Overlay ERROR] PeerManager::store error: sqlite3_statement_backend::loadOne: database or disk is full on 98.91.174.101:11625
2026-03-03T14:16:33.251 GA3KW [Overlay ERROR] PeerManager::store error: sqlite3_statement_backend::loadOne: database or disk is full on 18.189.174.103:11725
2026-03-03T14:16:33.251 GA3KW [Overlay ERROR] PeerManager::store error: sqlite3_statement_backend::loadOne: database or disk is full on 3.21.151.231:11725
2026-03-03T14:16:33.252 GA3KW [Overlay ERROR] PeerManager::store error: sqlite3_statement_backend::loadOne: database or disk is full on 54.80.146.180:11625
2026-03-03T14:16:33.253 GA3KW [Overlay ERROR] PeerManager::store error: sqlite3_statement_backend::loadOne: database or disk is full on 44.213.67.110:11625
2026-03-03T14:16:33.254 GA3KW [Overlay ERROR] PeerManager::store error: sqlite3_statement_backend::loadOne: database or disk is full on 204.16.247.83:11625
2026-03-03T14:16:33.255 GA3KW [Overlay ERROR] PeerManager::store error: sqlite3_statement_backend::loadOne: database or disk is full on 141.98.219.89:11625
2026-03-03T14:16:33.257 GA3KW [Overlay ERROR] PeerManager::store error: sqlite3_statement_backend::loadOne: database or disk is full on 74.118.139.126:11625
2026-03-03T14:16:33.258 GA3KW [Overlay ERROR] PeerManager::store error: sqlite3_statement_backend::loadOne: database or disk is full on 77.48.24.153:11625
2026-03-03T14:16:33.259 GA3KW [Overlay ERROR] PeerManager::store error: sqlite3_statement_backend::loadOne: database or disk is full on 200.129.247.55:11625
2026-03-03T14:16:33.260 GA3KW [Overlay ERROR] PeerManager::store error: sqlite3_statement_backend::loadOne: database or disk is full on 34.229.162.244:30020
2026-03-03T14:16:33.261 GA3KW [Overlay ERROR] PeerManager::store error: sqlite3_statement_backend::loadOne: database or disk is full on 3.249.87.23:30020
2026-03-03T14:16:33.262 GA3KW [Overlay ERROR] PeerManager::store error: sqlite3_statement_backend::loadOne: database or disk is full on 148.113.140.57:11625
2026-03-03T14:16:33.263 GA3KW [Overlay ERROR] PeerManager::store error: sqlite3_statement_backend::loadOne: database or disk is full on 50.16.48.217:30020
2026-03-03T14:16:33.264 GA3KW [Overlay ERROR] PeerManager::store error: sqlite3_statement_backend::loadOne: database or disk is full on 174.138.52.29:11625
2026-03-03T14:16:33.265 GA3KW [Overlay ERROR] PeerManager::store error: sqlite3_statement_backend::loadOne: database or disk is full on 213.10.11.118:11625
2026-03-03T14:16:33.266 GA3KW [Overlay ERROR] PeerManager::store error: sqlite3_statement_backend::loadOne: database or disk is full on 65.109.19.49:11625
2026-03-03T14:16:33.266 GA3KW [Overlay ERROR] PeerManager::store error: sqlite3_statement_backend::loadOne: database or disk is full on 45.55.48.58:11825
2026-03-03T14:16:33.267 GA3KW [Overlay ERROR] PeerManager::store error: sqlite3_statement_backend::loadOne: database or disk is full on 3.255.82.225:30020
2026-03-03T14:16:33.268 GA3KW [Overlay ERROR] PeerManager::store error: sqlite3_statement_backend::loadOne: database or disk is full on 34.241.153.42:30020
2026-03-03T14:16:33.268 GA3KW [Overlay ERROR] PeerManager::store error: sqlite3_statement_backend::loadOne: database or disk is full on 44.198.157.36:11625
2026-03-03T14:16:33.269 GA3KW [Overlay ERROR] PeerManager::store error: sqlite3_statement_backend::loadOne: database or disk is full on 13.217.88.18:11625
2026-03-03T14:16:33.270 GA3KW [Overlay ERROR] PeerManager::store error: sqlite3_statement_backend::loadOne: database or disk is full on 144.76.79.10:51770
2026-03-03T14:16:33.271 GA3KW [Overlay ERROR] PeerManager::store error: sqlite3_statement_backend::loadOne: database or disk is full on 40.160.64.57:11725
2026-03-03T14:16:33.271 GA3KW [Overlay ERROR] PeerManager::store error: sqlite3_statement_backend::loadOne: database or disk is full on 54.163.22.184:30020
2026-03-03T14:16:33.666 GA3KW [Overlay ERROR] PeerManager::store error: sqlite3_statement_backend::loadOne: database or disk is full on 98.91.174.101:11625
2026-03-03T14:16:33.666 GA3KW [Overlay INFO] Authenticated to 98.91.174.101:11625
2026-03-03T14:16:33.667 GA3KW [Overlay ERROR] PeerManager::store error: sqlite3_statement_backend::loadOne: database or disk is full on 54.80.146.180:11625
2026-03-03T14:16:33.668 GA3KW [Overlay INFO] Authenticated to 54.80.146.180:11625
2026-03-03T14:16:33.669 GA3KW [Overlay ERROR] PeerManager::store error: sqlite3_statement_backend::loadOne: database or disk is full on 54.236.21.197:30020
2026-03-03T14:16:33.669 GA3KW [Overlay ERROR] PeerManager::store error: sqlite3_statement_backend::loadOne: database or disk is full on 44.213.67.110:11625
2026-03-03T14:16:33.670 GA3KW [Overlay INFO] Authenticated to 44.213.67.110:11625
2026-03-03T14:16:33.701 GA3KW [Overlay ERROR] PeerManager::store error: sqlite3_statement_backend::loadOne: database or disk is full on 204.16.247.83:11625
2026-03-03T14:16:33.701 GA3KW [Overlay INFO] Authenticated to 204.16.247.83:11625
2026-03-03T14:16:33.703 GA3KW [Overlay ERROR] PeerManager::store error: sqlite3_statement_backend::loadOne: database or disk is full on 141.98.219.89:11625
2026-03-03T14:16:33.703 GA3KW [Overlay INFO] Authenticated to 141.98.219.89:11625
2026-03-03T14:16:33.704 GA3KW [Overlay ERROR] PeerManager::store error: sqlite3_statement_backend::loadOne: database or disk is full on 13.221.18.144:30020
2026-03-03T14:16:33.704 GA3KW [Overlay ERROR] PeerManager::store error: sqlite3_statement_backend::loadOne: database or disk is full on 184.72.81.138:30020
2026-03-03T14:16:33.704 GA3KW [Overlay ERROR] PeerManager::store error: sqlite3_statement_backend::loadOne: database or disk is full on 18.189.174.103:11725
2026-03-03T14:16:33.705 GA3KW [Overlay INFO] Authenticated to 18.189.174.103:11725
2026-03-03T14:16:33.705 GA3KW [Overlay ERROR] PeerManager::store error: sqlite3_statement_backend::loadOne: database or disk is full on 200.129.247.71:11825
2026-03-03T14:16:33.705 GA3KW [Overlay ERROR] PeerManager::store error: sqlite3_statement_backend::loadOne: database or disk is full on 200.129.247.55:11725
2026-03-03T14:16:33.706 GA3KW [Overlay ERROR] PeerManager::store error: sqlite3_statement_backend::loadOne: database or disk is full on 200.129.247.55:11825
2026-03-03T14:16:33.706 GA3KW [Overlay ERROR] PeerManager::store error: sqlite3_statement_backend::loadOne: database or disk is full on 173.56.217.231:11625
2026-03-03T14:16:33.711 GA3KW [Overlay ERROR] PeerManager::store error: sqlite3_statement_backend::loadOne: database or disk is full on 3.21.151.231:11725
2026-03-03T14:16:33.711 GA3KW [Overlay INFO] Authenticated to 3.21.151.231:11725
2026-03-03T14:16:33.712 GA3KW [Overlay ERROR] PeerManager::store error: sqlite3_statement_backend::loadOne: database or disk is full on 34.245.167.15:30020
2026-03-03T14:16:33.713 GA3KW [Overlay ERROR] PeerManager::store error: sqlite3_statement_backend::loadOne: database or disk is full on 200.129.247.55:11725
2026-03-03T14:16:33.949 GA3KW [Herder INFO] Quorum information for 1309534 : {"cost":0,"lag_ms":null}

2026-03-03T14:16:33.949 GA3KW [SCP FATAL] Exception: Cannot commit transaction. database or disk is full
2026-03-03T14:16:33.950 GA3KW [SCP FATAL] SCP context (GA3KW): 
2026-03-03T14:16:33.950 GA3KW [SCP FATAL] {
   "ballotProtocol" : {
      "ballot" : "(4294967295,[ SIGNED@sdf_testnet_1 txH: ec4b60, ct: 1772547370, upgrades: [ ] ])",
      "heard" : false,
      "phase" : "EXTERNALIZE",
      "state" : "i: 1309536 | EXTERNALIZE | b: (4294967295,[ SIGNED@sdf_testnet_1 txH: ec4b60, ct: 1772547370, upgrades: [ ] ]) | p: (4294967295,[ SIGNED@sdf_testnet_1 txH: ec4b60, ct: 1772547370, upgrades: [ ] ]) | p': (<null_ballot>) | h: (4294967295,[ SIGNED@sdf_testnet_1 txH: ec4b60, ct: 1772547370, upgrades: [ ] ]) | c: (1,[ SIGNED@sdf_testnet_1 txH: ec4b60, ct: 1772547370, upgrades: [ ] ]) | M: 3"
   },
   "nomination" : {
      "roundnumber" : 0,
      "started" : false
   },
   "quorum_sets" : {
      "59d361" : {
         "t" : 2,
         "v" : [ "sdf_testnet_2", "sdf_testnet_3", "sdf_testnet_1" ]
      }
   },
   "statements" : [
      [
         1772547393,
         "{ENV@sdf_testnet_1 |  i: 1309536 | EXTERNALIZE | c: (1,[ SIGNED@sdf_testnet_1 txH: ec4b60, ct: 1772547370, upgrades: [ ] ]) | h.n: 1 | (lastD): 59d361 }",
         false
      ],
      [
         1772547393,
         "{ENV@sdf_testnet_3 |  i: 1309536 | EXTERNALIZE | c: (1,[ SIGNED@sdf_testnet_1 txH: ec4b60, ct: 1772547370, upgrades: [ ] ]) | h.n: 1 | (lastD): 59d361 }",
         false
      ],
      [
         1772547393,
         "{ENV@GA3KW |  i: 1309536 | PREPARE | D: 59d361 | b: (0,[:empty:]) | p: (4294967295,[ SIGNED@sdf_testnet_1 txH: ec4b60, ct: 1772547370, upgrades: [ ] ]) | p': (<null_ballot>) | c.n: 0 | h.n: 0 }",
         false
      ],
      [
         1772547393,
         "{ENV@GA3KW |  i: 1309536 | PREPARE | D: 59d361 | b: (4294967295,[ SIGNED@sdf_testnet_1 txH: ec4b60, ct: 1772547370, upgrades: [ ] ]) | p: (4294967295,[ SIGNED@sdf_testnet_1 txH: ec4b60, ct: 1772547370, upgrades: [ ] ]) | p': (<null_ballot>) | c.n: 4294967295 | h.n: 4294967295 }",
         false
      ],
      [
         1772547393,
         "{ENV@GA3KW |  i: 1309536 | CONFIRM | D: 59d361 | b: (4294967295,[ SIGNED@sdf_testnet_1 txH: ec4b60, ct: 1772547370, upgrades: [ ] ]) | p.n: 4294967295 | c.n: 1 | h.n: 4294967295 }",
         false
      ],
      [
         1772547393,
         "{ENV@GA3KW |  i: 1309536 | EXTERNALIZE | c: (1,[ SIGNED@sdf_testnet_1 txH: ec4b60, ct: 1772547370, upgrades: [ ] ]) | h.n: 4294967295 | (lastD): 59d361 }",
         false
      ]
   ],
   "validated" : false
}

2026-03-03T14:16:33.951 GA3KW [SCP FATAL] Exception processing SCP messages at 1309536, envelope: {ENV@GA3KW |  i: 1309536 | CONFIRM | D: 59d361 | b: (4294967295,[ SIGNED@sdf_testnet_1 txH: ec4b60, ct: 1772547370, upgrades: [ ] ]) | p.n: 4294967295 | c.n: 1 | h.n: 4294967295 }
2026-03-03T14:16:33.951 GA3KW [SCP FATAL] Please report this bug along with this log file if this was not expected
2026-03-03T14:16:33.952 GA3KW [SCP FATAL] Exception: Cannot commit transaction. database or disk is full
2026-03-03T14:16:33.952 GA3KW [SCP FATAL] SCP context (GA3KW): 
2026-03-03T14:16:33.952 GA3KW [SCP FATAL] {
   "ballotProtocol" : {
      "ballot" : "(4294967295,[ SIGNED@sdf_testnet_1 txH: ec4b60, ct: 1772547370, upgrades: [ ] ])",
      "heard" : false,
      "phase" : "EXTERNALIZE",
      "state" : "i: 1309536 | EXTERNALIZE | b: (4294967295,[ SIGNED@sdf_testnet_1 txH: ec4b60, ct: 1772547370, upgrades: [ ] ]) | p: (4294967295,[ SIGNED@sdf_testnet_1 txH: ec4b60, ct: 1772547370, upgrades: [ ] ]) | p': (<null_ballot>) | h: (4294967295,[ SIGNED@sdf_testnet_1 txH: ec4b60, ct: 1772547370, upgrades: [ ] ]) | c: (1,[ SIGNED@sdf_testnet_1 txH: ec4b60, ct: 1772547370, upgrades: [ ] ]) | M: 3"
   },
   "nomination" : {
      "roundnumber" : 0,
      "started" : false
   },
   "quorum_sets" : {
      "59d361" : {
         "t" : 2,
         "v" : [ "sdf_testnet_2", "sdf_testnet_3", "sdf_testnet_1" ]
      }
   },
   "statements" : [
      [
         1772547393,
         "{ENV@sdf_testnet_1 |  i: 1309536 | EXTERNALIZE | c: (1,[ SIGNED@sdf_testnet_1 txH: ec4b60, ct: 1772547370, upgrades: [ ] ]) | h.n: 1 | (lastD): 59d361 }",
         false
      ],
      [
         1772547393,
         "{ENV@sdf_testnet_3 |  i: 1309536 | EXTERNALIZE | c: (1,[ SIGNED@sdf_testnet_1 txH: ec4b60, ct: 1772547370, upgrades: [ ] ]) | h.n: 1 | (lastD): 59d361 }",
         false
      ],
      [
         1772547393,
         "{ENV@GA3KW |  i: 1309536 | PREPARE | D: 59d361 | b: (0,[:empty:]) | p: (4294967295,[ SIGNED@sdf_testnet_1 txH: ec4b60, ct: 1772547370, upgrades: [ ] ]) | p': (<null_ballot>) | c.n: 0 | h.n: 0 }",
         false
      ],
      [
         1772547393,
         "{ENV@GA3KW |  i: 1309536 | PREPARE | D: 59d361 | b: (4294967295,[ SIGNED@sdf_testnet_1 txH: ec4b60, ct: 1772547370, upgrades: [ ] ]) | p: (4294967295,[ SIGNED@sdf_testnet_1 txH: ec4b60, ct: 1772547370, upgrades: [ ] ]) | p': (<null_ballot>) | c.n: 4294967295 | h.n: 4294967295 }",
         false
      ],
      [
         1772547393,
         "{ENV@GA3KW |  i: 1309536 | CONFIRM | D: 59d361 | b: (4294967295,[ SIGNED@sdf_testnet_1 txH: ec4b60, ct: 1772547370, upgrades: [ ] ]) | p.n: 4294967295 | c.n: 1 | h.n: 4294967295 }",
         false
      ],
      [
         1772547393,
         "{ENV@GA3KW |  i: 1309536 | EXTERNALIZE | c: (1,[ SIGNED@sdf_testnet_1 txH: ec4b60, ct: 1772547370, upgrades: [ ] ]) | h.n: 4294967295 | (lastD): 59d361 }",
         false
      ]
   ],
   "validated" : false
}

2026-03-03T14:16:33.953 GA3KW [SCP FATAL] Exception processing SCP messages at 1309536, envelope: {ENV@GA3KW |  i: 1309536 | PREPARE | D: 59d361 | b: (4294967295,[ SIGNED@sdf_testnet_1 txH: ec4b60, ct: 1772547370, upgrades: [ ] ]) | p: (4294967295,[ SIGNED@sdf_testnet_1 txH: ec4b60, ct: 1772547370, upgrades: [ ] ]) | p': (<null_ballot>) | c.n: 4294967295 | h.n: 4294967295 }
2026-03-03T14:16:33.953 GA3KW [SCP FATAL] Please report this bug along with this log file if this was not expected
2026-03-03T14:16:33.953 GA3KW [SCP FATAL] Exception: Cannot commit transaction. database or disk is full
2026-03-03T14:16:33.954 GA3KW [SCP FATAL] SCP context (GA3KW): 
2026-03-03T14:16:33.954 GA3KW [SCP FATAL] {
   "ballotProtocol" : {
      "ballot" : "(4294967295,[ SIGNED@sdf_testnet_1 txH: ec4b60, ct: 1772547370, upgrades: [ ] ])",
      "heard" : false,
      "phase" : "EXTERNALIZE",
      "state" : "i: 1309536 | EXTERNALIZE | b: (4294967295,[ SIGNED@sdf_testnet_1 txH: ec4b60, ct: 1772547370, upgrades: [ ] ]) | p: (4294967295,[ SIGNED@sdf_testnet_1 txH: ec4b60, ct: 1772547370, upgrades: [ ] ]) | p': (<null_ballot>) | h: (4294967295,[ SIGNED@sdf_testnet_1 txH: ec4b60, ct: 1772547370, upgrades: [ ] ]) | c: (1,[ SIGNED@sdf_testnet_1 txH: ec4b60, ct: 1772547370, upgrades: [ ] ]) | M: 3"
   },
   "nomination" : {
      "roundnumber" : 0,
      "started" : false
   },
   "quorum_sets" : {
      "59d361" : {
         "t" : 2,
         "v" : [ "sdf_testnet_2", "sdf_testnet_3", "sdf_testnet_1" ]
      }
   },
   "statements" : [
      [
         1772547393,
         "{ENV@sdf_testnet_1 |  i: 1309536 | EXTERNALIZE | c: (1,[ SIGNED@sdf_testnet_1 txH: ec4b60, ct: 1772547370, upgrades: [ ] ]) | h.n: 1 | (lastD): 59d361 }",
         false
      ],
      [
         1772547393,
         "{ENV@sdf_testnet_3 |  i: 1309536 | EXTERNALIZE | c: (1,[ SIGNED@sdf_testnet_1 txH: ec4b60, ct: 1772547370, upgrades: [ ] ]) | h.n: 1 | (lastD): 59d361 }",
         false
      ],
      [
         1772547393,
         "{ENV@GA3KW |  i: 1309536 | PREPARE | D: 59d361 | b: (0,[:empty:]) | p: (4294967295,[ SIGNED@sdf_testnet_1 txH: ec4b60, ct: 1772547370, upgrades: [ ] ]) | p': (<null_ballot>) | c.n: 0 | h.n: 0 }",
         false
      ],
      [
         1772547393,
         "{ENV@GA3KW |  i: 1309536 | PREPARE | D: 59d361 | b: (4294967295,[ SIGNED@sdf_testnet_1 txH: ec4b60, ct: 1772547370, upgrades: [ ] ]) | p: (4294967295,[ SIGNED@sdf_testnet_1 txH: ec4b60, ct: 1772547370, upgrades: [ ] ]) | p': (<null_ballot>) | c.n: 4294967295 | h.n: 4294967295 }",
         false
      ],
      [
         1772547393,
         "{ENV@GA3KW |  i: 1309536 | CONFIRM | D: 59d361 | b: (4294967295,[ SIGNED@sdf_testnet_1 txH: ec4b60, ct: 1772547370, upgrades: [ ] ]) | p.n: 4294967295 | c.n: 1 | h.n: 4294967295 }",
         false
      ],
      [
         1772547393,
         "{ENV@GA3KW |  i: 1309536 | EXTERNALIZE | c: (1,[ SIGNED@sdf_testnet_1 txH: ec4b60, ct: 1772547370, upgrades: [ ] ]) | h.n: 4294967295 | (lastD): 59d361 }",
         false
      ]
   ],
   "validated" : false
}

2026-03-03T14:16:33.954 GA3KW [SCP FATAL] Exception processing SCP messages at 1309536, envelope: {ENV@GA3KW |  i: 1309536 | PREPARE | D: 59d361 | b: (0,[:empty:]) | p: (4294967295,[ SIGNED@sdf_testnet_1 txH: ec4b60, ct: 1772547370, upgrades: [ ] ]) | p': (<null_ballot>) | c.n: 0 | h.n: 0 }
2026-03-03T14:16:33.954 GA3KW [SCP FATAL] Please report this bug along with this log file if this was not expected
2026-03-03T14:16:33.954 GA3KW [SCP FATAL] Exception: Cannot commit transaction. database or disk is full
2026-03-03T14:16:33.954 GA3KW [SCP FATAL] SCP context (GA3KW): 
2026-03-03T14:16:33.955 GA3KW [SCP FATAL] {
   "ballotProtocol" : {
      "ballot" : "(4294967295,[ SIGNED@sdf_testnet_1 txH: ec4b60, ct: 1772547370, upgrades: [ ] ])",
      "heard" : false,
      "phase" : "EXTERNALIZE",
      "state" : "i: 1309536 | EXTERNALIZE | b: (4294967295,[ SIGNED@sdf_testnet_1 txH: ec4b60, ct: 1772547370, upgrades: [ ] ]) | p: (4294967295,[ SIGNED@sdf_testnet_1 txH: ec4b60, ct: 1772547370, upgrades: [ ] ]) | p': (<null_ballot>) | h: (4294967295,[ SIGNED@sdf_testnet_1 txH: ec4b60, ct: 1772547370, upgrades: [ ] ]) | c: (1,[ SIGNED@sdf_testnet_1 txH: ec4b60, ct: 1772547370, upgrades: [ ] ]) | M: 3"
   },
   "nomination" : {
      "roundnumber" : 0,
      "started" : false
   },
   "quorum_sets" : {
      "59d361" : {
         "t" : 2,
         "v" : [ "sdf_testnet_2", "sdf_testnet_3", "sdf_testnet_1" ]
      }
   },
   "statements" : [
      [
         1772547393,
         "{ENV@sdf_testnet_1 |  i: 1309536 | EXTERNALIZE | c: (1,[ SIGNED@sdf_testnet_1 txH: ec4b60, ct: 1772547370, upgrades: [ ] ]) | h.n: 1 | (lastD): 59d361 }",
         false
      ],
      [
         1772547393,
         "{ENV@sdf_testnet_3 |  i: 1309536 | EXTERNALIZE | c: (1,[ SIGNED@sdf_testnet_1 txH: ec4b60, ct: 1772547370, upgrades: [ ] ]) | h.n: 1 | (lastD): 59d361 }",
         false
      ],
      [
         1772547393,
         "{ENV@GA3KW |  i: 1309536 | PREPARE | D: 59d361 | b: (0,[:empty:]) | p: (4294967295,[ SIGNED@sdf_testnet_1 txH: ec4b60, ct: 1772547370, upgrades: [ ] ]) | p': (<null_ballot>) | c.n: 0 | h.n: 0 }",
         false
      ],
      [
         1772547393,
         "{ENV@GA3KW |  i: 1309536 | PREPARE | D: 59d361 | b: (4294967295,[ SIGNED@sdf_testnet_1 txH: ec4b60, ct: 1772547370, upgrades: [ ] ]) | p: (4294967295,[ SIGNED@sdf_testnet_1 txH: ec4b60, ct: 1772547370, upgrades: [ ] ]) | p': (<null_ballot>) | c.n: 4294967295 | h.n: 4294967295 }",
         false
      ],
      [
         1772547393,
         "{ENV@GA3KW |  i: 1309536 | CONFIRM | D: 59d361 | b: (4294967295,[ SIGNED@sdf_testnet_1 txH: ec4b60, ct: 1772547370, upgrades: [ ] ]) | p.n: 4294967295 | c.n: 1 | h.n: 4294967295 }",
         false
      ],
      [
         1772547393,
         "{ENV@GA3KW |  i: 1309536 | EXTERNALIZE | c: (1,[ SIGNED@sdf_testnet_1 txH: ec4b60, ct: 1772547370, upgrades: [ ] ]) | h.n: 4294967295 | (lastD): 59d361 }",
         false
      ]
   ],
   "validated" : false
}

2026-03-03T14:16:33.955 GA3KW [SCP FATAL] Exception processing SCP messages at 1309536, envelope: {ENV@sdf_testnet_3 |  i: 1309536 | EXTERNALIZE | c: (1,[ SIGNED@sdf_testnet_1 txH: ec4b60, ct: 1772547370, upgrades: [ ] ]) | h.n: 1 | (lastD): 59d361 }
2026-03-03T14:16:33.955 GA3KW [SCP FATAL] Please report this bug along with this log file if this was not expected
